2021-03-10 19:33:24 -  OTServBR - Global - Version TFS 1.3
2021-03-10 19:33:24 -  
2021-03-10 19:33:24 -  Compiled with GNU C++ version 9.3.0
2021-03-10 19:33:24 -  Compiled on Feb 27 2021 08:04:53 for platform x64
2021-03-10 19:33:24 -  Linked with LuaJIT 2.1.0-beta3 for Lua support
2021-03-10 19:33:24 -  
2021-03-10 19:33:24 -  A server developed by OTServBR, Mark Samman and The Forgotten Server Developers
2021-03-10 19:33:24 -  Visit our forum for updates, support, and resources: https://otserv.com.br/ and https://forums.otserv.com.br
2021-03-10 19:33:24 -  
2021-03-10 19:33:24 -  >> Loading config
2021-03-10 19:33:24 -  >> Client Version: 12.60
2021-03-10 19:33:24 -  >> Establishing database connection... MySQL 10.3.25
2021-03-10 19:33:24 -  >> Running database manager
2021-03-10 19:33:24 -  > Optimizing table player_items... [success]
2021-03-10 19:33:25 -  > Optimizing table player_storage... [success]
2021-03-10 19:33:25 -  > Optimizing table players_online... [success]
2021-03-10 19:33:26 -  > Optimizing table tile_store... [success]
2021-03-10 19:33:26 -  >> Loading vocations
2021-03-10 19:33:26 -  >> Loading items
2021-03-10 19:33:26 -  >> Loading script systems
2021-03-10 19:33:26 -  >> Loading lua libs
2021-03-10 19:33:27 -  >> Loading event scheduler
2021-03-10 19:33:27 -  > Double Skill  event exp: 0%, loot: 0%, spawn: 0%, skill: 200%.
2021-03-10 19:33:27 -  [Warning - GlobalEvents::configureEvent] Duplicate registered globalevent with name: 
2021-03-10 19:33:27 -  [Warning - GlobalEvents::configureEvent] Duplicate registered globalevent with name: 
2021-03-10 19:33:27 -  > Double Coins  event exp: 0%, loot: 0%, spawn: 0%, skill: 0%.
2021-03-10 19:33:27 -  >> Loading lua scripts
2021-03-10 19:33:28 -  [Warning - Actions::registerLuaEvent] Duplicate registered item with uid: 6500 in range from uid: 5000, to uid: 12000
2021-03-10 19:33:28 -  [Warning - Actions::registerLuaEvent] Duplicate registered item with uid: 6501 in range from uid: 5000, to uid: 12000
2021-03-10 19:33:28 -  [Warning - Actions::registerLuaEvent] Duplicate registered item with uid: 6503 in range from uid: 5000, to uid: 12000
2021-03-10 19:33:28 -  [Warning - Actions::registerLuaEvent] Duplicate registered item with uid: 6550 in range from uid: 5000, to uid: 12000
2021-03-10 19:33:28 -  [Warning - Actions::registerLuaEvent] Duplicate registered item with uid: 6570 in range from uid: 5000, to uid: 12000
2021-03-10 19:33:28 -  [Warning - Actions::registerLuaEvent] Duplicate registered item with uid: 6661 in range from uid: 5000, to uid: 12000
2021-03-10 19:33:28 -  [Warning - Actions::registerLuaEvent] Duplicate registered item with uid: 6662 in range from uid: 5000, to uid: 12000
2021-03-10 19:33:28 -  [Warning - Actions::registerLuaEvent] Duplicate registered item with uid: 6663 in range from uid: 5000, to uid: 12000
2021-03-10 19:33:28 -  [Warning - Actions::registerLuaEvent] Duplicate registered item with uid: 6664 in range from uid: 5000, to uid: 12000
2021-03-10 19:33:28 -  [Warning - Actions::registerLuaEvent] Duplicate registered item with uid: 6665 in range from uid: 5000, to uid: 12000
2021-03-10 19:33:28 -  [Warning - Actions::registerLuaEvent] Duplicate registered item with uid: 6666 in range from uid: 5000, to uid: 12000
2021-03-10 19:33:28 -  [Warning - Actions::registerLuaEvent] Duplicate registered item with uid: 6678 in range from uid: 5000, to uid: 12000
2021-03-10 19:33:28 -  [Warning - Actions::registerLuaEvent] Duplicate registered item with uid: 6693 in range from uid: 5000, to uid: 12000
2021-03-10 19:33:28 -  [Warning - Actions::registerLuaEvent] Duplicate registered item with uid: 6697 in range from uid: 5000, to uid: 12000
2021-03-10 19:33:28 -  [Warning - Actions::registerLuaEvent] Duplicate registered item with uid: 6698 in range from uid: 5000, to uid: 12000
2021-03-10 19:33:28 -  [Warning - Actions::registerLuaEvent] Duplicate registered item with uid: 6699 in range from uid: 5000, to uid: 12000
2021-03-10 19:33:28 -  [Warning - Actions::registerLuaEvent] Duplicate registered item with uid: 6701 in range from uid: 5000, to uid: 12000
2021-03-10 19:33:28 -  [Warning - Actions::registerLuaEvent] Duplicate registered item with uid: 6702 in range from uid: 5000, to uid: 12000
2021-03-10 19:33:28 -  [Warning - Actions::registerLuaEvent] Duplicate registered item with uid: 6703 in range from uid: 5000, to uid: 12000
2021-03-10 19:33:28 -  >> Loading lua monsters
2021-03-10 19:33:29 -  [Warning - Loot:setId] Unknown loot item "spectral scrap of cloth". 
2021-03-10 19:33:29 -  [Warning - end] Monster: "The Pale Worm" loot could not correctly be load.
2021-03-10 19:33:29 -  [Error - Monsters::deserializeSpell] - The Pale Worm - Unknown spell name: summonsthepaleworm
2021-03-10 19:33:29 -  [Error - Monsters::deserializeSpell] - A Weak Spot - Unknown spell name: aweakspotdeathue
2021-03-10 19:33:29 -  [Error - Monsters::deserializeSpell] - A Weak Spot - Unknown spell name: summonsaweakspot
2021-03-10 19:33:29 -  [Error - Monsters::deserializeSpell] - The Dread Maiden - Unknown spell name: maidenring
2021-03-10 19:33:29 -  [Error - Monsters::deserializeSpell] - The Dread Maiden - Unknown spell name: summonsthedreadmaiden
2021-03-10 19:33:29 -  [Error - Monsters::deserializeSpell] - Horror - Unknown spell name: cakeheal
2021-03-10 19:33:29 -  [Error - Monsters::deserializeSpell] - Symbol of Fear - Unknown spell name: symboloffearue
2021-03-10 19:33:29 -  [Error - Monsters::deserializeSpell] - The Fear Feaster - Unknown spell name: deathring1x1
2021-03-10 19:33:29 -  [Error - Monsters::deserializeSpell] - The Fear Feaster - Unknown spell name: deathring2x2
2021-03-10 19:33:29 -  [Error - Monsters::deserializeSpell] - The Fear Feaster - Unknown spell name: deathring3x3
2021-03-10 19:33:29 -  [Error - Monsters::deserializeSpell] - Brother Worm - Unknown spell name: lifesteal
2021-03-10 19:33:29 -  [Error - Monsters::deserializeSpell] - The Unwelcome - Unknown spell name: lifesteal
2021-03-10 19:33:29 -  [Error - Monsters::deserializeSpell] - The Unwelcome - Unknown spell name: summonstheunwelcome
2021-03-10 19:33:29 -  >> Loading outfits
2021-03-10 19:33:29 -  >> Loading familiars
2021-03-10 19:33:29 -  >> Boosted creature: Worm Priestess
2021-03-10 19:33:29 -  >> Checking world type... PVP
2021-03-10 19:33:29 -  >> Loading map
2021-03-10 19:33:32 -  > Map size: 34143x33812
2021-03-10 19:33:40 -  > Duplicate unique id: 6664
2021-03-10 19:33:42 -  > Map loading time: 12.249 seconds
2021-03-10 19:33:42 -  > Loaded spawns in: 12.83 seconds
2021-03-10 19:33:42 -  > Loaded house items in: 0.024 seconds
2021-03-10 19:33:42 -  >> Initializing gamestate
2021-03-10 19:33:47 -  >> Nightmare Isle will be active north of Darashia today
2021-03-10 19:33:47 -  >> Fury Gate will be active in Ab'dendriel today
2021-03-10 19:33:47 -  >> Rashid arrived at Wednesdays destination.
2021-03-10 19:33:47 -  >> Loading map attributes
2021-03-10 19:33:47 -  > Loaded 967 npcs and spawned 74141 monsters
2021-03-10 19:33:47 -  > Loaded 26 towns with 984 houses in total
2021-03-10 19:33:47 -  >> Wrong item id found
2021-03-10 19:33:47 -  > Sign id: 11, item id: 1406
2021-03-10 19:33:47 -  > Loaded 14 signs in the map
2021-03-10 19:33:47 -  > Loaded 37 books and documents in the map
2021-03-10 19:33:47 -  >> Wrong item id found
2021-03-10 19:33:47 -  > Action id: 14900, item id: 22821
2021-03-10 19:33:47 -  >> Wrong item id found
2021-03-10 19:33:47 -  > Unique id: 30026, item id: 10044
2021-03-10 19:33:47 -  > Loaded all actions in the map
2021-03-10 19:33:47 -  > Loaded all uniques in the map
2021-03-10 19:33:47 -  >> Spawning Hirelings
2021-03-10 19:33:47 -  >> Loading custom map
2021-03-10 19:33:47 -  > Loaded otservbr-custom map
2021-03-10 19:33:47 -  >> Yasir: not this time
2021-03-10 19:33:47 -  >> Loaded all modules, server starting up...
2021-03-10 19:33:47 -  > Warning: OTServBR - Global has been executed as root user, please consider running it as a normal user.
2021-03-10 19:33:48 -  >> Divine-Global Server Online!
2021-03-10 19:33:48 -  
2021-03-10 19:33:48 -  > Map size: 34143x33812
2021-03-10 19:33:48 -  > Map loading time: 0.003 seconds
2021-03-10 19:33:48 -  > Map size: 32684x31728
2021-03-10 19:33:48 -  > Map loading time: 0.001 seconds
2021-03-10 19:33:48 -  > Map size: 34143x33812
2021-03-10 19:33:48 -  > Map loading time: 0.065 seconds
2021-03-10 19:33:48 -  Secreto has logged in. | Client: 12.61
2021-03-10 19:33:53 -  ADM inside has logged in. | Client: 12.61
2021-03-10 19:34:00 -  > Loaded otservbr-custom spawn
2021-03-10 19:34:00 -  Gabriela Paladina has logged in. | Client: 12.61
2021-03-10 19:36:18 -  Ronalee Lovexp has logged in. | Client: 12.61
2021-03-10 19:36:59 -  Gabriela Paladina has logged out. | Client: 12.61
2021-03-10 19:37:00 -  Gabriela Sexy has logged in. | Client: 12.61
2021-03-10 19:37:20 -  Supimpa has logged in. | Client: 12.61
2021-03-10 19:38:07 -  GM coxinha has logged in. | Client: 12.61
2021-03-10 19:38:29 -  Gabriela Sexy has logged out. | Client: 12.61
2021-03-10 19:38:30 -  Gabriela Paladina has logged in. | Client: 12.61
2021-03-10 19:39:19 -  Metiradaqui has logged in. | Client: 12.61
2021-03-10 20:05:11 -  >> Starting Sunset... Current light is 243 and it's 17:24 Tibian Time.
2021-03-10 20:05:11 -  > NPC Ghostly Wolf added!
2021-03-10 20:05:11 -  > NPC Talila added!
2021-03-10 20:05:11 -  > NPC Valindara removed!
2021-03-10 20:05:11 -  >> Starting Night... Current light is 40 and it's 19:20 Tibian Time.
2021-03-10 20:05:11 -  Gabriela Paladina has logged out. | Client: 12.61
2021-03-10 20:05:14 -  Gabriela Paladina has logged in. | Client: 12.61
2021-03-10 20:12:33 -  Gabriela Paladina has logged out. | Client: 12.61
2021-03-10 20:12:34 -  Gabriela Paladina has logged in. | Client: 12.61
2021-03-10 20:16:41 -  >> Starting Sunrise... Current light is 47 and it's 5:56 Tibian Time.
2021-03-10 20:16:41 -  > NPC Ghostly Wolf removed!
2021-03-10 20:16:41 -  > NPC Talila removed!
2021-03-10 20:16:41 -  > NPC Valindara added!
2021-03-10 20:16:41 -  Gabriela Paladina has logged out. | Client: 12.61
2021-03-10 20:16:42 -  Gabriela Paladina has logged in. | Client: 12.61
2021-03-10 20:19:46 -  > Broadcasted message: "Forrest animals spread out close to Ab'Dendriel!".
2021-03-10 20:20:24 -  Gabriela Paladina has logged out. | Client: 12.61
2021-03-10 20:20:28 -  Gabriela Paladina has logged in. | Client: 12.61
2021-03-10 20:21:07 -  >> Starting Day... Current light is 250 and it's 7:52 Tibian Time.
2021-03-10 20:21:07 -  Gabriela Paladina has logged out. | Client: 12.61
2021-03-10 20:21:08 -  Gabriela Sexy has logged in. | Client: 12.61
2021-03-10 20:21:34 -  Gabriela Sexy has logged out. | Client: 12.61
2021-03-10 20:21:35 -  Gabriela Paladina has logged in. | Client: 12.61
2021-03-10 20:53:40 -  >> Starting Sunset... Current light is 243 and it's 17:24 Tibian Time.
2021-03-10 20:53:40 -  > NPC Ghostly Wolf added!
2021-03-10 20:53:40 -  > NPC Talila added!
2021-03-10 20:53:40 -  > NPC Valindara removed!
2021-03-10 20:53:40 -  >> Starting Night... Current light is 40 and it's 19:20 Tibian Time.
2021-03-10 20:53:40 -  Secreto has logged out. | Client: 12.61
2021-03-10 20:53:45 -  Secreto has logged in. | Client: 12.61
2021-03-10 21:00:56 -  Juana Dumachado has logged in. | Client: 12.61
2021-03-10 21:04:50 -  Secreto has logged out. | Client: 12.61
2021-03-10 21:04:54 -  Secreto has logged in. | Client: 12.61
2021-03-10 21:07:49 -  Guri Du Geada has logged in. | Client: 12.61
2021-03-10 21:09:47 -  Secreto has logged out. | Client: 12.61
2021-03-10 21:09:48 -  Guri Du Geada has logged out. | Client: 12.61
2021-03-10 21:09:50 -  Secreto has logged in. | Client: 12.61
2021-03-10 21:11:49 -  Joana Duarco has logged in. | Client: 12.61
2021-03-10 21:17:22 -  >> Starting Sunrise... Current light is 47 and it's 5:56 Tibian Time.
2021-03-10 21:17:22 -  > NPC Ghostly Wolf removed!
2021-03-10 21:17:22 -  > NPC Talila removed!
2021-03-10 21:17:22 -  > NPC Valindara added!
2021-03-10 21:17:22 -  Gabriela Paladina has logged out. | Client: 12.61
2021-03-10 21:17:25 -  Gabriela Paladina has logged in. | Client: 12.61
2021-03-10 21:24:46 -  >> Starting Day... Current light is 250 and it's 7:52 Tibian Time.
2021-03-10 21:24:46 -  > Broadcasted message: "Beware! Mawhawk!".
2021-03-10 21:33:24 -  Pacific has logged in. | Client: 12.61
2021-03-10 21:33:26 -  Pacific has logged out. | Client: 12.61
2021-03-10 21:33:29 -  Forfun has logged in. | Client: 12.61
2021-03-10 21:33:31 -  Forfun has logged out. | Client: 12.61
2021-03-10 21:33:32 -  Ariel has logged in. | Client: 12.61
2021-03-10 21:33:36 -  Ariel has logged out. | Client: 12.61
2021-03-10 21:33:38 -  Devil has logged in. | Client: 12.61
2021-03-10 22:10:26 -  >> Starting Sunset... Current light is 243 and it's 17:24 Tibian Time.
2021-03-10 22:10:26 -  > NPC Ghostly Wolf added!
2021-03-10 22:10:26 -  > NPC Talila added!
2021-03-10 22:10:26 -  > NPC Valindara removed!
2021-03-10 22:10:26 -  >> Starting Night... Current light is 40 and it's 19:20 Tibian Time.
2021-03-10 22:10:26 -  Devil has logged out. | Client: 12.61
2021-03-10 22:10:29 -  Devil has logged in. | Client: 12.61
2021-03-10 22:10:51 -  Devil has logged out. | Client: 12.61
2021-03-10 22:10:52 -  Devil has logged in. | Client: 12.61
2021-03-10 22:10:55 -  Devil has logged out. | Client: 12.61
2021-03-10 22:10:58 -  Forfun has logged in. | Client: 12.61
2021-03-10 22:36:29 -  >> Starting Sunrise... Current light is 47 and it's 5:56 Tibian Time.
2021-03-10 22:36:29 -  > NPC Ghostly Wolf removed!
2021-03-10 22:36:29 -  > NPC Talila removed!
2021-03-10 22:36:29 -  > NPC Valindara added!
2021-03-10 22:36:29 -  >> Starting Day... Current light is 250 and it's 7:52 Tibian Time.
2021-03-10 22:36:29 -  Secreto has logged out. | Client: 12.61
2021-03-10 22:54:07 -  >> Starting Sunset... Current light is 243 and it's 17:24 Tibian Time.
2021-03-10 22:54:07 -  > NPC Ghostly Wolf added!
2021-03-10 22:54:07 -  > NPC Talila added!
2021-03-10 22:54:07 -  > NPC Valindara removed!
2021-03-10 22:54:07 -  >> Starting Night... Current light is 40 and it's 19:20 Tibian Time.
2021-03-10 22:54:07 -  Joana Duarco has logged out. | Client: 12.61
2021-03-10 22:54:08 -  Joana Duarco has logged in. | Client: 12.61
2021-03-10 23:01:10 -  Moon Phisthys has logged in. | Client: 12.61
2021-03-10 23:03:19 -  Moon Phisthys has logged out. | Client: 12.61
2021-03-10 23:03:24 -  Burlockwolf has logged in. | Client: 12.61
2021-03-10 23:03:45 -  Burlockwolf has logged out. | Client: 12.61
2021-03-10 23:22:10 -  >> Starting Sunrise... Current light is 47 and it's 5:56 Tibian Time.
2021-03-10 23:22:10 -  > NPC Ghostly Wolf removed!
2021-03-10 23:22:10 -  > NPC Talila removed!
2021-03-10 23:22:10 -  > NPC Valindara added!
2021-03-10 23:22:10 -  >> Starting Day... Current light is 250 and it's 7:52 Tibian Time.
2021-03-10 23:22:10 -  Moon Phisthys has logged in. | Client: 12.61
2021-03-10 23:38:25 -  Gabriela Paladina has logged out. | Client: 12.61
2021-03-10 23:38:29 -  Gabriela Paladina has logged in. | Client: 12.61
2021-03-10 23:45:19 -  >> Starting Sunset... Current light is 243 and it's 17:24 Tibian Time.
2021-03-10 23:45:19 -  > NPC Ghostly Wolf added!
2021-03-10 23:45:19 -  > NPC Talila added!
2021-03-10 23:45:19 -  > NPC Valindara removed!
2021-03-10 23:45:19 -  Travis Sacana has logged in. | Client: 12.61
2021-03-10 23:45:26 -  Travis Sacana has logged out. | Client: 12.61
2021-03-10 23:45:27 -  Bilbo Bolseiro has logged in. | Client: 12.61
2021-03-10 23:45:30 -  Bilbo Bolseiro has logged out. | Client: 12.61
2021-03-11 00:08:46 -  >> Starting Night... Current light is 40 and it's 19:20 Tibian Time.
2021-03-11 00:08:46 -  >> Rashid is traveling to Thursdays location.
2021-03-11 00:08:46 -  > Broadcasted message: "There seems to be a big gnarlhoud gang in Zao Steppe.".
2021-03-11 00:09:05 -  > Broadcasted message: "The gnarlhounds seem to multiply by the minute.".
2021-03-11 00:10:46 -  > Broadcasted message: "The gnarlhounds roam free in the Zao Steppe. Watch out!".
2021-03-11 00:22:37 -  >> Starting Sunrise... Current light is 47 and it's 5:56 Tibian Time.
2021-03-11 00:22:37 -  > NPC Ghostly Wolf removed!
2021-03-11 00:22:37 -  > NPC Talila removed!
2021-03-11 00:22:37 -  > NPC Valindara added!
2021-03-11 00:22:37 -  >> Starting Day... Current light is 250 and it's 7:52 Tibian Time.
2021-03-11 00:22:37 -  Joana Duarco has logged out. | Client: 12.61
2021-03-11 00:22:38 -  Joana Duarco has logged in. | Client: 12.61
2021-03-11 00:23:05 -  Juana Dacura has logged in. | Client: 12.61
2021-03-11 00:27:43 -  Moon Phisthys has logged out. | Client: 12.61
2021-03-11 00:27:44 -  Burlockwolf has logged in. | Client: 12.61
2021-03-11 00:32:38 -  Gabriela Paladina has logged out. | Client: 12.61
2021-03-11 00:32:51 -  Gabriela Paladina has logged in. | Client: 12.61
2021-03-11 00:34:21 -  Gabriela Paladina has logged out. | Client: 12.61
2021-03-11 00:34:23 -  Gabriela Paladina has logged in. | Client: 12.61
2021-03-11 00:40:47 -  Burlockwolf has logged out. | Client: 12.61
2021-03-11 00:40:49 -  Moon Phisthys has logged in. | Client: 12.61
2021-03-11 00:45:11 -  >> Starting Sunset... Current light is 243 and it's 17:24 Tibian Time.
2021-03-11 00:45:11 -  > NPC Ghostly Wolf added!
2021-03-11 00:45:11 -  > NPC Talila added!
2021-03-11 00:45:11 -  > NPC Valindara removed!
2021-03-11 00:45:11 -  Moon Phisthys has logged out. | Client: 12.61
2021-03-11 00:45:12 -  Burlockwolf has logged in. | Client: 12.61
2021-03-11 00:45:54 -  Burlockwolf has logged out. | Client: 12.61
2021-03-11 00:45:54 -  Moon Phisthys has logged in. | Client: 12.61
2021-03-11 00:47:09 -  Gabriela Paladina has logged out. | Client: 12.61
2021-03-11 00:47:27 -  Gabriela Paladina has logged in. | Client: 12.61
2021-03-11 00:56:36 -  >> Starting Night... Current light is 40 and it's 19:20 Tibian Time.
2021-03-11 00:56:36 -  
2021-03-11 00:56:36 -  Lua Script Error: [Scripts Interface] 
2021-03-11 00:56:36 -  /home/otbr10/data/scripts/actions/quests/feaster_of_soul/brainheadlever.lua:callback
2021-03-11 00:56:36 -  ...cripts/actions/quests/feaster_of_soul/brainheadlever.lua:71: attempt to index field 'FeasterOfSouls' (a nil value)
2021-03-11 00:56:36 -  stack traceback:
2021-03-11 00:56:36 -  	[C]: in function '__index'
2021-03-11 00:56:36 -  	...cripts/actions/quests/feaster_of_soul/brainheadlever.lua:71: in function <...cripts/actions/quests/feaster_of_soul/brainheadlever.lua:18>
2021-03-11 00:56:48 -  Juana Ducajado has logged in. | Client: 12.61
2021-03-11 00:57:21 -  Moon Phisthys has logged out. | Client: 12.61
2021-03-11 00:57:59 -  Juana Ducajado has logged out. | Client: 12.61
2021-03-11 00:58:02 -  Juana Ducajado has logged in. | Client: 12.61
2021-03-11 00:59:00 -  
2021-03-11 00:59:00 -  Lua Script Error: [Scripts Interface] 
2021-03-11 00:59:00 -  /home/otbr10/data/scripts/actions/quests/feaster_of_soul/brainheadlever.lua:callback
2021-03-11 00:59:00 -  ...cripts/actions/quests/feaster_of_soul/brainheadlever.lua:71: attempt to index field 'FeasterOfSouls' (a nil value)
2021-03-11 00:59:00 -  stack traceback:
2021-03-11 00:59:00 -  	[C]: in function '__index'
2021-03-11 00:59:00 -  	...cripts/actions/quests/feaster_of_soul/brainheadlever.lua:71: in function <...cripts/actions/quests/feaster_of_soul/brainheadlever.lua:18>
2021-03-11 00:59:10 -  
2021-03-11 00:59:10 -  Lua Script Error: [Scripts Interface] 
2021-03-11 00:59:10 -  /home/otbr10/data/scripts/actions/quests/feaster_of_soul/brainheadlever.lua:callback
2021-03-11 00:59:10 -  ...cripts/actions/quests/feaster_of_soul/brainheadlever.lua:71: attempt to index field 'FeasterOfSouls' (a nil value)
2021-03-11 00:59:10 -  stack traceback:
2021-03-11 00:59:10 -  	[C]: in function '__index'
2021-03-11 00:59:10 -  	...cripts/actions/quests/feaster_of_soul/brainheadlever.lua:71: in function <...cripts/actions/quests/feaster_of_soul/brainheadlever.lua:18>
2021-03-11 00:59:15 -  
2021-03-11 00:59:15 -  Lua Script Error: [Scripts Interface] 
2021-03-11 00:59:15 -  /home/otbr10/data/scripts/actions/quests/feaster_of_soul/brainheadlever.lua:callback
2021-03-11 00:59:15 -  ...cripts/actions/quests/feaster_of_soul/brainheadlever.lua:71: attempt to index field 'FeasterOfSouls' (a nil value)
2021-03-11 00:59:15 -  stack traceback:
2021-03-11 00:59:15 -  	[C]: in function '__index'
2021-03-11 00:59:15 -  	...cripts/actions/quests/feaster_of_soul/brainheadlever.lua:71: in function <...cripts/actions/quests/feaster_of_soul/brainheadlever.lua:18>
2021-03-11 00:59:35 -  
2021-03-11 00:59:35 -  Lua Script Error: [Scripts Interface] 
2021-03-11 00:59:35 -  /home/otbr10/data/scripts/actions/quests/feaster_of_soul/brainheadlever.lua:callback
2021-03-11 00:59:35 -  ...cripts/actions/quests/feaster_of_soul/brainheadlever.lua:71: attempt to index field 'FeasterOfSouls' (a nil value)
2021-03-11 00:59:35 -  stack traceback:
2021-03-11 00:59:35 -  	[C]: in function '__index'
2021-03-11 00:59:35 -  	...cripts/actions/quests/feaster_of_soul/brainheadlever.lua:71: in function <...cripts/actions/quests/feaster_of_soul/brainheadlever.lua:18>
2021-03-11 00:59:45 -  
2021-03-11 00:59:45 -  Lua Script Error: [Scripts Interface] 
2021-03-11 00:59:45 -  /home/otbr10/data/scripts/actions/quests/feaster_of_soul/brainheadlever.lua:callback
2021-03-11 00:59:45 -  ...cripts/actions/quests/feaster_of_soul/brainheadlever.lua:71: attempt to index field 'FeasterOfSouls' (a nil value)
2021-03-11 00:59:45 -  stack traceback:
2021-03-11 00:59:45 -  	[C]: in function '__index'
2021-03-11 00:59:45 -  	...cripts/actions/quests/feaster_of_soul/brainheadlever.lua:71: in function <...cripts/actions/quests/feaster_of_soul/brainheadlever.lua:18>
2021-03-11 01:00:30 -  Forfun has logged out. | Client: 12.61
2021-03-11 01:00:32 -  Devil has logged in. | Client: 12.61
2021-03-11 01:01:52 -  
2021-03-11 01:01:52 -  Lua Script Error: [Scripts Interface] 
2021-03-11 01:01:52 -  /home/otbr10/data/scripts/actions/quests/feaster_of_soul/brainheadlever.lua:callback
2021-03-11 01:01:52 -  ...cripts/actions/quests/feaster_of_soul/brainheadlever.lua:71: attempt to index field 'FeasterOfSouls' (a nil value)
2021-03-11 01:01:52 -  stack traceback:
2021-03-11 01:01:52 -  	[C]: in function '__index'
2021-03-11 01:01:52 -  	...cripts/actions/quests/feaster_of_soul/brainheadlever.lua:71: in function <...cripts/actions/quests/feaster_of_soul/brainheadlever.lua:18>
2021-03-11 01:02:01 -  
2021-03-11 01:02:01 -  Lua Script Error: [Scripts Interface] 
2021-03-11 01:02:01 -  /home/otbr10/data/scripts/actions/quests/feaster_of_soul/brainheadlever.lua:callback
2021-03-11 01:02:01 -  ...cripts/actions/quests/feaster_of_soul/brainheadlever.lua:71: attempt to index field 'FeasterOfSouls' (a nil value)
2021-03-11 01:02:01 -  stack traceback:
2021-03-11 01:02:01 -  	[C]: in function '__index'
2021-03-11 01:02:01 -  	...cripts/actions/quests/feaster_of_soul/brainheadlever.lua:71: in function <...cripts/actions/quests/feaster_of_soul/brainheadlever.lua:18>
2021-03-11 01:07:14 -  Bryan has logged in. | Client: 12.61
2021-03-11 01:07:38 -  Gabriela Paladina has logged out. | Client: 12.61
2021-03-11 01:07:51 -  Gabriela Paladina has logged in. | Client: 12.61
2021-03-11 01:09:38 -  Joana Duarco has logged out. | Client: 12.61
2021-03-11 01:09:39 -  Joana Duarco has logged in. | Client: 12.61
2021-03-11 01:13:16 -  Gabriela Paladina has logged out. | Client: 12.61
2021-03-11 01:13:16 -  Gabriela Paladina has logged in. | Client: 12.61
2021-03-11 01:33:37 -  >> Starting Sunrise... Current light is 47 and it's 5:56 Tibian Time.
2021-03-11 01:33:37 -  > NPC Ghostly Wolf removed!
2021-03-11 01:33:37 -  > NPC Talila removed!
2021-03-11 01:33:37 -  > NPC Valindara added!
2021-03-11 01:33:37 -  >> Starting Day... Current light is 250 and it's 7:52 Tibian Time.
2021-03-11 01:33:37 -  Moon Phisthys has logged in. | Client: 11
2021-03-11 01:33:45 -  Gabriela Paladina has logged out. | Client: 12.61
2021-03-11 01:33:55 -  Gabriela Paladina has logged in. | Client: 12.61
2021-03-11 01:35:55 -  Bryan has logged out. | Client: 12.61
2021-03-11 01:36:00 -  Alucard has logged in. | Client: 12.61
2021-03-11 01:38:10 -  Gabriela Paladina has logged out. | Client: 12.61
2021-03-11 01:38:10 -  Gabriela Paladina has logged in. | Client: 12.61
2021-03-11 01:40:53 -  Gabriela Paladina has logged out. | Client: 12.61
2021-03-11 01:40:54 -  Gabriela Sexy has logged in. | Client: 12.61
2021-03-11 01:41:14 -  Gabriela Sexy has logged out. | Client: 12.61
2021-03-11 01:41:14 -  Gabriela Paladina has logged in. | Client: 12.61
2021-03-11 01:43:12 -  Juana Dacura has logged out. | Client: 12.61
2021-03-11 01:52:26 -  >> Starting Sunset... Current light is 243 and it's 17:24 Tibian Time.
2021-03-11 01:52:26 -  > NPC Ghostly Wolf added!
2021-03-11 01:52:26 -  > NPC Talila added!
2021-03-11 01:52:26 -  > NPC Valindara removed!
2021-03-11 01:52:26 -  >> Starting Night... Current light is 40 and it's 19:20 Tibian Time.
2021-03-11 01:52:26 -  Gabriela Paladina has logged out. | Client: 12.61
2021-03-11 01:52:36 -  Gabriela Paladina has logged in. | Client: 12.61
2021-03-11 02:21:04 -  [Warning] DropLoot:	Could not add loot item to corpse.
2021-03-11 02:21:04 -  [Warning] DropLoot:	Could not add loot item to corpse.
2021-03-11 02:21:04 -  [Warning] DropLoot:	Could not add loot item to corpse.
2021-03-11 02:21:04 -  >> Starting Sunrise... Current light is 47 and it's 5:56 Tibian Time.
2021-03-11 02:21:04 -  > NPC Ghostly Wolf removed!
2021-03-11 02:21:04 -  > NPC Talila removed!
2021-03-11 02:21:04 -  > NPC Valindara added!
2021-03-11 02:21:04 -  >> Starting Day... Current light is 250 and it's 7:52 Tibian Time.
2021-03-11 02:21:04 -  Saruman has logged in. | Client: 12.61
2021-03-11 02:25:53 -  Devil has logged out. | Client: 12.61
2021-03-11 02:32:12 -  Alucard has logged out. | Client: 12.61
2021-03-11 02:32:17 -  Bryan has logged in. | Client: 12.61
2021-03-11 02:33:56 -  Bryan has logged out. | Client: 12.61
2021-03-11 02:33:58 -  Bryan has logged in. | Client: 12.61
2021-03-11 02:34:01 -  Bryan has logged out. | Client: 12.61
2021-03-11 02:34:03 -  Babayaga has logged in. | Client: 12.61
2021-03-11 02:34:48 -  Babayaga has logged out. | Client: 12.61
2021-03-11 02:34:51 -  Bryan Fox Moon has logged in. | Client: 12.61
2021-03-11 02:36:52 -  Bryan Fox Moon has logged out. | Client: 12.61
2021-03-11 02:38:06 -  
2021-03-11 02:38:06 -  Lua Script Error: [Scripts Interface] 
2021-03-11 02:38:06 -  /home/otbr10/data/scripts/actions/quests/feaster_of_soul/brainheadlever.lua:callback
2021-03-11 02:38:06 -  ...cripts/actions/quests/feaster_of_soul/brainheadlever.lua:71: attempt to index field 'FeasterOfSouls' (a nil value)
2021-03-11 02:38:06 -  stack traceback:
2021-03-11 02:38:06 -  	[C]: in function '__index'
2021-03-11 02:38:06 -  	...cripts/actions/quests/feaster_of_soul/brainheadlever.lua:71: in function <...cripts/actions/quests/feaster_of_soul/brainheadlever.lua:18>
2021-03-11 02:41:42 -  Juana Ducajado has logged out. | Client: 12.61
2021-03-11 02:41:55 -  Juana Ducajado has logged in. | Client: 12.61
2021-03-11 02:44:02 -  [Warning - Actions::registerLuaEvent] Duplicate registered item with uid: 6500 in range from uid: 5000, to uid: 12000
2021-03-11 02:44:02 -  [Warning - Actions::registerLuaEvent] Duplicate registered item with uid: 6501 in range from uid: 5000, to uid: 12000
2021-03-11 02:44:02 -  [Warning - Actions::registerLuaEvent] Duplicate registered item with uid: 6503 in range from uid: 5000, to uid: 12000
2021-03-11 02:44:02 -  [Warning - Actions::registerLuaEvent] Duplicate registered item with uid: 6550 in range from uid: 5000, to uid: 12000
2021-03-11 02:44:02 -  [Warning - Actions::registerLuaEvent] Duplicate registered item with uid: 6570 in range from uid: 5000, to uid: 12000
2021-03-11 02:44:02 -  [Warning - Actions::registerLuaEvent] Duplicate registered item with uid: 6661 in range from uid: 5000, to uid: 12000
2021-03-11 02:44:02 -  [Warning - Actions::registerLuaEvent] Duplicate registered item with uid: 6662 in range from uid: 5000, to uid: 12000
2021-03-11 02:44:02 -  [Warning - Actions::registerLuaEvent] Duplicate registered item with uid: 6663 in range from uid: 5000, to uid: 12000
2021-03-11 02:44:02 -  [Warning - Actions::registerLuaEvent] Duplicate registered item with uid: 6664 in range from uid: 5000, to uid: 12000
2021-03-11 02:44:02 -  [Warning - Actions::registerLuaEvent] Duplicate registered item with uid: 6665 in range from uid: 5000, to uid: 12000
2021-03-11 02:44:02 -  [Warning - Actions::registerLuaEvent] Duplicate registered item with uid: 6666 in range from uid: 5000, to uid: 12000
2021-03-11 02:44:02 -  [Warning - Actions::registerLuaEvent] Duplicate registered item with uid: 6678 in range from uid: 5000, to uid: 12000
2021-03-11 02:44:02 -  [Warning - Actions::registerLuaEvent] Duplicate registered item with uid: 6693 in range from uid: 5000, to uid: 12000
2021-03-11 02:44:02 -  [Warning - Actions::registerLuaEvent] Duplicate registered item with uid: 6697 in range from uid: 5000, to uid: 12000
2021-03-11 02:44:02 -  [Warning - Actions::registerLuaEvent] Duplicate registered item with uid: 6698 in range from uid: 5000, to uid: 12000
2021-03-11 02:44:02 -  [Warning - Actions::registerLuaEvent] Duplicate registered item with uid: 6699 in range from uid: 5000, to uid: 12000
2021-03-11 02:44:02 -  [Warning - Actions::registerLuaEvent] Duplicate registered item with uid: 6701 in range from uid: 5000, to uid: 12000
2021-03-11 02:44:02 -  [Warning - Actions::registerLuaEvent] Duplicate registered item with uid: 6702 in range from uid: 5000, to uid: 12000
2021-03-11 02:44:02 -  [Warning - Actions::registerLuaEvent] Duplicate registered item with uid: 6703 in range from uid: 5000, to uid: 12000
2021-03-11 02:44:51 -  Reloaded: scripts.
2021-03-11 02:44:51 -  >> Starting Sunset... Current light is 243 and it's 17:24 Tibian Time.
2021-03-11 02:44:51 -  > NPC Ghostly Wolf added!
2021-03-11 02:44:51 -  > NPC Talila added!
2021-03-11 02:44:51 -  > NPC Valindara removed!
2021-03-11 02:44:51 -  [Warning - Actions::registerLuaEvent] Duplicate registered item with uid: 6500 in range from uid: 5000, to uid: 12000
2021-03-11 02:44:51 -  [Warning - Actions::registerLuaEvent] Duplicate registered item with uid: 6501 in range from uid: 5000, to uid: 12000
2021-03-11 02:44:51 -  [Warning - Actions::registerLuaEvent] Duplicate registered item with uid: 6503 in range from uid: 5000, to uid: 12000
2021-03-11 02:44:51 -  [Warning - Actions::registerLuaEvent] Duplicate registered item with uid: 6550 in range from uid: 5000, to uid: 12000
2021-03-11 02:44:51 -  [Warning - Actions::registerLuaEvent] Duplicate registered item with uid: 6570 in range from uid: 5000, to uid: 12000
2021-03-11 02:44:51 -  [Warning - Actions::registerLuaEvent] Duplicate registered item with uid: 6661 in range from uid: 5000, to uid: 12000
2021-03-11 02:44:51 -  [Warning - Actions::registerLuaEvent] Duplicate registered item with uid: 6662 in range from uid: 5000, to uid: 12000
2021-03-11 02:44:51 -  [Warning - Actions::registerLuaEvent] Duplicate registered item with uid: 6663 in range from uid: 5000, to uid: 12000
2021-03-11 02:44:51 -  [Warning - Actions::registerLuaEvent] Duplicate registered item with uid: 6664 in range from uid: 5000, to uid: 12000
2021-03-11 02:44:51 -  [Warning - Actions::registerLuaEvent] Duplicate registered item with uid: 6665 in range from uid: 5000, to uid: 12000
2021-03-11 02:44:51 -  [Warning - Actions::registerLuaEvent] Duplicate registered item with uid: 6666 in range from uid: 5000, to uid: 12000
2021-03-11 02:44:51 -  [Warning - Actions::registerLuaEvent] Duplicate registered item with uid: 6678 in range from uid: 5000, to uid: 12000
2021-03-11 02:44:51 -  [Warning - Actions::registerLuaEvent] Duplicate registered item with uid: 6693 in range from uid: 5000, to uid: 12000
2021-03-11 02:44:51 -  [Warning - Actions::registerLuaEvent] Duplicate registered item with uid: 6697 in range from uid: 5000, to uid: 12000
2021-03-11 02:44:51 -  [Warning - Actions::registerLuaEvent] Duplicate registered item with uid: 6698 in range from uid: 5000, to uid: 12000
2021-03-11 02:44:51 -  [Warning - Actions::registerLuaEvent] Duplicate registered item with uid: 6699 in range from uid: 5000, to uid: 12000
2021-03-11 02:44:51 -  [Warning - Actions::registerLuaEvent] Duplicate registered item with uid: 6701 in range from uid: 5000, to uid: 12000
2021-03-11 02:44:51 -  [Warning - Actions::registerLuaEvent] Duplicate registered item with uid: 6702 in range from uid: 5000, to uid: 12000
2021-03-11 02:44:51 -  [Warning - Actions::registerLuaEvent] Duplicate registered item with uid: 6703 in range from uid: 5000, to uid: 12000
2021-03-11 02:45:49 -  Reloaded: scripts.
2021-03-11 02:45:49 -  [Warning - Actions::registerLuaEvent] Duplicate registered item with uid: 6500 in range from uid: 5000, to uid: 12000
2021-03-11 02:45:49 -  [Warning - Actions::registerLuaEvent] Duplicate registered item with uid: 6501 in range from uid: 5000, to uid: 12000
2021-03-11 02:45:49 -  [Warning - Actions::registerLuaEvent] Duplicate registered item with uid: 6503 in range from uid: 5000, to uid: 12000
2021-03-11 02:45:49 -  [Warning - Actions::registerLuaEvent] Duplicate registered item with uid: 6550 in range from uid: 5000, to uid: 12000
2021-03-11 02:45:49 -  [Warning - Actions::registerLuaEvent] Duplicate registered item with uid: 6570 in range from uid: 5000, to uid: 12000
2021-03-11 02:45:49 -  [Warning - Actions::registerLuaEvent] Duplicate registered item with uid: 6661 in range from uid: 5000, to uid: 12000
2021-03-11 02:45:49 -  [Warning - Actions::registerLuaEvent] Duplicate registered item with uid: 6662 in range from uid: 5000, to uid: 12000
2021-03-11 02:45:49 -  [Warning - Actions::registerLuaEvent] Duplicate registered item with uid: 6663 in range from uid: 5000, to uid: 12000
2021-03-11 02:45:49 -  [Warning - Actions::registerLuaEvent] Duplicate registered item with uid: 6664 in range from uid: 5000, to uid: 12000
2021-03-11 02:45:49 -  [Warning - Actions::registerLuaEvent] Duplicate registered item with uid: 6665 in range from uid: 5000, to uid: 12000
2021-03-11 02:45:49 -  [Warning - Actions::registerLuaEvent] Duplicate registered item with uid: 6666 in range from uid: 5000, to uid: 12000
2021-03-11 02:45:49 -  [Warning - Actions::registerLuaEvent] Duplicate registered item with uid: 6678 in range from uid: 5000, to uid: 12000
2021-03-11 02:45:49 -  [Warning - Actions::registerLuaEvent] Duplicate registered item with uid: 6693 in range from uid: 5000, to uid: 12000
2021-03-11 02:45:49 -  [Warning - Actions::registerLuaEvent] Duplicate registered item with uid: 6697 in range from uid: 5000, to uid: 12000
2021-03-11 02:45:49 -  [Warning - Actions::registerLuaEvent] Duplicate registered item with uid: 6698 in range from uid: 5000, to uid: 12000
2021-03-11 02:45:49 -  [Warning - Actions::registerLuaEvent] Duplicate registered item with uid: 6699 in range from uid: 5000, to uid: 12000
2021-03-11 02:45:49 -  [Warning - Actions::registerLuaEvent] Duplicate registered item with uid: 6701 in range from uid: 5000, to uid: 12000
2021-03-11 02:45:49 -  [Warning - Actions::registerLuaEvent] Duplicate registered item with uid: 6702 in range from uid: 5000, to uid: 12000
2021-03-11 02:45:49 -  [Warning - Actions::registerLuaEvent] Duplicate registered item with uid: 6703 in range from uid: 5000, to uid: 12000
2021-03-11 02:47:39 -  Reloaded: scripts.
2021-03-11 02:47:39 -  
2021-03-11 02:47:39 -  Lua Script Error: [Scripts Interface] 
2021-03-11 02:47:39 -  /home/otbr10/data/scripts/actions/quests/feaster_of_soul/brainheadlever.lua:callback
2021-03-11 02:47:39 -  ...cripts/actions/quests/feaster_of_soul/brainheadlever.lua:72: attempt to index field 'FeasterOfSouls' (a nil value)
2021-03-11 02:47:39 -  stack traceback:
2021-03-11 02:47:39 -  	[C]: in function '__index'
2021-03-11 02:47:39 -  	...cripts/actions/quests/feaster_of_soul/brainheadlever.lua:72: in function <...cripts/actions/quests/feaster_of_soul/brainheadlever.lua:18>
2021-03-11 02:49:40 -  >> Starting Night... Current light is 40 and it's 19:20 Tibian Time.
2021-03-11 02:49:40 -  [Warning - Actions::registerLuaEvent] Duplicate registered item with uid: 6500 in range from uid: 5000, to uid: 12000
2021-03-11 02:49:40 -  [Warning - Actions::registerLuaEvent] Duplicate registered item with uid: 6501 in range from uid: 5000, to uid: 12000
2021-03-11 02:49:40 -  [Warning - Actions::registerLuaEvent] Duplicate registered item with uid: 6503 in range from uid: 5000, to uid: 12000
2021-03-11 02:49:40 -  [Warning - Actions::registerLuaEvent] Duplicate registered item with uid: 6550 in range from uid: 5000, to uid: 12000
2021-03-11 02:49:40 -  [Warning - Actions::registerLuaEvent] Duplicate registered item with uid: 6570 in range from uid: 5000, to uid: 12000
2021-03-11 02:49:40 -  [Warning - Actions::registerLuaEvent] Duplicate registered item with uid: 6661 in range from uid: 5000, to uid: 12000
2021-03-11 02:49:40 -  [Warning - Actions::registerLuaEvent] Duplicate registered item with uid: 6662 in range from uid: 5000, to uid: 12000
2021-03-11 02:49:40 -  [Warning - Actions::registerLuaEvent] Duplicate registered item with uid: 6663 in range from uid: 5000, to uid: 12000
2021-03-11 02:49:40 -  [Warning - Actions::registerLuaEvent] Duplicate registered item with uid: 6664 in range from uid: 5000, to uid: 12000
2021-03-11 02:49:40 -  [Warning - Actions::registerLuaEvent] Duplicate registered item with uid: 6665 in range from uid: 5000, to uid: 12000
2021-03-11 02:49:40 -  [Warning - Actions::registerLuaEvent] Duplicate registered item with uid: 6666 in range from uid: 5000, to uid: 12000
2021-03-11 02:49:40 -  [Warning - Actions::registerLuaEvent] Duplicate registered item with uid: 6678 in range from uid: 5000, to uid: 12000
2021-03-11 02:49:40 -  [Warning - Actions::registerLuaEvent] Duplicate registered item with uid: 6693 in range from uid: 5000, to uid: 12000
2021-03-11 02:49:40 -  [Warning - Actions::registerLuaEvent] Duplicate registered item with uid: 6697 in range from uid: 5000, to uid: 12000
2021-03-11 02:49:40 -  [Warning - Actions::registerLuaEvent] Duplicate registered item with uid: 6698 in range from uid: 5000, to uid: 12000
2021-03-11 02:49:40 -  [Warning - Actions::registerLuaEvent] Duplicate registered item with uid: 6699 in range from uid: 5000, to uid: 12000
2021-03-11 02:49:40 -  [Warning - Actions::registerLuaEvent] Duplicate registered item with uid: 6701 in range from uid: 5000, to uid: 12000
2021-03-11 02:49:40 -  [Warning - Actions::registerLuaEvent] Duplicate registered item with uid: 6702 in range from uid: 5000, to uid: 12000
2021-03-11 02:49:40 -  [Warning - Actions::registerLuaEvent] Duplicate registered item with uid: 6703 in range from uid: 5000, to uid: 12000
2021-03-11 03:02:10 -  Reloaded: scripts.
2021-03-11 03:02:10 -  Moon Phisthys has logged out. | Client: 0
2021-03-11 03:08:12 -  Gabriela Paladina has logged out. | Client: 12.61
2021-03-11 03:08:13 -  Gabriela Sexy has logged in. | Client: 12.61
2021-03-11 03:08:58 -  Gabriela Sexy has logged out. | Client: 12.61
2021-03-11 03:09:03 -  Magezinha has logged in. | Client: 12.61
2021-03-11 03:11:41 -  Magezinha has logged out. | Client: 12.61
2021-03-11 03:11:43 -  Magezinha has logged in. | Client: 12.61
2021-03-11 03:11:44 -  Magezinha has logged out. | Client: 12.61
2021-03-11 03:11:46 -  Gabriela Paladina has logged in. | Client: 12.61
2021-03-11 03:11:51 -  Gabriela Paladina has logged out. | Client: 12.61
2021-03-11 03:13:33 -  Saruman has logged out. | Client: 12.61
2021-03-11 03:13:35 -  Saruman has logged in. | Client: 12.61
2021-03-11 03:19:41 -  >> Starting Sunrise... Current light is 47 and it's 5:56 Tibian Time.
2021-03-11 03:19:41 -  > NPC Ghostly Wolf removed!
2021-03-11 03:19:41 -  > NPC Talila removed!
2021-03-11 03:19:41 -  > NPC Valindara added!
2021-03-11 03:19:41 -  Joana Duarco has logged out. | Client: 12.61
2021-03-11 03:53:04 -  >> Starting Day... Current light is 250 and it's 7:52 Tibian Time.
2021-03-11 03:53:04 -  >> Starting Sunset... Current light is 243 and it's 17:24 Tibian Time.
2021-03-11 03:53:04 -  > NPC Ghostly Wolf added!
2021-03-11 03:53:04 -  > NPC Talila added!
2021-03-11 03:53:04 -  > NPC Valindara removed!
2021-03-11 03:53:04 -  >> Starting Night... Current light is 40 and it's 19:20 Tibian Time.
2021-03-11 03:53:04 -  Moon Phisthys has logged in. | Client: 11
2021-03-11 03:56:41 -  Saruman has logged out. | Client: 0
2021-03-11 04:01:42 -  Secreto has logged in. | Client: 12.61
2021-03-11 04:07:46 -  > Broadcasted message: "The dragons of the Dragonblaze Mountains have    descended to Zao to protect the lizardkin!".
2021-03-11 04:11:24 -  Saruman has logged in. | Client: 12.61
2021-03-11 04:18:05 -  >> Starting Sunrise... Current light is 47 and it's 5:56 Tibian Time.
2021-03-11 04:18:05 -  > NPC Ghostly Wolf removed!
2021-03-11 04:18:05 -  > NPC Talila removed!
2021-03-11 04:18:05 -  > NPC Valindara added!
2021-03-11 04:18:05 -  Saruman has logged out. | Client: 12.61
2021-03-11 04:18:06 -  Saruman has logged in. | Client: 12.61
2021-03-11 04:26:50 -  >> Starting Day... Current light is 250 and it's 7:52 Tibian Time.
2021-03-11 04:26:50 -  
2021-03-11 04:26:50 -  Lua Script Error: [Scripts Interface] 
2021-03-11 04:26:50 -  /home/otbr10/data/scripts/quests/demon_helmet/movement-walls.lua:callback
2021-03-11 04:26:50 -  ...br10/data/scripts/quests/demon_helmet/movement-walls.lua:51: attempt to index a nil value
2021-03-11 04:26:50 -  stack traceback:
2021-03-11 04:26:50 -  	[C]: in function '__index'
2021-03-11 04:26:50 -  	...br10/data/scripts/quests/demon_helmet/movement-walls.lua:51: in function <...br10/data/scripts/quests/demon_helmet/movement-walls.lua:45>
2021-03-11 04:58:21 -  >> Starting Sunset... Current light is 243 and it's 17:24 Tibian Time.
2021-03-11 04:58:21 -  > NPC Ghostly Wolf added!
2021-03-11 04:58:21 -  > NPC Talila added!
2021-03-11 04:58:21 -  > NPC Valindara removed!
2021-03-11 04:58:21 -  >> Starting Night... Current light is 40 and it's 19:20 Tibian Time.
2021-03-11 04:58:21 -  Oshum has logged in. | Client: 12.61
2021-03-11 05:01:36 -  Moon Phisthys has logged out. | Client: 11
2021-03-11 05:12:01 -  Juana Dumachado has logged out. | Client: 0
2021-03-11 05:12:25 -  Oshum has logged out. | Client: 12.61
2021-03-11 05:12:31 -  Oshum has logged in. | Client: 12.61
2021-03-11 05:15:03 -  > ERROR: Failed to save account: 13081986!
2021-03-11 05:15:05 -  Magda has logged in. | Client: 11
2021-03-11 05:26:18 -  >> Starting Sunrise... Current light is 47 and it's 5:56 Tibian Time.
2021-03-11 05:26:18 -  > NPC Ghostly Wolf removed!
2021-03-11 05:26:18 -  > NPC Talila removed!
2021-03-11 05:26:18 -  > NPC Valindara added!
2021-03-11 05:26:18 -  >> Starting Day... Current light is 250 and it's 7:52 Tibian Time.
2021-03-11 05:26:18 -  Oshum has logged out. | Client: 12.61
2021-03-11 05:26:24 -  Oshum has logged in. | Client: 12.61
2021-03-11 05:28:46 -  Oshum has logged out. | Client: 12.61
2021-03-11 05:28:49 -  Khissa has logged in. | Client: 12.61
2021-03-11 05:32:56 -  Khissa has logged out. | Client: 12.61
2021-03-11 05:32:59 -  Oshum has logged in. | Client: 12.61
2021-03-11 05:35:10 -  Oshum has logged out. | Client: 12.61
2021-03-11 05:35:11 -  Khissa has logged in. | Client: 12.61
2021-03-11 05:35:16 -  Khissa has logged out. | Client: 12.61
2021-03-11 05:35:17 -  Oshum has logged in. | Client: 12.61
2021-03-11 05:36:05 -  Oshum has logged out. | Client: 12.61
2021-03-11 05:36:10 -  Khissa has logged in. | Client: 12.61
2021-03-11 05:49:25 -  >> Starting Sunset... Current light is 243 and it's 17:24 Tibian Time.
2021-03-11 05:49:25 -  > NPC Ghostly Wolf added!
2021-03-11 05:49:25 -  > NPC Talila added!
2021-03-11 05:49:25 -  > NPC Valindara removed!
2021-03-11 05:49:25 -  >> Starting Night... Current light is 40 and it's 19:20 Tibian Time.
2021-03-11 05:49:25 -  Magda has logged out. | Client: 0
2021-03-11 06:00:26 -  Khissa has logged out. | Client: 12.61
2021-03-11 06:00:30 -  Sakhmet has logged in. | Client: 12.61
2021-03-11 06:00:46 -  Sakhmet has logged out. | Client: 12.61
2021-03-11 06:22:37 -  >> Starting Sunrise... Current light is 47 and it's 5:56 Tibian Time.
2021-03-11 06:22:37 -  > NPC Ghostly Wolf removed!
2021-03-11 06:22:37 -  > NPC Talila removed!
2021-03-11 06:22:37 -  > NPC Valindara added!
2021-03-11 06:22:37 -  >> Starting Day... Current light is 250 and it's 7:52 Tibian Time.
2021-03-11 06:22:37 -  Ladiv has logged in. | Client: 12.61
2021-03-11 06:38:45 -  Ladiv has logged out. | Client: 12.61
2021-03-11 06:39:07 -  Vidal has logged in. | Client: 12.61
2021-03-11 06:43:38 -  Vidal has logged out. | Client: 12.61
2021-03-11 06:43:38 -  Vidal has logged in. | Client: 12.61
2021-03-11 06:44:40 -  >> Starting Sunset... Current light is 243 and it's 17:24 Tibian Time.
2021-03-11 06:44:40 -  > NPC Ghostly Wolf added!
2021-03-11 06:44:40 -  > NPC Talila added!
2021-03-11 06:44:40 -  > NPC Valindara removed!
2021-03-11 06:44:40 -  Vidal has logged out. | Client: 12.61
2021-03-11 07:04:46 -  >> Starting Night... Current light is 40 and it's 19:20 Tibian Time.
2021-03-11 07:04:46 -  > Broadcasted message: "Beware of Tyrn!".
2021-03-11 07:46:46 -  >> Starting Sunrise... Current light is 47 and it's 5:56 Tibian Time.
2021-03-11 07:46:46 -  > NPC Ghostly Wolf removed!
2021-03-11 07:46:46 -  > NPC Talila removed!
2021-03-11 07:46:46 -  > NPC Valindara added!
2021-03-11 07:46:46 -  >> Starting Day... Current light is 250 and it's 7:52 Tibian Time.
2021-03-11 07:46:46 -  >> Starting Sunset... Current light is 243 and it's 17:24 Tibian Time.
2021-03-11 07:46:46 -  > NPC Ghostly Wolf added!
2021-03-11 07:46:46 -  > NPC Talila added!
2021-03-11 07:46:46 -  > NPC Valindara removed!
2021-03-11 07:46:46 -  > Broadcasted message: "Many aggressive beasts are roaming south of Ab'Dendriel! Take care!".
2021-03-11 08:43:35 -  >> Starting Night... Current light is 40 and it's 19:20 Tibian Time.
2021-03-11 08:43:35 -  >> Starting Sunrise... Current light is 47 and it's 5:56 Tibian Time.
2021-03-11 08:43:35 -  > NPC Ghostly Wolf removed!
2021-03-11 08:43:35 -  > NPC Talila removed!
2021-03-11 08:43:35 -  > NPC Valindara added!
2021-03-11 08:43:35 -  >> Starting Day... Current light is 250 and it's 7:52 Tibian Time.
2021-03-11 08:43:35 -  Juana Ducajado has logged out. | Client: 12.61
2021-03-11 08:48:26 -  >> Starting Sunset... Current light is 243 and it's 17:24 Tibian Time.
2021-03-11 08:48:26 -  > NPC Ghostly Wolf added!
2021-03-11 08:48:26 -  > NPC Talila added!
2021-03-11 08:48:26 -  > NPC Valindara removed!
2021-03-11 08:48:26 -  Secreto has logged out. | Client: 12.61
2021-03-11 08:48:31 -  Secreto has logged in. | Client: 12.61
2021-03-11 08:50:16 -  >> Starting Night... Current light is 40 and it's 19:20 Tibian Time.
2021-03-11 08:50:16 -  Secreto has logged out. | Client: 12.61
2021-03-11 08:50:19 -  Secreto has logged in. | Client: 12.61
2021-03-11 08:52:20 -  Saruman has logged out. | Client: 12.61
2021-03-11 08:52:23 -  Saruman has logged in. | Client: 12.61
2021-03-11 08:52:24 -  Saruman has logged out. | Client: 12.61
2021-03-11 08:52:26 -  Khal Drogo has logged in. | Client: 12.61
2021-03-11 08:52:28 -  Khal Drogo has logged out. | Client: 12.61
2021-03-11 09:00:02 -  >> Saving Hirelings
2021-03-11 09:00:02 -  GM coxinha has logged out. | Client: 0
2021-03-11 09:00:02 -  Supimpa has logged out. | Client: 0
2021-03-11 09:00:02 -  Metiradaqui has logged out. | Client: 0
2021-03-11 09:00:02 -  ADM inside has logged out. | Client: 0
2021-03-11 09:00:02 -  Secreto has logged out. | Client: 12.61
2021-03-11 09:00:03 -  Ronalee Lovexp has logged out. | Client: 0
2021-03-11 09:00:03 -  Saving server...
2021-03-11 09:00:04 -  > Saved house items in: 0.495 seconds
2021-03-11 09:00:04 -  Shutting down... done!
