2021-03-13 09:00:11 -  OTServBR - Global - Version TFS 1.3
2021-03-13 09:00:11 -  
2021-03-13 09:00:11 -  Compiled with GNU C++ version 9.3.0
2021-03-13 09:00:11 -  Compiled on Mar 13 2021 04:41:45 for platform x64
2021-03-13 09:00:11 -  Linked with LuaJIT 2.1.0-beta3 for Lua support
2021-03-13 09:00:11 -  
2021-03-13 09:00:11 -  A server developed by OTServBR, Mark Samman and The Forgotten Server Developers
2021-03-13 09:00:11 -  Visit our forum for updates, support, and resources: https://otserv.com.br/ and https://forums.otserv.com.br
2021-03-13 09:00:11 -  
2021-03-13 09:00:11 -  >> Loading config
2021-03-13 09:00:11 -  >> Client Version: 12.60
2021-03-13 09:00:11 -  >> Establishing database connection... MySQL 10.3.25
2021-03-13 09:00:11 -  >> Running database manager
2021-03-13 09:00:12 -  > Optimizing table player_items... [success]
2021-03-13 09:00:13 -  > Optimizing table player_storage... [success]
2021-03-13 09:00:13 -  > Optimizing table players_online... [success]
2021-03-13 09:00:13 -  > Optimizing table tile_store... [success]
2021-03-13 09:00:13 -  >> Loading vocations
2021-03-13 09:00:13 -  >> Loading items
2021-03-13 09:00:14 -  >> Loading script systems
2021-03-13 09:00:14 -  >> Loading lua libs
2021-03-13 09:00:14 -  >> Loading event scheduler
2021-03-13 09:00:14 -  > Double EXPERIENCE event exp: 100%, loot: 0%, spawn: 0%, skill: 0%.
2021-03-13 09:00:14 -  [Warning - GlobalEvents::configureEvent] Duplicate registered globalevent with name: 
2021-03-13 09:00:14 -  [Warning - GlobalEvents::configureEvent] Duplicate registered globalevent with name: 
2021-03-13 09:00:14 -  > Double Coins  event exp: 0%, loot: 0%, spawn: 0%, skill: 0%.
2021-03-13 09:00:14 -  >> Loading lua scripts
2021-03-13 09:00:14 -  [Warning - Actions::registerLuaEvent] Duplicate registered item with uid: 6500 in range from uid: 5000, to uid: 12000
2021-03-13 09:00:14 -  [Warning - Actions::registerLuaEvent] Duplicate registered item with uid: 6501 in range from uid: 5000, to uid: 12000
2021-03-13 09:00:14 -  [Warning - Actions::registerLuaEvent] Duplicate registered item with uid: 6503 in range from uid: 5000, to uid: 12000
2021-03-13 09:00:14 -  [Warning - Actions::registerLuaEvent] Duplicate registered item with uid: 6550 in range from uid: 5000, to uid: 12000
2021-03-13 09:00:14 -  [Warning - Actions::registerLuaEvent] Duplicate registered item with uid: 6570 in range from uid: 5000, to uid: 12000
2021-03-13 09:00:14 -  [Warning - Actions::registerLuaEvent] Duplicate registered item with uid: 6661 in range from uid: 5000, to uid: 12000
2021-03-13 09:00:14 -  [Warning - Actions::registerLuaEvent] Duplicate registered item with uid: 6662 in range from uid: 5000, to uid: 12000
2021-03-13 09:00:14 -  [Warning - Actions::registerLuaEvent] Duplicate registered item with uid: 6663 in range from uid: 5000, to uid: 12000
2021-03-13 09:00:14 -  [Warning - Actions::registerLuaEvent] Duplicate registered item with uid: 6664 in range from uid: 5000, to uid: 12000
2021-03-13 09:00:14 -  [Warning - Actions::registerLuaEvent] Duplicate registered item with uid: 6665 in range from uid: 5000, to uid: 12000
2021-03-13 09:00:14 -  [Warning - Actions::registerLuaEvent] Duplicate registered item with uid: 6666 in range from uid: 5000, to uid: 12000
2021-03-13 09:00:14 -  [Warning - Actions::registerLuaEvent] Duplicate registered item with uid: 6678 in range from uid: 5000, to uid: 12000
2021-03-13 09:00:14 -  [Warning - Actions::registerLuaEvent] Duplicate registered item with uid: 6693 in range from uid: 5000, to uid: 12000
2021-03-13 09:00:14 -  [Warning - Actions::registerLuaEvent] Duplicate registered item with uid: 6697 in range from uid: 5000, to uid: 12000
2021-03-13 09:00:14 -  [Warning - Actions::registerLuaEvent] Duplicate registered item with uid: 6698 in range from uid: 5000, to uid: 12000
2021-03-13 09:00:14 -  [Warning - Actions::registerLuaEvent] Duplicate registered item with uid: 6699 in range from uid: 5000, to uid: 12000
2021-03-13 09:00:14 -  [Warning - Actions::registerLuaEvent] Duplicate registered item with uid: 6701 in range from uid: 5000, to uid: 12000
2021-03-13 09:00:14 -  [Warning - Actions::registerLuaEvent] Duplicate registered item with uid: 6702 in range from uid: 5000, to uid: 12000
2021-03-13 09:00:14 -  [Warning - Actions::registerLuaEvent] Duplicate registered item with uid: 6703 in range from uid: 5000, to uid: 12000
2021-03-13 09:00:15 -  >> Loading lua monsters
2021-03-13 09:00:15 -  [Warning - Loot:setId] Unknown loot item "spectral scrap of cloth". 
2021-03-13 09:00:15 -  [Warning - end] Monster: "The Pale Worm" loot could not correctly be load.
2021-03-13 09:00:15 -  [Error - Monsters::deserializeSpell] - The Pale Worm - Unknown spell name: summonsthepaleworm
2021-03-13 09:00:15 -  [Error - Monsters::deserializeSpell] - A Weak Spot - Unknown spell name: aweakspotdeathue
2021-03-13 09:00:15 -  [Error - Monsters::deserializeSpell] - A Weak Spot - Unknown spell name: summonsaweakspot
2021-03-13 09:00:15 -  [Error - Monsters::deserializeSpell] - The Dread Maiden - Unknown spell name: maidenring
2021-03-13 09:00:15 -  [Error - Monsters::deserializeSpell] - The Dread Maiden - Unknown spell name: summonsthedreadmaiden
2021-03-13 09:00:15 -  [Error - Monsters::deserializeSpell] - Horror - Unknown spell name: cakeheal
2021-03-13 09:00:15 -  [Error - Monsters::deserializeSpell] - Symbol of Fear - Unknown spell name: symboloffearue
2021-03-13 09:00:15 -  [Error - Monsters::deserializeSpell] - The Fear Feaster - Unknown spell name: deathring1x1
2021-03-13 09:00:15 -  [Error - Monsters::deserializeSpell] - The Fear Feaster - Unknown spell name: deathring2x2
2021-03-13 09:00:15 -  [Error - Monsters::deserializeSpell] - The Fear Feaster - Unknown spell name: deathring3x3
2021-03-13 09:00:15 -  [Error - Monsters::deserializeSpell] - Brother Worm - Unknown spell name: lifesteal
2021-03-13 09:00:15 -  [Error - Monsters::deserializeSpell] - The Unwelcome - Unknown spell name: lifesteal
2021-03-13 09:00:15 -  [Error - Monsters::deserializeSpell] - The Unwelcome - Unknown spell name: summonstheunwelcome
2021-03-13 09:00:15 -  >> Loading outfits
2021-03-13 09:00:15 -  >> Loading familiars
2021-03-13 09:00:15 -  >> Boosted creature: Arachnophobica
2021-03-13 09:00:15 -  >> Checking world type... PVP
2021-03-13 09:00:15 -  >> Loading map
2021-03-13 09:00:18 -  > Map size: 34143x33812
2021-03-13 09:00:25 -  > Duplicate unique id: 6664
2021-03-13 09:00:26 -  > Map loading time: 11.212 seconds
2021-03-13 09:00:27 -  > Loaded spawns in: 11.757 seconds
2021-03-13 09:00:27 -  > Loaded house items in: 0.026 seconds
2021-03-13 09:00:27 -  >> Initializing gamestate
2021-03-13 09:00:31 -  >> Nightmare Isle will be active north of Ankrahmun today
2021-03-13 09:00:31 -  >> Fury Gate will be active in Liberty Bay today
2021-03-13 09:00:31 -  >> Rashid arrived at Saturdays destination.
2021-03-13 09:00:31 -  >> Loading map attributes
2021-03-13 09:00:31 -  > Loaded 967 npcs and spawned 74141 monsters
2021-03-13 09:00:31 -  > Loaded 26 towns with 984 houses in total
2021-03-13 09:00:31 -  >> Wrong item id found
2021-03-13 09:00:31 -  > Sign id: 11, item id: 1406
2021-03-13 09:00:31 -  > Loaded 14 signs in the map
2021-03-13 09:00:31 -  > Loaded 37 books and documents in the map
2021-03-13 09:00:31 -  >> Wrong item id found
2021-03-13 09:00:31 -  > Action id: 14900, item id: 22821
2021-03-13 09:00:31 -  >> Wrong item id found
2021-03-13 09:00:31 -  > Unique id: 30026, item id: 10044
2021-03-13 09:00:31 -  > Loaded all actions in the map
2021-03-13 09:00:31 -  > Loaded all uniques in the map
2021-03-13 09:00:31 -  >> Spawning Hirelings
2021-03-13 09:00:31 -  >> Loading custom map
2021-03-13 09:00:31 -  > Loaded otservbr-custom map
2021-03-13 09:00:31 -  >> Yasir: carlin. 
2021-03-13 09:00:31 -  >> Loaded all modules, server starting up...
2021-03-13 09:00:31 -  > Warning: OTServBR - Global has been executed as root user, please consider running it as a normal user.
2021-03-13 09:00:31 -  >> Divine-Global Server Online!
2021-03-13 09:00:31 -  
2021-03-13 09:00:31 -  > Map size: 34143x33812
2021-03-13 09:00:31 -  > Map loading time: 0.002 seconds
2021-03-13 09:00:31 -  > Map size: 32355x32701
2021-03-13 09:00:31 -  > Map loading time: 0.001 seconds
2021-03-13 09:00:31 -  > Map size: 34143x33812
2021-03-13 09:00:31 -  > Map loading time: 0.063 seconds
2021-03-13 09:00:31 -  > Map size: 33760x33023
2021-03-13 09:00:31 -  > Map loading time: 0.003 seconds
2021-03-13 09:00:31 -  Secreto has logged in. | Client: 12.61
2021-03-13 09:07:09 -  > Loaded otservbr-custom spawn
2021-03-13 09:07:09 -  Joana Duarco has logged in. | Client: 12.61
2021-03-13 09:12:46 -  Ronalee Lovexp has logged in. | Client: 11
2021-03-13 09:13:40 -  > ERROR: Failed to save account: COXINHA!
2021-03-13 09:13:42 -  Supimpa has logged in. | Client: 11
2021-03-13 09:14:13 -  > ERROR: Failed to save account: COXINHATOP!
2021-03-13 09:14:15 -  GM coxinha has logged in. | Client: 11
2021-03-13 09:15:13 -  ADM inside has logged in. | Client: 11
2021-03-13 09:21:31 -  > Broadcasted message: "There seems to be a big gnarlhoud gang in Zao Steppe.".
2021-03-13 09:21:50 -  > Broadcasted message: "The gnarlhounds seem to multiply by the minute.".
2021-03-13 09:23:30 -  > Broadcasted message: "The gnarlhounds roam free in the Zao Steppe. Watch out!".
2021-03-13 09:31:14 -  > Map size: 34000x34048
2021-03-13 09:31:14 -  > Map loading time: 0.002 seconds
2021-03-13 09:33:18 -  Juana Dacura has logged in. | Client: 12.61
2021-03-13 09:43:37 -  Juana Dacura has logged out. | Client: 12.61
2021-03-13 09:43:39 -  Maria De Lourdes has logged in. | Client: 12.61
2021-03-13 09:44:00 -  Maria De Lourdes has logged out. | Client: 12.61
2021-03-13 09:44:02 -  >> Starting Sunset... Current light is 243 and it's 17:24 Tibian Time.
2021-03-13 09:44:02 -  > NPC Ghostly Wolf added!
2021-03-13 09:44:02 -  > NPC Talila added!
2021-03-13 09:44:02 -  > NPC Valindara removed!
2021-03-13 09:44:02 -  Juana Dacura has logged in. | Client: 12.61
2021-03-13 09:50:26 -  >> Starting Night... Current light is 40 and it's 19:20 Tibian Time.
2021-03-13 09:50:26 -  Secreto has logged out. | Client: 12.61
2021-03-13 09:50:28 -  Secreto has logged in. | Client: 12.61
2021-03-13 09:58:15 -  Moon Phisthys has logged in. | Client: 11
2021-03-13 10:01:14 -  > Map size: 34000x34000
2021-03-13 10:01:14 -  > Map loading time: 0.002 seconds
2021-03-13 10:06:49 -  
2021-03-13 10:06:49 -  Lua Script Error: [Main Interface] 
2021-03-13 10:06:49 -  in a timer event called from: 
2021-03-13 10:06:49 -  (Unknown scriptfile)
2021-03-13 10:06:49 -  attempt to index a number value
2021-03-13 10:06:49 -  stack traceback:
2021-03-13 10:06:49 -  	[C]: at 0x5625c396c430
2021-03-13 10:06:49 -  	[C]: in function 'getSpectators'
2021-03-13 10:06:49 -  	...scripts/movements/quests/killing_in_the_name_of/boss.lua:15: in function <...scripts/movements/quests/killing_in_the_name_of/boss.lua:12>
