2021-03-13 16:56:20 -  OTServBR - Global - Version TFS 1.3
2021-03-13 16:56:20 -  
2021-03-13 16:56:20 -  Compiled with GNU C++ version 9.3.0
2021-03-13 16:56:20 -  Compiled on Mar 13 2021 04:41:45 for platform x64
2021-03-13 16:56:20 -  Linked with LuaJIT 2.1.0-beta3 for Lua support
2021-03-13 16:56:20 -  
2021-03-13 16:56:20 -  A server developed by OTServBR, Mark Samman and The Forgotten Server Developers
2021-03-13 16:56:20 -  Visit our forum for updates, support, and resources: https://otserv.com.br/ and https://forums.otserv.com.br
2021-03-13 16:56:20 -  
2021-03-13 16:56:20 -  >> Loading config
2021-03-13 16:56:20 -  >> Client Version: 12.60
2021-03-13 16:56:20 -  >> Establishing database connection... MySQL 10.3.25
2021-03-13 16:56:20 -  >> Running database manager
2021-03-13 16:56:21 -  > Optimizing table player_items... [success]
2021-03-13 16:56:22 -  > Optimizing table player_storage... [success]
2021-03-13 16:56:22 -  >> Loading vocations
2021-03-13 16:56:22 -  >> Loading items
2021-03-13 16:56:22 -  >> Loading script systems
2021-03-13 16:56:22 -  >> Loading lua libs
2021-03-13 16:56:23 -  >> Loading event scheduler
2021-03-13 16:56:23 -  > Double XP event exp: 0%, loot: 0%, spawn: 0%, skill: 0%.
2021-03-13 16:56:23 -  [Warning - GlobalEvents::configureEvent] Duplicate registered globalevent with name: 
2021-03-13 16:56:23 -  [Warning - GlobalEvents::configureEvent] Duplicate registered globalevent with name: 
2021-03-13 16:56:23 -  > Double Coins  event exp: 0%, loot: 0%, spawn: 0%, skill: 0%.
2021-03-13 16:56:23 -  [Warning - GlobalEvents::configureEvent] Duplicate registered globalevent with name: 
2021-03-13 16:56:23 -  [Warning - GlobalEvents::configureEvent] Duplicate registered globalevent with name: 
2021-03-13 16:56:23 -  > Faster Spawn event exp: 0%, loot: 0%, spawn: 200%, skill: 0%.
2021-03-13 16:56:23 -  >> Loading lua scripts
2021-03-13 16:56:23 -  [Warning - Actions::registerLuaEvent] Duplicate registered item with uid: 6500 in range from uid: 5000, to uid: 12000
2021-03-13 16:56:23 -  [Warning - Actions::registerLuaEvent] Duplicate registered item with uid: 6501 in range from uid: 5000, to uid: 12000
2021-03-13 16:56:23 -  [Warning - Actions::registerLuaEvent] Duplicate registered item with uid: 6503 in range from uid: 5000, to uid: 12000
2021-03-13 16:56:23 -  [Warning - Actions::registerLuaEvent] Duplicate registered item with uid: 6550 in range from uid: 5000, to uid: 12000
2021-03-13 16:56:23 -  [Warning - Actions::registerLuaEvent] Duplicate registered item with uid: 6570 in range from uid: 5000, to uid: 12000
2021-03-13 16:56:23 -  [Warning - Actions::registerLuaEvent] Duplicate registered item with uid: 6661 in range from uid: 5000, to uid: 12000
2021-03-13 16:56:23 -  [Warning - Actions::registerLuaEvent] Duplicate registered item with uid: 6662 in range from uid: 5000, to uid: 12000
2021-03-13 16:56:23 -  [Warning - Actions::registerLuaEvent] Duplicate registered item with uid: 6663 in range from uid: 5000, to uid: 12000
2021-03-13 16:56:23 -  [Warning - Actions::registerLuaEvent] Duplicate registered item with uid: 6664 in range from uid: 5000, to uid: 12000
2021-03-13 16:56:23 -  [Warning - Actions::registerLuaEvent] Duplicate registered item with uid: 6665 in range from uid: 5000, to uid: 12000
2021-03-13 16:56:23 -  [Warning - Actions::registerLuaEvent] Duplicate registered item with uid: 6666 in range from uid: 5000, to uid: 12000
2021-03-13 16:56:23 -  [Warning - Actions::registerLuaEvent] Duplicate registered item with uid: 6678 in range from uid: 5000, to uid: 12000
2021-03-13 16:56:23 -  [Warning - Actions::registerLuaEvent] Duplicate registered item with uid: 6693 in range from uid: 5000, to uid: 12000
2021-03-13 16:56:23 -  [Warning - Actions::registerLuaEvent] Duplicate registered item with uid: 6697 in range from uid: 5000, to uid: 12000
2021-03-13 16:56:23 -  [Warning - Actions::registerLuaEvent] Duplicate registered item with uid: 6698 in range from uid: 5000, to uid: 12000
2021-03-13 16:56:23 -  [Warning - Actions::registerLuaEvent] Duplicate registered item with uid: 6699 in range from uid: 5000, to uid: 12000
2021-03-13 16:56:23 -  [Warning - Actions::registerLuaEvent] Duplicate registered item with uid: 6701 in range from uid: 5000, to uid: 12000
2021-03-13 16:56:23 -  [Warning - Actions::registerLuaEvent] Duplicate registered item with uid: 6702 in range from uid: 5000, to uid: 12000
2021-03-13 16:56:23 -  [Warning - Actions::registerLuaEvent] Duplicate registered item with uid: 6703 in range from uid: 5000, to uid: 12000
2021-03-13 16:56:23 -  >> Loading lua monsters
2021-03-13 16:56:23 -  [Warning - Loot:setId] Unknown loot item "spectral scrap of cloth". 
2021-03-13 16:56:23 -  [Warning - end] Monster: "The Pale Worm" loot could not correctly be load.
2021-03-13 16:56:23 -  [Error - Monsters::deserializeSpell] - The Pale Worm - Unknown spell name: summonsthepaleworm
2021-03-13 16:56:23 -  [Error - Monsters::deserializeSpell] - A Weak Spot - Unknown spell name: aweakspotdeathue
2021-03-13 16:56:23 -  [Error - Monsters::deserializeSpell] - A Weak Spot - Unknown spell name: summonsaweakspot
2021-03-13 16:56:23 -  [Error - Monsters::deserializeSpell] - The Dread Maiden - Unknown spell name: maidenring
2021-03-13 16:56:23 -  [Error - Monsters::deserializeSpell] - The Dread Maiden - Unknown spell name: summonsthedreadmaiden
2021-03-13 16:56:23 -  [Error - Monsters::deserializeSpell] - Horror - Unknown spell name: cakeheal
2021-03-13 16:56:23 -  [Error - Monsters::deserializeSpell] - Symbol of Fear - Unknown spell name: symboloffearue
2021-03-13 16:56:23 -  [Error - Monsters::deserializeSpell] - The Fear Feaster - Unknown spell name: deathring1x1
2021-03-13 16:56:23 -  [Error - Monsters::deserializeSpell] - The Fear Feaster - Unknown spell name: deathring2x2
2021-03-13 16:56:23 -  [Error - Monsters::deserializeSpell] - The Fear Feaster - Unknown spell name: deathring3x3
2021-03-13 16:56:23 -  [Error - Monsters::deserializeSpell] - Brother Worm - Unknown spell name: lifesteal
2021-03-13 16:56:23 -  [Error - Monsters::deserializeSpell] - The Unwelcome - Unknown spell name: lifesteal
2021-03-13 16:56:23 -  [Error - Monsters::deserializeSpell] - The Unwelcome - Unknown spell name: summonstheunwelcome
2021-03-13 16:56:24 -  >> Loading outfits
2021-03-13 16:56:24 -  >> Loading familiars
2021-03-13 16:56:24 -  >> Boosted creature: Arachnophobica
2021-03-13 16:56:24 -  >> Checking world type... PVP
2021-03-13 16:56:24 -  >> Loading map
2021-03-13 16:56:27 -  > Map size: 34143x33812
2021-03-13 16:56:34 -  > Duplicate unique id: 6664
2021-03-13 16:56:36 -  > Map loading time: 11.829 seconds
2021-03-13 16:56:36 -  > Loaded spawns in: 12.385 seconds
2021-03-13 16:56:36 -  > Loaded house items in: 0.023 seconds
2021-03-13 16:56:36 -  >> Initializing gamestate
2021-03-13 16:56:40 -  >> Nightmare Isle will be active north of Ankrahmun today
2021-03-13 16:56:40 -  >> Fury Gate will be active in Thais today
2021-03-13 16:56:40 -  >> Rashid arrived at Saturdays destination.
2021-03-13 16:56:40 -  >> Loading map attributes
2021-03-13 16:56:40 -  > Loaded 967 npcs and spawned 74141 monsters
2021-03-13 16:56:40 -  > Loaded 26 towns with 984 houses in total
2021-03-13 16:56:40 -  >> Wrong item id found
2021-03-13 16:56:40 -  > Sign id: 11, item id: 1406
2021-03-13 16:56:40 -  > Loaded 14 signs in the map
2021-03-13 16:56:40 -  > Loaded 37 books and documents in the map
2021-03-13 16:56:40 -  >> Wrong item id found
2021-03-13 16:56:40 -  > Action id: 14900, item id: 22821
2021-03-13 16:56:40 -  >> Wrong item id found
2021-03-13 16:56:40 -  > Unique id: 30026, item id: 10044
2021-03-13 16:56:40 -  > Loaded all actions in the map
2021-03-13 16:56:40 -  > Loaded all uniques in the map
2021-03-13 16:56:40 -  >> Spawning Hirelings
2021-03-13 16:56:40 -  >> Loading custom map
2021-03-13 16:56:40 -  > Loaded otservbr-custom map
2021-03-13 16:56:40 -  >> Yasir: not this time
2021-03-13 16:56:40 -  >> Loaded all modules, server starting up...
2021-03-13 16:56:40 -  > Warning: OTServBR - Global has been executed as root user, please consider running it as a normal user.
2021-03-13 16:56:41 -  >> Divine-Global Server Online!
2021-03-13 16:56:41 -  
2021-03-13 16:56:41 -  > Map size: 34143x33812
2021-03-13 16:56:41 -  > Map loading time: 0.002 seconds
2021-03-13 16:56:41 -  > Map size: 32274x32171
2021-03-13 16:56:41 -  > Map loading time: 0 seconds
2021-03-13 16:56:41 -  > Map size: 34143x33812
2021-03-13 16:56:41 -  > Map loading time: 0.06 seconds
2021-03-13 16:56:41 -  Gabriela Paladina has logged in. | Client: 12.61
2021-03-13 16:56:41 -  Juana Ducajado has logged in. | Client: 12.61
2021-03-13 16:56:41 -  Juana Dumachado has logged in. | Client: 12.61
2021-03-13 16:56:41 -  Juana Dacura has logged in. | Client: 12.61
2021-03-13 16:56:41 -  Secreto has logged in. | Client: 12.61
2021-03-13 16:56:41 -  187.53.117.62 disconnected for exceeding packet per second limit.
2021-03-13 16:56:41 -  Bixodoido has logged in. | Client: 12.61
2021-03-13 16:56:41 -  ADM inside has logged in. | Client: 12.61
2021-03-13 16:56:41 -  Ronalee Lovexp has logged in. | Client: 11
2021-03-13 16:56:41 -  Khissa has logged in. | Client: 12.61
2021-03-13 16:56:41 -  177.155.203.86 disconnected for exceeding packet per second limit.
2021-03-13 16:56:41 -  Joana Duarco has logged in. | Client: 12.61
2021-03-13 16:56:41 -  189.41.171.228 disconnected for exceeding packet per second limit.
2021-03-13 16:56:41 -  179.198.16.157 disconnected for exceeding packet per second limit.
2021-03-13 16:56:41 -  190.107.235.148 disconnected for exceeding packet per second limit.
2021-03-13 16:57:45 -  > Loaded otservbr-custom spawn
2021-03-13 16:57:45 -  Bixodoido has logged out. | Client: 12.61
2021-03-13 16:57:46 -  Tankaatemae has logged in. | Client: 12.61
2021-03-13 17:01:17 -  Supimpa has logged in. | Client: 12.61
2021-03-13 17:01:39 -  GM coxinha has logged in. | Client: 12.61
2021-03-13 17:02:02 -  Metiradaqui has logged in. | Client: 12.61
2021-03-13 17:09:47 -  Saving server...
2021-03-13 17:09:49 -  > Saved house items in: 0.375 seconds
2021-03-13 17:12:14 -  > Saved Hirelings
2021-03-13 17:12:14 -  Floripinha has logged in. | Client: 12.61
2021-03-13 17:13:35 -  Juana Dacura has logged out. | Client: 12.61
2021-03-13 17:13:40 -  Juana Dacura has logged in. | Client: 12.61
2021-03-13 17:22:55 -  Tankaatemae has logged out. | Client: 12.61
2021-03-13 17:22:57 -  Bixodoido has logged in. | Client: 12.61
2021-03-13 17:23:33 -  Batman has logged in. | Client: 12.61
2021-03-13 17:23:38 -  Batman has logged out. | Client: 12.61
2021-03-13 17:23:39 -  Ragnar has logged in. | Client: 12.61
2021-03-13 17:23:52 -  Ragnar has logged out. | Client: 12.61
2021-03-13 17:23:54 -  Batman has logged in. | Client: 12.61
2021-03-13 17:27:23 -  > Map size: 34000x34048
2021-03-13 17:27:23 -  > Map loading time: 0.002 seconds
2021-03-13 17:35:07 -  Bixodoido has logged out. | Client: 0
2021-03-13 17:50:21 -  [Warning] DropLoot:	Could not add loot item to corpse.
2021-03-13 17:50:21 -  [Warning] DropLoot:	Could not add loot item to corpse.
2021-03-13 17:50:21 -  [Warning] DropLoot:	Could not add loot item to corpse.
2021-03-13 17:50:21 -  [Warning] DropLoot:	Could not add loot item to corpse.
2021-03-13 17:50:21 -  [Warning] DropLoot:	Could not add loot item to corpse.
2021-03-13 17:50:21 -  [Warning] DropLoot:	Could not add loot item to corpse.
2021-03-13 17:50:21 -  [Warning] DropLoot:	Could not add loot item to corpse.
2021-03-13 17:50:21 -  >> Starting Sunset... Current light is 243 and it's 17:24 Tibian Time.
2021-03-13 17:50:21 -  > NPC Ghostly Wolf added!
2021-03-13 17:50:21 -  > NPC Talila added!
2021-03-13 17:50:21 -  > NPC Valindara removed!
2021-03-13 17:50:21 -  >> Starting Night... Current light is 40 and it's 19:20 Tibian Time.
2021-03-13 17:50:21 -  Zeusx has logged in. | Client: 12.61
2021-03-13 17:51:30 -  Batman has logged out. | Client: 12.61
2021-03-13 17:51:33 -  Batman has logged in. | Client: 12.61
2021-03-13 17:57:23 -  > Map size: 34000x34000
2021-03-13 17:57:23 -  > Map loading time: 0.002 seconds
2021-03-13 18:08:11 -  Reloaded: raids.
2021-03-13 18:08:11 -  Moon Phisthys has logged in. | Client: 11
2021-03-13 18:08:29 -  Secreto has logged out. | Client: 0
2021-03-13 18:10:52 -  
2021-03-13 18:10:52 -  Lua Script Error: [Scripts Interface] 
2021-03-13 18:10:52 -  /home/otbr10/data/scripts/talkactions/god/position.lua:callback
2021-03-13 18:10:52 -  /home/otbr10/data/scripts/talkactions/god/position.lua:11: attempt to call a nil value
2021-03-13 18:10:52 -  stack traceback:
2021-03-13 18:10:52 -  	[C]: at 0x55be470cc430
2021-03-13 18:10:52 -  	/home/otbr10/data/scripts/talkactions/god/position.lua:11: in function </home/otbr10/data/scripts/talkactions/god/position.lua:3>
2021-03-13 18:14:30 -  Guri Du Geada has logged in. | Client: 12.61
2021-03-13 18:16:11 -  >> Starting Sunrise... Current light is 47 and it's 5:56 Tibian Time.
2021-03-13 18:16:11 -  > NPC Ghostly Wolf removed!
2021-03-13 18:16:11 -  > NPC Talila removed!
2021-03-13 18:16:11 -  > NPC Valindara added!
2021-03-13 18:16:11 -  Secreto has logged in. | Client: 12.61
2021-03-13 18:26:10 -  >> Starting Day... Current light is 250 and it's 7:52 Tibian Time.
2021-03-13 18:26:10 -  Juana Dumachado has logged out. | Client: 12.61
2021-03-13 18:26:12 -  Juana Dumachado has logged in. | Client: 12.61
2021-03-13 18:31:02 -  Joana Duarco has logged out. | Client: 12.61
2021-03-13 18:31:03 -  Joana Duarco has logged in. | Client: 12.61
2021-03-13 18:33:43 -  Juana Ducajado has logged out. | Client: 12.61
2021-03-13 18:33:46 -  Juana Ducajado has logged in. | Client: 12.61
2021-03-13 18:34:01 -  Gabriela Paladina has logged out. | Client: 12.61
2021-03-13 18:34:14 -  Gabriela Paladina has logged in. | Client: 12.61
2021-03-13 18:37:33 -  Floripinha has logged out. | Client: 12.61
2021-03-13 18:37:35 -  Supreme Druida has logged in. | Client: 12.61
2021-03-13 18:37:46 -  Gabriela Paladina has logged out. | Client: 12.61
2021-03-13 18:37:46 -  Gabriela Paladina has logged in. | Client: 12.61
2021-03-13 18:40:39 -  Supreme Druida has logged out. | Client: 12.61
2021-03-13 18:42:10 -  Khissa has logged out. | Client: 0
2021-03-13 18:47:02 -  >> Starting Sunset... Current light is 243 and it's 17:24 Tibian Time.
2021-03-13 18:47:02 -  > NPC Ghostly Wolf added!
2021-03-13 18:47:02 -  > NPC Talila added!
2021-03-13 18:47:02 -  > NPC Valindara removed!
2021-03-13 18:47:02 -  Moon Phisthys has logged out. | Client: 11
2021-03-13 18:49:26 -  >> Starting Night... Current light is 40 and it's 19:20 Tibian Time.
2021-03-13 18:49:26 -  Gabriela Paladina has logged out. | Client: 12.61
2021-03-13 18:49:28 -  Gabriela Paladina has logged in. | Client: 12.61
2021-03-13 18:53:00 -  Piruleite Tudo Tres has logged in. | Client: 12.61
2021-03-13 18:53:45 -  Dudagolpefullz has logged in. | Client: 12.61
2021-03-13 18:54:35 -  Juana Ducajado has logged out. | Client: 0
2021-03-13 18:57:53 -  Legolas has logged in. | Client: 12.61
2021-03-13 18:58:29 -  Ekgolpeafullz has logged in. | Client: 12.61
2021-03-13 19:06:31 -  Juana Ducajado has logged in. | Client: 12.61
2021-03-13 19:17:30 -  >> Starting Sunrise... Current light is 47 and it's 5:56 Tibian Time.
2021-03-13 19:17:30 -  > NPC Ghostly Wolf removed!
2021-03-13 19:17:30 -  > NPC Talila removed!
2021-03-13 19:17:30 -  > NPC Valindara added!
2021-03-13 19:17:30 -  Darius has logged in. | Client: 12.61
2021-03-13 19:23:57 -  >> Starting Day... Current light is 250 and it's 7:52 Tibian Time.
2021-03-13 19:23:57 -  Ekgolpeafullz has logged out. | Client: 0
2021-03-13 19:39:50 -  Secreto has logged out. | Client: 12.61
2021-03-13 19:39:52 -  Secreto has logged in. | Client: 12.61
2021-03-13 19:41:25 -  Joana Duarco has logged out. | Client: 12.61
2021-03-13 19:41:34 -  Joana Duarco has logged in. | Client: 12.61
2021-03-13 20:00:24 -  >> Starting Sunset... Current light is 243 and it's 17:24 Tibian Time.
2021-03-13 20:00:24 -  > NPC Ghostly Wolf added!
2021-03-13 20:00:24 -  > NPC Talila added!
2021-03-13 20:00:24 -  > NPC Valindara removed!
2021-03-13 20:00:24 -  >> Starting Night... Current light is 40 and it's 19:20 Tibian Time.
2021-03-13 20:00:24 -  > Broadcasted message: "The dragons of the Dragonblaze Mountains have    descended to Zao to protect the lizardkin!".
2021-03-13 20:02:04 -  Khissa has logged in. | Client: 12.61
2021-03-13 20:03:49 -  Shacallz has logged in. | Client: 12.61
2021-03-13 20:06:26 -  Juana Dacura has logged out. | Client: 12.61
2021-03-13 20:08:15 -  Shacallz has logged out. | Client: 12.61
2021-03-13 20:08:17 -  Shacalz has logged in. | Client: 12.61
2021-03-13 20:09:40 -  Guri Du Geada has logged out. | Client: 12.61
2021-03-13 20:09:40 -  
2021-03-13 20:09:40 -  Lua Script Error: [Main Interface] 
2021-03-13 20:09:40 -  in a timer event called from: 
2021-03-13 20:09:40 -  (Unknown scriptfile)
2021-03-13 20:09:40 -  luaDoTargetCombatHealth(). Creature not found
2021-03-13 20:09:40 -  stack traceback:
2021-03-13 20:09:40 -  	[C]: in function 'doTargetCombatHealth'
2021-03-13 20:09:40 -  	...rescripts/quests/grave_danger/cobra_bastion/scarlett.lua:35: in function <...rescripts/quests/grave_danger/cobra_bastion/scarlett.lua:27>
2021-03-13 20:09:48 -  Guri Du Geada has logged in. | Client: 12.61
2021-03-13 20:11:42 -  Darius has logged out. | Client: 12.61
2021-03-13 20:12:53 -  Shacalz has logged out. | Client: 12.61
2021-03-13 20:19:25 -  >> Starting Sunrise... Current light is 47 and it's 5:56 Tibian Time.
2021-03-13 20:19:25 -  > NPC Ghostly Wolf removed!
2021-03-13 20:19:25 -  > NPC Talila removed!
2021-03-13 20:19:25 -  > NPC Valindara added!
2021-03-13 20:19:25 -  Secreto has logged out. | Client: 12.61
2021-03-13 20:19:26 -  Secreto has logged in. | Client: 12.61
2021-03-13 20:20:13 -  Kenja No Mago has logged in. | Client: 12.61
2021-03-13 20:24:13 -  >> Starting Day... Current light is 250 and it's 7:52 Tibian Time.
2021-03-13 20:24:13 -  Kenja No Mago has logged out. | Client: 12.61
2021-03-13 20:24:16 -  Darius has logged in. | Client: 12.61
2021-03-13 20:28:54 -  Batman has logged out. | Client: 12.61
2021-03-13 20:28:57 -  Batman has logged in. | Client: 12.61
2021-03-13 20:51:59 -  >> Starting Sunset... Current light is 243 and it's 17:24 Tibian Time.
2021-03-13 20:51:59 -  > NPC Ghostly Wolf added!
2021-03-13 20:51:59 -  > NPC Talila added!
2021-03-13 20:51:59 -  > NPC Valindara removed!
2021-03-13 20:51:59 -  >> Starting Night... Current light is 40 and it's 19:20 Tibian Time.
2021-03-13 20:51:59 -  Darius has logged out. | Client: 12.61
2021-03-13 20:52:02 -  Kenja No Mago has logged in. | Client: 12.61
2021-03-13 20:53:35 -  Kenja No Mago has logged out. | Client: 12.61
2021-03-13 20:53:41 -  Nidalee has logged in. | Client: 12.61
2021-03-13 20:54:29 -  Nidalee has logged out. | Client: 12.61
2021-03-13 21:02:39 -  Secreto has logged out. | Client: 12.61
2021-03-13 21:05:54 -  Batman has logged out. | Client: 12.61
2021-03-13 21:05:56 -  Batman has logged in. | Client: 12.61
2021-03-13 21:06:39 -  Secreto has logged in. | Client: 12.61
2021-03-13 21:06:42 -  Gabriela Paladina has logged out. | Client: 12.61
2021-03-13 21:13:43 -  Magezinha has logged in. | Client: 12.61
2021-03-13 21:13:45 -  Magezinha has logged out. | Client: 12.61
2021-03-13 21:13:46 -  Gabriela Paladina has logged in. | Client: 12.61
2021-03-13 21:18:15 -  >> Starting Sunrise... Current light is 47 and it's 5:56 Tibian Time.
2021-03-13 21:18:15 -  > NPC Ghostly Wolf removed!
2021-03-13 21:18:15 -  > NPC Talila removed!
2021-03-13 21:18:15 -  > NPC Valindara added!
2021-03-13 21:18:15 -  Juana Dumachado has logged out. | Client: 12.61
2021-03-13 21:18:16 -  Pingola has logged in. | Client: 12.61
2021-03-13 21:18:20 -  Pingola has logged out. | Client: 12.61
2021-03-13 21:31:00 -  >> Starting Day... Current light is 250 and it's 7:52 Tibian Time.
2021-03-13 21:31:00 -  [Warning] DropLoot:	Could not add loot item to corpse.
2021-03-13 21:31:00 -  [Warning] DropLoot:	Could not add loot item to corpse.
2021-03-13 21:31:00 -  [Warning] DropLoot:	Could not add loot item to corpse.
2021-03-13 21:31:00 -  [Warning] DropLoot:	Could not add loot item to corpse.
2021-03-13 21:31:00 -  [Warning] DropLoot:	Could not add loot item to corpse.
2021-03-13 21:31:00 -  [Warning] DropLoot:	Could not add loot item to corpse.
2021-03-13 21:31:00 -  [Warning] DropLoot:	Could not add loot item to corpse.
2021-03-13 21:31:00 -  [Warning] DropLoot:	Could not add loot item to corpse.
2021-03-13 21:31:00 -  [Warning] DropLoot:	Could not add loot item to corpse.
2021-03-13 21:31:00 -  [Warning] DropLoot:	Could not add loot item to corpse.
2021-03-13 21:31:00 -  Khissa has logged out. | Client: 12.61
2021-03-13 21:31:05 -  Khissa has logged in. | Client: 12.61
2021-03-13 21:40:24 -  [Warning] DropLoot:	Could not add loot item to corpse.
2021-03-13 21:40:24 -  [Warning] DropLoot:	Could not add loot item to corpse.
2021-03-13 21:40:24 -  [Warning] DropLoot:	Could not add loot item to corpse.
2021-03-13 21:40:24 -  [Warning] DropLoot:	Could not add loot item to corpse.
2021-03-13 21:40:24 -  [Warning] DropLoot:	Could not add loot item to corpse.
2021-03-13 21:40:24 -  [Warning] DropLoot:	Could not add loot item to corpse.
2021-03-13 21:40:24 -  [Warning] DropLoot:	Could not add loot item to corpse.
2021-03-13 21:40:24 -  [Warning] DropLoot:	Could not add loot item to corpse.
2021-03-13 21:40:24 -  [Warning] DropLoot:	Could not add loot item to corpse.
2021-03-13 21:40:24 -  [Warning] DropLoot:	Could not add loot item to corpse.
2021-03-13 21:40:24 -  > ERROR: Failed to save account: 876543AS!
2021-03-13 21:40:25 -  Magdo has logged in. | Client: 11
2021-03-13 21:48:49 -  >> Starting Sunset... Current light is 243 and it's 17:24 Tibian Time.
2021-03-13 21:48:49 -  > NPC Ghostly Wolf added!
2021-03-13 21:48:49 -  > NPC Talila added!
2021-03-13 21:48:49 -  > NPC Valindara removed!
2021-03-13 21:48:49 -  Secreto has logged out. | Client: 12.61
2021-03-13 21:51:04 -  >> Starting Night... Current light is 40 and it's 19:20 Tibian Time.
2021-03-13 21:51:04 -  Devil has logged in. | Client: 12.61
2021-03-13 21:57:02 -  Magdo has logged out. | Client: 11
2021-03-13 21:59:20 -  Joana Duarco has logged out. | Client: 12.61
2021-03-13 22:00:27 -  Joana Duarco has logged in. | Client: 12.61
2021-03-13 22:00:42 -  Gabriela Paladina has logged out. | Client: 12.61
2021-03-13 22:01:21 -  Gabriela Paladina has logged in. | Client: 12.61
2021-03-13 22:09:56 -  > Broadcasted message: "Let da mashing begin! Cyclops riot east of Thais.".
2021-03-13 22:20:37 -  [Warning] DropLoot:	Could not add loot item to corpse.
2021-03-13 22:20:37 -  [Warning] DropLoot:	Could not add loot item to corpse.
2021-03-13 22:20:37 -  >> Starting Sunrise... Current light is 47 and it's 5:56 Tibian Time.
2021-03-13 22:20:37 -  > NPC Ghostly Wolf removed!
2021-03-13 22:20:37 -  > NPC Talila removed!
2021-03-13 22:20:37 -  > NPC Valindara added!
2021-03-13 22:20:37 -  >> Starting Day... Current light is 250 and it's 7:52 Tibian Time.
2021-03-13 22:20:37 -  Juana Dacura has logged in. | Client: 12.61
2021-03-13 22:33:42 -  Batman has logged out. | Client: 12.61
2021-03-13 22:33:43 -  Ragnar has logged in. | Client: 12.61
2021-03-13 22:33:50 -  Ragnar has logged out. | Client: 12.61
2021-03-13 22:51:31 -  >> Starting Sunset... Current light is 243 and it's 17:24 Tibian Time.
2021-03-13 22:51:31 -  > NPC Ghostly Wolf added!
2021-03-13 22:51:31 -  > NPC Talila added!
2021-03-13 22:51:31 -  > NPC Valindara removed!
2021-03-13 22:51:31 -  >> Starting Night... Current light is 40 and it's 19:20 Tibian Time.
2021-03-13 22:51:31 -  Floripinha has logged in. | Client: 12.61
2021-03-13 23:38:31 -  >> Starting Sunrise... Current light is 47 and it's 5:56 Tibian Time.
2021-03-13 23:38:31 -  > NPC Ghostly Wolf removed!
2021-03-13 23:38:31 -  > NPC Talila removed!
2021-03-13 23:38:31 -  > NPC Valindara added!
2021-03-13 23:38:31 -  >> Starting Day... Current light is 250 and it's 7:52 Tibian Time.
2021-03-13 23:38:31 -  Shacallz has logged in. | Client: 12.61
2021-03-13 23:38:49 -  Juana Dacura has logged out. | Client: 12.61
2021-03-13 23:57:50 -  >> Starting Sunset... Current light is 243 and it's 17:24 Tibian Time.
2021-03-13 23:57:50 -  > NPC Ghostly Wolf added!
2021-03-13 23:57:50 -  > NPC Talila added!
2021-03-13 23:57:50 -  > NPC Valindara removed!
2021-03-13 23:57:50 -  >> Starting Night... Current light is 40 and it's 19:20 Tibian Time.
2021-03-13 23:57:50 -  Zeusx has logged out. | Client: 12.61
2021-03-13 23:57:53 -  Zeusx has logged in. | Client: 12.61
2021-03-14 00:01:04 -  >> Rashid is traveling to Sundays location.
2021-03-14 00:01:04 -  
2021-03-14 00:01:04 -  Lua Script Error: [Scripts Interface] 
2021-03-14 00:01:04 -  /home/otbr10/data/scripts/quests/feaster_of_soul/entrances/vengothentrance.lua:callback
2021-03-14 00:01:04 -  ...pts/quests/feaster_of_soul/entrances/vengothentrance.lua:7: attempt to call method 'sendCancelMessage' (a nil value)
2021-03-14 00:01:04 -  stack traceback:
2021-03-14 00:01:04 -  	[C]: in function 'sendCancelMessage'
2021-03-14 00:01:04 -  	...pts/quests/feaster_of_soul/entrances/vengothentrance.lua:7: in function <...pts/quests/feaster_of_soul/entrances/vengothentrance.lua:2>
2021-03-14 00:02:55 -  [Warning] DropLoot:	Could not add loot item to corpse.
2021-03-14 00:02:55 -  [Warning] DropLoot:	Could not add loot item to corpse.
2021-03-14 00:02:55 -  [Warning] DropLoot:	Could not add loot item to corpse.
2021-03-14 00:02:55 -  [Warning] DropLoot:	Could not add loot item to corpse.
2021-03-14 00:02:55 -  [Warning] DropLoot:	Could not add loot item to corpse.
2021-03-14 00:02:55 -  [Warning] DropLoot:	Could not add loot item to corpse.
2021-03-14 00:02:55 -  Zeusx has logged out. | Client: 12.61
2021-03-14 00:02:57 -  Zeusx has logged in. | Client: 12.61
2021-03-14 00:03:59 -  Joana Duarco has logged out. | Client: 12.61
2021-03-14 00:19:44 -  >> Starting Sunrise... Current light is 47 and it's 5:56 Tibian Time.
2021-03-14 00:19:44 -  > NPC Ghostly Wolf removed!
2021-03-14 00:19:44 -  > NPC Talila removed!
2021-03-14 00:19:44 -  > NPC Valindara added!
2021-03-14 00:19:44 -  Khissa has logged out. | Client: 12.61
2021-03-14 00:19:47 -  Khissa has logged in. | Client: 12.61
2021-03-14 00:23:27 -  >> Starting Day... Current light is 250 and it's 7:52 Tibian Time.
2021-03-14 00:23:27 -  Zeusx has logged out. | Client: 12.61
2021-03-14 00:23:30 -  Zeusx has logged in. | Client: 12.61
2021-03-14 00:31:44 -  Guri Du Geada has logged out. | Client: 12.61
2021-03-14 00:37:42 -  Shacallz has logged out. | Client: 12.61
2021-03-14 00:37:44 -  Shacalz has logged in. | Client: 12.61
2021-03-14 00:37:56 -  > Broadcasted message: "Lizards Sentinels seem to attack Port Hope from Chor.".
2021-03-14 00:39:43 -  Guri Du Geada has logged in. | Client: 12.61
2021-03-14 00:39:56 -  > Broadcasted message: "Lizards are advancing to Port Hope from Chor.".
2021-03-14 00:40:26 -  > ERROR: Failed to save account: O9I8U7Y6T5!
2021-03-14 00:40:27 -  Moon Phisthys has logged in. | Client: 11
2021-03-14 00:40:42 -  Ronalee Lovexp has logged out. | Client: 11
2021-03-14 00:41:11 -  > ERROR: Failed to save account: MRJEFREY!
2021-03-14 00:41:13 -  Ronalee Lovexp has logged in. | Client: 11
2021-03-14 00:42:08 -  Juana Ducajado has logged out. | Client: 12.61
2021-03-14 00:42:14 -  Mari Juana has logged in. | Client: 12.61
2021-03-14 00:42:29 -  Mari Juana has logged out. | Client: 12.61
2021-03-14 00:42:31 -  Juana Ducajado has logged in. | Client: 12.61
2021-03-14 00:45:36 -  >> Starting Sunset... Current light is 243 and it's 17:24 Tibian Time.
2021-03-14 00:45:36 -  > NPC Ghostly Wolf added!
2021-03-14 00:45:36 -  > NPC Talila added!
2021-03-14 00:45:36 -  > NPC Valindara removed!
2021-03-14 00:45:36 -  Devil has logged out. | Client: 12.61
2021-03-14 00:45:39 -  Devil has logged in. | Client: 12.61
2021-03-14 00:46:01 -  Zeusx has logged out. | Client: 12.61
2021-03-14 00:46:03 -  Zeusx has logged in. | Client: 12.61
2021-03-14 00:48:15 -  Floripinha has logged out. | Client: 12.61
2021-03-14 00:53:22 -  >> Starting Night... Current light is 40 and it's 19:20 Tibian Time.
2021-03-14 00:53:22 -  Floripinha has logged in. | Client: 12.61
2021-03-14 00:54:53 -  Shacalz has logged out. | Client: 12.61
2021-03-14 00:54:54 -  Shacallz has logged in. | Client: 12.61
2021-03-14 00:55:30 -  Shacallz has logged out. | Client: 12.61
2021-03-14 00:55:31 -  Shacalz has logged in. | Client: 12.61
2021-03-14 00:56:28 -  Zeusx has logged out. | Client: 12.61
2021-03-14 01:01:19 -  Juana Ducajado has logged out. | Client: 0
2021-03-14 01:03:58 -  Joana Duarco has logged in. | Client: 12.61
2021-03-14 01:04:13 -  Juana Ducajado has logged in. | Client: 12.61
2021-03-14 01:05:00 -  Shacalz has logged out. | Client: 12.61
2021-03-14 01:05:30 -  Juana Dacura has logged in. | Client: 12.61
2021-03-14 01:08:26 -  Moon Phisthys has logged out. | Client: 11
2021-03-14 01:14:06 -  Khissa has logged out. | Client: 12.61
2021-03-14 01:14:09 -  Oshum has logged in. | Client: 12.61
2021-03-14 01:14:48 -  Oshum has logged out. | Client: 12.61
2021-03-14 01:14:49 -  Khissa has logged in. | Client: 12.61
2021-03-14 01:16:28 -  >> Starting Sunrise... Current light is 47 and it's 5:56 Tibian Time.
2021-03-14 01:16:28 -  > NPC Ghostly Wolf removed!
2021-03-14 01:16:28 -  > NPC Talila removed!
2021-03-14 01:16:28 -  > NPC Valindara added!
2021-03-14 01:16:28 -  Khissa has logged out. | Client: 12.61
2021-03-14 01:16:30 -  Oshum has logged in. | Client: 12.61
2021-03-14 01:18:04 -  Joana Duarco has logged out. | Client: 12.61
2021-03-14 01:18:04 -  Joana Duarco has logged in. | Client: 12.61
2021-03-14 01:18:10 -  Guri Du Geada has logged out. | Client: 12.61
2021-03-14 01:18:11 -  Guri Du Geada has logged in. | Client: 12.61
2021-03-14 01:20:50 -  >> Starting Day... Current light is 250 and it's 7:52 Tibian Time.
2021-03-14 01:20:50 -  Juana Ducajado has logged out. | Client: 12.61
2021-03-14 01:20:53 -  Juana Ducajado has logged in. | Client: 12.61
2021-03-14 01:23:34 -  Juana Ducajado has logged out. | Client: 12.61
2021-03-14 01:23:36 -  Bagheera has logged in. | Client: 12.61
2021-03-14 01:23:42 -  Bagheera has logged out. | Client: 12.61
2021-03-14 01:23:44 -  Mari Juana has logged in. | Client: 12.61
2021-03-14 01:40:56 -  > Broadcasted message: "The mating season of the giant spiders is at hand.     Leave the plains of havoc as fast as you can.".
2021-03-14 01:40:57 -  Shacallz has logged in. | Client: 12.61
2021-03-14 01:41:19 -  Shacallz has logged out. | Client: 12.61
2021-03-14 01:41:20 -  Shacalz has logged in. | Client: 12.61
2021-03-14 01:41:26 -  Shacalz has logged out. | Client: 12.61
2021-03-14 01:43:55 -  > Broadcasted message: "Giant spiders have gathered on the plains of havoc     for their mating season. Beware!".
2021-03-14 01:49:55 -  >> Starting Sunset... Current light is 243 and it's 17:24 Tibian Time.
2021-03-14 01:49:55 -  > NPC Ghostly Wolf added!
2021-03-14 01:49:55 -  > NPC Talila added!
2021-03-14 01:49:55 -  > NPC Valindara removed!
2021-03-14 01:49:55 -  >> Starting Night... Current light is 40 and it's 19:20 Tibian Time.
2021-03-14 01:49:55 -  Mari Juana has logged out. | Client: 12.61
2021-03-14 01:50:00 -  Juana Ducajado has logged in. | Client: 12.61
2021-03-14 02:02:55 -  Juana Dacura has logged out. | Client: 12.61
2021-03-14 02:02:57 -  Maria De Lourdes has logged in. | Client: 12.61
2021-03-14 02:03:21 -  Maria De Lourdes has logged out. | Client: 12.61
2021-03-14 02:13:11 -  Joana Duarco has logged out. | Client: 12.61
2021-03-14 02:14:30 -  Shacallz has logged in. | Client: 12.61
2021-03-14 02:18:12 -  >> Starting Sunrise... Current light is 47 and it's 5:56 Tibian Time.
2021-03-14 02:18:12 -  > NPC Ghostly Wolf removed!
2021-03-14 02:18:12 -  > NPC Talila removed!
2021-03-14 02:18:12 -  > NPC Valindara added!
2021-03-14 02:18:12 -  Floripinha has logged out. | Client: 12.61
2021-03-14 02:32:48 -  >> Starting Day... Current light is 250 and it's 7:52 Tibian Time.
2021-03-14 02:32:48 -  Floripinha has logged in. | Client: 12.61
2021-03-14 02:33:29 -  Gabriela Paladina has logged out. | Client: 12.61
2021-03-14 02:33:30 -  Gabriela Paladina has logged in. | Client: 12.61
2021-03-14 02:40:18 -  Oshum has logged out. | Client: 12.61
2021-03-14 02:40:21 -  Oshum has logged in. | Client: 12.61
2021-03-14 02:45:52 -  >> Starting Sunset... Current light is 243 and it's 17:24 Tibian Time.
2021-03-14 02:45:52 -  > NPC Ghostly Wolf added!
2021-03-14 02:45:52 -  > NPC Talila added!
2021-03-14 02:45:52 -  > NPC Valindara removed!
2021-03-14 02:45:52 -  Ichigo has logged in. | Client: 12.61
2021-03-14 02:47:56 -  > Broadcasted message: "There seems to be a big gnarlhoud gang in Zao Steppe.".
2021-03-14 02:48:15 -  > Broadcasted message: "The gnarlhounds seem to multiply by the minute.".
2021-03-14 02:49:56 -  >> Starting Night... Current light is 40 and it's 19:20 Tibian Time.
2021-03-14 02:49:56 -  > Broadcasted message: "The gnarlhounds roam free in the Zao Steppe. Watch out!".
2021-03-14 02:53:29 -  Moon Phisthys has logged in. | Client: 11
2021-03-14 02:59:14 -  Batman has logged in. | Client: 12.61
2021-03-14 02:59:40 -  Gabriela Paladina has logged out. | Client: 12.61
2021-03-14 02:59:43 -  Gabriela Paladina has logged in. | Client: 12.61
2021-03-14 02:59:45 -  Gabriela Paladina has logged out. | Client: 12.61
2021-03-14 02:59:47 -  Gabriela Paladina has logged in. | Client: 12.61
2021-03-14 03:00:00 -  Gabriela Paladina has logged out. | Client: 12.61
2021-03-14 03:00:07 -  Metiradaqui has logged out. | Client: 12.61
2021-03-14 03:00:10 -  [IOLoginData::gameworldAuthentication] Not able to find player(Metiradaqui)
2021-03-14 03:00:21 -  [Warning] DropLoot:	Could not add loot item to corpse.
2021-03-14 03:00:21 -  > ERROR: Failed to save account: 13081986!
2021-03-14 03:00:24 -  Magda has logged in. | Client: 11
2021-03-14 03:00:26 -  Ronalee Tanker has logged in. | Client: 12.61
2021-03-14 03:00:48 -  Gabriela Paladina has logged in. | Client: 12.61
2021-03-14 03:02:08 -  Gabriela Paladina has logged out. | Client: 12.61
2021-03-14 03:03:25 -  [Warning] DropLoot:	Could not add loot item to corpse.
2021-03-14 03:03:25 -  Gabriela Paladina has logged in. | Client: 12.61
2021-03-14 03:17:51 -  >> Starting Sunrise... Current light is 47 and it's 5:56 Tibian Time.
2021-03-14 03:17:51 -  > NPC Ghostly Wolf removed!
2021-03-14 03:17:51 -  > NPC Talila removed!
2021-03-14 03:17:51 -  > NPC Valindara added!
2021-03-14 03:17:51 -  Guri Du Geada has logged out. | Client: 12.61
2021-03-14 03:37:20 -  >> Starting Day... Current light is 250 and it's 7:52 Tibian Time.
2021-03-14 03:37:20 -  Gabriela Paladina has logged out. | Client: 12.61
2021-03-14 03:37:24 -  Gabriela Paladina has logged in. | Client: 12.61
2021-03-14 03:38:43 -  Gabriela Paladina has logged out. | Client: 12.61
2021-03-14 03:39:25 -  Gabriela Paladina has logged in. | Client: 12.61
2021-03-14 03:39:35 -  Ronalee Lovexp has logged out. | Client: 12.61
2021-03-14 03:39:37 -  Ronalee Lovexp has logged in. | Client: 12.61
2021-03-14 03:43:08 -  Devil has logged out. | Client: 12.61
2021-03-14 03:43:10 -  Pacific has logged in. | Client: 12.61
2021-03-14 03:43:11 -  Pacific has logged out. | Client: 12.61
2021-03-14 03:43:13 -  Forfun has logged in. | Client: 12.61
2021-03-14 03:43:16 -  Forfun has logged out. | Client: 12.61
2021-03-14 03:43:19 -  Forfun has logged in. | Client: 12.61
2021-03-14 03:43:20 -  Forfun has logged out. | Client: 12.61
2021-03-14 03:43:23 -  Ariel has logged in. | Client: 12.61
2021-03-14 03:43:28 -  Ariel has logged out. | Client: 12.61
2021-03-14 03:44:44 -  >> Starting Sunset... Current light is 243 and it's 17:24 Tibian Time.
2021-03-14 03:44:44 -  > NPC Ghostly Wolf added!
2021-03-14 03:44:44 -  > NPC Talila added!
2021-03-14 03:44:44 -  > NPC Valindara removed!
2021-03-14 03:44:44 -  Secreto has logged in. | Client: 12.61
2021-03-14 03:58:20 -  >> Starting Night... Current light is 40 and it's 19:20 Tibian Time.
2021-03-14 03:58:20 -  [Warning] DropLoot:	Could not add loot item to corpse.
2021-03-14 03:58:20 -  [Warning] DropLoot:	Could not add loot item to corpse.
2021-03-14 03:58:20 -  [Warning] DropLoot:	Could not add loot item to corpse.
2021-03-14 03:58:20 -  Bernardo Cavalo has logged in. | Client: 12.61
2021-03-14 04:06:18 -  [Warning] DropLoot:	Could not add loot item to corpse.
2021-03-14 04:06:18 -  [Warning] DropLoot:	Could not add loot item to corpse.
2021-03-14 04:06:18 -  [Warning] DropLoot:	Could not add loot item to corpse.
2021-03-14 04:06:18 -  Shacallz has logged out. | Client: 12.61
2021-03-14 04:06:19 -  Shacalz has logged in. | Client: 12.61
2021-03-14 04:07:02 -  Shacalz has logged out. | Client: 12.61
2021-03-14 04:07:03 -  Shacallz has logged in. | Client: 12.61
2021-03-14 04:07:56 -  > Broadcasted message: "The priestesses in Drefia are preparing a black celebration.".
2021-03-14 04:08:44 -  Shacallz has logged out. | Client: 12.61
2021-03-14 04:08:45 -  Shacalz has logged in. | Client: 12.61
2021-03-14 04:10:14 -  Moon Phisthys has logged out. | Client: 11
2021-03-14 04:10:16 -  Moon Phisthys has logged in. | Client: 11
2021-03-14 04:10:16 -  Shacalz has logged out. | Client: 12.61
2021-03-14 04:10:17 -  Shacallz has logged in. | Client: 12.61
2021-03-14 04:10:58 -  Shacallz has logged out. | Client: 12.61
2021-03-14 04:11:00 -  Shacalz has logged in. | Client: 12.61
2021-03-14 04:12:35 -  Zeusx has logged in. | Client: 12.61
2021-03-14 04:13:05 -  Floripinha has logged out. | Client: 12.61
2021-03-14 04:14:30 -  Shacalz has logged out. | Client: 12.61
2021-03-14 04:18:13 -  >> Starting Sunrise... Current light is 47 and it's 5:56 Tibian Time.
2021-03-14 04:18:13 -  > NPC Ghostly Wolf removed!
2021-03-14 04:18:13 -  > NPC Talila removed!
2021-03-14 04:18:13 -  > NPC Valindara added!
2021-03-14 04:18:13 -  Moon Phisthys has logged out. | Client: 11
2021-03-14 04:19:04 -  Moon Phisthys has logged in. | Client: 11
2021-03-14 04:19:09 -  
2021-03-14 04:19:09 -  Lua Script Error: [Scripts Interface] 
2021-03-14 04:19:09 -  /home/otbr10/data/scripts/movements/quests/cults_of_tibia/sand_entrance.lua:callback
2021-03-14 04:19:09 -  ...cripts/movements/quests/cults_of_tibia/sand_entrance.lua:10: attempt to compare boolean with number
2021-03-14 04:19:09 -  stack traceback:
2021-03-14 04:19:09 -  	[C]: in function '__lt'
2021-03-14 04:19:09 -  	...cripts/movements/quests/cults_of_tibia/sand_entrance.lua:10: in function <...cripts/movements/quests/cults_of_tibia/sand_entrance.lua:3>
2021-03-14 04:20:39 -  >> Starting Day... Current light is 250 and it's 7:52 Tibian Time.
2021-03-14 04:20:39 -  Oshum has logged out. | Client: 12.61
2021-03-14 04:20:42 -  Oshum has logged in. | Client: 12.61
2021-03-14 04:20:44 -  
2021-03-14 04:20:44 -  Lua Script Error: [Scripts Interface] 
2021-03-14 04:20:44 -  /home/otbr10/data/scripts/movements/quests/cults_of_tibia/sand_entrance.lua:callback
2021-03-14 04:20:44 -  ...cripts/movements/quests/cults_of_tibia/sand_entrance.lua:10: attempt to compare boolean with number
2021-03-14 04:20:44 -  stack traceback:
2021-03-14 04:20:44 -  	[C]: in function '__lt'
2021-03-14 04:20:44 -  	...cripts/movements/quests/cults_of_tibia/sand_entrance.lua:10: in function <...cripts/movements/quests/cults_of_tibia/sand_entrance.lua:3>
2021-03-14 04:28:55 -  Oshum has logged out. | Client: 12.61
2021-03-14 04:28:56 -  Khissa has logged in. | Client: 12.61
2021-03-14 04:30:40 -  Ichigo has logged out. | Client: 12.61
2021-03-14 04:30:41 -  Magda has logged out. | Client: 11
2021-03-14 04:30:44 -  Magda has logged in. | Client: 11
2021-03-14 04:30:49 -  Magda has logged out. | Client: 11
2021-03-14 04:34:30 -  Khissa has logged out. | Client: 12.61
2021-03-14 04:34:32 -  Sakhmet has logged in. | Client: 12.61
2021-03-14 04:34:38 -  Sakhmet has logged out. | Client: 12.61
2021-03-14 04:34:40 -  Oshum has logged in. | Client: 12.61
2021-03-14 04:35:20 -  179.198.16.157 disconnected for exceeding packet per second limit.
2021-03-14 04:35:41 -  Oshum has logged out. | Client: 12.61
2021-03-14 04:36:11 -  Secreto has logged out. | Client: 12.61
2021-03-14 04:36:12 -  Secreto has logged in. | Client: 12.61
2021-03-14 04:49:35 -  >> Starting Sunset... Current light is 243 and it's 17:24 Tibian Time.
2021-03-14 04:49:35 -  > NPC Ghostly Wolf added!
2021-03-14 04:49:35 -  > NPC Talila added!
2021-03-14 04:49:35 -  > NPC Valindara removed!
2021-03-14 04:49:35 -  >> Starting Night... Current light is 40 and it's 19:20 Tibian Time.
2021-03-14 04:49:35 -  Secreto has logged out. | Client: 12.61
2021-03-14 04:49:39 -  Secreto has logged in. | Client: 12.61
2021-03-14 04:50:31 -  Nivide has logged in. | Client: 12.61
2021-03-14 04:55:26 -  190.111.108.34 disconnected for exceeding packet per second limit.
2021-03-14 05:07:14 -  Nivide has logged out. | Client: 0
2021-03-14 05:12:54 -  190.111.108.34 disconnected for exceeding packet per second limit.
2021-03-14 05:13:56 -  Bernardo Cavalo has logged out. | Client: 12.61
2021-03-14 05:25:47 -  >> Starting Sunrise... Current light is 47 and it's 5:56 Tibian Time.
2021-03-14 05:25:47 -  > NPC Ghostly Wolf removed!
2021-03-14 05:25:47 -  > NPC Talila removed!
2021-03-14 05:25:47 -  > NPC Valindara added!
2021-03-14 05:25:47 -  >> Starting Day... Current light is 250 and it's 7:52 Tibian Time.
2021-03-14 05:25:47 -  Juana Ducajado has logged out. | Client: 12.61
2021-03-14 05:25:50 -  Bagheera has logged in. | Client: 12.61
2021-03-14 05:25:54 -  Bagheera has logged out. | Client: 12.61
2021-03-14 05:25:55 -  Mari Juana has logged in. | Client: 12.61
2021-03-14 05:26:13 -  Mari Juana has logged out. | Client: 12.61
2021-03-14 05:26:15 -  Juana Ducajado has logged in. | Client: 12.61
2021-03-14 05:29:33 -  Juana Ducajado has logged out. | Client: 12.61
2021-03-14 05:29:36 -  Mari Juana has logged in. | Client: 12.61
2021-03-14 05:30:22 -  Mari Juana has logged out. | Client: 12.61
2021-03-14 05:30:24 -  Juana Ducajado has logged in. | Client: 12.61
2021-03-14 05:33:01 -  Juana Ducajado has logged out. | Client: 12.61
2021-03-14 05:33:03 -  Juana Ducajado has logged in. | Client: 12.61
2021-03-14 05:40:25 -  Secreto has logged out. | Client: 12.61
2021-03-14 05:40:29 -  Secreto has logged in. | Client: 12.61
2021-03-14 05:44:20 -  >> Starting Sunset... Current light is 243 and it's 17:24 Tibian Time.
2021-03-14 05:44:20 -  > NPC Ghostly Wolf added!
2021-03-14 05:44:20 -  > NPC Talila added!
2021-03-14 05:44:20 -  > NPC Valindara removed!
2021-03-14 05:44:20 -  Juana Ducajado has logged out. | Client: 12.61
2021-03-14 05:54:43 -  >> Starting Night... Current light is 40 and it's 19:20 Tibian Time.
2021-03-14 05:54:43 -  Moon Phisthys has logged out. | Client: 11
2021-03-14 06:00:56 -  > Broadcasted message: "The dragons of the Dragonblaze Mountains have    descended to Zao to protect the lizardkin!".
2021-03-14 06:08:32 -  Batman has logged out. | Client: 12.61
2021-03-14 06:42:50 -  >> Starting Sunrise... Current light is 47 and it's 5:56 Tibian Time.
2021-03-14 06:42:50 -  > NPC Ghostly Wolf removed!
2021-03-14 06:42:50 -  > NPC Talila removed!
2021-03-14 06:42:50 -  > NPC Valindara added!
2021-03-14 06:42:50 -  >> Starting Day... Current light is 250 and it's 7:52 Tibian Time.
2021-03-14 06:42:50 -  179.198.16.157 disconnected for exceeding packet per second limit.
2021-03-14 06:43:41 -  Secreto has logged out. | Client: 12.61
2021-03-14 06:43:42 -  Secreto has logged in. | Client: 12.61
2021-03-14 06:55:35 -  >> Starting Sunset... Current light is 243 and it's 17:24 Tibian Time.
2021-03-14 06:55:35 -  > NPC Ghostly Wolf added!
2021-03-14 06:55:35 -  > NPC Talila added!
2021-03-14 06:55:35 -  > NPC Valindara removed!
2021-03-14 06:55:35 -  >> Starting Night... Current light is 40 and it's 19:20 Tibian Time.
2021-03-14 06:55:35 -  179.198.16.157 disconnected for exceeding packet per second limit.
2021-03-14 06:56:25 -  Secreto has logged out. | Client: 12.61
2021-03-14 06:56:26 -  Secreto has logged in. | Client: 12.61
2021-03-14 08:52:56 -  >> Starting Sunrise... Current light is 47 and it's 5:56 Tibian Time.
2021-03-14 08:52:56 -  > NPC Ghostly Wolf removed!
2021-03-14 08:52:56 -  > NPC Talila removed!
2021-03-14 08:52:56 -  > NPC Valindara added!
2021-03-14 08:52:56 -  >> Starting Day... Current light is 250 and it's 7:52 Tibian Time.
2021-03-14 08:52:56 -  >> Starting Sunset... Current light is 243 and it's 17:24 Tibian Time.
2021-03-14 08:52:56 -  > NPC Ghostly Wolf added!
2021-03-14 08:52:56 -  > NPC Talila added!
2021-03-14 08:52:56 -  > NPC Valindara removed!
2021-03-14 08:52:56 -  >> Starting Night... Current light is 40 and it's 19:20 Tibian Time.
2021-03-14 08:52:56 -  >> Starting Sunrise... Current light is 47 and it's 5:56 Tibian Time.
2021-03-14 08:52:56 -  > NPC Ghostly Wolf removed!
2021-03-14 08:52:56 -  > NPC Talila removed!
2021-03-14 08:52:56 -  > NPC Valindara added!
2021-03-14 08:52:56 -  >> Starting Day... Current light is 250 and it's 7:52 Tibian Time.
2021-03-14 08:52:56 -  >> Starting Sunset... Current light is 243 and it's 17:24 Tibian Time.
2021-03-14 08:52:56 -  > NPC Ghostly Wolf added!
2021-03-14 08:52:56 -  > NPC Talila added!
2021-03-14 08:52:56 -  > NPC Valindara removed!
2021-03-14 08:52:56 -  >> Starting Night... Current light is 40 and it's 19:20 Tibian Time.
2021-03-14 08:52:56 -  > Broadcasted message: "Many aggressive beasts are roaming south of Ab'Dendriel! Take care!".
2021-03-14 08:53:08 -  179.198.16.157 disconnected for exceeding packet per second limit.
2021-03-14 08:53:58 -  Secreto has logged out. | Client: 12.61
2021-03-14 08:54:00 -  Secreto has logged in. | Client: 12.61
2021-03-14 09:00:02 -  >> Saving Hirelings
2021-03-14 09:00:02 -  Secreto has logged out. | Client: 12.61
2021-03-14 09:00:03 -  Zeusx has logged out. | Client: 12.61
2021-03-14 09:00:03 -  Legolas has logged out. | Client: 0
2021-03-14 09:00:03 -  Dudagolpefullz has logged out. | Client: 0
2021-03-14 09:00:03 -  Piruleite Tudo Tres has logged out. | Client: 0
2021-03-14 09:00:03 -  ADM inside has logged out. | Client: 0
2021-03-14 09:00:03 -  Ronalee Lovexp has logged out. | Client: 0
2021-03-14 09:00:03 -  Gabriela Paladina has logged out. | Client: 12.61
2021-03-14 09:00:03 -  GM coxinha has logged out. | Client: 0
2021-03-14 09:00:03 -  Ronalee Tanker has logged out. | Client: 0
2021-03-14 09:00:03 -  Supimpa has logged out. | Client: 0
2021-03-14 09:00:03 -  Saving server...
2021-03-14 09:00:04 -  > Saved house items in: 0.326 seconds
2021-03-14 09:00:05 -  Shutting down... done!
