2021-02-27 07:51:15 -  OTServBR - Global - Version TFS 1.3
2021-02-27 07:51:15 -  
2021-02-27 07:51:15 -  Compiled with GNU C++ version 9.3.0
2021-02-27 07:51:15 -  Compiled on Feb 19 2021 08:18:16 for platform x64
2021-02-27 07:51:15 -  Linked with LuaJIT 2.1.0-beta3 for Lua support
2021-02-27 07:51:15 -  
2021-02-27 07:51:15 -  A server developed by OTServBR, Mark Samman and The Forgotten Server Developers
2021-02-27 07:51:15 -  Visit our forum for updates, support, and resources: https://otserv.com.br/ and https://forums.otserv.com.br
2021-02-27 07:51:15 -  
2021-02-27 07:51:15 -  >> Loading config
2021-02-27 07:51:15 -  >> Client Version: 12.60
2021-02-27 07:51:15 -  >> Establishing database connection... MySQL 10.3.25
2021-02-27 07:51:15 -  >> Running database manager
2021-02-27 07:51:15 -  > Optimizing table player_items... [success]
2021-02-27 07:51:16 -  > Optimizing table player_storage... [success]
2021-02-27 07:51:16 -  > Optimizing table players_online... [success]
2021-02-27 07:51:17 -  > Optimizing table tile_store... [success]
2021-02-27 07:51:17 -  >> Loading vocations
2021-02-27 07:51:17 -  >> Loading items
2021-02-27 07:51:17 -  >> Loading script systems
2021-02-27 07:51:17 -  >> Loading lua libs
2021-02-27 07:51:18 -  >> Loading event scheduler
2021-02-27 07:51:18 -  > Double Skill event exp: 0%, loot: 0%, spawn: 0%, skill: 100%.
2021-02-27 07:51:18 -  >> Loading lua scripts
2021-02-27 07:51:18 -  [Warning - Actions::registerLuaEvent] Duplicate registered item with uid: 6500 in range from uid: 5000, to uid: 12000
2021-02-27 07:51:18 -  [Warning - Actions::registerLuaEvent] Duplicate registered item with uid: 6501 in range from uid: 5000, to uid: 12000
2021-02-27 07:51:18 -  [Warning - Actions::registerLuaEvent] Duplicate registered item with uid: 6503 in range from uid: 5000, to uid: 12000
2021-02-27 07:51:18 -  [Warning - Actions::registerLuaEvent] Duplicate registered item with uid: 6550 in range from uid: 5000, to uid: 12000
2021-02-27 07:51:18 -  [Warning - Actions::registerLuaEvent] Duplicate registered item with uid: 6570 in range from uid: 5000, to uid: 12000
2021-02-27 07:51:18 -  [Warning - Actions::registerLuaEvent] Duplicate registered item with uid: 6661 in range from uid: 5000, to uid: 12000
2021-02-27 07:51:18 -  [Warning - Actions::registerLuaEvent] Duplicate registered item with uid: 6662 in range from uid: 5000, to uid: 12000
2021-02-27 07:51:18 -  [Warning - Actions::registerLuaEvent] Duplicate registered item with uid: 6663 in range from uid: 5000, to uid: 12000
2021-02-27 07:51:18 -  [Warning - Actions::registerLuaEvent] Duplicate registered item with uid: 6664 in range from uid: 5000, to uid: 12000
2021-02-27 07:51:18 -  [Warning - Actions::registerLuaEvent] Duplicate registered item with uid: 6665 in range from uid: 5000, to uid: 12000
2021-02-27 07:51:18 -  [Warning - Actions::registerLuaEvent] Duplicate registered item with uid: 6666 in range from uid: 5000, to uid: 12000
2021-02-27 07:51:18 -  [Warning - Actions::registerLuaEvent] Duplicate registered item with uid: 6678 in range from uid: 5000, to uid: 12000
2021-02-27 07:51:18 -  [Warning - Actions::registerLuaEvent] Duplicate registered item with uid: 6693 in range from uid: 5000, to uid: 12000
2021-02-27 07:51:18 -  [Warning - Actions::registerLuaEvent] Duplicate registered item with uid: 6697 in range from uid: 5000, to uid: 12000
2021-02-27 07:51:18 -  [Warning - Actions::registerLuaEvent] Duplicate registered item with uid: 6698 in range from uid: 5000, to uid: 12000
2021-02-27 07:51:18 -  [Warning - Actions::registerLuaEvent] Duplicate registered item with uid: 6699 in range from uid: 5000, to uid: 12000
2021-02-27 07:51:18 -  [Warning - Actions::registerLuaEvent] Duplicate registered item with uid: 6701 in range from uid: 5000, to uid: 12000
2021-02-27 07:51:18 -  [Warning - Actions::registerLuaEvent] Duplicate registered item with uid: 6702 in range from uid: 5000, to uid: 12000
2021-02-27 07:51:18 -  [Warning - Actions::registerLuaEvent] Duplicate registered item with uid: 6703 in range from uid: 5000, to uid: 12000
2021-02-27 07:51:19 -  >> Loading lua monsters
2021-02-27 07:51:20 -  >> Loading outfits
2021-02-27 07:51:20 -  >> Loading familiars
2021-02-27 07:51:20 -  >> Boosted creature: Marsh Stalker
2021-02-27 07:51:20 -  >> Checking world type... PVP
2021-02-27 07:51:20 -  >> Loading map
2021-02-27 07:51:23 -  > Map size: 34143x33812
2021-02-27 07:51:30 -  > Duplicate unique id: 6664
2021-02-27 07:51:32 -  > Map loading time: 12.381 seconds
2021-02-27 07:51:33 -  > Loaded spawns in: 12.949 seconds
2021-02-27 07:51:33 -  > Loaded house items in: 0.018 seconds
2021-02-27 07:51:33 -  >> Initializing gamestate
2021-02-27 07:51:38 -  >> Nightmare Isle will be active west of Darashia today
2021-02-27 07:51:38 -  >> Fury Gate will be active in Carlin today
2021-02-27 07:51:38 -  >> Rashid arrived at Saturdays destination.
2021-02-27 07:51:38 -  >> Loading map attributes
2021-02-27 07:51:38 -  > Loaded 967 npcs and spawned 74141 monsters
2021-02-27 07:51:38 -  > Loaded 26 towns with 984 houses in total
2021-02-27 07:51:38 -  >> Wrong item id found
2021-02-27 07:51:38 -  > Sign id: 11, item id: 1406
2021-02-27 07:51:38 -  > Loaded 14 signs in the map
2021-02-27 07:51:38 -  > Loaded 37 books and documents in the map
2021-02-27 07:51:38 -  >> Wrong item id found
2021-02-27 07:51:38 -  > Action id: 14900, item id: 22821
2021-02-27 07:51:38 -  >> Wrong item id found
2021-02-27 07:51:38 -  > Unique id: 30026, item id: 10044
2021-02-27 07:51:38 -  > Loaded all actions in the map
2021-02-27 07:51:38 -  > Loaded all uniques in the map
2021-02-27 07:51:38 -  >> Loading custom map
2021-02-27 07:51:38 -  > Loaded otservbr-custom map
2021-02-27 07:51:38 -  >> Yasir: not this time
2021-02-27 07:51:38 -  >> Loaded all modules, server starting up...
2021-02-27 07:51:38 -  > Warning: OTServBR - Global has been executed as root user, please consider running it as a normal user.
2021-02-27 07:51:38 -  >> Divine-Global Server Online!
2021-02-27 07:51:38 -  
2021-02-27 07:51:38 -  > Map size: 34143x33812
2021-02-27 07:51:38 -  > Map loading time: 0.055 seconds
2021-02-27 07:51:38 -  > Map size: 32267x31850
2021-02-27 07:51:38 -  > Map loading time: 0.002 seconds
2021-02-27 07:51:38 -  > Map size: 34143x33812
2021-02-27 07:51:38 -  > Map loading time: 0.064 seconds
2021-02-27 07:51:41 -  ADM inside has logged in. | Client: 11
2021-02-27 07:52:10 -  > Loaded otservbr-custom spawn
2021-02-27 07:52:10 -  ADM inside has logged out. | Client: 11
2021-02-27 07:52:50 -  ADM inside has logged in. | Client: 12.61
2021-02-27 07:53:31 -  Saving server...
2021-02-27 07:53:32 -  > Saved house items in: 0.429 seconds
2021-02-27 07:54:09 -  Saving server...
2021-02-27 07:54:10 -  > Saved house items in: 0.319 seconds
