2021-03-13 13:25:16 -  OTServBR - Global - Version TFS 1.3
2021-03-13 13:25:16 -  
2021-03-13 13:25:16 -  Compiled with GNU C++ version 9.3.0
2021-03-13 13:25:16 -  Compiled on Mar 13 2021 04:41:45 for platform x64
2021-03-13 13:25:16 -  Linked with LuaJIT 2.1.0-beta3 for Lua support
2021-03-13 13:25:16 -  
2021-03-13 13:25:16 -  A server developed by OTServBR, Mark Samman and The Forgotten Server Developers
2021-03-13 13:25:16 -  Visit our forum for updates, support, and resources: https://otserv.com.br/ and https://forums.otserv.com.br
2021-03-13 13:25:16 -  
2021-03-13 13:25:16 -  >> Loading config
2021-03-13 13:25:16 -  >> Client Version: 12.60
2021-03-13 13:25:16 -  >> Establishing database connection... MySQL 10.3.25
2021-03-13 13:25:16 -  >> Running database manager
2021-03-13 13:25:17 -  > Optimizing table player_items... [success]
2021-03-13 13:25:19 -  > Optimizing table player_storage... [success]
2021-03-13 13:25:19 -  >> Loading vocations
2021-03-13 13:25:19 -  >> Loading items
2021-03-13 13:25:19 -  >> Loading script systems
2021-03-13 13:25:19 -  >> Loading lua libs
2021-03-13 13:25:20 -  >> Loading event scheduler
2021-03-13 13:25:20 -  > Double XP event exp: 200%, loot: 0%, spawn: 0%, skill: 0%.
2021-03-13 13:25:20 -  [Warning - GlobalEvents::configureEvent] Duplicate registered globalevent with name: 
2021-03-13 13:25:20 -  [Warning - GlobalEvents::configureEvent] Duplicate registered globalevent with name: 
2021-03-13 13:25:20 -  > Fast Spawn event exp: 0%, loot: 0%, spawn: 200%, skill: 0%.
2021-03-13 13:25:20 -  >> Loading lua scripts
2021-03-13 13:25:20 -  [Warning - Actions::registerLuaEvent] Duplicate registered item with uid: 6500 in range from uid: 5000, to uid: 12000
2021-03-13 13:25:20 -  [Warning - Actions::registerLuaEvent] Duplicate registered item with uid: 6501 in range from uid: 5000, to uid: 12000
2021-03-13 13:25:20 -  [Warning - Actions::registerLuaEvent] Duplicate registered item with uid: 6503 in range from uid: 5000, to uid: 12000
2021-03-13 13:25:20 -  [Warning - Actions::registerLuaEvent] Duplicate registered item with uid: 6550 in range from uid: 5000, to uid: 12000
2021-03-13 13:25:20 -  [Warning - Actions::registerLuaEvent] Duplicate registered item with uid: 6570 in range from uid: 5000, to uid: 12000
2021-03-13 13:25:20 -  [Warning - Actions::registerLuaEvent] Duplicate registered item with uid: 6661 in range from uid: 5000, to uid: 12000
2021-03-13 13:25:20 -  [Warning - Actions::registerLuaEvent] Duplicate registered item with uid: 6662 in range from uid: 5000, to uid: 12000
2021-03-13 13:25:20 -  [Warning - Actions::registerLuaEvent] Duplicate registered item with uid: 6663 in range from uid: 5000, to uid: 12000
2021-03-13 13:25:20 -  [Warning - Actions::registerLuaEvent] Duplicate registered item with uid: 6664 in range from uid: 5000, to uid: 12000
2021-03-13 13:25:20 -  [Warning - Actions::registerLuaEvent] Duplicate registered item with uid: 6665 in range from uid: 5000, to uid: 12000
2021-03-13 13:25:20 -  [Warning - Actions::registerLuaEvent] Duplicate registered item with uid: 6666 in range from uid: 5000, to uid: 12000
2021-03-13 13:25:20 -  [Warning - Actions::registerLuaEvent] Duplicate registered item with uid: 6678 in range from uid: 5000, to uid: 12000
2021-03-13 13:25:20 -  [Warning - Actions::registerLuaEvent] Duplicate registered item with uid: 6693 in range from uid: 5000, to uid: 12000
2021-03-13 13:25:20 -  [Warning - Actions::registerLuaEvent] Duplicate registered item with uid: 6697 in range from uid: 5000, to uid: 12000
2021-03-13 13:25:20 -  [Warning - Actions::registerLuaEvent] Duplicate registered item with uid: 6698 in range from uid: 5000, to uid: 12000
2021-03-13 13:25:20 -  [Warning - Actions::registerLuaEvent] Duplicate registered item with uid: 6699 in range from uid: 5000, to uid: 12000
2021-03-13 13:25:20 -  [Warning - Actions::registerLuaEvent] Duplicate registered item with uid: 6701 in range from uid: 5000, to uid: 12000
2021-03-13 13:25:20 -  [Warning - Actions::registerLuaEvent] Duplicate registered item with uid: 6702 in range from uid: 5000, to uid: 12000
2021-03-13 13:25:20 -  [Warning - Actions::registerLuaEvent] Duplicate registered item with uid: 6703 in range from uid: 5000, to uid: 12000
2021-03-13 13:25:20 -  >> Loading lua monsters
2021-03-13 13:25:21 -  [Warning - Loot:setId] Unknown loot item "spectral scrap of cloth". 
2021-03-13 13:25:21 -  [Warning - end] Monster: "The Pale Worm" loot could not correctly be load.
2021-03-13 13:25:21 -  [Error - Monsters::deserializeSpell] - The Pale Worm - Unknown spell name: summonsthepaleworm
2021-03-13 13:25:21 -  [Error - Monsters::deserializeSpell] - A Weak Spot - Unknown spell name: aweakspotdeathue
2021-03-13 13:25:21 -  [Error - Monsters::deserializeSpell] - A Weak Spot - Unknown spell name: summonsaweakspot
2021-03-13 13:25:21 -  [Error - Monsters::deserializeSpell] - The Dread Maiden - Unknown spell name: maidenring
2021-03-13 13:25:21 -  [Error - Monsters::deserializeSpell] - The Dread Maiden - Unknown spell name: summonsthedreadmaiden
2021-03-13 13:25:21 -  [Error - Monsters::deserializeSpell] - Horror - Unknown spell name: cakeheal
2021-03-13 13:25:21 -  [Error - Monsters::deserializeSpell] - Symbol of Fear - Unknown spell name: symboloffearue
2021-03-13 13:25:21 -  [Error - Monsters::deserializeSpell] - The Fear Feaster - Unknown spell name: deathring1x1
2021-03-13 13:25:21 -  [Error - Monsters::deserializeSpell] - The Fear Feaster - Unknown spell name: deathring2x2
2021-03-13 13:25:21 -  [Error - Monsters::deserializeSpell] - The Fear Feaster - Unknown spell name: deathring3x3
2021-03-13 13:25:21 -  [Error - Monsters::deserializeSpell] - Brother Worm - Unknown spell name: lifesteal
2021-03-13 13:25:21 -  [Error - Monsters::deserializeSpell] - The Unwelcome - Unknown spell name: lifesteal
2021-03-13 13:25:21 -  [Error - Monsters::deserializeSpell] - The Unwelcome - Unknown spell name: summonstheunwelcome
2021-03-13 13:25:21 -  >> Loading outfits
2021-03-13 13:25:21 -  >> Loading familiars
2021-03-13 13:25:21 -  >> Boosted creature: Arachnophobica
2021-03-13 13:25:21 -  >> Checking world type... PVP
2021-03-13 13:25:21 -  >> Loading map
2021-03-13 13:25:23 -  > Map size: 34143x33812
2021-03-13 13:25:30 -  > Duplicate unique id: 6664
2021-03-13 13:25:32 -  > Map loading time: 11.437 seconds
2021-03-13 13:25:33 -  > Loaded spawns in: 11.996 seconds
2021-03-13 13:25:33 -  > Loaded house items in: 0.027 seconds
2021-03-13 13:25:33 -  >> Initializing gamestate
2021-03-13 13:25:37 -  >> Nightmare Isle will be active north of Darashia today
2021-03-13 13:25:37 -  >> Fury Gate will be active in Venore today
2021-03-13 13:25:37 -  >> Rashid arrived at Saturdays destination.
2021-03-13 13:25:37 -  >> Loading map attributes
2021-03-13 13:25:37 -  > Loaded 967 npcs and spawned 74141 monsters
2021-03-13 13:25:37 -  > Loaded 26 towns with 984 houses in total
2021-03-13 13:25:37 -  >> Wrong item id found
2021-03-13 13:25:37 -  > Sign id: 11, item id: 1406
2021-03-13 13:25:37 -  > Loaded 14 signs in the map
2021-03-13 13:25:37 -  > Loaded 37 books and documents in the map
2021-03-13 13:25:37 -  >> Wrong item id found
2021-03-13 13:25:37 -  > Action id: 14900, item id: 22821
2021-03-13 13:25:37 -  >> Wrong item id found
2021-03-13 13:25:37 -  > Unique id: 30026, item id: 10044
2021-03-13 13:25:37 -  > Loaded all actions in the map
2021-03-13 13:25:37 -  > Loaded all uniques in the map
2021-03-13 13:25:37 -  >> Spawning Hirelings
2021-03-13 13:25:37 -  >> Loading custom map
2021-03-13 13:25:37 -  > Loaded otservbr-custom map
2021-03-13 13:25:37 -  >> Yasir: not this time
2021-03-13 13:25:37 -  >> Loaded all modules, server starting up...
2021-03-13 13:25:37 -  > Warning: OTServBR - Global has been executed as root user, please consider running it as a normal user.
2021-03-13 13:25:37 -  >> Divine-Global Server Online!
2021-03-13 13:25:37 -  
2021-03-13 13:25:37 -  > Map size: 34143x33812
2021-03-13 13:25:37 -  > Map loading time: 0.002 seconds
2021-03-13 13:25:37 -  > Map size: 32839x32092
2021-03-13 13:25:37 -  > Map loading time: 0.001 seconds
2021-03-13 13:25:37 -  > Map size: 34143x33812
2021-03-13 13:25:37 -  > Map loading time: 0.066 seconds
2021-03-13 13:25:37 -  Bilbo Bolseiro has logged in. | Client: 12.61
2021-03-13 13:25:37 -  Juana Dumachado has logged in. | Client: 12.61
2021-03-13 13:25:42 -  Metiradaqui has logged in. | Client: 12.61
2021-03-13 13:25:57 -  > Loaded otservbr-custom spawn
2021-03-13 13:25:57 -  Juana Ducajado has logged in. | Client: 12.61
2021-03-13 13:26:30 -  ADM inside has logged in. | Client: 12.61
2021-03-13 13:26:45 -  Devil has logged in. | Client: 12.61
2021-03-13 13:27:00 -  Kenja No Mago has logged in. | Client: 12.61
2021-03-13 13:28:01 -  Joana Duarco has logged in. | Client: 12.61
2021-03-13 13:29:54 -  Legolas has logged in. | Client: 12.61
2021-03-13 13:31:29 -  Juana Ducajado has logged out. | Client: 12.61
2021-03-13 13:31:33 -  Mari Juana has logged in. | Client: 12.61
2021-03-13 13:32:50 -  Kenja No Mago has logged out. | Client: 12.61
2021-03-13 13:32:52 -  Nidalee has logged in. | Client: 12.61
2021-03-13 13:35:29 -  Nidalee has logged out. | Client: 12.61
2021-03-13 13:35:31 -  Kenja No Mago has logged in. | Client: 12.61
2021-03-13 13:35:36 -  Legolas has logged out. | Client: 12.61
2021-03-13 13:36:00 -  Ekgolpeafullz has logged in. | Client: 12.61
2021-03-13 13:36:10 -  Kenja No Mago has logged out. | Client: 12.61
2021-03-13 13:36:13 -  Darius has logged in. | Client: 12.61
2021-03-13 13:36:17 -  Ronalee Lovexp has logged in. | Client: 12.61
2021-03-13 13:36:28 -  Juana Dacura has logged in. | Client: 12.61
2021-03-13 13:37:21 -  Darius has logged out. | Client: 12.61
2021-03-13 13:37:22 -  Nidalee has logged in. | Client: 12.61
2021-03-13 13:37:31 -  Supimpa has logged in. | Client: 12.61
2021-03-13 13:37:32 -  Nidalee has logged out. | Client: 12.61
2021-03-13 13:37:34 -  Juana Dacura has logged out. | Client: 12.61
2021-03-13 13:37:34 -  Darius has logged in. | Client: 12.61
2021-03-13 13:37:39 -  Joana Duarco has logged out. | Client: 12.61
2021-03-13 13:38:03 -  Darius has logged out. | Client: 12.61
2021-03-13 13:38:04 -  Nidalee has logged in. | Client: 12.61
2021-03-13 13:38:09 -  GM coxinha has logged in. | Client: 12.61
2021-03-13 13:38:13 -  Juana Dumachado has logged out. | Client: 12.61
2021-03-13 13:39:18 -  Nidalee has logged out. | Client: 12.61
2021-03-13 13:39:20 -  Kenja No Mago has logged in. | Client: 12.61
2021-03-13 13:40:53 -  Reloaded: events.
2021-03-13 13:40:53 -  Ekgolpeafullz has logged out. | Client: 12.61
2021-03-13 13:41:09 -  Piruleite Tudo Tres has logged in. | Client: 12.61
2021-03-13 13:43:15 -  Piruleite Tudo Tres has logged out. | Client: 12.61
2021-03-13 13:43:51 -  Ekgolpeafullz has logged in. | Client: 12.61
2021-03-13 13:44:11 -  >> Starting Sunset... Current light is 243 and it's 17:24 Tibian Time.
2021-03-13 13:44:11 -  > NPC Ghostly Wolf added!
2021-03-13 13:44:11 -  > NPC Talila added!
2021-03-13 13:44:11 -  > NPC Valindara removed!
2021-03-13 13:44:11 -  Ekgolpeafullz has logged out. | Client: 12.61
2021-03-13 13:44:28 -  Piruleite Tudo Tres has logged in. | Client: 12.61
2021-03-13 13:44:56 -  Piruleite Tudo Tres has logged out. | Client: 12.61
2021-03-13 13:45:08 -  Ekgolpeafullz has logged in. | Client: 12.61
2021-03-13 13:45:14 -  Kenja No Mago has logged out. | Client: 12.61
2021-03-13 13:45:17 -  Darius has logged in. | Client: 12.61
2021-03-13 13:52:28 -  Reloaded: rates.
2021-03-13 13:52:28 -  >> Starting Night... Current light is 40 and it's 19:20 Tibian Time.
2021-03-13 13:52:28 -  Metiradaqui has logged out. | Client: 0
2021-03-13 13:56:11 -  Metiradaqui has logged in. | Client: 12.61
2021-03-13 13:56:20 -  > Map size: 34000x34048
2021-03-13 13:56:20 -  > Map loading time: 0.003 seconds
2021-03-13 13:58:15 -  Darius has logged out. | Client: 12.61
2021-03-13 14:01:55 -  Guri Du Geada has logged in. | Client: 12.61
2021-03-13 14:02:05 -  Guri Du Geada has logged out. | Client: 12.61
2021-03-13 14:03:35 -  Floripinha has logged in. | Client: 12.61
2021-03-13 14:08:48 -  Joana Duarco has logged in. | Client: 12.61
2021-03-13 14:08:50 -  Joana Duarco has logged out. | Client: 12.61
2021-03-13 14:09:36 -  Gabriela Paladina has logged in. | Client: 12.61
2021-03-13 14:09:40 -  Gabriela Paladina has logged out. | Client: 12.61
2021-03-13 14:09:45 -  Magezinha has logged in. | Client: 12.61
2021-03-13 14:09:48 -  Magezinha has logged out. | Client: 12.61
2021-03-13 14:09:49 -  Gabriela Sexy has logged in. | Client: 12.61
2021-03-13 14:09:51 -  Gabriela Sexy has logged out. | Client: 12.61
2021-03-13 14:09:52 -  Gabriela Paladina has logged in. | Client: 12.61
2021-03-13 14:12:34 -  Devil has logged out. | Client: 0
2021-03-13 14:14:26 -  Secreto has logged in. | Client: 12.61
2021-03-13 14:16:37 -  >> Starting Sunrise... Current light is 47 and it's 5:56 Tibian Time.
2021-03-13 14:16:37 -  > NPC Ghostly Wolf removed!
2021-03-13 14:16:37 -  > NPC Talila removed!
2021-03-13 14:16:37 -  > NPC Valindara added!
2021-03-13 14:16:37 -  Juana Dumachado has logged in. | Client: 12.61
2021-03-13 14:16:42 -  Joana Duarco has logged in. | Client: 12.61
2021-03-13 14:21:23 -  >> Starting Day... Current light is 250 and it's 7:52 Tibian Time.
2021-03-13 14:21:23 -  Juana Dacura has logged in. | Client: 12.61
2021-03-13 14:25:24 -  Bilbo Bolseiro has logged out. | Client: 12.61
2021-03-13 14:26:20 -  > Map size: 34000x34000
2021-03-13 14:26:20 -  > Map loading time: 0.002 seconds
2021-03-13 14:26:37 -  > Broadcasted message: "There seems to be a big gnarlhoud gang in Zao Steppe.".
2021-03-13 14:26:56 -  > Broadcasted message: "The gnarlhounds seem to multiply by the minute.".
2021-03-13 14:28:34 -  Ekgolpeafullz has logged out. | Client: 12.61
2021-03-13 14:28:35 -  Ekgolpeafullz has logged in. | Client: 12.61
2021-03-13 14:28:36 -  > Broadcasted message: "The gnarlhounds roam free in the Zao Steppe. Watch out!".
2021-03-13 14:30:07 -  Moon Phisthys has logged in. | Client: 11
2021-03-13 14:35:26 -  Moon Phisthys has logged out. | Client: 11
2021-03-13 14:36:45 -  Leuzin has logged in. | Client: 12.61
2021-03-13 14:38:28 -  Ronalee Lovexp has logged out. | Client: 11
2021-03-13 14:39:06 -  Ronalee Lovexp has logged in. | Client: 12.61
2021-03-13 14:41:14 -  179.198.16.157 disconnected for exceeding packet per second limit.
2021-03-13 14:42:53 -  Ronalee Lovexp has logged out. | Client: 11
2021-03-13 14:43:44 -  Ronalee Lovexp has logged in. | Client: 12.61
2021-03-13 14:45:22 -  >> Starting Sunset... Current light is 243 and it's 17:24 Tibian Time.
2021-03-13 14:45:22 -  > NPC Ghostly Wolf added!
2021-03-13 14:45:22 -  > NPC Talila added!
2021-03-13 14:45:22 -  > NPC Valindara removed!
2021-03-13 14:45:22 -  Leuzin has logged out. | Client: 12.61
2021-03-13 14:45:23 -  Leuzin has logged in. | Client: 12.61
2021-03-13 14:47:23 -  Leuzin has logged out. | Client: 12.61
2021-03-13 14:50:47 -  >> Starting Night... Current light is 40 and it's 19:20 Tibian Time.
2021-03-13 14:50:47 -  Travis Sacana has logged in. | Client: 12.61
2021-03-13 14:50:58 -  Travis Sacana has logged out. | Client: 12.61
2021-03-13 14:58:05 -  35.247.246.114 disconnected for exceeding packet per second limit.
2021-03-13 15:00:55 -  Secreto has logged out. | Client: 12.61
2021-03-13 15:00:58 -  Secreto has logged in. | Client: 12.61
2021-03-13 15:05:24 -  Juana Dacura has logged out. | Client: 12.61
2021-03-13 15:05:27 -  Juana Dacura has logged in. | Client: 12.61
2021-03-13 15:09:49 -  Joana Duarco has logged out. | Client: 12.61
2021-03-13 15:09:51 -  Joana Duarco has logged in. | Client: 12.61
2021-03-13 15:18:05 -  >> Starting Sunrise... Current light is 47 and it's 5:56 Tibian Time.
2021-03-13 15:18:05 -  > NPC Ghostly Wolf removed!
2021-03-13 15:18:05 -  > NPC Talila removed!
2021-03-13 15:18:05 -  > NPC Valindara added!
2021-03-13 15:18:05 -  35.247.246.114 disconnected for exceeding packet per second limit.
2021-03-13 15:18:07 -  Ronalee Lovexp has logged out. | Client: 11
2021-03-13 15:18:12 -  Ronalee Lovexp has logged in. | Client: 11
2021-03-13 15:20:29 -  >> Starting Day... Current light is 250 and it's 7:52 Tibian Time.
2021-03-13 15:20:29 -  Guri Du Geada has logged in. | Client: 12.61
2021-03-13 15:25:05 -  Floripinha has logged out. | Client: 12.61
2021-03-13 15:25:08 -  Floripinha has logged in. | Client: 12.61
2021-03-13 15:25:12 -  Floripinha has logged out. | Client: 12.61
2021-03-13 15:25:15 -  Floripinha has logged in. | Client: 12.61
2021-03-13 15:25:40 -  Gabriela Paladina has logged out. | Client: 12.61
2021-03-13 15:25:49 -  Gabriela Paladina has logged in. | Client: 12.61
2021-03-13 15:36:15 -  Moon Phisthys has logged in. | Client: 11
2021-03-13 15:41:13 -  Mari Juana has logged out. | Client: 12.61
2021-03-13 15:41:15 -  Juana Ducajado has logged in. | Client: 12.61
2021-03-13 15:43:12 -  Gabriela Paladina has logged out. | Client: 12.61
2021-03-13 15:43:13 -  Gabriela Paladina has logged in. | Client: 12.61
2021-03-13 15:43:28 -  Gabriela Paladina has logged out. | Client: 12.61
2021-03-13 15:43:37 -  Gabriela Paladina has logged in. | Client: 12.61
2021-03-13 15:43:38 -  Gabriela Paladina has logged out. | Client: 12.61
2021-03-13 15:43:39 -  Magezinha has logged in. | Client: 12.61
2021-03-13 15:43:49 -  Magezinha has logged out. | Client: 12.61
2021-03-13 15:43:51 -  Magezinha has logged in. | Client: 12.61
2021-03-13 15:43:52 -  Magezinha has logged out. | Client: 12.61
2021-03-13 15:43:53 -  Gabriela Paladina has logged in. | Client: 12.61
2021-03-13 15:47:30 -  >> Starting Sunset... Current light is 243 and it's 17:24 Tibian Time.
2021-03-13 15:47:30 -  > NPC Ghostly Wolf added!
2021-03-13 15:47:30 -  > NPC Talila added!
2021-03-13 15:47:30 -  > NPC Valindara removed!
2021-03-13 15:47:30 -  Gabriela Paladina has logged out. | Client: 12.61
2021-03-13 15:47:31 -  Gabriela Paladina has logged in. | Client: 12.61
2021-03-13 15:48:48 -  Moon Phisthys has logged out. | Client: 11
2021-03-13 15:58:58 -  >> Starting Night... Current light is 40 and it's 19:20 Tibian Time.
2021-03-13 15:58:58 -  [Network error - Connection::parseHeader] Invalid Client Login! Server Name mismatch!
2021-03-13 15:58:58 -  [Network error - Connection::parseHeader] Invalid Client Login! Server Name mismatch!
2021-03-13 15:58:58 -  [Network error - Connection::parseHeader] Invalid Client Login! Server Name mismatch!
2021-03-13 15:59:58 -  Ekgolpeafullz has logged out. | Client: 0
2021-03-13 16:04:26 -  Ekgolpeafullz has logged in. | Client: 12.61
2021-03-13 16:10:18 -  Ekgolpeafullz has logged out. | Client: 0
2021-03-13 16:10:18 -  Ekgolpeafullz has logged in. | Client: 12.61
2021-03-13 16:10:43 -  Secreto has logged out. | Client: 12.61
2021-03-13 16:10:44 -  Secreto has logged in. | Client: 12.61
2021-03-13 16:21:03 -  >> Starting Sunrise... Current light is 47 and it's 5:56 Tibian Time.
2021-03-13 16:21:03 -  > NPC Ghostly Wolf removed!
2021-03-13 16:21:03 -  > NPC Talila removed!
2021-03-13 16:21:03 -  > NPC Valindara added!
2021-03-13 16:21:03 -  >> Starting Day... Current light is 250 and it's 7:52 Tibian Time.
2021-03-13 16:21:03 -  Tankaatemae has logged in. | Client: 12.61
2021-03-13 16:27:41 -  Ekgolpeafullz has logged out. | Client: 0
2021-03-13 16:30:37 -  > Broadcasted message: "The dragons of the Dragonblaze Mountains have    descended to Zao to protect the lizardkin!".
2021-03-13 16:32:53 -  Khissa has logged in. | Client: 12.61
2021-03-13 16:38:03 -  [Warning] DropLoot:	Could not add loot item to corpse.
2021-03-13 16:38:03 -  [Warning] DropLoot:	Could not add loot item to corpse.
2021-03-13 16:38:03 -  [Warning] DropLoot:	Could not add loot item to corpse.
2021-03-13 16:38:03 -  [Warning] DropLoot:	Could not add loot item to corpse.
2021-03-13 16:38:03 -  [Warning] DropLoot:	Could not add loot item to corpse.
2021-03-13 16:38:03 -  [Warning - Actions::registerLuaEvent] Duplicate registered item with uid: 6500 in range from uid: 5000, to uid: 12000
2021-03-13 16:38:03 -  [Warning - Actions::registerLuaEvent] Duplicate registered item with uid: 6501 in range from uid: 5000, to uid: 12000
2021-03-13 16:38:03 -  [Warning - Actions::registerLuaEvent] Duplicate registered item with uid: 6503 in range from uid: 5000, to uid: 12000
2021-03-13 16:38:03 -  [Warning - Actions::registerLuaEvent] Duplicate registered item with uid: 6550 in range from uid: 5000, to uid: 12000
2021-03-13 16:38:03 -  [Warning - Actions::registerLuaEvent] Duplicate registered item with uid: 6570 in range from uid: 5000, to uid: 12000
2021-03-13 16:38:03 -  [Warning - Actions::registerLuaEvent] Duplicate registered item with uid: 6661 in range from uid: 5000, to uid: 12000
2021-03-13 16:38:03 -  [Warning - Actions::registerLuaEvent] Duplicate registered item with uid: 6662 in range from uid: 5000, to uid: 12000
2021-03-13 16:38:03 -  [Warning - Actions::registerLuaEvent] Duplicate registered item with uid: 6663 in range from uid: 5000, to uid: 12000
2021-03-13 16:38:03 -  [Warning - Actions::registerLuaEvent] Duplicate registered item with uid: 6664 in range from uid: 5000, to uid: 12000
2021-03-13 16:38:03 -  [Warning - Actions::registerLuaEvent] Duplicate registered item with uid: 6665 in range from uid: 5000, to uid: 12000
2021-03-13 16:38:03 -  [Warning - Actions::registerLuaEvent] Duplicate registered item with uid: 6666 in range from uid: 5000, to uid: 12000
2021-03-13 16:38:03 -  [Warning - Actions::registerLuaEvent] Duplicate registered item with uid: 6678 in range from uid: 5000, to uid: 12000
2021-03-13 16:38:03 -  [Warning - Actions::registerLuaEvent] Duplicate registered item with uid: 6693 in range from uid: 5000, to uid: 12000
2021-03-13 16:38:03 -  [Warning - Actions::registerLuaEvent] Duplicate registered item with uid: 6697 in range from uid: 5000, to uid: 12000
2021-03-13 16:38:03 -  [Warning - Actions::registerLuaEvent] Duplicate registered item with uid: 6698 in range from uid: 5000, to uid: 12000
2021-03-13 16:38:03 -  [Warning - Actions::registerLuaEvent] Duplicate registered item with uid: 6699 in range from uid: 5000, to uid: 12000
2021-03-13 16:38:03 -  [Warning - Actions::registerLuaEvent] Duplicate registered item with uid: 6701 in range from uid: 5000, to uid: 12000
2021-03-13 16:38:03 -  [Warning - Actions::registerLuaEvent] Duplicate registered item with uid: 6702 in range from uid: 5000, to uid: 12000
2021-03-13 16:38:03 -  [Warning - Actions::registerLuaEvent] Duplicate registered item with uid: 6703 in range from uid: 5000, to uid: 12000
2021-03-13 16:47:15 -  Reloaded: scripts.
2021-03-13 16:47:15 -  >> Starting Sunset... Current light is 243 and it's 17:24 Tibian Time.
2021-03-13 16:47:15 -  > NPC Ghostly Wolf added!
2021-03-13 16:47:15 -  > NPC Talila added!
2021-03-13 16:47:15 -  > NPC Valindara removed!
2021-03-13 16:47:15 -  Tankaatemae has logged out. | Client: 12.61
2021-03-13 16:47:18 -  Bixodoido has logged in. | Client: 12.61
2021-03-13 16:53:37 -  >> Starting Night... Current light is 40 and it's 19:20 Tibian Time.
2021-03-13 16:53:37 -  [Warning] DropLoot:	Could not add loot item to corpse.
2021-03-13 16:53:37 -  [Warning] DropLoot:	Could not add loot item to corpse.
2021-03-13 16:53:37 -  [Warning] DropLoot:	Could not add loot item to corpse.
2021-03-13 16:53:37 -  [Warning] DropLoot:	Could not add loot item to corpse.
2021-03-13 16:53:37 -  [Warning] DropLoot:	Could not add loot item to corpse.
2021-03-13 16:53:37 -  [Warning] DropLoot:	Could not add loot item to corpse.
2021-03-13 16:53:37 -  [Warning] DropLoot:	Could not add loot item to corpse.
2021-03-13 16:53:37 -  [Warning] DropLoot:	Could not add loot item to corpse.
2021-03-13 16:53:37 -  [Warning] DropLoot:	Could not add loot item to corpse.
2021-03-13 16:53:37 -  [Warning] DropLoot:	Could not add loot item to corpse.
2021-03-13 16:53:37 -  [Warning] DropLoot:	Could not add loot item to corpse.
2021-03-13 16:53:37 -  [Warning] DropLoot:	Could not add loot item to corpse.
2021-03-13 16:53:37 -  [Warning] DropLoot:	Could not add loot item to corpse.
2021-03-13 16:53:37 -  [Warning] DropLoot:	Could not add loot item to corpse.
2021-03-13 16:53:37 -  [Warning] DropLoot:	Could not add loot item to corpse.
2021-03-13 16:53:37 -  [Warning] DropLoot:	Could not add loot item to corpse.
2021-03-13 16:53:37 -  [Warning] DropLoot:	Could not add loot item to corpse.
2021-03-13 16:53:37 -  Bixodoido has logged out. | Client: 12.61
2021-03-13 16:53:39 -  Tankaatemae has logged in. | Client: 12.61
2021-03-13 16:53:46 -  Tankaatemae has logged out. | Client: 12.61
2021-03-13 16:53:49 -  Bixodoido has logged in. | Client: 12.61
2021-03-13 16:54:10 -  Guri Du Geada has logged out. | Client: 12.61
