2021-03-13 13:12:41 -  OTServBR - Global - Version TFS 1.3
2021-03-13 13:12:41 -  
2021-03-13 13:12:41 -  Compiled with GNU C++ version 9.3.0
2021-03-13 13:12:41 -  Compiled on Mar 13 2021 04:41:45 for platform x64
2021-03-13 13:12:41 -  Linked with LuaJIT 2.1.0-beta3 for Lua support
2021-03-13 13:12:41 -  
2021-03-13 13:12:41 -  A server developed by OTServBR, Mark Samman and The Forgotten Server Developers
2021-03-13 13:12:41 -  Visit our forum for updates, support, and resources: https://otserv.com.br/ and https://forums.otserv.com.br
2021-03-13 13:12:41 -  
2021-03-13 13:12:41 -  >> Loading config
2021-03-13 13:12:41 -  >> Client Version: 12.60
2021-03-13 13:12:41 -  >> Establishing database connection... MySQL 10.3.25
2021-03-13 13:12:41 -  >> Running database manager
2021-03-13 13:12:42 -  > Optimizing table player_items... [success]
2021-03-13 13:12:43 -  > Optimizing table player_storage... [success]
2021-03-13 13:12:43 -  >> Loading vocations
2021-03-13 13:12:43 -  >> Loading items
2021-03-13 13:12:43 -  >> Loading script systems
2021-03-13 13:12:43 -  >> Loading lua libs
2021-03-13 13:12:44 -  >> Loading event scheduler
2021-03-13 13:12:44 -  > Double XP event exp: 150%, loot: 0%, spawn: 0%, skill: 0%.
2021-03-13 13:12:44 -  [Warning - GlobalEvents::configureEvent] Duplicate registered globalevent with name: 
2021-03-13 13:12:44 -  [Warning - GlobalEvents::configureEvent] Duplicate registered globalevent with name: 
2021-03-13 13:12:44 -  > Double Coins  event exp: 0%, loot: 0%, spawn: 0%, skill: 0%.
2021-03-13 13:12:44 -  >> Loading lua scripts
2021-03-13 13:12:44 -  [Warning - Actions::registerLuaEvent] Duplicate registered item with uid: 6500 in range from uid: 5000, to uid: 12000
2021-03-13 13:12:44 -  [Warning - Actions::registerLuaEvent] Duplicate registered item with uid: 6501 in range from uid: 5000, to uid: 12000
2021-03-13 13:12:44 -  [Warning - Actions::registerLuaEvent] Duplicate registered item with uid: 6503 in range from uid: 5000, to uid: 12000
2021-03-13 13:12:44 -  [Warning - Actions::registerLuaEvent] Duplicate registered item with uid: 6550 in range from uid: 5000, to uid: 12000
2021-03-13 13:12:44 -  [Warning - Actions::registerLuaEvent] Duplicate registered item with uid: 6570 in range from uid: 5000, to uid: 12000
2021-03-13 13:12:44 -  [Warning - Actions::registerLuaEvent] Duplicate registered item with uid: 6661 in range from uid: 5000, to uid: 12000
2021-03-13 13:12:44 -  [Warning - Actions::registerLuaEvent] Duplicate registered item with uid: 6662 in range from uid: 5000, to uid: 12000
2021-03-13 13:12:44 -  [Warning - Actions::registerLuaEvent] Duplicate registered item with uid: 6663 in range from uid: 5000, to uid: 12000
2021-03-13 13:12:44 -  [Warning - Actions::registerLuaEvent] Duplicate registered item with uid: 6664 in range from uid: 5000, to uid: 12000
2021-03-13 13:12:44 -  [Warning - Actions::registerLuaEvent] Duplicate registered item with uid: 6665 in range from uid: 5000, to uid: 12000
2021-03-13 13:12:44 -  [Warning - Actions::registerLuaEvent] Duplicate registered item with uid: 6666 in range from uid: 5000, to uid: 12000
2021-03-13 13:12:44 -  [Warning - Actions::registerLuaEvent] Duplicate registered item with uid: 6678 in range from uid: 5000, to uid: 12000
2021-03-13 13:12:44 -  [Warning - Actions::registerLuaEvent] Duplicate registered item with uid: 6693 in range from uid: 5000, to uid: 12000
2021-03-13 13:12:44 -  [Warning - Actions::registerLuaEvent] Duplicate registered item with uid: 6697 in range from uid: 5000, to uid: 12000
2021-03-13 13:12:44 -  [Warning - Actions::registerLuaEvent] Duplicate registered item with uid: 6698 in range from uid: 5000, to uid: 12000
2021-03-13 13:12:44 -  [Warning - Actions::registerLuaEvent] Duplicate registered item with uid: 6699 in range from uid: 5000, to uid: 12000
2021-03-13 13:12:44 -  [Warning - Actions::registerLuaEvent] Duplicate registered item with uid: 6701 in range from uid: 5000, to uid: 12000
2021-03-13 13:12:44 -  [Warning - Actions::registerLuaEvent] Duplicate registered item with uid: 6702 in range from uid: 5000, to uid: 12000
2021-03-13 13:12:44 -  [Warning - Actions::registerLuaEvent] Duplicate registered item with uid: 6703 in range from uid: 5000, to uid: 12000
2021-03-13 13:12:44 -  >> Loading lua monsters
2021-03-13 13:12:44 -  [Warning - Loot:setId] Unknown loot item "spectral scrap of cloth". 
2021-03-13 13:12:44 -  [Warning - end] Monster: "The Pale Worm" loot could not correctly be load.
2021-03-13 13:12:44 -  [Error - Monsters::deserializeSpell] - The Pale Worm - Unknown spell name: summonsthepaleworm
2021-03-13 13:12:44 -  [Error - Monsters::deserializeSpell] - A Weak Spot - Unknown spell name: aweakspotdeathue
2021-03-13 13:12:44 -  [Error - Monsters::deserializeSpell] - A Weak Spot - Unknown spell name: summonsaweakspot
2021-03-13 13:12:44 -  [Error - Monsters::deserializeSpell] - The Dread Maiden - Unknown spell name: maidenring
2021-03-13 13:12:44 -  [Error - Monsters::deserializeSpell] - The Dread Maiden - Unknown spell name: summonsthedreadmaiden
2021-03-13 13:12:44 -  [Error - Monsters::deserializeSpell] - Horror - Unknown spell name: cakeheal
2021-03-13 13:12:44 -  [Error - Monsters::deserializeSpell] - Symbol of Fear - Unknown spell name: symboloffearue
2021-03-13 13:12:44 -  [Error - Monsters::deserializeSpell] - The Fear Feaster - Unknown spell name: deathring1x1
2021-03-13 13:12:44 -  [Error - Monsters::deserializeSpell] - The Fear Feaster - Unknown spell name: deathring2x2
2021-03-13 13:12:44 -  [Error - Monsters::deserializeSpell] - The Fear Feaster - Unknown spell name: deathring3x3
2021-03-13 13:12:44 -  [Error - Monsters::deserializeSpell] - Brother Worm - Unknown spell name: lifesteal
2021-03-13 13:12:44 -  [Error - Monsters::deserializeSpell] - The Unwelcome - Unknown spell name: lifesteal
2021-03-13 13:12:44 -  [Error - Monsters::deserializeSpell] - The Unwelcome - Unknown spell name: summonstheunwelcome
2021-03-13 13:12:45 -  >> Loading outfits
2021-03-13 13:12:45 -  >> Loading familiars
2021-03-13 13:12:45 -  >> Boosted creature: Arachnophobica
2021-03-13 13:12:45 -  >> Checking world type... PVP
2021-03-13 13:12:45 -  >> Loading map
2021-03-13 13:12:47 -  > Map size: 34143x33812
2021-03-13 13:12:54 -  > Duplicate unique id: 6664
2021-03-13 13:12:56 -  > Map loading time: 11.225 seconds
2021-03-13 13:12:57 -  > Loaded spawns in: 11.79 seconds
2021-03-13 13:12:57 -  > Loaded house items in: 0.024 seconds
2021-03-13 13:12:57 -  >> Initializing gamestate
2021-03-13 13:13:01 -  >> Nightmare Isle will be active north of Darashia today
2021-03-13 13:13:01 -  >> Fury Gate will be active in Carlin today
2021-03-13 13:13:01 -  >> Rashid arrived at Saturdays destination.
2021-03-13 13:13:01 -  >> Loading map attributes
2021-03-13 13:13:01 -  > Loaded 967 npcs and spawned 74141 monsters
2021-03-13 13:13:01 -  > Loaded 26 towns with 984 houses in total
2021-03-13 13:13:01 -  >> Wrong item id found
2021-03-13 13:13:01 -  > Sign id: 11, item id: 1406
2021-03-13 13:13:01 -  > Loaded 14 signs in the map
2021-03-13 13:13:01 -  > Loaded 37 books and documents in the map
2021-03-13 13:13:01 -  >> Wrong item id found
2021-03-13 13:13:01 -  > Action id: 14900, item id: 22821
2021-03-13 13:13:01 -  >> Wrong item id found
2021-03-13 13:13:01 -  > Unique id: 30026, item id: 10044
2021-03-13 13:13:01 -  > Loaded all actions in the map
2021-03-13 13:13:01 -  > Loaded all uniques in the map
2021-03-13 13:13:01 -  >> Spawning Hirelings
2021-03-13 13:13:01 -  >> Loading custom map
2021-03-13 13:13:01 -  > Loaded otservbr-custom map
2021-03-13 13:13:01 -  >> Yasir: libertybay. 
2021-03-13 13:13:01 -  >> Loaded all modules, server starting up...
2021-03-13 13:13:01 -  > Warning: OTServBR - Global has been executed as root user, please consider running it as a normal user.
2021-03-13 13:13:01 -  >> Divine-Global Server Online!
2021-03-13 13:13:01 -  
2021-03-13 13:13:01 -  > Map size: 34143x33812
2021-03-13 13:13:01 -  > Map loading time: 0.002 seconds
2021-03-13 13:13:01 -  > Map size: 32267x31850
2021-03-13 13:13:01 -  > Map loading time: 0.001 seconds
2021-03-13 13:13:01 -  > Map size: 34143x33812
2021-03-13 13:13:01 -  > Map loading time: 0.063 seconds
2021-03-13 13:13:01 -  > Map size: 32319x32904
2021-03-13 13:13:01 -  > Map loading time: 0.001 seconds
2021-03-13 13:13:01 -  Juana Dumachado has logged in. | Client: 12.61
2021-03-13 13:13:01 -  Joana Duarco has logged in. | Client: 12.61
2021-03-13 13:13:01 -  Metiradaqui has logged in. | Client: 12.61
2021-03-13 13:13:05 -  Juana Dacura has logged in. | Client: 12.61
2021-03-13 13:13:13 -  > Loaded otservbr-custom spawn
2021-03-13 13:13:13 -  Juana Ducajado has logged in. | Client: 12.61
2021-03-13 13:13:18 -  Bilbo Bolseiro has logged in. | Client: 12.61
2021-03-13 13:13:47 -  ADM inside has logged in. | Client: 12.61
2021-03-13 13:15:08 -  Joana Duarco has logged out. | Client: 12.61
2021-03-13 13:15:09 -  Joana Duarco has logged in. | Client: 12.61
2021-03-13 13:15:10 -  Juana Dacura has logged out. | Client: 12.61
2021-03-13 13:15:11 -  Juana Dacura has logged in. | Client: 12.61
2021-03-13 13:16:17 -  
2021-03-13 13:16:17 -  Lua Script Error: [Npc interface] 
2021-03-13 13:16:17 -  data/npc/scripts/avar_tar.lua:onCreatureSay
2021-03-13 13:16:17 -  data/npc/scripts/avar_tar.lua:69: attempt to index field 'TheAnnihilator' (a nil value)
2021-03-13 13:16:17 -  stack traceback:
2021-03-13 13:16:17 -  	[C]: in function '__index'
2021-03-13 13:16:17 -  	data/npc/scripts/avar_tar.lua:69: in function 'callback'
2021-03-13 13:16:17 -  	data/npc/lib/npcsystem/npchandler.lua:433: in function 'onCreatureSay'
2021-03-13 13:16:17 -  	data/npc/scripts/avar_tar.lua:12: in function <data/npc/scripts/avar_tar.lua:11>
2021-03-13 13:16:29 -  
2021-03-13 13:16:29 -  Lua Script Error: [Npc interface] 
2021-03-13 13:16:29 -  data/npc/scripts/avar_tar.lua:onCreatureSay
2021-03-13 13:16:29 -  data/npc/scripts/avar_tar.lua:80: attempt to index field 'TheAnnihilator' (a nil value)
2021-03-13 13:16:29 -  stack traceback:
2021-03-13 13:16:29 -  	[C]: in function '__index'
2021-03-13 13:16:29 -  	data/npc/scripts/avar_tar.lua:80: in function 'callback'
2021-03-13 13:16:29 -  	data/npc/lib/npcsystem/npchandler.lua:433: in function 'onCreatureSay'
2021-03-13 13:16:29 -  	data/npc/scripts/avar_tar.lua:12: in function <data/npc/scripts/avar_tar.lua:11>
2021-03-13 13:16:35 -  
2021-03-13 13:16:35 -  Lua Script Error: [Npc interface] 
2021-03-13 13:16:35 -  data/npc/scripts/avar_tar.lua:onCreatureSay
2021-03-13 13:16:35 -  data/npc/scripts/avar_tar.lua:92: attempt to index field 'TheAnnihilator' (a nil value)
2021-03-13 13:16:35 -  stack traceback:
2021-03-13 13:16:35 -  	[C]: in function '__index'
2021-03-13 13:16:35 -  	data/npc/scripts/avar_tar.lua:92: in function 'callback'
2021-03-13 13:16:35 -  	data/npc/lib/npcsystem/npchandler.lua:433: in function 'onCreatureSay'
2021-03-13 13:16:35 -  	data/npc/scripts/avar_tar.lua:12: in function <data/npc/scripts/avar_tar.lua:11>
2021-03-13 13:17:15 -  
2021-03-13 13:17:15 -  Lua Script Error: [Npc interface] 
2021-03-13 13:17:15 -  data/npc/scripts/avar_tar.lua:onCreatureSay
2021-03-13 13:17:15 -  data/npc/scripts/avar_tar.lua:69: attempt to index field 'TheAnnihilator' (a nil value)
2021-03-13 13:17:15 -  stack traceback:
2021-03-13 13:17:15 -  	[C]: in function '__index'
2021-03-13 13:17:15 -  	data/npc/scripts/avar_tar.lua:69: in function 'callback'
2021-03-13 13:17:15 -  	data/npc/lib/npcsystem/npchandler.lua:433: in function 'onCreatureSay'
2021-03-13 13:17:15 -  	data/npc/scripts/avar_tar.lua:12: in function <data/npc/scripts/avar_tar.lua:11>
2021-03-13 13:17:17 -  Nidalee has logged in. | Client: 12.61
2021-03-13 13:17:55 -  
2021-03-13 13:17:55 -  Lua Script Error: [Npc interface] 
2021-03-13 13:17:55 -  data/npc/scripts/avar_tar.lua:onCreatureSay
2021-03-13 13:17:55 -  data/npc/scripts/avar_tar.lua:69: attempt to index field 'TheAnnihilator' (a nil value)
2021-03-13 13:17:55 -  stack traceback:
2021-03-13 13:17:55 -  	[C]: in function '__index'
2021-03-13 13:17:55 -  	data/npc/scripts/avar_tar.lua:69: in function 'callback'
2021-03-13 13:17:55 -  	data/npc/lib/npcsystem/npchandler.lua:433: in function 'onCreatureSay'
2021-03-13 13:17:55 -  	data/npc/scripts/avar_tar.lua:12: in function <data/npc/scripts/avar_tar.lua:11>
