2021-03-14 09:00:11 -  OTServBR - Global - Version TFS 1.3
2021-03-14 09:00:11 -  
2021-03-14 09:00:11 -  Compiled with GNU C++ version 9.3.0
2021-03-14 09:00:11 -  Compiled on Mar 13 2021 04:41:45 for platform x64
2021-03-14 09:00:11 -  Linked with LuaJIT 2.1.0-beta3 for Lua support
2021-03-14 09:00:11 -  
2021-03-14 09:00:11 -  A server developed by OTServBR, Mark Samman and The Forgotten Server Developers
2021-03-14 09:00:11 -  Visit our forum for updates, support, and resources: https://otserv.com.br/ and https://forums.otserv.com.br
2021-03-14 09:00:11 -  
2021-03-14 09:00:11 -  >> Loading config
2021-03-14 09:00:11 -  >> Client Version: 12.60
2021-03-14 09:00:11 -  >> Establishing database connection... MySQL 10.3.25
2021-03-14 09:00:11 -  >> Running database manager
2021-03-14 09:00:11 -  > Optimizing table player_items... [success]
2021-03-14 09:00:12 -  > Optimizing table player_storage... [success]
2021-03-14 09:00:12 -  >> Loading vocations
2021-03-14 09:00:12 -  >> Loading items
2021-03-14 09:00:12 -  >> Loading script systems
2021-03-14 09:00:13 -  >> Loading lua libs
2021-03-14 09:00:13 -  >> Loading event scheduler
2021-03-14 09:00:13 -  > Double XP event exp: 0%, loot: 0%, spawn: 0%, skill: 0%.
2021-03-14 09:00:13 -  [Warning - GlobalEvents::configureEvent] Duplicate registered globalevent with name: 
2021-03-14 09:00:13 -  [Warning - GlobalEvents::configureEvent] Duplicate registered globalevent with name: 
2021-03-14 09:00:13 -  > Double Coins  event exp: 0%, loot: 0%, spawn: 0%, skill: 0%.
2021-03-14 09:00:13 -  [Warning - GlobalEvents::configureEvent] Duplicate registered globalevent with name: 
2021-03-14 09:00:13 -  [Warning - GlobalEvents::configureEvent] Duplicate registered globalevent with name: 
2021-03-14 09:00:13 -  > Faster Spawn event exp: 0%, loot: 0%, spawn: 200%, skill: 0%.
2021-03-14 09:00:13 -  >> Loading lua scripts
2021-03-14 09:00:13 -  [Warning - Actions::registerLuaEvent] Duplicate registered item with uid: 6500 in range from uid: 5000, to uid: 12000
2021-03-14 09:00:13 -  [Warning - Actions::registerLuaEvent] Duplicate registered item with uid: 6501 in range from uid: 5000, to uid: 12000
2021-03-14 09:00:13 -  [Warning - Actions::registerLuaEvent] Duplicate registered item with uid: 6503 in range from uid: 5000, to uid: 12000
2021-03-14 09:00:13 -  [Warning - Actions::registerLuaEvent] Duplicate registered item with uid: 6550 in range from uid: 5000, to uid: 12000
2021-03-14 09:00:13 -  [Warning - Actions::registerLuaEvent] Duplicate registered item with uid: 6570 in range from uid: 5000, to uid: 12000
2021-03-14 09:00:13 -  [Warning - Actions::registerLuaEvent] Duplicate registered item with uid: 6661 in range from uid: 5000, to uid: 12000
2021-03-14 09:00:13 -  [Warning - Actions::registerLuaEvent] Duplicate registered item with uid: 6662 in range from uid: 5000, to uid: 12000
2021-03-14 09:00:13 -  [Warning - Actions::registerLuaEvent] Duplicate registered item with uid: 6663 in range from uid: 5000, to uid: 12000
2021-03-14 09:00:13 -  [Warning - Actions::registerLuaEvent] Duplicate registered item with uid: 6664 in range from uid: 5000, to uid: 12000
2021-03-14 09:00:13 -  [Warning - Actions::registerLuaEvent] Duplicate registered item with uid: 6665 in range from uid: 5000, to uid: 12000
2021-03-14 09:00:13 -  [Warning - Actions::registerLuaEvent] Duplicate registered item with uid: 6666 in range from uid: 5000, to uid: 12000
2021-03-14 09:00:13 -  [Warning - Actions::registerLuaEvent] Duplicate registered item with uid: 6678 in range from uid: 5000, to uid: 12000
2021-03-14 09:00:13 -  [Warning - Actions::registerLuaEvent] Duplicate registered item with uid: 6693 in range from uid: 5000, to uid: 12000
2021-03-14 09:00:13 -  [Warning - Actions::registerLuaEvent] Duplicate registered item with uid: 6697 in range from uid: 5000, to uid: 12000
2021-03-14 09:00:13 -  [Warning - Actions::registerLuaEvent] Duplicate registered item with uid: 6698 in range from uid: 5000, to uid: 12000
2021-03-14 09:00:13 -  [Warning - Actions::registerLuaEvent] Duplicate registered item with uid: 6699 in range from uid: 5000, to uid: 12000
2021-03-14 09:00:13 -  [Warning - Actions::registerLuaEvent] Duplicate registered item with uid: 6701 in range from uid: 5000, to uid: 12000
2021-03-14 09:00:13 -  [Warning - Actions::registerLuaEvent] Duplicate registered item with uid: 6702 in range from uid: 5000, to uid: 12000
2021-03-14 09:00:13 -  [Warning - Actions::registerLuaEvent] Duplicate registered item with uid: 6703 in range from uid: 5000, to uid: 12000
2021-03-14 09:00:13 -  >> Loading lua monsters
2021-03-14 09:00:14 -  [Warning - Loot:setId] Unknown loot item "spectral scrap of cloth". 
2021-03-14 09:00:14 -  [Warning - end] Monster: "The Pale Worm" loot could not correctly be load.
2021-03-14 09:00:14 -  [Error - Monsters::deserializeSpell] - The Pale Worm - Unknown spell name: summonsthepaleworm
2021-03-14 09:00:14 -  [Error - Monsters::deserializeSpell] - A Weak Spot - Unknown spell name: aweakspotdeathue
2021-03-14 09:00:14 -  [Error - Monsters::deserializeSpell] - A Weak Spot - Unknown spell name: summonsaweakspot
2021-03-14 09:00:14 -  [Error - Monsters::deserializeSpell] - The Dread Maiden - Unknown spell name: maidenring
2021-03-14 09:00:14 -  [Error - Monsters::deserializeSpell] - The Dread Maiden - Unknown spell name: summonsthedreadmaiden
2021-03-14 09:00:14 -  [Error - Monsters::deserializeSpell] - Horror - Unknown spell name: cakeheal
2021-03-14 09:00:14 -  [Error - Monsters::deserializeSpell] - Symbol of Fear - Unknown spell name: symboloffearue
2021-03-14 09:00:14 -  [Error - Monsters::deserializeSpell] - The Fear Feaster - Unknown spell name: deathring1x1
2021-03-14 09:00:14 -  [Error - Monsters::deserializeSpell] - The Fear Feaster - Unknown spell name: deathring2x2
2021-03-14 09:00:14 -  [Error - Monsters::deserializeSpell] - The Fear Feaster - Unknown spell name: deathring3x3
2021-03-14 09:00:14 -  [Error - Monsters::deserializeSpell] - Brother Worm - Unknown spell name: lifesteal
2021-03-14 09:00:14 -  [Error - Monsters::deserializeSpell] - The Unwelcome - Unknown spell name: lifesteal
2021-03-14 09:00:14 -  [Error - Monsters::deserializeSpell] - The Unwelcome - Unknown spell name: summonstheunwelcome
2021-03-14 09:00:14 -  >> Loading outfits
2021-03-14 09:00:14 -  >> Loading familiars
2021-03-14 09:00:14 -  >> Boosted creature: Squid Warden
2021-03-14 09:00:14 -  >> Checking world type... PVP
2021-03-14 09:00:14 -  >> Loading map
2021-03-14 09:00:17 -  > Map size: 34143x33812
2021-03-14 09:00:23 -  > Duplicate unique id: 6664
2021-03-14 09:00:25 -  > Map loading time: 11.053 seconds
2021-03-14 09:00:26 -  > Loaded spawns in: 11.556 seconds
2021-03-14 09:00:26 -  > Loaded house items in: 0.025 seconds
2021-03-14 09:00:26 -  >> Initializing gamestate
2021-03-14 09:00:29 -  >> Nightmare Isle will be active west of Darashia today
2021-03-14 09:00:29 -  >> Fury Gate will be active in Kazordoon today
2021-03-14 09:00:29 -  >> Rashid arrived at Sundays destination.
2021-03-14 09:00:29 -  >> Loading map attributes
2021-03-14 09:00:29 -  > Loaded 967 npcs and spawned 74141 monsters
2021-03-14 09:00:29 -  > Loaded 26 towns with 984 houses in total
2021-03-14 09:00:29 -  >> Wrong item id found
2021-03-14 09:00:29 -  > Sign id: 11, item id: 1406
2021-03-14 09:00:29 -  > Loaded 14 signs in the map
2021-03-14 09:00:29 -  > Loaded 37 books and documents in the map
2021-03-14 09:00:29 -  >> Wrong item id found
2021-03-14 09:00:29 -  > Action id: 14900, item id: 22821
2021-03-14 09:00:29 -  >> Wrong item id found
2021-03-14 09:00:29 -  > Unique id: 30026, item id: 10044
2021-03-14 09:00:29 -  > Loaded all actions in the map
2021-03-14 09:00:29 -  > Loaded all uniques in the map
2021-03-14 09:00:29 -  >> Spawning Hirelings
2021-03-14 09:00:29 -  >> Loading custom map
2021-03-14 09:00:29 -  > Loaded otservbr-custom map
2021-03-14 09:00:29 -  >> Yasir: not this time
2021-03-14 09:00:29 -  >> Loaded all modules, server starting up...
2021-03-14 09:00:29 -  > Warning: OTServBR - Global has been executed as root user, please consider running it as a normal user.
2021-03-14 09:00:30 -  >> Divine-Global Server Online!
2021-03-14 09:00:30 -  
2021-03-14 09:00:30 -  > Map size: 34143x33812
2021-03-14 09:00:30 -  > Map loading time: 0.005 seconds
2021-03-14 09:00:30 -  > Map size: 32578x31985
2021-03-14 09:00:30 -  > Map loading time: 0.001 seconds
2021-03-14 09:00:30 -  > Map size: 34143x33812
2021-03-14 09:00:30 -  > Map loading time: 0.059 seconds
2021-03-14 09:00:30 -  Secreto has logged in. | Client: 12.61
2021-03-14 09:08:07 -  > Loaded otservbr-custom spawn
2021-03-14 09:08:07 -  179.198.16.157 disconnected for exceeding packet per second limit.
2021-03-14 09:08:58 -  Secreto has logged out. | Client: 12.61
2021-03-14 09:08:59 -  Secreto has logged in. | Client: 12.61
2021-03-14 09:16:31 -  179.198.16.157 disconnected for exceeding packet per second limit.
2021-03-14 09:17:22 -  Secreto has logged out. | Client: 12.61
2021-03-14 09:17:23 -  Secreto has logged in. | Client: 12.61
2021-03-14 09:49:05 -  >> Starting Sunset... Current light is 243 and it's 17:24 Tibian Time.
2021-03-14 09:49:05 -  > NPC Ghostly Wolf added!
2021-03-14 09:49:05 -  > NPC Talila added!
2021-03-14 09:49:05 -  > NPC Valindara removed!
2021-03-14 09:49:05 -  >> Starting Night... Current light is 40 and it's 19:20 Tibian Time.
2021-03-14 09:49:05 -  Joana Duarco has logged in. | Client: 12.61
2021-03-14 10:13:44 -  179.198.16.157 disconnected for exceeding packet per second limit.
2021-03-14 10:14:35 -  Secreto has logged out. | Client: 12.61
2021-03-14 10:14:36 -  Secreto has logged in. | Client: 12.61
2021-03-14 11:36:37 -  >> Starting Sunrise... Current light is 47 and it's 5:56 Tibian Time.
2021-03-14 11:36:37 -  > NPC Ghostly Wolf removed!
2021-03-14 11:36:37 -  > NPC Talila removed!
2021-03-14 11:36:37 -  > NPC Valindara added!
2021-03-14 11:36:37 -  >> Starting Day... Current light is 250 and it's 7:52 Tibian Time.
2021-03-14 11:36:37 -  >> Starting Sunset... Current light is 243 and it's 17:24 Tibian Time.
2021-03-14 11:36:37 -  > NPC Ghostly Wolf added!
2021-03-14 11:36:37 -  > NPC Talila added!
2021-03-14 11:36:37 -  > NPC Valindara removed!
2021-03-14 11:36:37 -  >> Starting Night... Current light is 40 and it's 19:20 Tibian Time.
2021-03-14 11:36:37 -  >> Starting Sunrise... Current light is 47 and it's 5:56 Tibian Time.
2021-03-14 11:36:37 -  > NPC Ghostly Wolf removed!
2021-03-14 11:36:37 -  > NPC Talila removed!
2021-03-14 11:36:37 -  > NPC Valindara added!
2021-03-14 11:36:37 -  >> Starting Day... Current light is 250 and it's 7:52 Tibian Time.
2021-03-14 11:36:37 -  Ekgolpeafullz has logged in. | Client: 12.61
2021-03-14 11:59:15 -  >> Starting Sunset... Current light is 243 and it's 17:24 Tibian Time.
2021-03-14 11:59:15 -  > NPC Ghostly Wolf added!
2021-03-14 11:59:15 -  > NPC Talila added!
2021-03-14 11:59:15 -  > NPC Valindara removed!
2021-03-14 11:59:15 -  >> Starting Night... Current light is 40 and it's 19:20 Tibian Time.
2021-03-14 11:59:15 -  Gabriela Paladina has logged in. | Client: 12.61
2021-03-14 12:03:15 -  Ekgolpeafullz has logged out. | Client: 0
2021-03-14 12:10:22 -  Floripinha has logged in. | Client: 12.61
2021-03-14 12:11:28 -  Juana Ducajado has logged in. | Client: 12.61
2021-03-14 12:12:31 -  Joana Duarco has logged out. | Client: 12.61
2021-03-14 12:14:59 -  Juana Ducajado has logged out. | Client: 12.61
2021-03-14 12:15:01 -  Mari Juana has logged in. | Client: 12.61
2021-03-14 12:17:05 -  >> Starting Sunrise... Current light is 47 and it's 5:56 Tibian Time.
2021-03-14 12:17:05 -  > NPC Ghostly Wolf removed!
2021-03-14 12:17:05 -  > NPC Talila removed!
2021-03-14 12:17:05 -  > NPC Valindara added!
2021-03-14 12:17:05 -  Mari Juana has logged out. | Client: 12.61
2021-03-14 12:17:06 -  Juana Ducajado has logged in. | Client: 12.61
2021-03-14 12:18:12 -  Juana Ducajado has logged out. | Client: 12.61
2021-03-14 12:18:15 -  Mari Juana has logged in. | Client: 12.61
2021-03-14 12:18:43 -  Mari Juana has logged out. | Client: 12.61
2021-03-14 12:18:45 -  Juana Ducajado has logged in. | Client: 12.61
2021-03-14 12:24:02 -  >> Starting Day... Current light is 250 and it's 7:52 Tibian Time.
2021-03-14 12:24:02 -  Juana Ducajado has logged out. | Client: 12.61
2021-03-14 12:24:04 -  Mari Juana has logged in. | Client: 12.61
2021-03-14 12:47:55 -  >> Starting Sunset... Current light is 243 and it's 17:24 Tibian Time.
2021-03-14 12:47:55 -  > NPC Ghostly Wolf added!
2021-03-14 12:47:55 -  > NPC Talila added!
2021-03-14 12:47:55 -  > NPC Valindara removed!
2021-03-14 12:47:55 -  Outro Guri Du Geada has logged in. | Client: 12.61
2021-03-14 12:47:58 -  Outro Guri Du Geada has logged out. | Client: 12.61
2021-03-14 12:47:59 -  Guri Du Geada has logged in. | Client: 12.61
2021-03-14 12:49:47 -  >> Starting Night... Current light is 40 and it's 19:20 Tibian Time.
2021-03-14 12:49:47 -  Guri Du Geada has logged out. | Client: 12.61
2021-03-14 12:49:49 -  Outro Guri Du Geada has logged in. | Client: 12.61
2021-03-14 13:00:21 -  Joana Duarco has logged in. | Client: 12.61
2021-03-14 13:15:32 -  >> Starting Sunrise... Current light is 47 and it's 5:56 Tibian Time.
2021-03-14 13:15:32 -  > NPC Ghostly Wolf removed!
2021-03-14 13:15:32 -  > NPC Talila removed!
2021-03-14 13:15:32 -  > NPC Valindara added!
2021-03-14 13:15:32 -  Pacific has logged in. | Client: 12.61
2021-03-14 13:15:34 -  Pacific has logged out. | Client: 12.61
2021-03-14 13:15:35 -  Forfun has logged in. | Client: 12.61
2021-03-14 13:15:36 -  Forfun has logged out. | Client: 12.61
2021-03-14 13:15:38 -  Ariel has logged in. | Client: 12.61
2021-03-14 13:15:41 -  Ariel has logged out. | Client: 12.61
2021-03-14 13:15:43 -  Devil has logged in. | Client: 12.61
2021-03-14 13:20:31 -  >> Starting Day... Current light is 250 and it's 7:52 Tibian Time.
2021-03-14 13:20:31 -  Devil has logged out. | Client: 12.61
2021-03-14 13:20:34 -  Devil has logged in. | Client: 12.61
2021-03-14 13:26:32 -  Gabriela Paladina has logged out. | Client: 0
2021-03-14 13:39:47 -  Juana Dumachado has logged in. | Client: 12.61
2021-03-14 13:47:30 -  >> Starting Sunset... Current light is 243 and it's 17:24 Tibian Time.
2021-03-14 13:47:30 -  > NPC Ghostly Wolf added!
2021-03-14 13:47:30 -  > NPC Talila added!
2021-03-14 13:47:30 -  > NPC Valindara removed!
2021-03-14 13:47:30 -  Outro Guri Du Geada has logged out. | Client: 12.61
2021-03-14 13:47:31 -  Guri Du Geada has logged in. | Client: 12.61
2021-03-14 13:57:04 -  >> Starting Night... Current light is 40 and it's 19:20 Tibian Time.
2021-03-14 13:57:04 -  [Warning] DropLoot:	Could not add loot item to corpse.
2021-03-14 13:57:04 -  Floripinha has logged out. | Client: 12.61
2021-03-14 14:02:05 -  Lanaki has logged in. | Client: 12.61
2021-03-14 14:04:38 -  Lanaki has logged out. | Client: 12.61
2021-03-14 14:05:29 -  > Broadcasted message: "Let da mashing begin! Cyclops riot east of Thais.".
2021-03-14 14:05:44 -  Lanaki has logged in. | Client: 12.61
2021-03-14 14:18:44 -  >> Starting Sunrise... Current light is 47 and it's 5:56 Tibian Time.
2021-03-14 14:18:44 -  > NPC Ghostly Wolf removed!
2021-03-14 14:18:44 -  > NPC Talila removed!
2021-03-14 14:18:44 -  > NPC Valindara added!
2021-03-14 14:18:44 -  Sir Frost has logged in. | Client: 12.61
2021-03-14 14:19:45 -  Maria De Lourdes has logged in. | Client: 12.61
2021-03-14 14:20:01 -  Maria De Lourdes has logged out. | Client: 12.61
2021-03-14 14:20:04 -  Juana Dacura has logged in. | Client: 12.61
2021-03-14 14:24:49 -  >> Starting Day... Current light is 250 and it's 7:52 Tibian Time.
2021-03-14 14:24:49 -  Juana Dacura has logged out. | Client: 12.61
2021-03-14 14:26:17 -  Lanaki has logged out. | Client: 12.61
2021-03-14 14:30:48 -  Gabriela Sexy has logged in. | Client: 12.61
2021-03-14 14:33:05 -  Gabriela Sexy has logged out. | Client: 12.61
2021-03-14 14:33:06 -  Gabriela Paladina has logged in. | Client: 12.61
2021-03-14 14:33:59 -  Gabriela Paladina has logged out. | Client: 12.61
2021-03-14 14:34:00 -  Gabriela Sexy has logged in. | Client: 12.61
2021-03-14 14:34:13 -  Gabriela Sexy has logged out. | Client: 12.61
2021-03-14 14:34:14 -  Gabriela Paladina has logged in. | Client: 12.61
2021-03-14 14:34:31 -  Gabriela Paladina has logged out. | Client: 12.61
2021-03-14 14:34:32 -  Gabriela Sexy has logged in. | Client: 12.61
2021-03-14 14:35:29 -  Gabriela Sexy has logged out. | Client: 12.61
2021-03-14 14:35:29 -  Mari Juana has logged out. | Client: 12.61
2021-03-14 14:35:30 -  Gabriela Paladina has logged in. | Client: 12.61
2021-03-14 14:35:31 -  Juana Ducajado has logged in. | Client: 12.61
2021-03-14 14:36:54 -  Juana Ducajado has logged out. | Client: 12.61
2021-03-14 14:36:56 -  Mari Juana has logged in. | Client: 12.61
2021-03-14 14:38:02 -  Mari Juana has logged out. | Client: 12.61
2021-03-14 14:38:03 -  Juana Ducajado has logged in. | Client: 12.61
2021-03-14 14:39:26 -  Juana Ducajado has logged out. | Client: 12.61
2021-03-14 14:39:27 -  Juana Ducajado has logged in. | Client: 12.61
2021-03-14 14:39:57 -  Juana Ducajado has logged out. | Client: 12.61
2021-03-14 14:39:59 -  Mari Juana has logged in. | Client: 12.61
2021-03-14 14:40:15 -  Mari Juana has logged out. | Client: 12.61
2021-03-14 14:40:17 -  Juana Ducajado has logged in. | Client: 12.61
2021-03-14 14:43:53 -  Juana Ducajado has logged out. | Client: 12.61
2021-03-14 14:43:55 -  Mari Juana has logged in. | Client: 12.61
2021-03-14 14:52:48 -  >> Starting Sunset... Current light is 243 and it's 17:24 Tibian Time.
2021-03-14 14:52:48 -  > NPC Ghostly Wolf added!
2021-03-14 14:52:48 -  > NPC Talila added!
2021-03-14 14:52:48 -  > NPC Valindara removed!
2021-03-14 14:52:48 -  >> Starting Night... Current light is 40 and it's 19:20 Tibian Time.
2021-03-14 14:52:48 -  Gabriela Paladina has logged out. | Client: 12.61
2021-03-14 14:52:49 -  Gabriela Sexy has logged in. | Client: 12.61
2021-03-14 14:58:29 -  > Broadcasted message: "Something is moving in the depths of the sea around Liberty Bay".
2021-03-14 14:58:49 -  > Broadcasted message: "Numerous Quara fins have been sighted in the seas around Liberty Bay.".
2021-03-14 14:59:29 -  > Broadcasted message: "Quara emerged from the sea to attack Liberty Bay.".
2021-03-14 15:03:43 -  Shaca has logged in. | Client: 12.61
2021-03-14 15:09:36 -  Shaca has logged out. | Client: 12.61
2021-03-14 15:09:39 -  Shacalz has logged in. | Client: 12.61
2021-03-14 15:20:04 -  >> Starting Sunrise... Current light is 47 and it's 5:56 Tibian Time.
2021-03-14 15:20:04 -  > NPC Ghostly Wolf removed!
2021-03-14 15:20:04 -  > NPC Talila removed!
2021-03-14 15:20:04 -  > NPC Valindara added!
2021-03-14 15:20:04 -  Mari Juana has logged out. | Client: 12.61
2021-03-14 15:20:06 -  Juana Ducajado has logged in. | Client: 12.61
2021-03-14 15:29:47 -  >> Starting Day... Current light is 250 and it's 7:52 Tibian Time.
2021-03-14 15:29:47 -  Shacalz has logged out. | Client: 12.61
2021-03-14 15:29:48 -  Shaca has logged in. | Client: 12.61
2021-03-14 15:30:06 -  Devil has logged out. | Client: 12.61
2021-03-14 15:30:07 -  Shaca has logged out. | Client: 12.61
2021-03-14 15:30:08 -  Devil has logged in. | Client: 12.61
2021-03-14 15:30:08 -  Shacalz has logged in. | Client: 12.61
2021-03-14 15:30:22 -  Shacalz has logged out. | Client: 12.61
2021-03-14 15:30:23 -  Shaca has logged in. | Client: 12.61
2021-03-14 15:32:14 -  Shaca has logged out. | Client: 12.61
2021-03-14 15:32:16 -  Shacalz has logged in. | Client: 12.61
2021-03-14 15:32:26 -  Shacalz has logged out. | Client: 12.61
2021-03-14 15:32:27 -  Shacallz has logged in. | Client: 12.61
2021-03-14 15:33:13 -  Shacallz has logged out. | Client: 12.61
2021-03-14 15:33:14 -  Shaca has logged in. | Client: 12.61
2021-03-14 15:33:22 -  Shaca has logged out. | Client: 12.61
2021-03-14 15:33:24 -  Shacalz has logged in. | Client: 12.61
2021-03-14 15:33:26 -  Shacalz has logged out. | Client: 12.61
2021-03-14 15:33:27 -  Shacallz has logged in. | Client: 12.61
2021-03-14 15:39:18 -  Shacallz has logged out. | Client: 0
2021-03-14 15:45:17 -  >> Starting Sunset... Current light is 243 and it's 17:24 Tibian Time.
2021-03-14 15:45:17 -  > NPC Ghostly Wolf added!
2021-03-14 15:45:17 -  > NPC Talila added!
2021-03-14 15:45:17 -  > NPC Valindara removed!
2021-03-14 15:45:17 -  > ERROR: Failed to save account: god!
2021-03-14 15:45:19 -  ADM inside has logged in. | Client: 11
2021-03-14 15:46:16 -  Ronalee Lovexp has logged in. | Client: 11
2021-03-14 15:46:53 -  > ERROR: Failed to save account: COXINHA!
2021-03-14 15:46:55 -  Supimpa has logged in. | Client: 11
2021-03-14 15:47:19 -  > ERROR: Failed to save account: COXINHATOP!
2021-03-14 15:47:21 -  GM coxinha has logged in. | Client: 11
2021-03-14 15:49:23 -  >> Starting Night... Current light is 40 and it's 19:20 Tibian Time.
2021-03-14 15:49:23 -  Sir Frost has logged out. | Client: 12.61
2021-03-14 15:51:08 -  Joana Duarco has logged out. | Client: 12.61
2021-03-14 16:02:49 -  Guri Du Geada has logged out. | Client: 12.61
2021-03-14 16:16:18 -  >> Starting Sunrise... Current light is 47 and it's 5:56 Tibian Time.
2021-03-14 16:16:18 -  > NPC Ghostly Wolf removed!
2021-03-14 16:16:18 -  > NPC Talila removed!
2021-03-14 16:16:18 -  > NPC Valindara added!
2021-03-14 16:16:18 -  Secreto has logged out. | Client: 0
2021-03-14 16:16:25 -  Sir Frost has logged in. | Client: 12.61
2021-03-14 16:17:34 -  Secreto has logged in. | Client: 12.61
2021-03-14 16:17:48 -  Joana Duarco has logged in. | Client: 12.61
2021-03-14 16:18:17 -  Juana Ducajado has logged out. | Client: 12.61
2021-03-14 16:18:19 -  Mari Juana has logged in. | Client: 12.61
2021-03-14 16:19:08 -  Ragnar has logged in. | Client: 12.61
2021-03-14 16:19:11 -  Ragnar has logged out. | Client: 12.61
2021-03-14 16:19:13 -  Batman has logged in. | Client: 12.61
2021-03-14 16:20:03 -  Juana Dacura has logged in. | Client: 12.61
2021-03-14 16:20:09 -  Mari Juana has logged out. | Client: 12.61
2021-03-14 16:20:12 -  >> Starting Day... Current light is 250 and it's 7:52 Tibian Time.
2021-03-14 16:20:12 -  Juana Ducajado has logged in. | Client: 12.61
2021-03-14 16:29:39 -  Juana Dumachado has logged out. | Client: 12.61
2021-03-14 16:37:38 -  Juana Ducajado has logged out. | Client: 12.61
2021-03-14 16:37:43 -  Mari Juana has logged in. | Client: 12.61
2021-03-14 16:38:02 -  Mari Juana has logged out. | Client: 12.61
2021-03-14 16:38:04 -  Juana Ducajado has logged in. | Client: 12.61
2021-03-14 16:39:10 -  Ronalee Tanker has logged in. | Client: 12.61
2021-03-14 16:41:30 -  Ronalee Tanker has logged out. | Client: 12.61
2021-03-14 16:41:32 -  Ronalee Tanker has logged in. | Client: 12.61
2021-03-14 16:42:17 -  Sir Frost has logged out. | Client: 12.61
2021-03-14 16:42:20 -  Sir Frost has logged in. | Client: 12.61
2021-03-14 16:51:38 -  >> Starting Sunset... Current light is 243 and it's 17:24 Tibian Time.
2021-03-14 16:51:38 -  > NPC Ghostly Wolf added!
2021-03-14 16:51:38 -  > NPC Talila added!
2021-03-14 16:51:38 -  > NPC Valindara removed!
2021-03-14 16:51:38 -  >> Starting Night... Current light is 40 and it's 19:20 Tibian Time.
2021-03-14 16:51:38 -  Brunera Skywalker has logged in. | Client: 12.61
2021-03-14 16:57:57 -  Jeremias has logged in. | Client: 12.61
2021-03-14 17:09:57 -  Juana Dacura has logged out. | Client: 12.61
2021-03-14 17:10:05 -  Juana Dacura has logged in. | Client: 12.61
2021-03-14 17:12:05 -  Jeremias has logged out. | Client: 12.61
2021-03-14 17:12:06 -  Jeremias has logged in. | Client: 12.61
2021-03-14 17:12:14 -  Gabriela Sexy has logged out. | Client: 12.61
2021-03-14 17:12:15 -  Gabriela Paladina has logged in. | Client: 12.61
2021-03-14 17:14:59 -  Brunera Skywalker has logged out. | Client: 12.61
2021-03-14 17:15:00 -  Brunera Skywalker has logged in. | Client: 12.61
2021-03-14 17:23:24 -  >> Starting Sunrise... Current light is 47 and it's 5:56 Tibian Time.
2021-03-14 17:23:24 -  > NPC Ghostly Wolf removed!
2021-03-14 17:23:24 -  > NPC Talila removed!
2021-03-14 17:23:24 -  > NPC Valindara added!
2021-03-14 17:23:24 -  >> Starting Day... Current light is 250 and it's 7:52 Tibian Time.
2021-03-14 17:23:24 -  > ADM inside broadcasted: "SORTEIO DAQ A POUCO, QMAINDA NAO CURTIU A POSTAGEM NOFACE, CURTE LA".
2021-03-14 17:23:24 -  Floripinha has logged in. | Client: 12.61
2021-03-14 17:26:25 -  Gabriela Paladina has logged out. | Client: 12.61
2021-03-14 17:26:25 -  Gabriela Paladina has logged in. | Client: 12.61
2021-03-14 17:26:27 -  Gabriela Paladina has logged out. | Client: 12.61
2021-03-14 17:26:29 -  Gabriela Sexy has logged in. | Client: 12.61
2021-03-14 17:32:54 -  Jeremias has logged out. | Client: 0
2021-03-14 17:35:06 -  Bernardo Cavalo has logged in. | Client: 12.61
2021-03-14 17:48:43 -  >> Starting Sunset... Current light is 243 and it's 17:24 Tibian Time.
2021-03-14 17:48:43 -  > NPC Ghostly Wolf added!
2021-03-14 17:48:43 -  > NPC Talila added!
2021-03-14 17:48:43 -  > NPC Valindara removed!
2021-03-14 17:48:43 -  Bernardo Cavalo has logged out. | Client: 12.61
2021-03-14 17:48:46 -  Bernardo Cavalo has logged in. | Client: 12.61
2021-03-14 17:54:08 -  >> Starting Night... Current light is 40 and it's 19:20 Tibian Time.
2021-03-14 17:54:08 -  > ERROR: Failed to save account: MRJEFREY!
2021-03-14 17:56:37 -  Juana Ducajado has logged out. | Client: 0
2021-03-14 17:57:27 -  Juana Ducajado has logged in. | Client: 12.61
2021-03-14 17:59:50 -  Batman has logged out. | Client: 12.61
2021-03-14 17:59:53 -  Batman has logged in. | Client: 12.61
2021-03-14 18:01:37 -  Ronalee Lovexp has logged out. | Client: 11
2021-03-14 18:03:25 -  Ronalee Lovexp has logged in. | Client: 11
2021-03-14 18:09:15 -  > ADM inside broadcasted: "DAQ A POUCO SORTEIO DE 300 COINS, SO IR NA PAG DO FACE E CURTIR A PAGINA E POSTAGEM".
2021-03-14 18:09:15 -  > ADM inside broadcasted: "PRIMEIRO FERUMBRAS DO SERVER PODE APARECER A QUALQR MOMENTO, FIQUEM ATENTOS".
2021-03-14 18:09:15 -  Juana Ducajado has logged out. | Client: 12.61
2021-03-14 18:09:17 -  Juana Ducajado has logged in. | Client: 12.61
2021-03-14 18:15:29 -  > ADM inside broadcasted: "DAQ A POUCO SORTEIO DE 300 COINS, SO IR NA PAG DO FACE E CURTIR A PAGINA E POSTAGEM".
2021-03-14 18:15:29 -  >> Starting Sunrise... Current light is 47 and it's 5:56 Tibian Time.
2021-03-14 18:15:29 -  > NPC Ghostly Wolf removed!
2021-03-14 18:15:29 -  > NPC Talila removed!
2021-03-14 18:15:29 -  > NPC Valindara added!
2021-03-14 18:15:29 -  > Broadcasted message: "The dragons of the Dragonblaze Mountains have    descended to Zao to protect the lizardkin!".
2021-03-14 18:17:59 -  Juana Ducajado has logged out. | Client: 12.61
2021-03-14 18:18:01 -  Mari Juana has logged in. | Client: 12.61
2021-03-14 18:18:12 -  Mari Juana has logged out. | Client: 12.61
2021-03-14 18:18:13 -  Juana Ducajado has logged in. | Client: 12.61
2021-03-14 18:20:20 -  >> Starting Day... Current light is 250 and it's 7:52 Tibian Time.
2021-03-14 18:20:20 -  Juana Ducajado has logged out. | Client: 12.61
2021-03-14 18:20:22 -  Mari Juana has logged in. | Client: 12.61
2021-03-14 18:23:52 -  Joana Duarco has logged out. | Client: 12.61
2021-03-14 18:25:55 -  Batman has logged out. | Client: 12.61
2021-03-14 18:25:58 -  Batman has logged in. | Client: 12.61
2021-03-14 18:34:08 -  Ronalee Tanker has logged out. | Client: 0
2021-03-14 18:41:53 -  Ronalee Tanker has logged in. | Client: 11
2021-03-14 18:42:26 -  Ekgolpeafullz has logged in. | Client: 12.61
2021-03-14 18:44:15 -  >> Starting Sunset... Current light is 243 and it's 17:24 Tibian Time.
2021-03-14 18:44:15 -  > NPC Ghostly Wolf added!
2021-03-14 18:44:15 -  > NPC Talila added!
2021-03-14 18:44:15 -  > NPC Valindara removed!
2021-03-14 18:44:15 -  Mari Juana has logged out. | Client: 12.61
2021-03-14 18:44:17 -  Juana Ducajado has logged in. | Client: 12.61
2021-03-14 18:46:42 -  Juana Ducajado has logged out. | Client: 12.61
2021-03-14 18:47:40 -  Juana Dacura has logged out. | Client: 12.61
2021-03-14 18:47:44 -  Juana Dacura has logged in. | Client: 12.61
2021-03-14 18:48:14 -  Brunera Skywalker has logged out. | Client: 12.61
2021-03-14 18:48:29 -  152.234.178.27 disconnected for exceeding packet per second limit.
2021-03-14 18:49:20 -  >> Starting Night... Current light is 40 and it's 19:20 Tibian Time.
2021-03-14 18:49:20 -  Secreto has logged out. | Client: 12.61
2021-03-14 18:49:21 -  Secreto has logged in. | Client: 12.61
2021-03-14 18:50:02 -  Brunera Skywalker has logged in. | Client: 12.61
2021-03-14 18:54:12 -  Juana Dacura has logged out. | Client: 12.61
2021-03-14 19:00:55 -  Juana Dacura has logged in. | Client: 12.61
2021-03-14 19:01:01 -  Zeusx has logged in. | Client: 12.61
2021-03-14 19:01:27 -  Juana Dacura has logged out. | Client: 12.61
2021-03-14 19:02:07 -  Dudagolpefullz has logged in. | Client: 12.61
2021-03-14 19:02:45 -  Floripinha has logged out. | Client: 12.61
2021-03-14 19:02:48 -  Floripinha has logged in. | Client: 12.61
2021-03-14 19:02:49 -  Piruleite Tudo Tres has logged in. | Client: 12.61
2021-03-14 19:03:43 -  Bernardo Cavalo has logged out. | Client: 12.61
2021-03-14 19:03:45 -  Bernardo Cavalo has logged in. | Client: 12.61
2021-03-14 19:04:48 -  Legolas has logged in. | Client: 12.61
2021-03-14 19:06:46 -  Floripinha has logged out. | Client: 12.61
2021-03-14 19:12:29 -  > Broadcasted message: "Beware of Tyrn!".
2021-03-14 19:18:51 -  >> Starting Sunrise... Current light is 47 and it's 5:56 Tibian Time.
2021-03-14 19:18:51 -  > NPC Ghostly Wolf removed!
2021-03-14 19:18:51 -  > NPC Talila removed!
2021-03-14 19:18:51 -  > NPC Valindara added!
2021-03-14 19:18:51 -  Juana Dacura has logged in. | Client: 12.61
2021-03-14 19:24:06 -  >> Starting Day... Current light is 250 and it's 7:52 Tibian Time.
2021-03-14 19:24:06 -  Shaca has logged in. | Client: 12.61
2021-03-14 19:29:16 -  Juana Dacura has logged out. | Client: 12.61
2021-03-14 19:29:22 -  Sir Frost has logged out. | Client: 12.61
2021-03-14 19:29:46 -  Saruman has logged in. | Client: 12.61
2021-03-14 19:38:52 -  > ADM inside broadcasted: "FERUMBRAS EM 30 MIN SE ORGARNIZEM".
2021-03-14 19:38:52 -  Secreto has logged out. | Client: 0
2021-03-14 19:40:05 -  Gabriela Sexy has logged out. | Client: 12.61
2021-03-14 19:40:06 -  Gabriela Paladina has logged in. | Client: 12.61
2021-03-14 19:40:12 -  Secreto has logged in. | Client: 12.61
2021-03-14 19:41:29 -  > ADM inside broadcasted: "FERUMBRAS EM 30 MIN SE ORGARNIZEM".
2021-03-14 19:41:29 -  > Broadcasted message: "There seems to be a big gnarlhoud gang in Zao Steppe.".
2021-03-14 19:41:49 -  > Broadcasted message: "The gnarlhounds seem to multiply by the minute.".
2021-03-14 19:43:29 -  > Broadcasted message: "The gnarlhounds roam free in the Zao Steppe. Watch out!".
2021-03-14 19:44:22 -  >> Starting Sunset... Current light is 243 and it's 17:24 Tibian Time.
2021-03-14 19:44:22 -  > NPC Ghostly Wolf added!
2021-03-14 19:44:22 -  > NPC Talila added!
2021-03-14 19:44:22 -  > NPC Valindara removed!
2021-03-14 19:44:22 -  Brunera Skywalker has logged out. | Client: 12.61
2021-03-14 19:44:24 -  Brunera Skywalker has logged in. | Client: 12.61
2021-03-14 19:45:27 -  Brunera Skywalker has logged out. | Client: 12.61
2021-03-14 19:46:01 -  > ADM inside broadcasted: "FERUMBRAS EM 30 MIN SE ORGARNIZEM".
2021-03-14 19:46:01 -  Basdzasd has logged in. | Client: 12.61
2021-03-14 19:47:41 -  Basdzasd has logged out. | Client: 12.61
2021-03-14 19:47:42 -  Brunera Skywalker has logged in. | Client: 12.61
2021-03-14 19:49:01 -  >> Starting Night... Current light is 40 and it's 19:20 Tibian Time.
2021-03-14 19:49:01 -  Shaca has logged out. | Client: 12.61
2021-03-14 19:49:03 -  Shacallz has logged in. | Client: 12.61
2021-03-14 19:53:55 -  > ADM inside broadcasted: "FERUMBRAS EM 20 MIN SE ORGARNIZEM".
2021-03-14 19:53:55 -  > ADM inside broadcasted: "FERUMBRAS EM 20 MIN SE ORGARNIZEM".
2021-03-14 19:53:55 -  Juana Ducajado has logged in. | Client: 12.61
2021-03-14 19:54:16 -  Joana Duarco has logged in. | Client: 12.61
2021-03-14 19:54:41 -  Juana Dacura has logged in. | Client: 12.61
2021-03-14 19:59:27 -  > ADM inside broadcasted: "FERUMBRAS EM 20 MIN SE ORGARNIZEM".
2021-03-14 19:59:27 -  > ADM inside broadcasted: "FERUMBRAS EM 15 MIN SE ORGARNIZEM".
2021-03-14 19:59:27 -  Juana Ducajado has logged out. | Client: 12.61
2021-03-14 19:59:29 -  Mari Juana has logged in. | Client: 12.61
2021-03-14 20:00:10 -  Mari Juana has logged out. | Client: 12.61
2021-03-14 20:00:12 -  Juana Ducajado has logged in. | Client: 12.61
2021-03-14 20:01:53 -  > ADM inside broadcasted: "FERUMBRAS EM 10 MIN SE ORGARNIZEM".
2021-03-14 20:01:53 -  > ADM inside broadcasted: "FERUMBRAS EM 10 MIN SE ORGARNIZEM".
2021-03-14 20:01:53 -  Juana Dumachado has logged in. | Client: 12.61
2021-03-14 20:06:07 -  > ADM inside broadcasted: "LEMBRANDO DO SORTEIO NA PAG DO FACE DAQ A POUCO, QM NAO TA PARTIPANDO VAI LA".
2021-03-14 20:06:07 -  > ADM inside broadcasted: "Ferumbras em 5 min".
2021-03-14 20:06:07 -  Piruleite Tudo Tres has logged out. | Client: 12.61
2021-03-14 20:06:12 -  Dudagolpefullz has logged out. | Client: 12.61
2021-03-14 20:06:22 -  > Broadcasted message: "The seals on Ferumbras old cidatel are glowing.   Prepare for HIS return mortals.".
2021-03-14 20:06:36 -  Shacallz has logged out. | Client: 12.61
2021-03-14 20:07:41 -  > Broadcasted message: "Ferumbras return is at hand.   The Edron Academy calls for Heroes to fight that evil.".
2021-03-14 20:08:02 -  > Broadcasted message: "Ferumbras has returned to his citadel once more.   Stop him before its too late.".
2021-03-14 20:11:18 -  Batman has logged out. | Client: 12.61
2021-03-14 20:11:21 -  Batman has logged in. | Client: 12.61
2021-03-14 20:18:39 -  >> Starting Sunrise... Current light is 47 and it's 5:56 Tibian Time.
2021-03-14 20:18:39 -  > NPC Ghostly Wolf removed!
2021-03-14 20:18:39 -  > NPC Talila removed!
2021-03-14 20:18:39 -  > NPC Valindara added!
2021-03-14 20:18:39 -  35.247.246.114 disconnected for exceeding packet per second limit.
2021-03-14 20:23:02 -  >> Starting Day... Current light is 250 and it's 7:52 Tibian Time.
2021-03-14 20:23:02 -  Piruleite Tudo Tres has logged in. | Client: 12.61
2021-03-14 20:23:31 -  Piruleite Tudo Tres has logged out. | Client: 12.61
2021-03-14 20:23:46 -  Piruleite Tudo Tres has logged in. | Client: 12.61
2021-03-14 20:24:38 -  Piruleite Tudo Tres has logged out. | Client: 12.61
2021-03-14 20:25:02 -  Gabriela Paladina has logged out. | Client: 12.61
2021-03-14 20:25:04 -  Gabriela Sexy has logged in. | Client: 12.61
2021-03-14 20:29:24 -  Ronalee Tanker has logged out. | Client: 11
2021-03-14 20:29:26 -  Ronalee Tanker has logged in. | Client: 11
2021-03-14 20:30:39 -  Bernardo Cavalo has logged out. | Client: 12.61
2021-03-14 20:34:22 -  > ADM inside broadcasted: "SORTEIO AGORA ULTIMA CHANCE: SÒ CURTIR A POSTAGEM > https://www.facebook.com/divineglobal1".
2021-03-14 20:34:22 -  Gabriela Sexy has logged out. | Client: 12.61
2021-03-14 20:34:23 -  Gabriela Paladina has logged in. | Client: 12.61
2021-03-14 20:36:13 -  > ADM inside broadcasted: "SORTEIO AGORA ULTIMA CHANCE: SÒ CURTIR A POSTAGEM > https://www.facebook.com/divineglobal1".
2021-03-14 20:36:13 -  Gabriela Paladina has logged out. | Client: 12.61
2021-03-14 20:36:14 -  Gabriela Sexy has logged in. | Client: 12.61
2021-03-14 20:37:04 -  Dudagolpefullz has logged in. | Client: 12.61
2021-03-14 20:37:54 -  Legolas has logged out. | Client: 0
2021-03-14 20:37:55 -  Juana Ducajado has logged out. | Client: 12.61
2021-03-14 20:46:22 -  > ADM inside broadcasted: "GANHADOR: Marcos Suel Silva Ferreira".
2021-03-14 20:46:22 -  >> Starting Sunset... Current light is 243 and it's 17:24 Tibian Time.
2021-03-14 20:46:22 -  > NPC Ghostly Wolf added!
2021-03-14 20:46:22 -  > NPC Talila added!
2021-03-14 20:46:22 -  > NPC Valindara removed!
2021-03-14 20:46:22 -  > ADM inside broadcasted: "Sorteio pago. Vlw rapeize, final de semana top. Novo record online: 22".
2021-03-14 20:46:22 -  Batman has logged out. | Client: 12.61
2021-03-14 20:46:25 -  Batman has logged in. | Client: 12.61
2021-03-14 20:48:31 -  Saruman has logged out. | Client: 12.61
2021-03-14 20:48:36 -  Saruman has logged in. | Client: 12.61
2021-03-14 20:53:01 -  >> Starting Night... Current light is 40 and it's 19:20 Tibian Time.
2021-03-14 20:53:01 -  Saruman has logged out. | Client: 12.61
2021-03-14 20:53:03 -  Saruman has logged in. | Client: 12.61
2021-03-14 20:58:31 -  Ronalee Lovexp has logged out. | Client: 12.61
2021-03-14 20:58:40 -  Ronalee Lovexp has logged in. | Client: 12.61
2021-03-14 21:01:33 -  Zeusx has logged out. | Client: 12.61
2021-03-14 21:01:35 -  Zeusx has logged in. | Client: 12.61
2021-03-14 21:01:55 -  Ronalee Lovexp has logged out. | Client: 12.61
2021-03-14 21:01:57 -  Ronalee Lovexp has logged in. | Client: 12.61
2021-03-14 21:07:46 -  Ronalee Tanker has logged out. | Client: 11
2021-03-14 21:07:48 -  Ronalee Tanker has logged in. | Client: 11
2021-03-14 21:13:20 -  Dudagolpefullz has logged out. | Client: 0
2021-03-14 21:13:36 -  Ronalee Lovexp has logged out. | Client: 12.61
2021-03-14 21:13:38 -  Ronalee Lovexp has logged in. | Client: 12.61
2021-03-14 21:15:50 -  >> Starting Sunrise... Current light is 47 and it's 5:56 Tibian Time.
2021-03-14 21:15:50 -  > NPC Ghostly Wolf removed!
2021-03-14 21:15:50 -  > NPC Talila removed!
2021-03-14 21:15:50 -  > NPC Valindara added!
2021-03-14 21:15:50 -  
2021-03-14 21:15:50 -  Lua Script Error: [Main Interface] 
2021-03-14 21:15:50 -  in a timer event called from: 
2021-03-14 21:15:50 -  (Unknown scriptfile)
2021-03-14 21:15:50 -  attempt to index a number value
2021-03-14 21:15:50 -  stack traceback:
2021-03-14 21:15:50 -  	[C]: at 0x5580e7e83430
2021-03-14 21:15:50 -  	[C]: in function 'getSpectators'
2021-03-14 21:15:50 -  	...scripts/movements/quests/killing_in_the_name_of/boss.lua:15: in function <...scripts/movements/quests/killing_in_the_name_of/boss.lua:12>
2021-03-14 21:20:30 -  >> Starting Day... Current light is 250 and it's 7:52 Tibian Time.
2021-03-14 21:20:30 -  Brunera Skywalker has logged out. | Client: 12.61
2021-03-14 21:20:32 -  Brunera Skywalker has logged in. | Client: 12.61
2021-03-14 21:20:56 -  First Hangover has logged in. | Client: 12.61
2021-03-14 21:20:57 -  [Warning - Actions::registerLuaEvent] Duplicate registered item with uid: 6500 in range from uid: 5000, to uid: 12000
2021-03-14 21:20:57 -  [Warning - Actions::registerLuaEvent] Duplicate registered item with uid: 6501 in range from uid: 5000, to uid: 12000
2021-03-14 21:20:57 -  [Warning - Actions::registerLuaEvent] Duplicate registered item with uid: 6503 in range from uid: 5000, to uid: 12000
2021-03-14 21:20:57 -  [Warning - Actions::registerLuaEvent] Duplicate registered item with uid: 6550 in range from uid: 5000, to uid: 12000
2021-03-14 21:20:57 -  [Warning - Actions::registerLuaEvent] Duplicate registered item with uid: 6570 in range from uid: 5000, to uid: 12000
2021-03-14 21:20:57 -  [Warning - Actions::registerLuaEvent] Duplicate registered item with uid: 6661 in range from uid: 5000, to uid: 12000
2021-03-14 21:20:57 -  [Warning - Actions::registerLuaEvent] Duplicate registered item with uid: 6662 in range from uid: 5000, to uid: 12000
2021-03-14 21:20:57 -  [Warning - Actions::registerLuaEvent] Duplicate registered item with uid: 6663 in range from uid: 5000, to uid: 12000
2021-03-14 21:20:57 -  [Warning - Actions::registerLuaEvent] Duplicate registered item with uid: 6664 in range from uid: 5000, to uid: 12000
2021-03-14 21:20:57 -  [Warning - Actions::registerLuaEvent] Duplicate registered item with uid: 6665 in range from uid: 5000, to uid: 12000
2021-03-14 21:20:57 -  [Warning - Actions::registerLuaEvent] Duplicate registered item with uid: 6666 in range from uid: 5000, to uid: 12000
2021-03-14 21:20:57 -  [Warning - Actions::registerLuaEvent] Duplicate registered item with uid: 6678 in range from uid: 5000, to uid: 12000
2021-03-14 21:20:57 -  [Warning - Actions::registerLuaEvent] Duplicate registered item with uid: 6693 in range from uid: 5000, to uid: 12000
2021-03-14 21:20:57 -  [Warning - Actions::registerLuaEvent] Duplicate registered item with uid: 6697 in range from uid: 5000, to uid: 12000
2021-03-14 21:20:57 -  [Warning - Actions::registerLuaEvent] Duplicate registered item with uid: 6698 in range from uid: 5000, to uid: 12000
2021-03-14 21:20:57 -  [Warning - Actions::registerLuaEvent] Duplicate registered item with uid: 6699 in range from uid: 5000, to uid: 12000
2021-03-14 21:20:57 -  [Warning - Actions::registerLuaEvent] Duplicate registered item with uid: 6701 in range from uid: 5000, to uid: 12000
2021-03-14 21:20:57 -  [Warning - Actions::registerLuaEvent] Duplicate registered item with uid: 6702 in range from uid: 5000, to uid: 12000
2021-03-14 21:20:57 -  [Warning - Actions::registerLuaEvent] Duplicate registered item with uid: 6703 in range from uid: 5000, to uid: 12000
2021-03-14 21:22:43 -  Reloaded: scripts.
2021-03-14 21:22:43 -  Joana Duarco has logged out. | Client: 12.61
2021-03-14 21:22:56 -  Juana Dumachado has logged out. | Client: 12.61
2021-03-14 21:22:58 -  Pingola has logged in. | Client: 12.61
2021-03-14 21:23:20 -  Pingola has logged out. | Client: 12.61
2021-03-14 21:23:22 -  Pingola has logged in. | Client: 12.61
2021-03-14 21:23:25 -  Pingola has logged out. | Client: 12.61
2021-03-14 21:23:26 -  Pingola has logged in. | Client: 12.61
2021-03-14 21:23:28 -  Pingola has logged out. | Client: 12.61
2021-03-14 21:26:01 -  > ERROR: Failed to save account: COXINHA!
2021-03-14 21:27:25 -  Batman has logged out. | Client: 12.61
2021-03-14 21:27:28 -  Batman has logged in. | Client: 12.61
2021-03-14 21:58:10 -  >> Starting Sunset... Current light is 243 and it's 17:24 Tibian Time.
2021-03-14 21:58:10 -  > NPC Ghostly Wolf added!
2021-03-14 21:58:10 -  > NPC Talila added!
2021-03-14 21:58:10 -  > NPC Valindara removed!
2021-03-14 21:58:10 -  >> Starting Night... Current light is 40 and it's 19:20 Tibian Time.
2021-03-14 21:58:10 -  Guri Du Geada has logged in. | Client: 12.61
2021-03-14 22:25:29 -  >> Starting Sunrise... Current light is 47 and it's 5:56 Tibian Time.
2021-03-14 22:25:29 -  > NPC Ghostly Wolf removed!
2021-03-14 22:25:29 -  > NPC Talila removed!
2021-03-14 22:25:29 -  > NPC Valindara added!
2021-03-14 22:25:29 -  >> Starting Day... Current light is 250 and it's 7:52 Tibian Time.
2021-03-14 22:25:29 -  > Broadcasted message: "Bonebeasts are rattling down in the Ankrahmun Dipthrah tombs.".
2021-03-14 22:25:49 -  > Broadcasted message: "Bonebeasts roaming around in the Ankrahmun Dipthrah tombs.".
2021-03-14 22:26:15 -  > ERROR: Failed to save account: O9I8U7Y6T5!
2021-03-14 22:26:20 -  Moon Phisthys has logged in. | Client: 11
2021-03-14 22:28:22 -  Secreto has logged out. | Client: 12.61
2021-03-14 22:29:48 -  Brunera Skywalker has logged out. | Client: 0
2021-03-14 22:30:17 -  Moon Phisthys has logged out. | Client: 11
2021-03-14 22:31:49 -  Moon Phisthys has logged in. | Client: 11
2021-03-14 22:43:19 -  Moon Phisthys has logged out. | Client: 11
2021-03-14 23:01:32 -  >> Starting Sunset... Current light is 243 and it's 17:24 Tibian Time.
2021-03-14 23:01:32 -  > NPC Ghostly Wolf added!
2021-03-14 23:01:32 -  > NPC Talila added!
2021-03-14 23:01:32 -  > NPC Valindara removed!
2021-03-14 23:01:32 -  >> Starting Night... Current light is 40 and it's 19:20 Tibian Time.
2021-03-14 23:01:32 -  Saruman has logged out. | Client: 12.61
2021-03-14 23:09:22 -  First Hangover has logged out. | Client: 12.61
2021-03-14 23:09:23 -  First Hangover has logged in. | Client: 12.61
2021-03-14 23:09:40 -  Guri Du Geada has logged out. | Client: 12.61
2021-03-14 23:27:32 -  >> Starting Sunrise... Current light is 47 and it's 5:56 Tibian Time.
2021-03-14 23:27:32 -  > NPC Ghostly Wolf removed!
2021-03-14 23:27:32 -  > NPC Talila removed!
2021-03-14 23:27:32 -  > NPC Valindara added!
2021-03-14 23:27:32 -  >> Starting Day... Current light is 250 and it's 7:52 Tibian Time.
2021-03-14 23:27:32 -  First Hangover has logged out. | Client: 12.61
2021-03-14 23:27:37 -  First Hangover has logged in. | Client: 12.61
2021-03-14 23:33:57 -  
2021-03-14 23:33:57 -  Lua Script Error: [Scripts Interface] 
2021-03-14 23:33:57 -  /home/otbr10/data/scripts/quests/demon_helmet/movement-walls.lua:callback
2021-03-14 23:33:57 -  ...br10/data/scripts/quests/demon_helmet/movement-walls.lua:51: attempt to index a nil value
2021-03-14 23:33:57 -  stack traceback:
2021-03-14 23:33:57 -  	[C]: in function '__index'
2021-03-14 23:33:57 -  	...br10/data/scripts/quests/demon_helmet/movement-walls.lua:51: in function <...br10/data/scripts/quests/demon_helmet/movement-walls.lua:45>
2021-03-14 23:34:39 -  Sokemo Kudemacho has logged in. | Client: 12.61
2021-03-14 23:34:56 -  
2021-03-14 23:34:56 -  Lua Script Error: [Scripts Interface] 
2021-03-14 23:34:56 -  /home/otbr10/data/scripts/quests/demon_helmet/movement-walls.lua:callback
2021-03-14 23:34:56 -  ...br10/data/scripts/quests/demon_helmet/movement-walls.lua:51: attempt to index a nil value
2021-03-14 23:34:56 -  stack traceback:
2021-03-14 23:34:56 -  	[C]: in function '__index'
2021-03-14 23:34:56 -  	...br10/data/scripts/quests/demon_helmet/movement-walls.lua:51: in function <...br10/data/scripts/quests/demon_helmet/movement-walls.lua:45>
2021-03-14 23:34:59 -  
2021-03-14 23:34:59 -  Lua Script Error: [Scripts Interface] 
2021-03-14 23:34:59 -  /home/otbr10/data/scripts/quests/demon_helmet/movement-walls.lua:callback
2021-03-14 23:34:59 -  ...br10/data/scripts/quests/demon_helmet/movement-walls.lua:51: attempt to index a nil value
2021-03-14 23:34:59 -  stack traceback:
2021-03-14 23:34:59 -  	[C]: in function '__index'
2021-03-14 23:34:59 -  	...br10/data/scripts/quests/demon_helmet/movement-walls.lua:51: in function <...br10/data/scripts/quests/demon_helmet/movement-walls.lua:45>
2021-03-14 23:42:29 -  [Warning] DropLoot:	Could not add loot item to corpse.
2021-03-14 23:42:29 -  > Broadcasted message: "There is something stony moving down in the Ankrahmun Rahemos tombs.".
2021-03-14 23:42:49 -  > Broadcasted message: "Gargoyle attack in the Ankrahmun Rahemos tombs!".
2021-03-14 23:47:30 -  >> Starting Sunset... Current light is 243 and it's 17:24 Tibian Time.
2021-03-14 23:47:30 -  > NPC Ghostly Wolf added!
2021-03-14 23:47:30 -  > NPC Talila added!
2021-03-14 23:47:30 -  > NPC Valindara removed!
2021-03-14 23:47:30 -  Sokemo Kudemacho has logged out. | Client: 12.61
2021-03-15 00:04:04 -  >> Starting Night... Current light is 40 and it's 19:20 Tibian Time.
2021-03-15 00:04:04 -  >> Rashid is traveling to Mondays location.
2021-03-15 00:04:04 -  Gabriela Sexy has logged out. | Client: 12.61
2021-03-15 00:04:05 -  Gabriela Paladina has logged in. | Client: 12.61
2021-03-15 00:17:09 -  >> Starting Sunrise... Current light is 47 and it's 5:56 Tibian Time.
2021-03-15 00:17:09 -  > NPC Ghostly Wolf removed!
2021-03-15 00:17:09 -  > NPC Talila removed!
2021-03-15 00:17:09 -  > NPC Valindara added!
2021-03-15 00:17:09 -  Batman has logged out. | Client: 12.61
2021-03-15 00:17:12 -  Batman has logged in. | Client: 12.61
2021-03-15 00:17:29 -  > Broadcasted message: "Beware! Mawhawk!".
2021-03-15 00:24:49 -  >> Starting Day... Current light is 250 and it's 7:52 Tibian Time.
2021-03-15 00:24:49 -  Batman has logged out. | Client: 12.61
2021-03-15 00:24:51 -  Batman has logged in. | Client: 12.61
2021-03-15 00:28:45 -  Batman has logged out. | Client: 12.61
2021-03-15 00:40:06 -  Gabriela Paladina has logged out. | Client: 12.61
2021-03-15 00:41:37 -  Oshum has logged in. | Client: 12.61
2021-03-15 00:42:04 -  Oshum has logged out. | Client: 12.61
2021-03-15 00:42:07 -  Sakhmet has logged in. | Client: 12.61
2021-03-15 00:42:11 -  Sakhmet has logged out. | Client: 12.61
2021-03-15 00:42:13 -  Khissa has logged in. | Client: 12.61
2021-03-15 00:42:28 -  Gabriela Paladina has logged in. | Client: 12.61
2021-03-15 00:42:48 -  Gabriela Paladina has logged out. | Client: 12.61
2021-03-15 00:43:10 -  Moon Phisthys has logged in. | Client: 11
2021-03-15 00:43:20 -  Gabriela Paladina has logged in. | Client: 12.61
2021-03-15 00:47:13 -  >> Starting Sunset... Current light is 243 and it's 17:24 Tibian Time.
2021-03-15 00:47:13 -  > NPC Ghostly Wolf added!
2021-03-15 00:47:13 -  > NPC Talila added!
2021-03-15 00:47:13 -  > NPC Valindara removed!
2021-03-15 00:47:13 -  Gabriela Paladina has logged out. | Client: 12.61
2021-03-15 00:48:10 -  Gabriela Paladina has logged in. | Client: 12.61
2021-03-15 00:53:16 -  >> Starting Night... Current light is 40 and it's 19:20 Tibian Time.
2021-03-15 00:53:16 -  Garapa has logged in. | Client: 12.61
2021-03-15 00:57:17 -  First Hangover has logged out. | Client: 12.61
2021-03-15 01:08:29 -  Moon Phisthys has logged out. | Client: 11
2021-03-15 01:21:06 -  >> Starting Sunrise... Current light is 47 and it's 5:56 Tibian Time.
2021-03-15 01:21:06 -  > NPC Ghostly Wolf removed!
2021-03-15 01:21:06 -  > NPC Talila removed!
2021-03-15 01:21:06 -  > NPC Valindara added!
2021-03-15 01:21:06 -  >> Starting Day... Current light is 250 and it's 7:52 Tibian Time.
2021-03-15 01:21:06 -  Moon Phisthys has logged in. | Client: 11
2021-03-15 01:28:35 -  Gabriela Paladina has logged out. | Client: 0
2021-03-15 01:31:29 -  > Broadcasted message: "There's something sizzling in the Ankrahmun Dipthrah tombs.".
2021-03-15 01:31:49 -  > Broadcasted message: "Even more sizzling in the Ankrahmun Dipthrah tombs.".
2021-03-15 01:31:59 -  > Broadcasted message: "Poison overflow in the Ankrahmun Dipthrah tombs!".
2021-03-15 01:40:29 -  Juana Ducajado has logged in. | Client: 12.61
2021-03-15 01:40:53 -  Juana Ducajado has logged out. | Client: 12.61
2021-03-15 01:40:55 -  Bagheera has logged in. | Client: 12.61
2021-03-15 01:40:56 -  Bagheera has logged out. | Client: 12.61
2021-03-15 01:40:57 -  Mari Juana has logged in. | Client: 12.61
2021-03-15 01:41:05 -  Mari Juana has logged out. | Client: 12.61
2021-03-15 02:00:29 -  >> Starting Sunset... Current light is 243 and it's 17:24 Tibian Time.
2021-03-15 02:00:29 -  > NPC Ghostly Wolf added!
2021-03-15 02:00:29 -  > NPC Talila added!
2021-03-15 02:00:29 -  > NPC Valindara removed!
2021-03-15 02:00:29 -  >> Starting Night... Current light is 40 and it's 19:20 Tibian Time.
2021-03-15 02:00:29 -  Khissa has logged out. | Client: 12.61
2021-03-15 02:00:32 -  Khissa has logged in. | Client: 12.61
2021-03-15 02:04:26 -  Khissa has logged out. | Client: 12.61
2021-03-15 02:04:40 -  Khissa has logged in. | Client: 12.61
2021-03-15 02:05:19 -  Juana Dacura has logged out. | Client: 12.61
2021-03-15 02:11:52 -  Ronalee Lovexp has logged out. | Client: 12.61
2021-03-15 02:11:55 -  Ronalee Lovexp has logged in. | Client: 12.61
2021-03-15 02:13:57 -  Guri Du Geada has logged in. | Client: 12.61
2021-03-15 02:27:29 -  >> Starting Sunrise... Current light is 47 and it's 5:56 Tibian Time.
2021-03-15 02:27:29 -  > NPC Ghostly Wolf removed!
2021-03-15 02:27:29 -  > NPC Talila removed!
2021-03-15 02:27:29 -  > NPC Valindara added!
2021-03-15 02:27:29 -  >> Starting Day... Current light is 250 and it's 7:52 Tibian Time.
2021-03-15 02:27:29 -  > Broadcasted message: "Many aggressive beasts are roaming south of Ab'Dendriel! Take care!".
2021-03-15 02:41:41 -  Khissa has logged out. | Client: 0
2021-03-15 02:53:58 -  >> Starting Sunset... Current light is 243 and it's 17:24 Tibian Time.
2021-03-15 02:53:58 -  > NPC Ghostly Wolf added!
2021-03-15 02:53:58 -  > NPC Talila added!
2021-03-15 02:53:58 -  > NPC Valindara removed!
2021-03-15 02:53:58 -  >> Starting Night... Current light is 40 and it's 19:20 Tibian Time.
2021-03-15 02:53:58 -  Devil has logged out. | Client: 12.61
2021-03-15 02:54:01 -  Pacific has logged in. | Client: 12.61
2021-03-15 02:54:02 -  Pacific has logged out. | Client: 12.61
2021-03-15 02:54:04 -  Forfun has logged in. | Client: 12.61
2021-03-15 02:54:05 -  Forfun has logged out. | Client: 12.61
2021-03-15 02:54:06 -  Ariel has logged in. | Client: 12.61
2021-03-15 02:54:09 -  Ariel has logged out. | Client: 12.61
2021-03-15 02:57:04 -  Khissa has logged in. | Client: 12.61
2021-03-15 03:10:03 -  Garapa has logged out. | Client: 0
2021-03-15 03:25:04 -  >> Starting Sunrise... Current light is 47 and it's 5:56 Tibian Time.
2021-03-15 03:25:04 -  > NPC Ghostly Wolf removed!
2021-03-15 03:25:04 -  > NPC Talila removed!
2021-03-15 03:25:04 -  > NPC Valindara added!
2021-03-15 03:25:04 -  >> Starting Day... Current light is 250 and it's 7:52 Tibian Time.
2021-03-15 03:25:04 -  Khissa has logged out. | Client: 12.61
2021-03-15 03:25:20 -  Khissa has logged in. | Client: 12.61
2021-03-15 03:26:21 -  Guri Du Geada has logged out. | Client: 12.61
2021-03-15 03:28:44 -  Bernardo Cavalo has logged in. | Client: 12.61
2021-03-15 03:28:57 -  Bernardo Cavalo has logged out. | Client: 12.61
2021-03-15 03:30:19 -  Vangogh has logged in. | Client: 12.61
2021-03-15 03:33:30 -  > Broadcasted message: "Beware of Ocyakao!".
2021-03-15 03:37:53 -  Moon Phisthys has logged out. | Client: 11
2021-03-15 03:39:23 -  Vangogh has logged out. | Client: 12.61
2021-03-15 03:39:25 -  Bernardo Cavalo has logged in. | Client: 12.61
2021-03-15 03:42:30 -  Bernardo Cavalo has logged out. | Client: 12.61
2021-03-15 03:42:31 -  Vangogh has logged in. | Client: 12.61
2021-03-15 03:42:58 -  Saruman has logged in. | Client: 12.61
2021-03-15 03:43:07 -  Vangogh has logged out. | Client: 12.61
2021-03-15 03:48:40 -  >> Starting Sunset... Current light is 243 and it's 17:24 Tibian Time.
2021-03-15 03:48:40 -  > NPC Ghostly Wolf added!
2021-03-15 03:48:40 -  > NPC Talila added!
2021-03-15 03:48:40 -  > NPC Valindara removed!
2021-03-15 03:48:40 -  Outro Guri Du Geada has logged in. | Client: 12.61
2021-03-15 03:48:44 -  Outro Guri Du Geada has logged out. | Client: 12.61
2021-03-15 03:48:45 -  Guri Du Geada has logged in. | Client: 12.61
2021-03-15 03:49:17 -  >> Starting Night... Current light is 40 and it's 19:20 Tibian Time.
2021-03-15 03:49:17 -  Guri Du Geada has logged out. | Client: 12.61
2021-03-15 04:06:17 -  Khissa has logged out. | Client: 12.61
2021-03-15 04:06:19 -  Sakhmet has logged in. | Client: 12.61
2021-03-15 04:06:23 -  Sakhmet has logged out. | Client: 12.61
2021-03-15 04:06:25 -  Oshum has logged in. | Client: 12.61
2021-03-15 04:07:11 -  Oshum has logged out. | Client: 12.61
2021-03-15 04:14:57 -  Ronalee Lovexp has logged out. | Client: 12.61
2021-03-15 04:17:31 -  >> Starting Sunrise... Current light is 47 and it's 5:56 Tibian Time.
2021-03-15 04:17:31 -  > NPC Ghostly Wolf removed!
2021-03-15 04:17:31 -  > NPC Talila removed!
2021-03-15 04:17:31 -  > NPC Valindara added!
2021-03-15 04:17:31 -  Ronalee Lovexp has logged in. | Client: 12.61
2021-03-15 04:26:24 -  >> Starting Day... Current light is 250 and it's 7:52 Tibian Time.
2021-03-15 04:26:24 -  Ronalee Tanker has logged out. | Client: 12.61
2021-03-15 04:27:58 -  Ronalee Tanker has logged in. | Client: 12.61
2021-03-15 04:28:02 -  Ronalee Tanker has logged out. | Client: 12.61
2021-03-15 04:30:34 -  Ronalee Tanker has logged in. | Client: 12.61
2021-03-15 04:33:25 -  Ronalee Tanker has logged out. | Client: 12.61
2021-03-15 04:33:27 -  Ronalee Tanker has logged in. | Client: 12.61
2021-03-15 04:38:33 -  Ronalee Tanker has logged out. | Client: 12.61
2021-03-15 04:39:36 -  Ronalee Tanker has logged in. | Client: 12.61
2021-03-15 04:50:29 -  >> Starting Sunset... Current light is 243 and it's 17:24 Tibian Time.
2021-03-15 04:50:29 -  > NPC Ghostly Wolf added!
2021-03-15 04:50:29 -  > NPC Talila added!
2021-03-15 04:50:29 -  > NPC Valindara removed!
2021-03-15 04:50:29 -  >> Starting Night... Current light is 40 and it's 19:20 Tibian Time.
2021-03-15 04:50:29 -  > Broadcasted message: "Forrest animals spread out close to Ab'Dendriel!".
2021-03-15 04:56:17 -  Garapa has logged in. | Client: 12.61
2021-03-15 04:58:14 -  Garapa has logged out. | Client: 12.61
2021-03-15 04:59:49 -  Ratugo has logged in. | Client: 12.61
2021-03-15 05:04:39 -  Ratugo has logged out. | Client: 12.61
2021-03-15 05:04:46 -  Bombrilli has logged in. | Client: 12.61
2021-03-15 05:08:00 -  Bombrilli has logged out. | Client: 12.61
2021-03-15 05:08:05 -  Lanturna has logged in. | Client: 12.61
2021-03-15 05:13:10 -  Lanturna has logged out. | Client: 12.61
2021-03-15 05:24:26 -  >> Starting Sunrise... Current light is 47 and it's 5:56 Tibian Time.
2021-03-15 05:24:26 -  > NPC Ghostly Wolf removed!
2021-03-15 05:24:26 -  > NPC Talila removed!
2021-03-15 05:24:26 -  > NPC Valindara added!
2021-03-15 05:24:26 -  >> Starting Day... Current light is 250 and it's 7:52 Tibian Time.
2021-03-15 05:24:26 -  Secreto has logged in. | Client: 12.61
2021-03-15 05:25:23 -  Secreto has logged out. | Client: 12.61
2021-03-15 05:26:58 -  Druuid has logged in. | Client: 12.61
2021-03-15 05:32:01 -  Druuid has logged out. | Client: 12.61
2021-03-15 05:32:13 -  Secreto has logged in. | Client: 12.61
2021-03-15 06:00:58 -  >> Starting Sunset... Current light is 243 and it's 17:24 Tibian Time.
2021-03-15 06:00:58 -  > NPC Ghostly Wolf added!
2021-03-15 06:00:58 -  > NPC Talila added!
2021-03-15 06:00:58 -  > NPC Valindara removed!
2021-03-15 06:00:58 -  >> Starting Night... Current light is 40 and it's 19:20 Tibian Time.
2021-03-15 06:00:58 -  > Broadcasted message: "Rat Plague in Thais!".
2021-03-15 06:55:21 -  >> Starting Sunrise... Current light is 47 and it's 5:56 Tibian Time.
2021-03-15 06:55:21 -  > NPC Ghostly Wolf removed!
2021-03-15 06:55:21 -  > NPC Talila removed!
2021-03-15 06:55:21 -  > NPC Valindara added!
2021-03-15 06:55:21 -  >> Starting Day... Current light is 250 and it's 7:52 Tibian Time.
2021-03-15 06:55:21 -  >> Starting Sunset... Current light is 243 and it's 17:24 Tibian Time.
2021-03-15 06:55:21 -  > NPC Ghostly Wolf added!
2021-03-15 06:55:21 -  > NPC Talila added!
2021-03-15 06:55:21 -  > NPC Valindara removed!
2021-03-15 06:55:21 -  >> Starting Night... Current light is 40 and it's 19:20 Tibian Time.
2021-03-15 06:55:21 -  152.234.178.27 disconnected for exceeding packet per second limit.
2021-03-15 06:56:12 -  Secreto has logged out. | Client: 12.61
2021-03-15 06:56:13 -  Secreto has logged in. | Client: 12.61
2021-03-15 07:48:39 -  >> Starting Sunrise... Current light is 47 and it's 5:56 Tibian Time.
2021-03-15 07:48:39 -  > NPC Ghostly Wolf removed!
2021-03-15 07:48:39 -  > NPC Talila removed!
2021-03-15 07:48:39 -  > NPC Valindara added!
2021-03-15 07:48:39 -  >> Starting Day... Current light is 250 and it's 7:52 Tibian Time.
2021-03-15 07:48:39 -  >> Starting Sunset... Current light is 243 and it's 17:24 Tibian Time.
2021-03-15 07:48:39 -  > NPC Ghostly Wolf added!
2021-03-15 07:48:39 -  > NPC Talila added!
2021-03-15 07:48:39 -  > NPC Valindara removed!
2021-03-15 07:48:39 -  Saruman has logged out. | Client: 12.61
2021-03-15 07:48:39 -  
2021-03-15 07:48:39 -  Lua Script Error: [Main Interface] 
2021-03-15 07:48:39 -  in a timer event called from: 
2021-03-15 07:48:39 -  (Unknown scriptfile)
2021-03-15 07:48:39 -  luaDoTargetCombatHealth(). Creature not found
2021-03-15 07:48:39 -  stack traceback:
2021-03-15 07:48:39 -  	[C]: in function 'doTargetCombatHealth'
2021-03-15 07:48:39 -  	...rescripts/quests/grave_danger/cobra_bastion/scarlett.lua:35: in function <...rescripts/quests/grave_danger/cobra_bastion/scarlett.lua:27>
2021-03-15 07:49:17 -  >> Starting Night... Current light is 40 and it's 19:20 Tibian Time.
2021-03-15 07:49:17 -  Saruman has logged in. | Client: 12.61
2021-03-15 08:02:29 -  > Broadcasted message: "Scouts report a barbarian army gathering near Svargrond".
2021-03-15 08:02:33 -  > Broadcasted message: "Some invaders might try to access Svargrond via the ice to the North.".
2021-03-15 08:02:37 -  > Broadcasted message: "Raiders are attacking Svargrond!".
2021-03-15 09:00:02 -  >> Starting Sunrise... Current light is 47 and it's 5:56 Tibian Time.
2021-03-15 09:00:02 -  > NPC Ghostly Wolf removed!
2021-03-15 09:00:02 -  > NPC Talila removed!
2021-03-15 09:00:02 -  > NPC Valindara added!
2021-03-15 09:00:02 -  >> Starting Day... Current light is 250 and it's 7:52 Tibian Time.
2021-03-15 09:00:02 -  >> Starting Sunset... Current light is 243 and it's 17:24 Tibian Time.
2021-03-15 09:00:02 -  > NPC Ghostly Wolf added!
2021-03-15 09:00:02 -  > NPC Talila added!
2021-03-15 09:00:02 -  > NPC Valindara removed!
2021-03-15 09:00:02 -  >> Starting Night... Current light is 40 and it's 19:20 Tibian Time.
2021-03-15 09:00:02 -  >> Saving Hirelings
2021-03-15 09:00:02 -  Saruman has logged out. | Client: 12.61
2021-03-15 09:00:02 -  Secreto has logged out. | Client: 12.61
2021-03-15 09:00:02 -  Ronalee Lovexp has logged out. | Client: 0
2021-03-15 09:00:03 -  Zeusx has logged out. | Client: 0
2021-03-15 09:00:03 -  Ekgolpeafullz has logged out. | Client: 0
2021-03-15 09:00:03 -  ADM inside has logged out. | Client: 0
2021-03-15 09:00:03 -  Ronalee Tanker has logged out. | Client: 0
2021-03-15 09:00:03 -  Supimpa has logged out. | Client: 0
2021-03-15 09:00:03 -  GM coxinha has logged out. | Client: 0
2021-03-15 09:00:03 -  Saving server...
2021-03-15 09:00:04 -  > Saved house items in: 0.339 seconds
2021-03-15 09:00:05 -  Shutting down... done!
