2021-03-03 09:00:10 -  OTServBR - Global - Version TFS 1.3
2021-03-03 09:00:10 -  
2021-03-03 09:00:10 -  Compiled with GNU C++ version 9.3.0
2021-03-03 09:00:10 -  Compiled on Feb 27 2021 08:04:53 for platform x64
2021-03-03 09:00:10 -  Linked with LuaJIT 2.1.0-beta3 for Lua support
2021-03-03 09:00:10 -  
2021-03-03 09:00:10 -  A server developed by OTServBR, Mark Samman and The Forgotten Server Developers
2021-03-03 09:00:10 -  Visit our forum for updates, support, and resources: https://otserv.com.br/ and https://forums.otserv.com.br
2021-03-03 09:00:10 -  
2021-03-03 09:00:10 -  >> Loading config
2021-03-03 09:00:10 -  >> Client Version: 12.60
2021-03-03 09:00:11 -  >> Establishing database connection... MySQL 10.3.25
2021-03-03 09:00:11 -  >> Running database manager
2021-03-03 09:00:12 -  > Optimizing table player_storage... [success]
2021-03-03 09:00:12 -  > Optimizing table players_online... [success]
2021-03-03 09:00:12 -  > Optimizing table tile_store... [success]
2021-03-03 09:00:12 -  >> Loading vocations
2021-03-03 09:00:12 -  >> Loading items
2021-03-03 09:00:12 -  >> Loading script systems
2021-03-03 09:00:12 -  >> Loading lua libs
2021-03-03 09:00:13 -  >> Loading event scheduler
2021-03-03 09:00:13 -  >> Loading lua scripts
2021-03-03 09:00:13 -  [Warning - Actions::registerLuaEvent] Duplicate registered item with uid: 6500 in range from uid: 5000, to uid: 12000
2021-03-03 09:00:13 -  [Warning - Actions::registerLuaEvent] Duplicate registered item with uid: 6501 in range from uid: 5000, to uid: 12000
2021-03-03 09:00:13 -  [Warning - Actions::registerLuaEvent] Duplicate registered item with uid: 6503 in range from uid: 5000, to uid: 12000
2021-03-03 09:00:13 -  [Warning - Actions::registerLuaEvent] Duplicate registered item with uid: 6550 in range from uid: 5000, to uid: 12000
2021-03-03 09:00:13 -  [Warning - Actions::registerLuaEvent] Duplicate registered item with uid: 6570 in range from uid: 5000, to uid: 12000
2021-03-03 09:00:13 -  [Warning - Actions::registerLuaEvent] Duplicate registered item with uid: 6661 in range from uid: 5000, to uid: 12000
2021-03-03 09:00:13 -  [Warning - Actions::registerLuaEvent] Duplicate registered item with uid: 6662 in range from uid: 5000, to uid: 12000
2021-03-03 09:00:13 -  [Warning - Actions::registerLuaEvent] Duplicate registered item with uid: 6663 in range from uid: 5000, to uid: 12000
2021-03-03 09:00:13 -  [Warning - Actions::registerLuaEvent] Duplicate registered item with uid: 6664 in range from uid: 5000, to uid: 12000
2021-03-03 09:00:13 -  [Warning - Actions::registerLuaEvent] Duplicate registered item with uid: 6665 in range from uid: 5000, to uid: 12000
2021-03-03 09:00:13 -  [Warning - Actions::registerLuaEvent] Duplicate registered item with uid: 6666 in range from uid: 5000, to uid: 12000
2021-03-03 09:00:13 -  [Warning - Actions::registerLuaEvent] Duplicate registered item with uid: 6678 in range from uid: 5000, to uid: 12000
2021-03-03 09:00:13 -  [Warning - Actions::registerLuaEvent] Duplicate registered item with uid: 6693 in range from uid: 5000, to uid: 12000
2021-03-03 09:00:13 -  [Warning - Actions::registerLuaEvent] Duplicate registered item with uid: 6697 in range from uid: 5000, to uid: 12000
2021-03-03 09:00:13 -  [Warning - Actions::registerLuaEvent] Duplicate registered item with uid: 6698 in range from uid: 5000, to uid: 12000
2021-03-03 09:00:13 -  [Warning - Actions::registerLuaEvent] Duplicate registered item with uid: 6699 in range from uid: 5000, to uid: 12000
2021-03-03 09:00:13 -  [Warning - Actions::registerLuaEvent] Duplicate registered item with uid: 6701 in range from uid: 5000, to uid: 12000
2021-03-03 09:00:13 -  [Warning - Actions::registerLuaEvent] Duplicate registered item with uid: 6702 in range from uid: 5000, to uid: 12000
2021-03-03 09:00:13 -  [Warning - Actions::registerLuaEvent] Duplicate registered item with uid: 6703 in range from uid: 5000, to uid: 12000
2021-03-03 09:00:13 -  >> Loading lua monsters
2021-03-03 09:00:14 -  >> Loading outfits
2021-03-03 09:00:14 -  >> Loading familiars
2021-03-03 09:00:14 -  >> Boosted creature: White Shade
2021-03-03 09:00:14 -  >> Checking world type... PVP
2021-03-03 09:00:14 -  >> Loading map
2021-03-03 09:00:17 -  > Map size: 34143x33812
2021-03-03 09:00:23 -  > Duplicate unique id: 6664
2021-03-03 09:00:25 -  > Map loading time: 11.247 seconds
2021-03-03 09:00:26 -  > Loaded spawns in: 11.812 seconds
2021-03-03 09:00:26 -  > Loaded house items in: 0.019 seconds
2021-03-03 09:00:26 -  >> Initializing gamestate
2021-03-03 09:00:29 -  >> Nightmare Isle will be active north of Ankrahmun today
2021-03-03 09:00:29 -  >> Fury Gate will be active in Ab'dendriel today
2021-03-03 09:00:29 -  >> Rashid arrived at Wednesdays destination.
2021-03-03 09:00:29 -  >> Loading map attributes
2021-03-03 09:00:29 -  > Loaded 967 npcs and spawned 74141 monsters
2021-03-03 09:00:29 -  > Loaded 26 towns with 984 houses in total
2021-03-03 09:00:29 -  >> Wrong item id found
2021-03-03 09:00:29 -  > Sign id: 11, item id: 1406
2021-03-03 09:00:29 -  > Loaded 14 signs in the map
2021-03-03 09:00:29 -  > Loaded 37 books and documents in the map
2021-03-03 09:00:29 -  >> Wrong item id found
2021-03-03 09:00:29 -  > Action id: 14900, item id: 22821
2021-03-03 09:00:29 -  >> Wrong item id found
2021-03-03 09:00:29 -  > Unique id: 30026, item id: 10044
2021-03-03 09:00:29 -  > Loaded all actions in the map
2021-03-03 09:00:29 -  > Loaded all uniques in the map
2021-03-03 09:00:29 -  >> Loading custom map
2021-03-03 09:00:29 -  > Loaded otservbr-custom map
2021-03-03 09:00:29 -  >> Yasir: carlin. 
2021-03-03 09:00:29 -  >> Loaded all modules, server starting up...
2021-03-03 09:00:29 -  > Warning: OTServBR - Global has been executed as root user, please consider running it as a normal user.
2021-03-03 09:00:30 -  >> Divine-Global Server Online!
2021-03-03 09:00:30 -  
2021-03-03 09:00:30 -  > Map size: 34143x33812
2021-03-03 09:00:30 -  > Map loading time: 0.003 seconds
2021-03-03 09:00:30 -  > Map size: 32684x31728
2021-03-03 09:00:30 -  > Map loading time: 0.001 seconds
2021-03-03 09:00:30 -  > Map size: 34143x33812
2021-03-03 09:00:30 -  > Map loading time: 0.061 seconds
2021-03-03 09:00:30 -  > Map size: 33760x33023
2021-03-03 09:00:30 -  > Map loading time: 0.003 seconds
2021-03-03 10:14:29 -  > Loaded otservbr-custom spawn
2021-03-03 10:14:29 -  >> Starting Sunset... Current light is 243 and it's 17:24 Tibian Time.
2021-03-03 10:14:29 -  > NPC Ghostly Wolf added!
2021-03-03 10:14:29 -  > NPC Talila added!
2021-03-03 10:14:29 -  > NPC Valindara removed!
2021-03-03 10:14:29 -  >> Starting Night... Current light is 40 and it's 19:20 Tibian Time.
2021-03-03 10:14:29 -  > Broadcasted message: "There seems to be a big gnarlhoud gang in Zao Steppe.".
2021-03-03 10:14:49 -  > Broadcasted message: "The gnarlhounds seem to multiply by the minute.".
2021-03-03 10:16:29 -  >> Starting Sunrise... Current light is 47 and it's 5:56 Tibian Time.
2021-03-03 10:16:29 -  > NPC Ghostly Wolf removed!
2021-03-03 10:16:29 -  > NPC Talila removed!
2021-03-03 10:16:29 -  > NPC Valindara added!
2021-03-03 10:16:29 -  > Broadcasted message: "The gnarlhounds roam free in the Zao Steppe. Watch out!".
2021-03-03 12:00:14 -  >> Starting Day... Current light is 250 and it's 7:52 Tibian Time.
2021-03-03 12:00:14 -  >> Starting Sunset... Current light is 243 and it's 17:24 Tibian Time.
2021-03-03 12:00:14 -  > NPC Ghostly Wolf added!
2021-03-03 12:00:14 -  > NPC Talila added!
2021-03-03 12:00:14 -  > NPC Valindara removed!
2021-03-03 12:00:14 -  >> Starting Night... Current light is 40 and it's 19:20 Tibian Time.
2021-03-03 12:00:14 -  >> Starting Sunrise... Current light is 47 and it's 5:56 Tibian Time.
2021-03-03 12:00:14 -  > NPC Ghostly Wolf removed!
2021-03-03 12:00:14 -  > NPC Talila removed!
2021-03-03 12:00:14 -  > NPC Valindara added!
2021-03-03 12:00:14 -  >> Starting Day... Current light is 250 and it's 7:52 Tibian Time.
2021-03-03 12:00:14 -  >> Starting Sunset... Current light is 243 and it's 17:24 Tibian Time.
2021-03-03 12:00:14 -  > NPC Ghostly Wolf added!
2021-03-03 12:00:14 -  > NPC Talila added!
2021-03-03 12:00:14 -  > NPC Valindara removed!
2021-03-03 12:00:14 -  >> Starting Night... Current light is 40 and it's 19:20 Tibian Time.
2021-03-03 12:00:14 -  > Broadcasted message: "The dragons of the Dragonblaze Mountains have    descended to Zao to protect the lizardkin!".
2021-03-03 12:13:20 -  Moon Phisthys has logged in. | Client: 11
2021-03-03 12:42:29 -  >> Starting Sunrise... Current light is 47 and it's 5:56 Tibian Time.
2021-03-03 12:42:29 -  > NPC Ghostly Wolf removed!
2021-03-03 12:42:29 -  > NPC Talila removed!
2021-03-03 12:42:29 -  > NPC Valindara added!
2021-03-03 12:42:29 -  >> Starting Day... Current light is 250 and it's 7:52 Tibian Time.
2021-03-03 12:42:29 -  > Broadcasted message: "Many aggressive beasts are roaming south of Ab'Dendriel! Take care!".
2021-03-03 12:45:35 -  >> Starting Sunset... Current light is 243 and it's 17:24 Tibian Time.
2021-03-03 12:45:35 -  > NPC Ghostly Wolf added!
2021-03-03 12:45:35 -  > NPC Talila added!
2021-03-03 12:45:35 -  > NPC Valindara removed!
2021-03-03 12:45:35 -  Moon Phisthys has logged out. | Client: 0
2021-03-03 13:20:29 -  >> Starting Night... Current light is 40 and it's 19:20 Tibian Time.
2021-03-03 13:20:29 -  >> Starting Sunrise... Current light is 47 and it's 5:56 Tibian Time.
2021-03-03 13:20:29 -  > NPC Ghostly Wolf removed!
2021-03-03 13:20:29 -  > NPC Talila removed!
2021-03-03 13:20:29 -  > NPC Valindara added!
2021-03-03 13:20:29 -  >> Starting Day... Current light is 250 and it's 7:52 Tibian Time.
2021-03-03 13:20:29 -  > Broadcasted message: "The dragons of the Dragonblaze Mountains have    descended to Zao to protect the lizardkin!".
2021-03-03 14:33:29 -  >> Starting Sunset... Current light is 243 and it's 17:24 Tibian Time.
2021-03-03 14:33:29 -  > NPC Ghostly Wolf added!
2021-03-03 14:33:29 -  > NPC Talila added!
2021-03-03 14:33:29 -  > NPC Valindara removed!
2021-03-03 14:33:29 -  >> Starting Night... Current light is 40 and it's 19:20 Tibian Time.
2021-03-03 14:33:29 -  >> Starting Sunrise... Current light is 47 and it's 5:56 Tibian Time.
2021-03-03 14:33:29 -  > NPC Ghostly Wolf removed!
2021-03-03 14:33:29 -  > NPC Talila removed!
2021-03-03 14:33:29 -  > NPC Valindara added!
2021-03-03 14:33:29 -  >> Starting Day... Current light is 250 and it's 7:52 Tibian Time.
2021-03-03 14:33:29 -  > Broadcasted message: "Goblins are preparing to attack Kazordoon from Femor Hills!".
2021-03-03 14:33:49 -  > Broadcasted message: "Goblins attack from Femor Hills!".
2021-03-03 14:35:30 -  > Broadcasted message: "Danger! Now the goblin leaders attack Kazordoon from Femor Hills!".
2021-03-03 15:11:18 -  >> Starting Sunset... Current light is 243 and it's 17:24 Tibian Time.
2021-03-03 15:11:18 -  > NPC Ghostly Wolf added!
2021-03-03 15:11:18 -  > NPC Talila added!
2021-03-03 15:11:18 -  > NPC Valindara removed!
2021-03-03 15:11:18 -  >> Starting Night... Current light is 40 and it's 19:20 Tibian Time.
2021-03-03 15:11:18 -  Supimpa has logged in. | Client: 11
2021-03-03 15:16:29 -  >> Starting Sunrise... Current light is 47 and it's 5:56 Tibian Time.
2021-03-03 15:16:29 -  > NPC Ghostly Wolf removed!
2021-03-03 15:16:29 -  > NPC Talila removed!
2021-03-03 15:16:29 -  > NPC Valindara added!
2021-03-03 15:16:29 -  > Broadcasted message: "Let da mashing begin! Cyclops riot east of Thais.".
2021-03-03 15:39:05 -  >> Starting Day... Current light is 250 and it's 7:52 Tibian Time.
2021-03-03 15:39:05 -  Supimpa has logged out. | Client: 11
2021-03-03 15:39:08 -  Supimpa has logged in. | Client: 11
2021-03-03 15:39:19 -  Supimpa has logged out. | Client: 11
2021-03-03 15:54:04 -  >> Starting Sunset... Current light is 243 and it's 17:24 Tibian Time.
2021-03-03 15:54:04 -  > NPC Ghostly Wolf added!
2021-03-03 15:54:04 -  > NPC Talila added!
2021-03-03 15:54:04 -  > NPC Valindara removed!
2021-03-03 15:54:04 -  >> Starting Night... Current light is 40 and it's 19:20 Tibian Time.
2021-03-03 15:54:04 -  Draco has logged in. | Client: 12.61
2021-03-03 16:01:23 -  Draco has logged out. | Client: 0
2021-03-03 16:14:30 -  > Broadcasted message: "Beware of Ocyakao!".
2021-03-03 17:28:29 -  >> Starting Sunrise... Current light is 47 and it's 5:56 Tibian Time.
2021-03-03 17:28:29 -  > NPC Ghostly Wolf removed!
2021-03-03 17:28:29 -  > NPC Talila removed!
2021-03-03 17:28:29 -  > NPC Valindara added!
2021-03-03 17:28:29 -  >> Starting Day... Current light is 250 and it's 7:52 Tibian Time.
2021-03-03 17:28:29 -  >> Starting Sunset... Current light is 243 and it's 17:24 Tibian Time.
2021-03-03 17:28:29 -  > NPC Ghostly Wolf added!
2021-03-03 17:28:29 -  > NPC Talila added!
2021-03-03 17:28:29 -  > NPC Valindara removed!
2021-03-03 17:28:29 -  >> Starting Night... Current light is 40 and it's 19:20 Tibian Time.
2021-03-03 17:28:29 -  >> Starting Sunrise... Current light is 47 and it's 5:56 Tibian Time.
2021-03-03 17:28:29 -  > NPC Ghostly Wolf removed!
2021-03-03 17:28:29 -  > NPC Talila removed!
2021-03-03 17:28:29 -  > NPC Valindara added!
2021-03-03 17:28:29 -  >> Starting Day... Current light is 250 and it's 7:52 Tibian Time.
2021-03-03 17:28:29 -  > Broadcasted message: "Forrest animals spread out close to Ab'Dendriel!".
2021-03-03 17:39:22 -  Bryan Fox Moon has logged in. | Client: 12.61
2021-03-03 18:25:36 -  >> Starting Sunset... Current light is 243 and it's 17:24 Tibian Time.
2021-03-03 18:25:36 -  > NPC Ghostly Wolf added!
2021-03-03 18:25:36 -  > NPC Talila added!
2021-03-03 18:25:36 -  > NPC Valindara removed!
2021-03-03 18:25:36 -  >> Starting Night... Current light is 40 and it's 19:20 Tibian Time.
2021-03-03 18:25:36 -  >> Starting Sunrise... Current light is 47 and it's 5:56 Tibian Time.
2021-03-03 18:25:36 -  > NPC Ghostly Wolf removed!
2021-03-03 18:25:36 -  > NPC Talila removed!
2021-03-03 18:25:36 -  > NPC Valindara added!
2021-03-03 18:25:36 -  >> Starting Day... Current light is 250 and it's 7:52 Tibian Time.
2021-03-03 18:25:36 -  Bryan Fox Moon has logged out. | Client: 0
2021-03-03 18:30:46 -  Bryan Fox Moon has logged in. | Client: 12.61
2021-03-03 18:51:29 -  >> Starting Sunset... Current light is 243 and it's 17:24 Tibian Time.
2021-03-03 18:51:29 -  > NPC Ghostly Wolf added!
2021-03-03 18:51:29 -  > NPC Talila added!
2021-03-03 18:51:29 -  > NPC Valindara removed!
2021-03-03 18:51:29 -  >> Starting Night... Current light is 40 and it's 19:20 Tibian Time.
2021-03-03 18:51:29 -  > Broadcasted message: "Feverish Citizens are invading the streets of Venore!".
2021-03-03 18:54:46 -  Bryan Fox Moon has logged out. | Client: 12.61
2021-03-03 19:14:51 -  Bryan Fox Moon has logged in. | Client: 12.61
2021-03-03 19:16:38 -  >> Starting Sunrise... Current light is 47 and it's 5:56 Tibian Time.
2021-03-03 19:16:38 -  > NPC Ghostly Wolf removed!
2021-03-03 19:16:38 -  > NPC Talila removed!
2021-03-03 19:16:38 -  > NPC Valindara added!
2021-03-03 19:16:38 -  Bryan Fox Moon has logged out. | Client: 12.61
2021-03-03 19:16:40 -  Alucard has logged in. | Client: 12.61
2021-03-03 19:17:53 -  Alucard has logged out. | Client: 12.61
2021-03-03 19:17:56 -  Bryan Fox Moon has logged in. | Client: 12.61
2021-03-03 19:22:49 -  >> Starting Day... Current light is 250 and it's 7:52 Tibian Time.
2021-03-03 19:22:49 -  Bryan Fox Moon has logged out. | Client: 12.61
2021-03-03 19:22:51 -  Babayaga has logged in. | Client: 12.61
2021-03-03 19:23:24 -  Babayaga has logged out. | Client: 12.61
2021-03-03 19:23:26 -  Babayaga has logged in. | Client: 12.61
2021-03-03 19:23:37 -  Babayaga has logged out. | Client: 12.61
2021-03-03 19:23:41 -  Bryan Fox Moon has logged in. | Client: 12.61
2021-03-03 19:26:53 -  Bryan Fox Moon has logged out. | Client: 12.61
2021-03-03 19:29:31 -  Bryan Fox Moon has logged in. | Client: 12.61
2021-03-03 19:29:35 -  Bryan Fox Moon has logged out. | Client: 12.61
2021-03-03 19:29:37 -  Babayaga has logged in. | Client: 12.61
2021-03-03 19:30:08 -  Babayaga has logged out. | Client: 12.61
2021-03-03 19:30:41 -  Bryan Fox Moon has logged in. | Client: 12.61
2021-03-03 20:14:54 -  >> Starting Sunset... Current light is 243 and it's 17:24 Tibian Time.
2021-03-03 20:14:54 -  > NPC Ghostly Wolf added!
2021-03-03 20:14:54 -  > NPC Talila added!
2021-03-03 20:14:54 -  > NPC Valindara removed!
2021-03-03 20:14:54 -  >> Starting Night... Current light is 40 and it's 19:20 Tibian Time.
2021-03-03 20:14:54 -  > ERROR: Failed to save account: COXINHA!
2021-03-03 20:15:11 -  Supimpa has logged in. | Client: 11
2021-03-03 20:28:21 -  >> Starting Sunrise... Current light is 47 and it's 5:56 Tibian Time.
2021-03-03 20:28:21 -  > NPC Ghostly Wolf removed!
2021-03-03 20:28:21 -  > NPC Talila removed!
2021-03-03 20:28:21 -  > NPC Valindara added!
2021-03-03 20:28:21 -  >> Starting Day... Current light is 250 and it's 7:52 Tibian Time.
2021-03-03 20:28:21 -  Supimpa has logged out. | Client: 0
2021-03-03 20:29:36 -  Supimpa has logged in. | Client: 11
2021-03-03 20:32:02 -  Supimpa has logged out. | Client: 0
2021-03-03 20:45:29 -  >> Starting Sunset... Current light is 243 and it's 17:24 Tibian Time.
2021-03-03 20:45:29 -  > NPC Ghostly Wolf added!
2021-03-03 20:45:29 -  > NPC Talila added!
2021-03-03 20:45:29 -  > NPC Valindara removed!
2021-03-03 20:45:29 -  > Broadcasted message: "Beware! Mawhawk!".
2021-03-03 21:00:04 -  >> Starting Night... Current light is 40 and it's 19:20 Tibian Time.
2021-03-03 21:00:04 -  Bryan Fox Moon has logged out. | Client: 12.61
2021-03-03 23:15:37 -  >> Starting Sunrise... Current light is 47 and it's 5:56 Tibian Time.
2021-03-03 23:15:37 -  > NPC Ghostly Wolf removed!
2021-03-03 23:15:37 -  > NPC Talila removed!
2021-03-03 23:15:37 -  > NPC Valindara added!
2021-03-03 23:15:37 -  >> Starting Day... Current light is 250 and it's 7:52 Tibian Time.
2021-03-03 23:15:37 -  >> Starting Sunset... Current light is 243 and it's 17:24 Tibian Time.
2021-03-03 23:15:37 -  > NPC Ghostly Wolf added!
2021-03-03 23:15:37 -  > NPC Talila added!
2021-03-03 23:15:37 -  > NPC Valindara removed!
2021-03-03 23:15:37 -  >> Starting Night... Current light is 40 and it's 19:20 Tibian Time.
2021-03-03 23:15:37 -  >> Starting Sunrise... Current light is 47 and it's 5:56 Tibian Time.
2021-03-03 23:15:37 -  > NPC Ghostly Wolf removed!
2021-03-03 23:15:37 -  > NPC Talila removed!
2021-03-03 23:15:37 -  > NPC Valindara added!
2021-03-03 23:15:37 -  >> Starting Day... Current light is 250 and it's 7:52 Tibian Time.
2021-03-03 23:15:37 -  >> Starting Sunset... Current light is 243 and it's 17:24 Tibian Time.
2021-03-03 23:15:37 -  > NPC Ghostly Wolf added!
2021-03-03 23:15:37 -  > NPC Talila added!
2021-03-03 23:15:37 -  > NPC Valindara removed!
2021-03-03 23:15:37 -  >> Starting Night... Current light is 40 and it's 19:20 Tibian Time.
2021-03-03 23:15:37 -  >> Starting Sunrise... Current light is 47 and it's 5:56 Tibian Time.
2021-03-03 23:15:37 -  > NPC Ghostly Wolf removed!
2021-03-03 23:15:37 -  > NPC Talila removed!
2021-03-03 23:15:37 -  > NPC Valindara added!
2021-03-03 23:15:37 -  Pacific has logged in. | Client: 12.61
2021-03-03 23:16:15 -  Pacific has logged out. | Client: 12.61
2021-03-03 23:16:17 -  Forfun has logged in. | Client: 12.61
2021-03-03 23:16:24 -  Forfun has logged out. | Client: 12.61
2021-03-03 23:16:26 -  Devil has logged in. | Client: 12.61
2021-03-03 23:16:47 -  Devil has logged out. | Client: 12.61
2021-03-03 23:17:29 -  > Broadcasted message: "Lancer beetles troop up in Farmine. Beware!".
2021-03-03 23:17:49 -  > Broadcasted message: "A pack of lancer beetles heads towards the coast!".
2021-03-03 23:18:27 -  Pacific has logged in. | Client: 12.61
2021-03-03 23:27:30 -  >> Starting Day... Current light is 250 and it's 7:52 Tibian Time.
2021-03-03 23:27:30 -  Pacific has logged out. | Client: 12.61
2021-03-03 23:27:32 -  Devil has logged in. | Client: 12.61
2021-03-03 23:59:18 -  >> Starting Sunset... Current light is 243 and it's 17:24 Tibian Time.
2021-03-03 23:59:18 -  > NPC Ghostly Wolf added!
2021-03-03 23:59:18 -  > NPC Talila added!
2021-03-03 23:59:18 -  > NPC Valindara removed!
2021-03-03 23:59:18 -  >> Starting Night... Current light is 40 and it's 19:20 Tibian Time.
2021-03-03 23:59:18 -  Devil has logged out. | Client: 12.61
2021-03-03 23:59:20 -  Devil has logged in. | Client: 12.61
2021-03-04 00:12:41 -  >> Rashid is traveling to Thursdays location.
2021-03-04 00:12:41 -  Bilbo Bolseiro has logged in. | Client: 12.61
2021-03-04 00:12:44 -  Bilbo Bolseiro has logged out. | Client: 12.61
2021-03-04 00:12:45 -  Travis Sacana has logged in. | Client: 12.61
2021-03-04 00:12:52 -  Travis Sacana has logged out. | Client: 12.61
2021-03-04 00:28:13 -  >> Starting Sunrise... Current light is 47 and it's 5:56 Tibian Time.
2021-03-04 00:28:13 -  > NPC Ghostly Wolf removed!
2021-03-04 00:28:13 -  > NPC Talila removed!
2021-03-04 00:28:13 -  > NPC Valindara added!
2021-03-04 00:28:13 -  >> Starting Day... Current light is 250 and it's 7:52 Tibian Time.
2021-03-04 00:28:13 -  [Warning] DropLoot:	Could not add loot item to corpse.
2021-03-04 00:28:13 -  [Warning] DropLoot:	Could not add loot item to corpse.
2021-03-04 00:28:13 -  [Warning] DropLoot:	Could not add loot item to corpse.
2021-03-04 00:28:13 -  [Warning] DropLoot:	Could not add loot item to corpse.
2021-03-04 00:28:13 -  [Warning] DropLoot:	Could not add loot item to corpse.
2021-03-04 00:28:13 -  [Warning] DropLoot:	Could not add loot item to corpse.
2021-03-04 00:28:13 -  [Warning] DropLoot:	Could not add loot item to corpse.
2021-03-04 00:28:13 -  [Warning] DropLoot:	Could not add loot item to corpse.
2021-03-04 00:28:13 -  [Warning] DropLoot:	Could not add loot item to corpse.
2021-03-04 00:28:13 -  [Warning] DropLoot:	Could not add loot item to corpse.
2021-03-04 00:28:13 -  [Warning] DropLoot:	Could not add loot item to corpse.
2021-03-04 00:28:13 -  Bryan Fox Moon has logged in. | Client: 12.61
2021-03-04 00:38:20 -  Devil has logged out. | Client: 12.61
2021-03-04 00:55:43 -  >> Starting Sunset... Current light is 243 and it's 17:24 Tibian Time.
2021-03-04 00:55:43 -  > NPC Ghostly Wolf added!
2021-03-04 00:55:43 -  > NPC Talila added!
2021-03-04 00:55:43 -  > NPC Valindara removed!
2021-03-04 00:55:43 -  >> Starting Night... Current light is 40 and it's 19:20 Tibian Time.
2021-03-04 00:55:43 -  Bryan Fox Moon has logged out. | Client: 12.61
2021-03-04 00:56:00 -  Bryan Fox Moon has logged in. | Client: 12.61
2021-03-04 01:09:11 -  Bryan Fox Moon has logged out. | Client: 12.61
2021-03-04 01:09:15 -  Bryan Fox Moon has logged in. | Client: 12.61
2021-03-04 01:17:29 -  >> Starting Sunrise... Current light is 47 and it's 5:56 Tibian Time.
2021-03-04 01:17:29 -  > NPC Ghostly Wolf removed!
2021-03-04 01:17:29 -  > NPC Talila removed!
2021-03-04 01:17:29 -  > NPC Valindara added!
2021-03-04 01:17:29 -  Bryan Fox Moon has logged out. | Client: 12.61
2021-03-04 01:17:31 -  Alucard has logged in. | Client: 12.61
2021-03-04 01:17:33 -  Alucard has logged out. | Client: 12.61
2021-03-04 01:17:35 -  Babayaga has logged in. | Client: 12.61
2021-03-04 01:17:43 -  Babayaga has logged out. | Client: 12.61
2021-03-04 01:17:45 -  Babayaga has logged in. | Client: 12.61
2021-03-04 01:17:57 -  Babayaga has logged out. | Client: 12.61
2021-03-04 01:19:30 -  > Broadcasted message: "Barbarians are gathering at Bittermor.   They seem to be up to something.".
2021-03-04 01:19:49 -  > Broadcasted message: "The barbarian pack is roaming around in Bittermor.".
2021-03-04 01:22:01 -  >> Starting Day... Current light is 250 and it's 7:52 Tibian Time.
2021-03-04 01:22:01 -  Travis Sacana has logged in. | Client: 12.61
2021-03-04 01:32:51 -  Travis Sacana has logged out. | Client: 12.61
2021-03-04 01:32:53 -  Bilbo Bolseiro has logged in. | Client: 12.61
2021-03-04 01:43:58 -  Bilbo Bolseiro has logged out. | Client: 12.61
2021-03-04 03:52:30 -  >> Starting Sunset... Current light is 243 and it's 17:24 Tibian Time.
2021-03-04 03:52:30 -  > NPC Ghostly Wolf added!
2021-03-04 03:52:30 -  > NPC Talila added!
2021-03-04 03:52:30 -  > NPC Valindara removed!
2021-03-04 03:52:30 -  >> Starting Night... Current light is 40 and it's 19:20 Tibian Time.
2021-03-04 03:52:30 -  >> Starting Sunrise... Current light is 47 and it's 5:56 Tibian Time.
2021-03-04 03:52:30 -  > NPC Ghostly Wolf removed!
2021-03-04 03:52:30 -  > NPC Talila removed!
2021-03-04 03:52:30 -  > NPC Valindara added!
2021-03-04 03:52:30 -  >> Starting Day... Current light is 250 and it's 7:52 Tibian Time.
2021-03-04 03:52:30 -  >> Starting Sunset... Current light is 243 and it's 17:24 Tibian Time.
2021-03-04 03:52:30 -  > NPC Ghostly Wolf added!
2021-03-04 03:52:30 -  > NPC Talila added!
2021-03-04 03:52:30 -  > NPC Valindara removed!
2021-03-04 03:52:30 -  >> Starting Night... Current light is 40 and it's 19:20 Tibian Time.
2021-03-04 03:52:30 -  >> Starting Sunrise... Current light is 47 and it's 5:56 Tibian Time.
2021-03-04 03:52:30 -  > NPC Ghostly Wolf removed!
2021-03-04 03:52:30 -  > NPC Talila removed!
2021-03-04 03:52:30 -  > NPC Valindara added!
2021-03-04 03:52:30 -  >> Starting Day... Current light is 250 and it's 7:52 Tibian Time.
2021-03-04 03:52:30 -  >> Starting Sunset... Current light is 243 and it's 17:24 Tibian Time.
2021-03-04 03:52:30 -  > NPC Ghostly Wolf added!
2021-03-04 03:52:30 -  > NPC Talila added!
2021-03-04 03:52:30 -  > NPC Valindara removed!
2021-03-04 03:52:30 -  >> Starting Night... Current light is 40 and it's 19:20 Tibian Time.
2021-03-04 03:52:30 -  > Broadcasted message: "An ancient evil is awakening in the grimvale mines.".
2021-03-04 03:52:59 -  > Broadcasted message: "Werewolfs entities are entering the  mortal realm in the grimvale mines.".
2021-03-04 03:53:29 -  > Broadcasted message: "The Feroxa master has revealed itself in the mines of grimvale.".
2021-03-04 05:04:30 -  >> Starting Sunrise... Current light is 47 and it's 5:56 Tibian Time.
2021-03-04 05:04:30 -  > NPC Ghostly Wolf removed!
2021-03-04 05:04:30 -  > NPC Talila removed!
2021-03-04 05:04:30 -  > NPC Valindara added!
2021-03-04 05:04:30 -  >> Starting Day... Current light is 250 and it's 7:52 Tibian Time.
2021-03-04 05:04:30 -  >> Starting Sunset... Current light is 243 and it's 17:24 Tibian Time.
2021-03-04 05:04:30 -  > NPC Ghostly Wolf added!
2021-03-04 05:04:30 -  > NPC Talila added!
2021-03-04 05:04:30 -  > NPC Valindara removed!
2021-03-04 05:04:30 -  >> Starting Night... Current light is 40 and it's 19:20 Tibian Time.
2021-03-04 05:04:30 -  > Broadcasted message: "Sightings of undead, west of Darashia! Imminent invasion is suspected!".
2021-03-04 05:04:39 -  > Broadcasted message: "The undead are attacking Darashia!".
2021-03-04 08:33:30 -  >> Starting Sunrise... Current light is 47 and it's 5:56 Tibian Time.
2021-03-04 08:33:30 -  > NPC Ghostly Wolf removed!
2021-03-04 08:33:30 -  > NPC Talila removed!
2021-03-04 08:33:30 -  > NPC Valindara added!
2021-03-04 08:33:30 -  >> Starting Day... Current light is 250 and it's 7:52 Tibian Time.
2021-03-04 08:33:30 -  >> Starting Sunset... Current light is 243 and it's 17:24 Tibian Time.
2021-03-04 08:33:30 -  > NPC Ghostly Wolf added!
2021-03-04 08:33:30 -  > NPC Talila added!
2021-03-04 08:33:30 -  > NPC Valindara removed!
2021-03-04 08:33:30 -  >> Starting Night... Current light is 40 and it's 19:20 Tibian Time.
2021-03-04 08:33:30 -  >> Starting Sunrise... Current light is 47 and it's 5:56 Tibian Time.
2021-03-04 08:33:30 -  > NPC Ghostly Wolf removed!
2021-03-04 08:33:30 -  > NPC Talila removed!
2021-03-04 08:33:30 -  > NPC Valindara added!
2021-03-04 08:33:30 -  >> Starting Day... Current light is 250 and it's 7:52 Tibian Time.
2021-03-04 08:33:30 -  >> Starting Sunset... Current light is 243 and it's 17:24 Tibian Time.
2021-03-04 08:33:30 -  > NPC Ghostly Wolf added!
2021-03-04 08:33:30 -  > NPC Talila added!
2021-03-04 08:33:30 -  > NPC Valindara removed!
2021-03-04 08:33:30 -  >> Starting Night... Current light is 40 and it's 19:20 Tibian Time.
2021-03-04 08:33:30 -  >> Starting Sunrise... Current light is 47 and it's 5:56 Tibian Time.
2021-03-04 08:33:30 -  > NPC Ghostly Wolf removed!
2021-03-04 08:33:30 -  > NPC Talila removed!
2021-03-04 08:33:30 -  > NPC Valindara added!
2021-03-04 08:33:30 -  >> Starting Day... Current light is 250 and it's 7:52 Tibian Time.
2021-03-04 08:33:30 -  >> Starting Sunset... Current light is 243 and it's 17:24 Tibian Time.
2021-03-04 08:33:30 -  > NPC Ghostly Wolf added!
2021-03-04 08:33:30 -  > NPC Talila added!
2021-03-04 08:33:30 -  > NPC Valindara removed!
2021-03-04 08:33:30 -  >> Starting Night... Current light is 40 and it's 19:20 Tibian Time.
2021-03-04 08:33:30 -  >> Starting Sunrise... Current light is 47 and it's 5:56 Tibian Time.
2021-03-04 08:33:30 -  > NPC Ghostly Wolf removed!
2021-03-04 08:33:30 -  > NPC Talila removed!
2021-03-04 08:33:30 -  > NPC Valindara added!
2021-03-04 08:33:30 -  >> Starting Day... Current light is 250 and it's 7:52 Tibian Time.
2021-03-04 08:33:30 -  > Broadcasted message: "Something is moving in the northern grounds of the Rookgaard.".
2021-03-04 09:00:03 -  >> Starting Sunset... Current light is 243 and it's 17:24 Tibian Time.
2021-03-04 09:00:03 -  > NPC Ghostly Wolf added!
2021-03-04 09:00:03 -  > NPC Talila added!
2021-03-04 09:00:03 -  > NPC Valindara removed!
2021-03-04 09:00:03 -  >> Starting Night... Current light is 40 and it's 19:20 Tibian Time.
2021-03-04 09:00:03 -  >> Saving Hirelings
2021-03-04 09:00:03 -  Saving server...
2021-03-04 09:00:03 -  > Saved house items in: 0.462 seconds
2021-03-04 09:00:04 -  Shutting down... done!
