2021-03-20 09:00:10 -  OTServBR - Global - Version TFS 1.3
2021-03-20 09:00:10 -  
2021-03-20 09:00:10 -  Compiled with GNU C++ version 9.3.0
2021-03-20 09:00:10 -  Compiled on Mar 16 2021 20:00:03 for platform x64
2021-03-20 09:00:10 -  Linked with LuaJIT 2.1.0-beta3 for Lua support
2021-03-20 09:00:10 -  
2021-03-20 09:00:10 -  A server developed by OTServBR, Mark Samman and The Forgotten Server Developers
2021-03-20 09:00:10 -  Visit our forum for updates, support, and resources: https://otserv.com.br/ and https://forums.otserv.com.br
2021-03-20 09:00:10 -  
2021-03-20 09:00:10 -  >> Loading config
2021-03-20 09:00:10 -  >> Client Version: 12.64
2021-03-20 09:00:10 -  >> Establishing database connection... MySQL 10.3.25
2021-03-20 09:00:10 -  >> Running database manager
2021-03-20 09:00:11 -  > Optimizing table player_items... [success]
2021-03-20 09:00:12 -  > Optimizing table player_storage... [success]
2021-03-20 09:00:12 -  > Optimizing table players_online... [success]
2021-03-20 09:00:13 -  > Optimizing table tile_store... [success]
2021-03-20 09:00:13 -  >> Loading vocations
2021-03-20 09:00:13 -  >> Loading items
2021-03-20 09:00:13 -  >> Loading script systems
2021-03-20 09:00:13 -  >> Loading lua libs
2021-03-20 09:00:14 -  >> Loading event scheduler
2021-03-20 09:00:14 -  > Double XP event exp: 0%, loot: 0%, spawn: 0%, skill: 0%.
2021-03-20 09:00:14 -  [Warning - GlobalEvents::configureEvent] Duplicate registered globalevent with name: 
2021-03-20 09:00:14 -  [Warning - GlobalEvents::configureEvent] Duplicate registered globalevent with name: 
2021-03-20 09:00:14 -  > Double Coins  event exp: 0%, loot: 0%, spawn: 0%, skill: 0%.
2021-03-20 09:00:14 -  >> Loading lua scripts
2021-03-20 09:00:14 -  [Warning - Actions::registerLuaEvent] Duplicate registered item with uid: 6500 in range from uid: 5000, to uid: 12000
2021-03-20 09:00:14 -  [Warning - Actions::registerLuaEvent] Duplicate registered item with uid: 6501 in range from uid: 5000, to uid: 12000
2021-03-20 09:00:14 -  [Warning - Actions::registerLuaEvent] Duplicate registered item with uid: 6503 in range from uid: 5000, to uid: 12000
2021-03-20 09:00:14 -  [Warning - Actions::registerLuaEvent] Duplicate registered item with uid: 6550 in range from uid: 5000, to uid: 12000
2021-03-20 09:00:14 -  [Warning - Actions::registerLuaEvent] Duplicate registered item with uid: 6570 in range from uid: 5000, to uid: 12000
2021-03-20 09:00:14 -  [Warning - Actions::registerLuaEvent] Duplicate registered item with uid: 6661 in range from uid: 5000, to uid: 12000
2021-03-20 09:00:14 -  [Warning - Actions::registerLuaEvent] Duplicate registered item with uid: 6662 in range from uid: 5000, to uid: 12000
2021-03-20 09:00:14 -  [Warning - Actions::registerLuaEvent] Duplicate registered item with uid: 6663 in range from uid: 5000, to uid: 12000
2021-03-20 09:00:14 -  [Warning - Actions::registerLuaEvent] Duplicate registered item with uid: 6664 in range from uid: 5000, to uid: 12000
2021-03-20 09:00:14 -  [Warning - Actions::registerLuaEvent] Duplicate registered item with uid: 6665 in range from uid: 5000, to uid: 12000
2021-03-20 09:00:14 -  [Warning - Actions::registerLuaEvent] Duplicate registered item with uid: 6666 in range from uid: 5000, to uid: 12000
2021-03-20 09:00:14 -  [Warning - Actions::registerLuaEvent] Duplicate registered item with uid: 6678 in range from uid: 5000, to uid: 12000
2021-03-20 09:00:14 -  [Warning - Actions::registerLuaEvent] Duplicate registered item with uid: 6693 in range from uid: 5000, to uid: 12000
2021-03-20 09:00:14 -  [Warning - Actions::registerLuaEvent] Duplicate registered item with uid: 6697 in range from uid: 5000, to uid: 12000
2021-03-20 09:00:14 -  [Warning - Actions::registerLuaEvent] Duplicate registered item with uid: 6698 in range from uid: 5000, to uid: 12000
2021-03-20 09:00:14 -  [Warning - Actions::registerLuaEvent] Duplicate registered item with uid: 6699 in range from uid: 5000, to uid: 12000
2021-03-20 09:00:14 -  [Warning - Actions::registerLuaEvent] Duplicate registered item with uid: 6701 in range from uid: 5000, to uid: 12000
2021-03-20 09:00:14 -  [Warning - Actions::registerLuaEvent] Duplicate registered item with uid: 6702 in range from uid: 5000, to uid: 12000
2021-03-20 09:00:14 -  [Warning - Actions::registerLuaEvent] Duplicate registered item with uid: 6703 in range from uid: 5000, to uid: 12000
2021-03-20 09:00:14 -  >> Loading lua monsters
2021-03-20 09:00:14 -  [Warning - Loot:setId] Unknown loot item "spectral scrap of cloth". 
2021-03-20 09:00:14 -  [Warning - end] Monster: "The Pale Worm" loot could not correctly be load.
2021-03-20 09:00:14 -  [Error - Monsters::deserializeSpell] - The Pale Worm - Unknown spell name: summonsthepaleworm
2021-03-20 09:00:14 -  [Error - Monsters::deserializeSpell] - A Weak Spot - Unknown spell name: aweakspotdeathue
2021-03-20 09:00:14 -  [Error - Monsters::deserializeSpell] - A Weak Spot - Unknown spell name: summonsaweakspot
2021-03-20 09:00:14 -  [Error - Monsters::deserializeSpell] - The Dread Maiden - Unknown spell name: maidenring
2021-03-20 09:00:14 -  [Error - Monsters::deserializeSpell] - The Dread Maiden - Unknown spell name: summonsthedreadmaiden
2021-03-20 09:00:14 -  [Error - Monsters::deserializeSpell] - Horror - Unknown spell name: cakeheal
2021-03-20 09:00:14 -  [Error - Monsters::deserializeSpell] - Symbol of Fear - Unknown spell name: symboloffearue
2021-03-20 09:00:14 -  [Error - Monsters::deserializeSpell] - The Fear Feaster - Unknown spell name: deathring1x1
2021-03-20 09:00:14 -  [Error - Monsters::deserializeSpell] - The Fear Feaster - Unknown spell name: deathring2x2
2021-03-20 09:00:14 -  [Error - Monsters::deserializeSpell] - The Fear Feaster - Unknown spell name: deathring3x3
2021-03-20 09:00:14 -  [Error - Monsters::deserializeSpell] - Brother Worm - Unknown spell name: lifesteal
2021-03-20 09:00:14 -  [Error - Monsters::deserializeSpell] - The Unwelcome - Unknown spell name: lifesteal
2021-03-20 09:00:14 -  [Error - Monsters::deserializeSpell] - The Unwelcome - Unknown spell name: summonstheunwelcome
2021-03-20 09:00:14 -  >> Loading outfits
2021-03-20 09:00:14 -  >> Loading familiars
2021-03-20 09:00:14 -  >> Boosted creature: Werefox
2021-03-20 09:00:14 -  >> Checking world type... PVP
2021-03-20 09:00:14 -  >> Loading map
2021-03-20 09:00:17 -  > Map size: 34143x33812
2021-03-20 09:00:24 -  > Duplicate unique id: 6664
2021-03-20 09:00:25 -  > Map loading time: 11.05 seconds
2021-03-20 09:00:26 -  > Loaded spawns in: 11.646 seconds
2021-03-20 09:00:26 -  > Loaded house items in: 0.025 seconds
2021-03-20 09:00:26 -  >> Initializing gamestate
2021-03-20 09:00:30 -  >> Nightmare Isle will be active north of Ankrahmun today
2021-03-20 09:00:30 -  >> Fury Gate will be active in Carlin today
2021-03-20 09:00:30 -  >> Rashid arrived at Saturdays destination.
2021-03-20 09:00:30 -  >> Loading map attributes
2021-03-20 09:00:30 -  > Loaded 967 npcs and spawned 74141 monsters
2021-03-20 09:00:30 -  > Loaded 26 towns with 984 houses in total
2021-03-20 09:00:30 -  >> Wrong item id found
2021-03-20 09:00:30 -  > Sign id: 11, item id: 1406
2021-03-20 09:00:30 -  > Loaded 14 signs in the map
2021-03-20 09:00:30 -  > Loaded 37 books and documents in the map
2021-03-20 09:00:30 -  >> Wrong item id found
2021-03-20 09:00:30 -  > Action id: 14900, item id: 22821
2021-03-20 09:00:30 -  >> Wrong item id found
2021-03-20 09:00:30 -  > Unique id: 30026, item id: 10044
2021-03-20 09:00:30 -  > Loaded all actions in the map
2021-03-20 09:00:30 -  > Loaded all uniques in the map
2021-03-20 09:00:30 -  >> Spawning Hirelings
2021-03-20 09:00:30 -  >> Loading custom map
2021-03-20 09:00:30 -  > Loaded otservbr-custom map
2021-03-20 09:00:30 -  >> Yasir: not this time
2021-03-20 09:00:30 -  >> Loaded all modules, server starting up...
2021-03-20 09:00:30 -  > Warning: OTServBR - Global has been executed as root user, please consider running it as a normal user.
2021-03-20 09:00:30 -  >> Divine-Global Server Online!
2021-03-20 09:00:30 -  
2021-03-20 09:00:30 -  > Map size: 34143x33812
2021-03-20 09:00:30 -  > Map loading time: 0.002 seconds
2021-03-20 09:00:30 -  > Map size: 32267x31850
2021-03-20 09:00:30 -  > Map loading time: 0.001 seconds
2021-03-20 09:00:30 -  > Map size: 34143x33812
2021-03-20 09:00:30 -  > Map loading time: 0.059 seconds
2021-03-20 09:01:48 -  > Loaded otservbr-custom spawn
2021-03-20 09:01:48 -  ADM inside has logged in. | Client: 12.64
2021-03-20 09:02:29 -  Ronalee Lovexp has logged in. | Client: 12.64
2021-03-20 09:02:56 -  Ronalee Tanker has logged in. | Client: 12.64
2021-03-20 09:03:20 -  GM coxinha has logged in. | Client: 12.64
2021-03-20 09:04:05 -  Supimpa has logged in. | Client: 12.64
2021-03-20 09:05:34 -  Legolas has logged in. | Client: 12.64
2021-03-20 09:06:46 -  ADM inside has logged out. | Client: 12.64
2021-03-20 09:06:48 -  ADM inside has logged in. | Client: 12.64
2021-03-20 09:07:46 -  GM coxinha has logged out. | Client: 12.64
2021-03-20 09:07:47 -  GM coxinha has logged in. | Client: 12.64
2021-03-20 09:07:55 -  GM coxinha has logged out. | Client: 12.64
2021-03-20 09:07:56 -  GM coxinha has logged in. | Client: 12.64
2021-03-20 09:08:27 -  GM coxinha has logged out. | Client: 12.64
2021-03-20 09:08:29 -  GM coxinha has logged in. | Client: 12.64
2021-03-20 09:09:03 -  Ronalee Tanker has logged out. | Client: 12.64
2021-03-20 09:09:08 -  Ronalee Tanker has logged in. | Client: 12.64
2021-03-20 09:09:10 -  Ronalee Tanker has logged out. | Client: 12.64
2021-03-20 09:09:12 -  Ronalee Tanker has logged in. | Client: 12.64
2021-03-20 09:09:13 -  Ronalee Tanker has logged out. | Client: 12.64
2021-03-20 09:09:14 -  Ronalee Tanker has logged in. | Client: 12.64
