2021-03-19 09:00:11 -  OTServBR - Global - Version TFS 1.3
2021-03-19 09:00:11 -  
2021-03-19 09:00:11 -  Compiled with GNU C++ version 9.3.0
2021-03-19 09:00:11 -  Compiled on Mar 16 2021 20:00:03 for platform x64
2021-03-19 09:00:11 -  Linked with LuaJIT 2.1.0-beta3 for Lua support
2021-03-19 09:00:11 -  
2021-03-19 09:00:11 -  A server developed by OTServBR, Mark Samman and The Forgotten Server Developers
2021-03-19 09:00:11 -  Visit our forum for updates, support, and resources: https://otserv.com.br/ and https://forums.otserv.com.br
2021-03-19 09:00:11 -  
2021-03-19 09:00:11 -  >> Loading config
2021-03-19 09:00:11 -  >> Client Version: 12.64
2021-03-19 09:00:11 -  >> Establishing database connection... MySQL 10.3.25
2021-03-19 09:00:11 -  >> Running database manager
2021-03-19 09:00:11 -  > Optimizing table player_items... [success]
2021-03-19 09:00:13 -  > Optimizing table player_storage... [success]
2021-03-19 09:00:13 -  > Optimizing table players_online... [success]
2021-03-19 09:00:13 -  > Optimizing table tile_store... [success]
2021-03-19 09:00:13 -  >> Loading vocations
2021-03-19 09:00:13 -  >> Loading items
2021-03-19 09:00:13 -  >> Loading script systems
2021-03-19 09:00:13 -  >> Loading lua libs
2021-03-19 09:00:14 -  >> Loading event scheduler
2021-03-19 09:00:14 -  > Double Coins  event exp: 0%, loot: 0%, spawn: 0%, skill: 0%.
2021-03-19 09:00:14 -  [Warning - GlobalEvents::configureEvent] Duplicate registered globalevent with name: 
2021-03-19 09:00:14 -  [Warning - GlobalEvents::configureEvent] Duplicate registered globalevent with name: 
2021-03-19 09:00:14 -  > Double Skill! event exp: 0%, loot: 0%, spawn: 0%, skill: 200%.
2021-03-19 09:00:14 -  >> Loading lua scripts
2021-03-19 09:00:14 -  [Warning - Actions::registerLuaEvent] Duplicate registered item with uid: 6500 in range from uid: 5000, to uid: 12000
2021-03-19 09:00:14 -  [Warning - Actions::registerLuaEvent] Duplicate registered item with uid: 6501 in range from uid: 5000, to uid: 12000
2021-03-19 09:00:14 -  [Warning - Actions::registerLuaEvent] Duplicate registered item with uid: 6503 in range from uid: 5000, to uid: 12000
2021-03-19 09:00:14 -  [Warning - Actions::registerLuaEvent] Duplicate registered item with uid: 6550 in range from uid: 5000, to uid: 12000
2021-03-19 09:00:14 -  [Warning - Actions::registerLuaEvent] Duplicate registered item with uid: 6570 in range from uid: 5000, to uid: 12000
2021-03-19 09:00:14 -  [Warning - Actions::registerLuaEvent] Duplicate registered item with uid: 6661 in range from uid: 5000, to uid: 12000
2021-03-19 09:00:14 -  [Warning - Actions::registerLuaEvent] Duplicate registered item with uid: 6662 in range from uid: 5000, to uid: 12000
2021-03-19 09:00:14 -  [Warning - Actions::registerLuaEvent] Duplicate registered item with uid: 6663 in range from uid: 5000, to uid: 12000
2021-03-19 09:00:14 -  [Warning - Actions::registerLuaEvent] Duplicate registered item with uid: 6664 in range from uid: 5000, to uid: 12000
2021-03-19 09:00:14 -  [Warning - Actions::registerLuaEvent] Duplicate registered item with uid: 6665 in range from uid: 5000, to uid: 12000
2021-03-19 09:00:14 -  [Warning - Actions::registerLuaEvent] Duplicate registered item with uid: 6666 in range from uid: 5000, to uid: 12000
2021-03-19 09:00:14 -  [Warning - Actions::registerLuaEvent] Duplicate registered item with uid: 6678 in range from uid: 5000, to uid: 12000
2021-03-19 09:00:14 -  [Warning - Actions::registerLuaEvent] Duplicate registered item with uid: 6693 in range from uid: 5000, to uid: 12000
2021-03-19 09:00:14 -  [Warning - Actions::registerLuaEvent] Duplicate registered item with uid: 6697 in range from uid: 5000, to uid: 12000
2021-03-19 09:00:14 -  [Warning - Actions::registerLuaEvent] Duplicate registered item with uid: 6698 in range from uid: 5000, to uid: 12000
2021-03-19 09:00:14 -  [Warning - Actions::registerLuaEvent] Duplicate registered item with uid: 6699 in range from uid: 5000, to uid: 12000
2021-03-19 09:00:14 -  [Warning - Actions::registerLuaEvent] Duplicate registered item with uid: 6701 in range from uid: 5000, to uid: 12000
2021-03-19 09:00:14 -  [Warning - Actions::registerLuaEvent] Duplicate registered item with uid: 6702 in range from uid: 5000, to uid: 12000
2021-03-19 09:00:14 -  [Warning - Actions::registerLuaEvent] Duplicate registered item with uid: 6703 in range from uid: 5000, to uid: 12000
2021-03-19 09:00:14 -  >> Loading lua monsters
2021-03-19 09:00:14 -  [Warning - Loot:setId] Unknown loot item "spectral scrap of cloth". 
2021-03-19 09:00:14 -  [Warning - end] Monster: "The Pale Worm" loot could not correctly be load.
2021-03-19 09:00:14 -  [Error - Monsters::deserializeSpell] - The Pale Worm - Unknown spell name: summonsthepaleworm
2021-03-19 09:00:14 -  [Error - Monsters::deserializeSpell] - A Weak Spot - Unknown spell name: aweakspotdeathue
2021-03-19 09:00:14 -  [Error - Monsters::deserializeSpell] - A Weak Spot - Unknown spell name: summonsaweakspot
2021-03-19 09:00:14 -  [Error - Monsters::deserializeSpell] - The Dread Maiden - Unknown spell name: maidenring
2021-03-19 09:00:14 -  [Error - Monsters::deserializeSpell] - The Dread Maiden - Unknown spell name: summonsthedreadmaiden
2021-03-19 09:00:14 -  [Error - Monsters::deserializeSpell] - Horror - Unknown spell name: cakeheal
2021-03-19 09:00:14 -  [Error - Monsters::deserializeSpell] - Symbol of Fear - Unknown spell name: symboloffearue
2021-03-19 09:00:14 -  [Error - Monsters::deserializeSpell] - The Fear Feaster - Unknown spell name: deathring1x1
2021-03-19 09:00:14 -  [Error - Monsters::deserializeSpell] - The Fear Feaster - Unknown spell name: deathring2x2
2021-03-19 09:00:14 -  [Error - Monsters::deserializeSpell] - The Fear Feaster - Unknown spell name: deathring3x3
2021-03-19 09:00:14 -  [Error - Monsters::deserializeSpell] - Brother Worm - Unknown spell name: lifesteal
2021-03-19 09:00:14 -  [Error - Monsters::deserializeSpell] - The Unwelcome - Unknown spell name: lifesteal
2021-03-19 09:00:14 -  [Error - Monsters::deserializeSpell] - The Unwelcome - Unknown spell name: summonstheunwelcome
2021-03-19 09:00:15 -  >> Loading outfits
2021-03-19 09:00:15 -  >> Loading familiars
2021-03-19 09:00:15 -  >> Boosted creature: Gloom Wolf
2021-03-19 09:00:15 -  >> Checking world type... PVP
2021-03-19 09:00:15 -  >> Loading map
2021-03-19 09:00:17 -  > Map size: 34143x33812
2021-03-19 09:00:24 -  > Duplicate unique id: 6664
2021-03-19 09:00:26 -  > Map loading time: 11.028 seconds
2021-03-19 09:00:26 -  > Loaded spawns in: 11.614 seconds
2021-03-19 09:00:26 -  > Loaded house items in: 0.025 seconds
2021-03-19 09:00:26 -  >> Initializing gamestate
2021-03-19 09:00:30 -  >> Nightmare Isle will be active north of Ankrahmun today
2021-03-19 09:00:30 -  >> Fury Gate will be active in Edron today
2021-03-19 09:00:30 -  >> Rashid arrived at Fridays destination.
2021-03-19 09:00:30 -  >> Loading map attributes
2021-03-19 09:00:30 -  > Loaded 967 npcs and spawned 74141 monsters
2021-03-19 09:00:30 -  > Loaded 26 towns with 984 houses in total
2021-03-19 09:00:30 -  >> Wrong item id found
2021-03-19 09:00:30 -  > Sign id: 11, item id: 1406
2021-03-19 09:00:30 -  > Loaded 14 signs in the map
2021-03-19 09:00:30 -  > Loaded 37 books and documents in the map
2021-03-19 09:00:30 -  >> Wrong item id found
2021-03-19 09:00:30 -  > Action id: 14900, item id: 22821
2021-03-19 09:00:30 -  >> Wrong item id found
2021-03-19 09:00:30 -  > Unique id: 30026, item id: 10044
2021-03-19 09:00:30 -  > Loaded all actions in the map
2021-03-19 09:00:30 -  > Loaded all uniques in the map
2021-03-19 09:00:30 -  >> Spawning Hirelings
2021-03-19 09:00:30 -  >> Loading custom map
2021-03-19 09:00:30 -  > Loaded otservbr-custom map
2021-03-19 09:00:30 -  >> Yasir: libertybay. 
2021-03-19 09:00:30 -  >> Loaded all modules, server starting up...
2021-03-19 09:00:30 -  > Warning: OTServBR - Global has been executed as root user, please consider running it as a normal user.
2021-03-19 09:00:30 -  >> Divine-Global Server Online!
2021-03-19 09:00:30 -  
2021-03-19 09:00:31 -  > Map size: 34143x33812
2021-03-19 09:00:31 -  > Map loading time: 0.002 seconds
2021-03-19 09:00:31 -  > Map size: 33225x31925
2021-03-19 09:00:31 -  > Map loading time: 0 seconds
2021-03-19 09:00:31 -  > Map size: 34143x33812
2021-03-19 09:00:31 -  > Map loading time: 0.062 seconds
2021-03-19 09:00:31 -  > Map size: 32319x32904
2021-03-19 09:00:31 -  > Map loading time: 0.001 seconds
2021-03-19 09:24:42 -  > Loaded otservbr-custom spawn
2021-03-19 09:24:42 -  ADM inside has logged in. | Client: 11
2021-03-19 09:25:39 -  Ronalee Lovexp has logged in. | Client: 11
2021-03-19 09:26:39 -  > ERROR: Failed to save account: COXINHA!
2021-03-19 09:27:10 -  Supimpa has logged in. | Client: 11
2021-03-19 09:28:13 -  > ERROR: Failed to save account: COXINHATOP!
2021-03-19 09:28:15 -  GM coxinha has logged in. | Client: 11
2021-03-19 09:28:57 -  > ERROR: Failed to save account: VITORIA!
2021-03-19 09:28:59 -  Ronalee Tanker has logged in. | Client: 11
2021-03-19 10:01:19 -  >> Starting Sunset... Current light is 243 and it's 17:24 Tibian Time.
2021-03-19 10:01:19 -  > NPC Ghostly Wolf added!
2021-03-19 10:01:19 -  > NPC Talila added!
2021-03-19 10:01:19 -  > NPC Valindara removed!
2021-03-19 10:01:19 -  >> Starting Night... Current light is 40 and it's 19:20 Tibian Time.
2021-03-19 10:01:19 -  Buzorc has logged in. | Client: 12.64
2021-03-19 10:01:34 -  Buzorc has logged out. | Client: 12.64
2021-03-19 10:10:26 -  Tibia Matt has logged in. | Client: 12.64
2021-03-19 10:10:34 -  Tibia Matt has logged out. | Client: 12.64
2021-03-19 10:10:41 -  Passe Livre has logged in. | Client: 12.64
2021-03-19 10:10:53 -  Passe Livre has logged out. | Client: 12.64
2021-03-19 10:10:56 -  Tibia Matt has logged in. | Client: 12.64
2021-03-19 10:12:04 -  Tibia Matt has logged out. | Client: 12.64
2021-03-19 10:52:30 -  >> Starting Sunrise... Current light is 47 and it's 5:56 Tibian Time.
2021-03-19 10:52:30 -  > NPC Ghostly Wolf removed!
2021-03-19 10:52:30 -  > NPC Talila removed!
2021-03-19 10:52:30 -  > NPC Valindara added!
2021-03-19 10:52:30 -  >> Starting Day... Current light is 250 and it's 7:52 Tibian Time.
2021-03-19 10:52:30 -  >> Starting Sunset... Current light is 243 and it's 17:24 Tibian Time.
2021-03-19 10:52:30 -  > NPC Ghostly Wolf added!
2021-03-19 10:52:30 -  > NPC Talila added!
2021-03-19 10:52:30 -  > NPC Valindara removed!
2021-03-19 10:52:30 -  >> Starting Night... Current light is 40 and it's 19:20 Tibian Time.
2021-03-19 10:52:30 -  > Broadcasted message: "Feverish Citizens are invading the streets of Venore!".
2021-03-19 11:58:30 -  >> Starting Sunrise... Current light is 47 and it's 5:56 Tibian Time.
2021-03-19 11:58:30 -  > NPC Ghostly Wolf removed!
2021-03-19 11:58:30 -  > NPC Talila removed!
2021-03-19 11:58:30 -  > NPC Valindara added!
2021-03-19 11:58:30 -  >> Starting Day... Current light is 250 and it's 7:52 Tibian Time.
2021-03-19 11:58:30 -  >> Starting Sunset... Current light is 243 and it's 17:24 Tibian Time.
2021-03-19 11:58:30 -  > NPC Ghostly Wolf added!
2021-03-19 11:58:30 -  > NPC Talila added!
2021-03-19 11:58:30 -  > NPC Valindara removed!
2021-03-19 11:58:30 -  >> Starting Night... Current light is 40 and it's 19:20 Tibian Time.
2021-03-19 11:58:30 -  > Broadcasted message: "The dragons of the Dragonblaze Mountains have    descended to Zao to protect the lizardkin!".
2021-03-19 12:15:12 -  Secreto has logged in. | Client: 12.64
2021-03-19 12:23:25 -  >> Starting Sunrise... Current light is 47 and it's 5:56 Tibian Time.
2021-03-19 12:23:25 -  > NPC Ghostly Wolf removed!
2021-03-19 12:23:25 -  > NPC Talila removed!
2021-03-19 12:23:25 -  > NPC Valindara added!
2021-03-19 12:23:25 -  >> Starting Day... Current light is 250 and it's 7:52 Tibian Time.
2021-03-19 12:23:25 -  Tibia Matt has logged in. | Client: 12.64
2021-03-19 12:30:43 -  Tibia Matt has logged out. | Client: 12.64
2021-03-19 12:30:46 -  Passe Livre has logged in. | Client: 12.64
2021-03-19 12:30:50 -  Passe Livre has logged out. | Client: 12.64
2021-03-19 12:31:13 -  Buzorc has logged in. | Client: 12.64
2021-03-19 12:34:24 -  Escoteiro has logged in. | Client: 11
2021-03-19 12:35:25 -  Escoteiro has logged out. | Client: 0
2021-03-19 12:35:32 -  Buzorc has logged out. | Client: 12.64
2021-03-19 12:37:11 -  Escoteiro has logged in. | Client: 11
2021-03-19 12:40:50 -  Escoteiro has logged out. | Client: 11
2021-03-19 12:46:53 -  >> Starting Sunset... Current light is 243 and it's 17:24 Tibian Time.
2021-03-19 12:46:53 -  > NPC Ghostly Wolf added!
2021-03-19 12:46:53 -  > NPC Talila added!
2021-03-19 12:46:53 -  > NPC Valindara removed!
2021-03-19 12:46:53 -  Buzorc has logged in. | Client: 12.64
2021-03-19 12:48:39 -  Sniper Maiden has logged in. | Client: 12.64
2021-03-19 12:58:07 -  >> Starting Night... Current light is 40 and it's 19:20 Tibian Time.
2021-03-19 12:58:07 -  Sniper Maiden has logged out. | Client: 12.64
2021-03-19 13:01:26 -  Teste has logged in. | Client: 12.64
2021-03-19 13:15:11 -  Secreto has logged out. | Client: 12.64
2021-03-19 13:16:28 -  >> Starting Sunrise... Current light is 47 and it's 5:56 Tibian Time.
2021-03-19 13:16:28 -  > NPC Ghostly Wolf removed!
2021-03-19 13:16:28 -  > NPC Talila removed!
2021-03-19 13:16:28 -  > NPC Valindara added!
2021-03-19 13:16:28 -  Secreto has logged in. | Client: 12.64
2021-03-19 13:41:46 -  >> Starting Day... Current light is 250 and it's 7:52 Tibian Time.
2021-03-19 13:41:46 -  Teste has logged out. | Client: 0
2021-03-19 13:44:24 -  >> Starting Sunset... Current light is 243 and it's 17:24 Tibian Time.
2021-03-19 13:44:24 -  > NPC Ghostly Wolf added!
2021-03-19 13:44:24 -  > NPC Talila added!
2021-03-19 13:44:24 -  > NPC Valindara removed!
2021-03-19 13:44:24 -  Tibia Matt has logged in. | Client: 12.64
2021-03-19 14:00:31 -  >> Starting Night... Current light is 40 and it's 19:20 Tibian Time.
2021-03-19 14:00:31 -  Teste has logged in. | Client: 12.64
2021-03-19 14:34:48 -  >> Starting Sunrise... Current light is 47 and it's 5:56 Tibian Time.
2021-03-19 14:34:48 -  > NPC Ghostly Wolf removed!
2021-03-19 14:34:48 -  > NPC Talila removed!
2021-03-19 14:34:48 -  > NPC Valindara added!
2021-03-19 14:34:48 -  >> Starting Day... Current light is 250 and it's 7:52 Tibian Time.
2021-03-19 14:34:48 -  Teste has logged out. | Client: 0
2021-03-19 14:40:52 -  Teste has logged in. | Client: 12.64
2021-03-19 14:42:30 -  > Broadcasted message: "Beware! Mawhawk!".
2021-03-19 14:51:04 -  >> Starting Sunset... Current light is 243 and it's 17:24 Tibian Time.
2021-03-19 14:51:04 -  > NPC Ghostly Wolf added!
2021-03-19 14:51:04 -  > NPC Talila added!
2021-03-19 14:51:04 -  > NPC Valindara removed!
2021-03-19 14:51:04 -  >> Starting Night... Current light is 40 and it's 19:20 Tibian Time.
2021-03-19 14:51:04 -  189.49.53.239 disconnected for exceeding packet per second limit.
2021-03-19 14:51:11 -  189.49.53.239 disconnected for exceeding packet per second limit.
2021-03-19 14:57:06 -  189.49.53.239 disconnected for exceeding packet per second limit.
2021-03-19 15:05:34 -  Teste has logged out. | Client: 12.64
2021-03-19 15:05:37 -  Teste has logged in. | Client: 12.64
2021-03-19 15:05:42 -  Tibia Matt has logged out. | Client: 12.64
2021-03-19 15:05:46 -  Tibia Matt has logged in. | Client: 12.64
2021-03-19 15:21:48 -  >> Starting Sunrise... Current light is 47 and it's 5:56 Tibian Time.
2021-03-19 15:21:48 -  > NPC Ghostly Wolf removed!
2021-03-19 15:21:48 -  > NPC Talila removed!
2021-03-19 15:21:48 -  > NPC Valindara added!
2021-03-19 15:21:48 -  >> Starting Day... Current light is 250 and it's 7:52 Tibian Time.
2021-03-19 15:21:48 -  Tibia Matt has logged out. | Client: 12.64
2021-03-19 15:21:53 -  Tibia Matt has logged in. | Client: 12.64
2021-03-19 15:23:59 -  Tibia Matt has logged out. | Client: 12.64
2021-03-19 15:25:51 -  Teste has logged out. | Client: 12.64
2021-03-19 15:25:53 -  Teste has logged in. | Client: 12.64
2021-03-19 15:57:52 -  >> Starting Sunset... Current light is 243 and it's 17:24 Tibian Time.
2021-03-19 15:57:52 -  > NPC Ghostly Wolf added!
2021-03-19 15:57:52 -  > NPC Talila added!
2021-03-19 15:57:52 -  > NPC Valindara removed!
2021-03-19 15:57:52 -  >> Starting Night... Current light is 40 and it's 19:20 Tibian Time.
2021-03-19 15:57:52 -  Sashenshi has logged in. | Client: 11
2021-03-19 15:58:47 -  Teste has logged out. | Client: 0
2021-03-19 16:13:56 -  Passe Livre has logged in. | Client: 12.64
2021-03-19 16:14:01 -  Passe Livre has logged out. | Client: 12.64
2021-03-19 16:14:04 -  Tibia Matt has logged in. | Client: 12.64
2021-03-19 16:23:43 -  >> Starting Sunrise... Current light is 47 and it's 5:56 Tibian Time.
2021-03-19 16:23:43 -  > NPC Ghostly Wolf removed!
2021-03-19 16:23:43 -  > NPC Talila removed!
2021-03-19 16:23:43 -  > NPC Valindara added!
2021-03-19 16:23:43 -  >> Starting Day... Current light is 250 and it's 7:52 Tibian Time.
2021-03-19 16:23:43 -  Sashenshi has logged out. | Client: 11
2021-03-19 16:55:30 -  >> Starting Sunset... Current light is 243 and it's 17:24 Tibian Time.
2021-03-19 16:55:30 -  > NPC Ghostly Wolf added!
2021-03-19 16:55:30 -  > NPC Talila added!
2021-03-19 16:55:30 -  > NPC Valindara removed!
2021-03-19 16:55:30 -  >> Starting Night... Current light is 40 and it's 19:20 Tibian Time.
2021-03-19 16:55:30 -  > Broadcasted message: "Beware of Tyrn!".
2021-03-19 17:30:00 -  >> Starting Sunrise... Current light is 47 and it's 5:56 Tibian Time.
2021-03-19 17:30:00 -  > NPC Ghostly Wolf removed!
2021-03-19 17:30:00 -  > NPC Talila removed!
2021-03-19 17:30:00 -  > NPC Valindara added!
2021-03-19 17:30:00 -  >> Starting Day... Current light is 250 and it's 7:52 Tibian Time.
2021-03-19 17:30:00 -  Teste has logged in. | Client: 12.64
2021-03-19 17:30:09 -  Teste has logged out. | Client: 12.64
2021-03-19 17:56:50 -  >> Starting Sunset... Current light is 243 and it's 17:24 Tibian Time.
2021-03-19 17:56:50 -  > NPC Ghostly Wolf added!
2021-03-19 17:56:50 -  > NPC Talila added!
2021-03-19 17:56:50 -  > NPC Valindara removed!
2021-03-19 17:56:50 -  >> Starting Night... Current light is 40 and it's 19:20 Tibian Time.
2021-03-19 17:56:50 -  Tibia Matt has logged out. | Client: 12.64
2021-03-19 17:56:52 -  Tibia Matt has logged in. | Client: 12.64
2021-03-19 18:04:53 -  Tibia Matt has logged out. | Client: 12.64
2021-03-19 18:04:56 -  Tibia Matt has logged in. | Client: 12.64
2021-03-19 18:20:16 -  >> Starting Sunrise... Current light is 47 and it's 5:56 Tibian Time.
2021-03-19 18:20:16 -  > NPC Ghostly Wolf removed!
2021-03-19 18:20:16 -  > NPC Talila removed!
2021-03-19 18:20:16 -  > NPC Valindara added!
2021-03-19 18:20:16 -  >> Starting Day... Current light is 250 and it's 7:52 Tibian Time.
2021-03-19 18:20:16 -  Tibia Matt has logged out. | Client: 12.64
2021-03-19 18:29:56 -  Tibia Matt has logged in. | Client: 12.64
2021-03-19 19:02:30 -  >> Starting Sunset... Current light is 243 and it's 17:24 Tibian Time.
2021-03-19 19:02:30 -  > NPC Ghostly Wolf added!
2021-03-19 19:02:30 -  > NPC Talila added!
2021-03-19 19:02:30 -  > NPC Valindara removed!
2021-03-19 19:02:30 -  >> Starting Night... Current light is 40 and it's 19:20 Tibian Time.
2021-03-19 19:02:30 -  > Broadcasted message: "Lizards Sentinels seem to attack Port Hope from Chor.".
2021-03-19 19:04:30 -  > Broadcasted message: "Lizards are advancing to Port Hope from Chor.".
2021-03-19 19:30:56 -  >> Starting Sunrise... Current light is 47 and it's 5:56 Tibian Time.
2021-03-19 19:30:56 -  > NPC Ghostly Wolf removed!
2021-03-19 19:30:56 -  > NPC Talila removed!
2021-03-19 19:30:56 -  > NPC Valindara added!
2021-03-19 19:30:56 -  >> Starting Day... Current light is 250 and it's 7:52 Tibian Time.
2021-03-19 19:30:56 -  
2021-03-19 19:30:56 -  Lua Script Error: [Scripts Interface] 
2021-03-19 19:30:56 -  /home/otbr10/data/scripts/quests/demon_helmet/movement-walls.lua:callback
2021-03-19 19:30:56 -  ...br10/data/scripts/quests/demon_helmet/movement-walls.lua:51: attempt to index a nil value
2021-03-19 19:30:56 -  stack traceback:
2021-03-19 19:30:56 -  	[C]: in function '__index'
2021-03-19 19:30:56 -  	...br10/data/scripts/quests/demon_helmet/movement-walls.lua:51: in function <...br10/data/scripts/quests/demon_helmet/movement-walls.lua:45>
2021-03-19 19:30:56 -  
2021-03-19 19:30:56 -  Lua Script Error: [Scripts Interface] 
2021-03-19 19:30:56 -  /home/otbr10/data/scripts/quests/demon_helmet/movement-walls.lua:callback
2021-03-19 19:30:56 -  ...br10/data/scripts/quests/demon_helmet/movement-walls.lua:51: attempt to index a nil value
2021-03-19 19:30:56 -  stack traceback:
2021-03-19 19:30:56 -  	[C]: in function '__index'
2021-03-19 19:30:56 -  	...br10/data/scripts/quests/demon_helmet/movement-walls.lua:51: in function <...br10/data/scripts/quests/demon_helmet/movement-walls.lua:45>
2021-03-19 20:08:47 -  >> Starting Sunset... Current light is 243 and it's 17:24 Tibian Time.
2021-03-19 20:08:47 -  > NPC Ghostly Wolf added!
2021-03-19 20:08:47 -  > NPC Talila added!
2021-03-19 20:08:47 -  > NPC Valindara removed!
2021-03-19 20:08:47 -  >> Starting Night... Current light is 40 and it's 19:20 Tibian Time.
2021-03-19 20:08:47 -  Noiado has logged in. | Client: 12.64
2021-03-19 20:08:59 -  Noiado has logged out. | Client: 12.64
2021-03-19 20:12:17 -  Tibia Matt has logged out. | Client: 12.64
2021-03-19 20:12:34 -  Tibia Matt has logged in. | Client: 12.64
2021-03-19 20:19:04 -  >> Starting Sunrise... Current light is 47 and it's 5:56 Tibian Time.
2021-03-19 20:19:04 -  > NPC Ghostly Wolf removed!
2021-03-19 20:19:04 -  > NPC Talila removed!
2021-03-19 20:19:04 -  > NPC Valindara added!
2021-03-19 20:19:04 -  Noiado has logged in. | Client: 12.64
2021-03-19 20:27:30 -  >> Starting Day... Current light is 250 and it's 7:52 Tibian Time.
2021-03-19 20:27:30 -  > Broadcasted message: "Bonebeasts are rattling down in the Ankrahmun Dipthrah tombs.".
2021-03-19 20:27:49 -  > Broadcasted message: "Bonebeasts roaming around in the Ankrahmun Dipthrah tombs.".
2021-03-19 20:31:43 -  Noiado has logged out. | Client: 12.64
2021-03-19 20:31:45 -  Noiado has logged in. | Client: 12.64
2021-03-19 20:38:13 -  
2021-03-19 20:38:13 -  Lua Script Error: [Scripts Interface] 
2021-03-19 20:38:13 -  /home/otbr10/data/scripts/quests/demon_helmet/movement-walls.lua:callback
2021-03-19 20:38:13 -  ...br10/data/scripts/quests/demon_helmet/movement-walls.lua:51: attempt to index a nil value
2021-03-19 20:38:13 -  stack traceback:
2021-03-19 20:38:13 -  	[C]: in function '__index'
2021-03-19 20:38:13 -  	...br10/data/scripts/quests/demon_helmet/movement-walls.lua:51: in function <...br10/data/scripts/quests/demon_helmet/movement-walls.lua:45>
2021-03-19 20:38:47 -  
2021-03-19 20:38:47 -  Lua Script Error: [Scripts Interface] 
2021-03-19 20:38:47 -  /home/otbr10/data/scripts/quests/demon_helmet/movement-walls.lua:callback
2021-03-19 20:38:47 -  ...br10/data/scripts/quests/demon_helmet/movement-walls.lua:51: attempt to index a nil value
2021-03-19 20:38:47 -  stack traceback:
2021-03-19 20:38:47 -  	[C]: in function '__index'
2021-03-19 20:38:47 -  	...br10/data/scripts/quests/demon_helmet/movement-walls.lua:51: in function <...br10/data/scripts/quests/demon_helmet/movement-walls.lua:45>
2021-03-19 20:42:44 -  
2021-03-19 20:42:44 -  Lua Script Error: [Scripts Interface] 
2021-03-19 20:42:44 -  /home/otbr10/data/scripts/quests/demon_helmet/movement-walls.lua:callback
2021-03-19 20:42:44 -  ...br10/data/scripts/quests/demon_helmet/movement-walls.lua:51: attempt to index a nil value
2021-03-19 20:42:44 -  stack traceback:
2021-03-19 20:42:44 -  	[C]: in function '__index'
2021-03-19 20:42:44 -  	...br10/data/scripts/quests/demon_helmet/movement-walls.lua:51: in function <...br10/data/scripts/quests/demon_helmet/movement-walls.lua:45>
2021-03-19 20:42:44 -  
2021-03-19 20:42:44 -  Lua Script Error: [Scripts Interface] 
2021-03-19 20:42:44 -  /home/otbr10/data/scripts/quests/demon_helmet/movement-walls.lua:callback
2021-03-19 20:42:44 -  ...br10/data/scripts/quests/demon_helmet/movement-walls.lua:51: attempt to index a nil value
2021-03-19 20:42:44 -  stack traceback:
2021-03-19 20:42:44 -  	[C]: in function '__index'
2021-03-19 20:42:44 -  	...br10/data/scripts/quests/demon_helmet/movement-walls.lua:51: in function <...br10/data/scripts/quests/demon_helmet/movement-walls.lua:45>
2021-03-19 20:42:44 -  
2021-03-19 20:42:44 -  Lua Script Error: [Scripts Interface] 
2021-03-19 20:42:44 -  /home/otbr10/data/scripts/quests/demon_helmet/movement-walls.lua:callback
2021-03-19 20:42:44 -  ...br10/data/scripts/quests/demon_helmet/movement-walls.lua:51: attempt to index a nil value
2021-03-19 20:42:44 -  stack traceback:
2021-03-19 20:42:44 -  	[C]: in function '__index'
2021-03-19 20:42:44 -  	...br10/data/scripts/quests/demon_helmet/movement-walls.lua:51: in function <...br10/data/scripts/quests/demon_helmet/movement-walls.lua:45>
2021-03-19 20:42:46 -  
2021-03-19 20:42:46 -  Lua Script Error: [Scripts Interface] 
2021-03-19 20:42:46 -  /home/otbr10/data/scripts/quests/demon_helmet/movement-walls.lua:callback
2021-03-19 20:42:46 -  ...br10/data/scripts/quests/demon_helmet/movement-walls.lua:51: attempt to index a nil value
2021-03-19 20:42:46 -  stack traceback:
2021-03-19 20:42:46 -  	[C]: in function '__index'
2021-03-19 20:42:46 -  	...br10/data/scripts/quests/demon_helmet/movement-walls.lua:51: in function <...br10/data/scripts/quests/demon_helmet/movement-walls.lua:45>
2021-03-19 20:42:48 -  
2021-03-19 20:42:48 -  Lua Script Error: [Scripts Interface] 
2021-03-19 20:42:48 -  /home/otbr10/data/scripts/quests/demon_helmet/movement-walls.lua:callback
2021-03-19 20:42:48 -  ...br10/data/scripts/quests/demon_helmet/movement-walls.lua:51: attempt to index a nil value
2021-03-19 20:42:48 -  stack traceback:
2021-03-19 20:42:48 -  	[C]: in function '__index'
2021-03-19 20:42:48 -  	...br10/data/scripts/quests/demon_helmet/movement-walls.lua:51: in function <...br10/data/scripts/quests/demon_helmet/movement-walls.lua:45>
2021-03-19 20:42:48 -  
2021-03-19 20:42:48 -  Lua Script Error: [Scripts Interface] 
2021-03-19 20:42:48 -  /home/otbr10/data/scripts/quests/demon_helmet/movement-walls.lua:callback
2021-03-19 20:42:48 -  ...br10/data/scripts/quests/demon_helmet/movement-walls.lua:51: attempt to index a nil value
2021-03-19 20:42:48 -  stack traceback:
2021-03-19 20:42:48 -  	[C]: in function '__index'
2021-03-19 20:42:48 -  	...br10/data/scripts/quests/demon_helmet/movement-walls.lua:51: in function <...br10/data/scripts/quests/demon_helmet/movement-walls.lua:45>
2021-03-19 20:42:48 -  
2021-03-19 20:42:48 -  Lua Script Error: [Scripts Interface] 
2021-03-19 20:42:48 -  /home/otbr10/data/scripts/quests/demon_helmet/movement-walls.lua:callback
2021-03-19 20:42:48 -  ...br10/data/scripts/quests/demon_helmet/movement-walls.lua:51: attempt to index a nil value
2021-03-19 20:42:48 -  stack traceback:
2021-03-19 20:42:48 -  	[C]: in function '__index'
2021-03-19 20:42:48 -  	...br10/data/scripts/quests/demon_helmet/movement-walls.lua:51: in function <...br10/data/scripts/quests/demon_helmet/movement-walls.lua:45>
2021-03-19 20:42:49 -  
2021-03-19 20:42:49 -  Lua Script Error: [Scripts Interface] 
2021-03-19 20:42:49 -  /home/otbr10/data/scripts/quests/demon_helmet/movement-walls.lua:callback
2021-03-19 20:42:49 -  ...br10/data/scripts/quests/demon_helmet/movement-walls.lua:51: attempt to index a nil value
2021-03-19 20:42:49 -  stack traceback:
2021-03-19 20:42:49 -  	[C]: in function '__index'
2021-03-19 20:42:49 -  	...br10/data/scripts/quests/demon_helmet/movement-walls.lua:51: in function <...br10/data/scripts/quests/demon_helmet/movement-walls.lua:45>
2021-03-19 20:42:49 -  
2021-03-19 20:42:49 -  Lua Script Error: [Scripts Interface] 
2021-03-19 20:42:49 -  /home/otbr10/data/scripts/quests/demon_helmet/movement-walls.lua:callback
2021-03-19 20:42:49 -  ...br10/data/scripts/quests/demon_helmet/movement-walls.lua:51: attempt to index a nil value
2021-03-19 20:42:49 -  stack traceback:
2021-03-19 20:42:49 -  	[C]: in function '__index'
2021-03-19 20:42:49 -  	...br10/data/scripts/quests/demon_helmet/movement-walls.lua:51: in function <...br10/data/scripts/quests/demon_helmet/movement-walls.lua:45>
2021-03-19 20:42:49 -  
2021-03-19 20:42:49 -  Lua Script Error: [Scripts Interface] 
2021-03-19 20:42:49 -  /home/otbr10/data/scripts/quests/demon_helmet/movement-walls.lua:callback
2021-03-19 20:42:49 -  ...br10/data/scripts/quests/demon_helmet/movement-walls.lua:51: attempt to index a nil value
2021-03-19 20:42:49 -  stack traceback:
2021-03-19 20:42:49 -  	[C]: in function '__index'
2021-03-19 20:42:49 -  	...br10/data/scripts/quests/demon_helmet/movement-walls.lua:51: in function <...br10/data/scripts/quests/demon_helmet/movement-walls.lua:45>
2021-03-19 20:42:49 -  
2021-03-19 20:42:49 -  Lua Script Error: [Scripts Interface] 
2021-03-19 20:42:49 -  /home/otbr10/data/scripts/quests/demon_helmet/movement-walls.lua:callback
2021-03-19 20:42:49 -  ...br10/data/scripts/quests/demon_helmet/movement-walls.lua:51: attempt to index a nil value
2021-03-19 20:42:49 -  stack traceback:
2021-03-19 20:42:49 -  	[C]: in function '__index'
2021-03-19 20:42:49 -  	...br10/data/scripts/quests/demon_helmet/movement-walls.lua:51: in function <...br10/data/scripts/quests/demon_helmet/movement-walls.lua:45>
2021-03-19 20:42:49 -  
2021-03-19 20:42:49 -  Lua Script Error: [Scripts Interface] 
2021-03-19 20:42:49 -  /home/otbr10/data/scripts/quests/demon_helmet/movement-walls.lua:callback
2021-03-19 20:42:49 -  ...br10/data/scripts/quests/demon_helmet/movement-walls.lua:51: attempt to index a nil value
2021-03-19 20:42:49 -  stack traceback:
2021-03-19 20:42:49 -  	[C]: in function '__index'
2021-03-19 20:42:49 -  	...br10/data/scripts/quests/demon_helmet/movement-walls.lua:51: in function <...br10/data/scripts/quests/demon_helmet/movement-walls.lua:45>
2021-03-19 20:42:50 -  
2021-03-19 20:42:50 -  Lua Script Error: [Scripts Interface] 
2021-03-19 20:42:50 -  /home/otbr10/data/scripts/quests/demon_helmet/movement-walls.lua:callback
2021-03-19 20:42:50 -  ...br10/data/scripts/quests/demon_helmet/movement-walls.lua:51: attempt to index a nil value
2021-03-19 20:42:50 -  stack traceback:
2021-03-19 20:42:50 -  	[C]: in function '__index'
2021-03-19 20:42:50 -  	...br10/data/scripts/quests/demon_helmet/movement-walls.lua:51: in function <...br10/data/scripts/quests/demon_helmet/movement-walls.lua:45>
2021-03-19 20:42:50 -  
2021-03-19 20:42:50 -  Lua Script Error: [Scripts Interface] 
2021-03-19 20:42:50 -  /home/otbr10/data/scripts/quests/demon_helmet/movement-walls.lua:callback
2021-03-19 20:42:50 -  ...br10/data/scripts/quests/demon_helmet/movement-walls.lua:51: attempt to index a nil value
2021-03-19 20:42:50 -  stack traceback:
2021-03-19 20:42:50 -  	[C]: in function '__index'
2021-03-19 20:42:50 -  	...br10/data/scripts/quests/demon_helmet/movement-walls.lua:51: in function <...br10/data/scripts/quests/demon_helmet/movement-walls.lua:45>
2021-03-19 20:42:50 -  
2021-03-19 20:42:50 -  Lua Script Error: [Scripts Interface] 
2021-03-19 20:42:50 -  /home/otbr10/data/scripts/quests/demon_helmet/movement-walls.lua:callback
2021-03-19 20:42:50 -  ...br10/data/scripts/quests/demon_helmet/movement-walls.lua:51: attempt to index a nil value
2021-03-19 20:42:50 -  stack traceback:
2021-03-19 20:42:50 -  	[C]: in function '__index'
2021-03-19 20:42:50 -  	...br10/data/scripts/quests/demon_helmet/movement-walls.lua:51: in function <...br10/data/scripts/quests/demon_helmet/movement-walls.lua:45>
2021-03-19 20:42:50 -  
2021-03-19 20:42:50 -  Lua Script Error: [Scripts Interface] 
2021-03-19 20:42:50 -  /home/otbr10/data/scripts/quests/demon_helmet/movement-walls.lua:callback
2021-03-19 20:42:50 -  ...br10/data/scripts/quests/demon_helmet/movement-walls.lua:51: attempt to index a nil value
2021-03-19 20:42:50 -  stack traceback:
2021-03-19 20:42:50 -  	[C]: in function '__index'
2021-03-19 20:42:50 -  	...br10/data/scripts/quests/demon_helmet/movement-walls.lua:51: in function <...br10/data/scripts/quests/demon_helmet/movement-walls.lua:45>
2021-03-19 20:42:50 -  
2021-03-19 20:42:50 -  Lua Script Error: [Scripts Interface] 
2021-03-19 20:42:50 -  /home/otbr10/data/scripts/quests/demon_helmet/movement-walls.lua:callback
2021-03-19 20:42:50 -  ...br10/data/scripts/quests/demon_helmet/movement-walls.lua:51: attempt to index a nil value
2021-03-19 20:42:50 -  stack traceback:
2021-03-19 20:42:50 -  	[C]: in function '__index'
2021-03-19 20:42:50 -  	...br10/data/scripts/quests/demon_helmet/movement-walls.lua:51: in function <...br10/data/scripts/quests/demon_helmet/movement-walls.lua:45>
2021-03-19 20:42:51 -  
2021-03-19 20:42:51 -  Lua Script Error: [Scripts Interface] 
2021-03-19 20:42:51 -  /home/otbr10/data/scripts/quests/demon_helmet/movement-walls.lua:callback
2021-03-19 20:42:51 -  ...br10/data/scripts/quests/demon_helmet/movement-walls.lua:51: attempt to index a nil value
2021-03-19 20:42:51 -  stack traceback:
2021-03-19 20:42:51 -  	[C]: in function '__index'
2021-03-19 20:42:51 -  	...br10/data/scripts/quests/demon_helmet/movement-walls.lua:51: in function <...br10/data/scripts/quests/demon_helmet/movement-walls.lua:45>
2021-03-19 20:42:51 -  
2021-03-19 20:42:51 -  Lua Script Error: [Scripts Interface] 
2021-03-19 20:42:51 -  /home/otbr10/data/scripts/quests/demon_helmet/movement-walls.lua:callback
2021-03-19 20:42:51 -  ...br10/data/scripts/quests/demon_helmet/movement-walls.lua:51: attempt to index a nil value
2021-03-19 20:42:51 -  stack traceback:
2021-03-19 20:42:51 -  	[C]: in function '__index'
2021-03-19 20:42:51 -  	...br10/data/scripts/quests/demon_helmet/movement-walls.lua:51: in function <...br10/data/scripts/quests/demon_helmet/movement-walls.lua:45>
2021-03-19 20:42:51 -  
2021-03-19 20:42:51 -  Lua Script Error: [Scripts Interface] 
2021-03-19 20:42:51 -  /home/otbr10/data/scripts/quests/demon_helmet/movement-walls.lua:callback
2021-03-19 20:42:51 -  ...br10/data/scripts/quests/demon_helmet/movement-walls.lua:51: attempt to index a nil value
2021-03-19 20:42:51 -  stack traceback:
2021-03-19 20:42:51 -  	[C]: in function '__index'
2021-03-19 20:42:51 -  	...br10/data/scripts/quests/demon_helmet/movement-walls.lua:51: in function <...br10/data/scripts/quests/demon_helmet/movement-walls.lua:45>
2021-03-19 20:42:51 -  
2021-03-19 20:42:51 -  Lua Script Error: [Scripts Interface] 
2021-03-19 20:42:51 -  /home/otbr10/data/scripts/quests/demon_helmet/movement-walls.lua:callback
2021-03-19 20:42:51 -  ...br10/data/scripts/quests/demon_helmet/movement-walls.lua:51: attempt to index a nil value
2021-03-19 20:42:51 -  stack traceback:
2021-03-19 20:42:51 -  	[C]: in function '__index'
2021-03-19 20:42:51 -  	...br10/data/scripts/quests/demon_helmet/movement-walls.lua:51: in function <...br10/data/scripts/quests/demon_helmet/movement-walls.lua:45>
2021-03-19 20:42:52 -  
2021-03-19 20:42:52 -  Lua Script Error: [Scripts Interface] 
2021-03-19 20:42:52 -  /home/otbr10/data/scripts/quests/demon_helmet/movement-walls.lua:callback
2021-03-19 20:42:52 -  ...br10/data/scripts/quests/demon_helmet/movement-walls.lua:51: attempt to index a nil value
2021-03-19 20:42:52 -  stack traceback:
2021-03-19 20:42:52 -  	[C]: in function '__index'
2021-03-19 20:42:52 -  	...br10/data/scripts/quests/demon_helmet/movement-walls.lua:51: in function <...br10/data/scripts/quests/demon_helmet/movement-walls.lua:45>
2021-03-19 20:42:52 -  
2021-03-19 20:42:52 -  Lua Script Error: [Scripts Interface] 
2021-03-19 20:42:52 -  /home/otbr10/data/scripts/quests/demon_helmet/movement-walls.lua:callback
2021-03-19 20:42:52 -  ...br10/data/scripts/quests/demon_helmet/movement-walls.lua:51: attempt to index a nil value
2021-03-19 20:42:52 -  stack traceback:
2021-03-19 20:42:52 -  	[C]: in function '__index'
2021-03-19 20:42:52 -  	...br10/data/scripts/quests/demon_helmet/movement-walls.lua:51: in function <...br10/data/scripts/quests/demon_helmet/movement-walls.lua:45>
2021-03-19 20:42:52 -  
2021-03-19 20:42:52 -  Lua Script Error: [Scripts Interface] 
2021-03-19 20:42:52 -  /home/otbr10/data/scripts/quests/demon_helmet/movement-walls.lua:callback
2021-03-19 20:42:52 -  ...br10/data/scripts/quests/demon_helmet/movement-walls.lua:51: attempt to index a nil value
2021-03-19 20:42:52 -  stack traceback:
2021-03-19 20:42:52 -  	[C]: in function '__index'
2021-03-19 20:42:52 -  	...br10/data/scripts/quests/demon_helmet/movement-walls.lua:51: in function <...br10/data/scripts/quests/demon_helmet/movement-walls.lua:45>
2021-03-19 20:42:52 -  
2021-03-19 20:42:52 -  Lua Script Error: [Scripts Interface] 
2021-03-19 20:42:52 -  /home/otbr10/data/scripts/quests/demon_helmet/movement-walls.lua:callback
2021-03-19 20:42:52 -  ...br10/data/scripts/quests/demon_helmet/movement-walls.lua:51: attempt to index a nil value
2021-03-19 20:42:52 -  stack traceback:
2021-03-19 20:42:52 -  	[C]: in function '__index'
2021-03-19 20:42:52 -  	...br10/data/scripts/quests/demon_helmet/movement-walls.lua:51: in function <...br10/data/scripts/quests/demon_helmet/movement-walls.lua:45>
2021-03-19 20:42:53 -  
2021-03-19 20:42:53 -  Lua Script Error: [Scripts Interface] 
2021-03-19 20:42:53 -  /home/otbr10/data/scripts/quests/demon_helmet/movement-walls.lua:callback
2021-03-19 20:42:53 -  ...br10/data/scripts/quests/demon_helmet/movement-walls.lua:51: attempt to index a nil value
2021-03-19 20:42:53 -  stack traceback:
2021-03-19 20:42:53 -  	[C]: in function '__index'
2021-03-19 20:42:53 -  	...br10/data/scripts/quests/demon_helmet/movement-walls.lua:51: in function <...br10/data/scripts/quests/demon_helmet/movement-walls.lua:45>
2021-03-19 20:42:53 -  
2021-03-19 20:42:53 -  Lua Script Error: [Scripts Interface] 
2021-03-19 20:42:53 -  /home/otbr10/data/scripts/quests/demon_helmet/movement-walls.lua:callback
2021-03-19 20:42:53 -  ...br10/data/scripts/quests/demon_helmet/movement-walls.lua:51: attempt to index a nil value
2021-03-19 20:42:53 -  stack traceback:
2021-03-19 20:42:53 -  	[C]: in function '__index'
2021-03-19 20:42:53 -  	...br10/data/scripts/quests/demon_helmet/movement-walls.lua:51: in function <...br10/data/scripts/quests/demon_helmet/movement-walls.lua:45>
2021-03-19 20:42:53 -  
2021-03-19 20:42:53 -  Lua Script Error: [Scripts Interface] 
2021-03-19 20:42:53 -  /home/otbr10/data/scripts/quests/demon_helmet/movement-walls.lua:callback
2021-03-19 20:42:53 -  ...br10/data/scripts/quests/demon_helmet/movement-walls.lua:51: attempt to index a nil value
2021-03-19 20:42:53 -  stack traceback:
2021-03-19 20:42:53 -  	[C]: in function '__index'
2021-03-19 20:42:53 -  	...br10/data/scripts/quests/demon_helmet/movement-walls.lua:51: in function <...br10/data/scripts/quests/demon_helmet/movement-walls.lua:45>
2021-03-19 20:42:53 -  
2021-03-19 20:42:53 -  Lua Script Error: [Scripts Interface] 
2021-03-19 20:42:53 -  /home/otbr10/data/scripts/quests/demon_helmet/movement-walls.lua:callback
2021-03-19 20:42:53 -  ...br10/data/scripts/quests/demon_helmet/movement-walls.lua:51: attempt to index a nil value
2021-03-19 20:42:53 -  stack traceback:
2021-03-19 20:42:53 -  	[C]: in function '__index'
2021-03-19 20:42:53 -  	...br10/data/scripts/quests/demon_helmet/movement-walls.lua:51: in function <...br10/data/scripts/quests/demon_helmet/movement-walls.lua:45>
2021-03-19 20:42:53 -  
2021-03-19 20:42:53 -  Lua Script Error: [Scripts Interface] 
2021-03-19 20:42:53 -  /home/otbr10/data/scripts/quests/demon_helmet/movement-walls.lua:callback
2021-03-19 20:42:53 -  ...br10/data/scripts/quests/demon_helmet/movement-walls.lua:51: attempt to index a nil value
2021-03-19 20:42:53 -  stack traceback:
2021-03-19 20:42:53 -  	[C]: in function '__index'
2021-03-19 20:42:53 -  	...br10/data/scripts/quests/demon_helmet/movement-walls.lua:51: in function <...br10/data/scripts/quests/demon_helmet/movement-walls.lua:45>
2021-03-19 20:42:54 -  
2021-03-19 20:42:54 -  Lua Script Error: [Scripts Interface] 
2021-03-19 20:42:54 -  /home/otbr10/data/scripts/quests/demon_helmet/movement-walls.lua:callback
2021-03-19 20:42:54 -  ...br10/data/scripts/quests/demon_helmet/movement-walls.lua:51: attempt to index a nil value
2021-03-19 20:42:54 -  stack traceback:
2021-03-19 20:42:54 -  	[C]: in function '__index'
2021-03-19 20:42:54 -  	...br10/data/scripts/quests/demon_helmet/movement-walls.lua:51: in function <...br10/data/scripts/quests/demon_helmet/movement-walls.lua:45>
2021-03-19 20:42:54 -  
2021-03-19 20:42:54 -  Lua Script Error: [Scripts Interface] 
2021-03-19 20:42:54 -  /home/otbr10/data/scripts/quests/demon_helmet/movement-walls.lua:callback
2021-03-19 20:42:54 -  ...br10/data/scripts/quests/demon_helmet/movement-walls.lua:51: attempt to index a nil value
2021-03-19 20:42:54 -  stack traceback:
2021-03-19 20:42:54 -  	[C]: in function '__index'
2021-03-19 20:42:54 -  	...br10/data/scripts/quests/demon_helmet/movement-walls.lua:51: in function <...br10/data/scripts/quests/demon_helmet/movement-walls.lua:45>
2021-03-19 20:42:54 -  
2021-03-19 20:42:54 -  Lua Script Error: [Scripts Interface] 
2021-03-19 20:42:54 -  /home/otbr10/data/scripts/quests/demon_helmet/movement-walls.lua:callback
2021-03-19 20:42:54 -  ...br10/data/scripts/quests/demon_helmet/movement-walls.lua:51: attempt to index a nil value
2021-03-19 20:42:54 -  stack traceback:
2021-03-19 20:42:54 -  	[C]: in function '__index'
2021-03-19 20:42:54 -  	...br10/data/scripts/quests/demon_helmet/movement-walls.lua:51: in function <...br10/data/scripts/quests/demon_helmet/movement-walls.lua:45>
2021-03-19 20:42:54 -  
2021-03-19 20:42:54 -  Lua Script Error: [Scripts Interface] 
2021-03-19 20:42:54 -  /home/otbr10/data/scripts/quests/demon_helmet/movement-walls.lua:callback
2021-03-19 20:42:54 -  ...br10/data/scripts/quests/demon_helmet/movement-walls.lua:51: attempt to index a nil value
2021-03-19 20:42:54 -  stack traceback:
2021-03-19 20:42:54 -  	[C]: in function '__index'
2021-03-19 20:42:54 -  	...br10/data/scripts/quests/demon_helmet/movement-walls.lua:51: in function <...br10/data/scripts/quests/demon_helmet/movement-walls.lua:45>
2021-03-19 20:42:54 -  
2021-03-19 20:42:54 -  Lua Script Error: [Scripts Interface] 
2021-03-19 20:42:54 -  /home/otbr10/data/scripts/quests/demon_helmet/movement-walls.lua:callback
2021-03-19 20:42:54 -  ...br10/data/scripts/quests/demon_helmet/movement-walls.lua:51: attempt to index a nil value
2021-03-19 20:42:54 -  stack traceback:
2021-03-19 20:42:54 -  	[C]: in function '__index'
2021-03-19 20:42:54 -  	...br10/data/scripts/quests/demon_helmet/movement-walls.lua:51: in function <...br10/data/scripts/quests/demon_helmet/movement-walls.lua:45>
2021-03-19 20:42:54 -  
2021-03-19 20:42:54 -  Lua Script Error: [Scripts Interface] 
2021-03-19 20:42:54 -  /home/otbr10/data/scripts/quests/demon_helmet/movement-walls.lua:callback
2021-03-19 20:42:54 -  ...br10/data/scripts/quests/demon_helmet/movement-walls.lua:51: attempt to index a nil value
2021-03-19 20:42:54 -  stack traceback:
2021-03-19 20:42:54 -  	[C]: in function '__index'
2021-03-19 20:42:54 -  	...br10/data/scripts/quests/demon_helmet/movement-walls.lua:51: in function <...br10/data/scripts/quests/demon_helmet/movement-walls.lua:45>
2021-03-19 20:42:54 -  
2021-03-19 20:42:54 -  Lua Script Error: [Scripts Interface] 
2021-03-19 20:42:54 -  /home/otbr10/data/scripts/quests/demon_helmet/movement-walls.lua:callback
2021-03-19 20:42:54 -  ...br10/data/scripts/quests/demon_helmet/movement-walls.lua:51: attempt to index a nil value
2021-03-19 20:42:54 -  stack traceback:
2021-03-19 20:42:54 -  	[C]: in function '__index'
2021-03-19 20:42:54 -  	...br10/data/scripts/quests/demon_helmet/movement-walls.lua:51: in function <...br10/data/scripts/quests/demon_helmet/movement-walls.lua:45>
2021-03-19 20:42:55 -  
2021-03-19 20:42:55 -  Lua Script Error: [Scripts Interface] 
2021-03-19 20:42:55 -  /home/otbr10/data/scripts/quests/demon_helmet/movement-walls.lua:callback
2021-03-19 20:42:55 -  ...br10/data/scripts/quests/demon_helmet/movement-walls.lua:51: attempt to index a nil value
2021-03-19 20:42:55 -  stack traceback:
2021-03-19 20:42:55 -  	[C]: in function '__index'
2021-03-19 20:42:55 -  	...br10/data/scripts/quests/demon_helmet/movement-walls.lua:51: in function <...br10/data/scripts/quests/demon_helmet/movement-walls.lua:45>
2021-03-19 20:42:55 -  
2021-03-19 20:42:55 -  Lua Script Error: [Scripts Interface] 
2021-03-19 20:42:55 -  /home/otbr10/data/scripts/quests/demon_helmet/movement-walls.lua:callback
2021-03-19 20:42:55 -  ...br10/data/scripts/quests/demon_helmet/movement-walls.lua:51: attempt to index a nil value
2021-03-19 20:42:55 -  stack traceback:
2021-03-19 20:42:55 -  	[C]: in function '__index'
2021-03-19 20:42:55 -  	...br10/data/scripts/quests/demon_helmet/movement-walls.lua:51: in function <...br10/data/scripts/quests/demon_helmet/movement-walls.lua:45>
2021-03-19 20:42:55 -  
2021-03-19 20:42:55 -  Lua Script Error: [Scripts Interface] 
2021-03-19 20:42:55 -  /home/otbr10/data/scripts/quests/demon_helmet/movement-walls.lua:callback
2021-03-19 20:42:55 -  ...br10/data/scripts/quests/demon_helmet/movement-walls.lua:51: attempt to index a nil value
2021-03-19 20:42:55 -  stack traceback:
2021-03-19 20:42:55 -  	[C]: in function '__index'
2021-03-19 20:42:55 -  	...br10/data/scripts/quests/demon_helmet/movement-walls.lua:51: in function <...br10/data/scripts/quests/demon_helmet/movement-walls.lua:45>
2021-03-19 20:42:55 -  
2021-03-19 20:42:55 -  Lua Script Error: [Scripts Interface] 
2021-03-19 20:42:55 -  /home/otbr10/data/scripts/quests/demon_helmet/movement-walls.lua:callback
2021-03-19 20:42:55 -  ...br10/data/scripts/quests/demon_helmet/movement-walls.lua:51: attempt to index a nil value
2021-03-19 20:42:55 -  stack traceback:
2021-03-19 20:42:55 -  	[C]: in function '__index'
2021-03-19 20:42:55 -  	...br10/data/scripts/quests/demon_helmet/movement-walls.lua:51: in function <...br10/data/scripts/quests/demon_helmet/movement-walls.lua:45>
2021-03-19 20:42:55 -  
2021-03-19 20:42:55 -  Lua Script Error: [Scripts Interface] 
2021-03-19 20:42:55 -  /home/otbr10/data/scripts/quests/demon_helmet/movement-walls.lua:callback
2021-03-19 20:42:55 -  ...br10/data/scripts/quests/demon_helmet/movement-walls.lua:51: attempt to index a nil value
2021-03-19 20:42:55 -  stack traceback:
2021-03-19 20:42:55 -  	[C]: in function '__index'
2021-03-19 20:42:55 -  	...br10/data/scripts/quests/demon_helmet/movement-walls.lua:51: in function <...br10/data/scripts/quests/demon_helmet/movement-walls.lua:45>
2021-03-19 20:42:55 -  
2021-03-19 20:42:55 -  Lua Script Error: [Scripts Interface] 
2021-03-19 20:42:55 -  /home/otbr10/data/scripts/quests/demon_helmet/movement-walls.lua:callback
2021-03-19 20:42:55 -  ...br10/data/scripts/quests/demon_helmet/movement-walls.lua:51: attempt to index a nil value
2021-03-19 20:42:55 -  stack traceback:
2021-03-19 20:42:55 -  	[C]: in function '__index'
2021-03-19 20:42:55 -  	...br10/data/scripts/quests/demon_helmet/movement-walls.lua:51: in function <...br10/data/scripts/quests/demon_helmet/movement-walls.lua:45>
2021-03-19 20:42:56 -  
2021-03-19 20:42:56 -  Lua Script Error: [Scripts Interface] 
2021-03-19 20:42:56 -  /home/otbr10/data/scripts/quests/demon_helmet/movement-walls.lua:callback
2021-03-19 20:42:56 -  ...br10/data/scripts/quests/demon_helmet/movement-walls.lua:51: attempt to index a nil value
2021-03-19 20:42:56 -  stack traceback:
2021-03-19 20:42:56 -  	[C]: in function '__index'
2021-03-19 20:42:56 -  	...br10/data/scripts/quests/demon_helmet/movement-walls.lua:51: in function <...br10/data/scripts/quests/demon_helmet/movement-walls.lua:45>
2021-03-19 20:42:56 -  
2021-03-19 20:42:56 -  Lua Script Error: [Scripts Interface] 
2021-03-19 20:42:56 -  /home/otbr10/data/scripts/quests/demon_helmet/movement-walls.lua:callback
2021-03-19 20:42:56 -  ...br10/data/scripts/quests/demon_helmet/movement-walls.lua:51: attempt to index a nil value
2021-03-19 20:42:56 -  stack traceback:
2021-03-19 20:42:56 -  	[C]: in function '__index'
2021-03-19 20:42:56 -  	...br10/data/scripts/quests/demon_helmet/movement-walls.lua:51: in function <...br10/data/scripts/quests/demon_helmet/movement-walls.lua:45>
2021-03-19 20:42:56 -  
2021-03-19 20:42:56 -  Lua Script Error: [Scripts Interface] 
2021-03-19 20:42:56 -  /home/otbr10/data/scripts/quests/demon_helmet/movement-walls.lua:callback
2021-03-19 20:42:56 -  ...br10/data/scripts/quests/demon_helmet/movement-walls.lua:51: attempt to index a nil value
2021-03-19 20:42:56 -  stack traceback:
2021-03-19 20:42:56 -  	[C]: in function '__index'
2021-03-19 20:42:56 -  	...br10/data/scripts/quests/demon_helmet/movement-walls.lua:51: in function <...br10/data/scripts/quests/demon_helmet/movement-walls.lua:45>
2021-03-19 20:42:56 -  
2021-03-19 20:42:56 -  Lua Script Error: [Scripts Interface] 
2021-03-19 20:42:56 -  /home/otbr10/data/scripts/quests/demon_helmet/movement-walls.lua:callback
2021-03-19 20:42:56 -  ...br10/data/scripts/quests/demon_helmet/movement-walls.lua:51: attempt to index a nil value
2021-03-19 20:42:56 -  stack traceback:
2021-03-19 20:42:56 -  	[C]: in function '__index'
2021-03-19 20:42:56 -  	...br10/data/scripts/quests/demon_helmet/movement-walls.lua:51: in function <...br10/data/scripts/quests/demon_helmet/movement-walls.lua:45>
2021-03-19 20:42:56 -  
2021-03-19 20:42:56 -  Lua Script Error: [Scripts Interface] 
2021-03-19 20:42:56 -  /home/otbr10/data/scripts/quests/demon_helmet/movement-walls.lua:callback
2021-03-19 20:42:56 -  ...br10/data/scripts/quests/demon_helmet/movement-walls.lua:51: attempt to index a nil value
2021-03-19 20:42:56 -  stack traceback:
2021-03-19 20:42:56 -  	[C]: in function '__index'
2021-03-19 20:42:56 -  	...br10/data/scripts/quests/demon_helmet/movement-walls.lua:51: in function <...br10/data/scripts/quests/demon_helmet/movement-walls.lua:45>
2021-03-19 20:42:56 -  
2021-03-19 20:42:56 -  Lua Script Error: [Scripts Interface] 
2021-03-19 20:42:56 -  /home/otbr10/data/scripts/quests/demon_helmet/movement-walls.lua:callback
2021-03-19 20:42:56 -  ...br10/data/scripts/quests/demon_helmet/movement-walls.lua:51: attempt to index a nil value
2021-03-19 20:42:56 -  stack traceback:
2021-03-19 20:42:56 -  	[C]: in function '__index'
2021-03-19 20:42:56 -  	...br10/data/scripts/quests/demon_helmet/movement-walls.lua:51: in function <...br10/data/scripts/quests/demon_helmet/movement-walls.lua:45>
2021-03-19 20:42:57 -  
2021-03-19 20:42:57 -  Lua Script Error: [Scripts Interface] 
2021-03-19 20:42:57 -  /home/otbr10/data/scripts/quests/demon_helmet/movement-walls.lua:callback
2021-03-19 20:42:57 -  ...br10/data/scripts/quests/demon_helmet/movement-walls.lua:51: attempt to index a nil value
2021-03-19 20:42:57 -  stack traceback:
2021-03-19 20:42:57 -  	[C]: in function '__index'
2021-03-19 20:42:57 -  	...br10/data/scripts/quests/demon_helmet/movement-walls.lua:51: in function <...br10/data/scripts/quests/demon_helmet/movement-walls.lua:45>
2021-03-19 20:42:57 -  
2021-03-19 20:42:57 -  Lua Script Error: [Scripts Interface] 
2021-03-19 20:42:57 -  /home/otbr10/data/scripts/quests/demon_helmet/movement-walls.lua:callback
2021-03-19 20:42:57 -  ...br10/data/scripts/quests/demon_helmet/movement-walls.lua:51: attempt to index a nil value
2021-03-19 20:42:57 -  stack traceback:
2021-03-19 20:42:57 -  	[C]: in function '__index'
2021-03-19 20:42:57 -  	...br10/data/scripts/quests/demon_helmet/movement-walls.lua:51: in function <...br10/data/scripts/quests/demon_helmet/movement-walls.lua:45>
2021-03-19 20:42:57 -  
2021-03-19 20:42:57 -  Lua Script Error: [Scripts Interface] 
2021-03-19 20:42:57 -  /home/otbr10/data/scripts/quests/demon_helmet/movement-walls.lua:callback
2021-03-19 20:42:57 -  ...br10/data/scripts/quests/demon_helmet/movement-walls.lua:51: attempt to index a nil value
2021-03-19 20:42:57 -  stack traceback:
2021-03-19 20:42:57 -  	[C]: in function '__index'
2021-03-19 20:42:57 -  	...br10/data/scripts/quests/demon_helmet/movement-walls.lua:51: in function <...br10/data/scripts/quests/demon_helmet/movement-walls.lua:45>
2021-03-19 20:42:57 -  
2021-03-19 20:42:57 -  Lua Script Error: [Scripts Interface] 
2021-03-19 20:42:57 -  /home/otbr10/data/scripts/quests/demon_helmet/movement-walls.lua:callback
2021-03-19 20:42:57 -  ...br10/data/scripts/quests/demon_helmet/movement-walls.lua:51: attempt to index a nil value
2021-03-19 20:42:57 -  stack traceback:
2021-03-19 20:42:57 -  	[C]: in function '__index'
2021-03-19 20:42:57 -  	...br10/data/scripts/quests/demon_helmet/movement-walls.lua:51: in function <...br10/data/scripts/quests/demon_helmet/movement-walls.lua:45>
2021-03-19 20:42:57 -  
2021-03-19 20:42:57 -  Lua Script Error: [Scripts Interface] 
2021-03-19 20:42:57 -  /home/otbr10/data/scripts/quests/demon_helmet/movement-walls.lua:callback
2021-03-19 20:42:57 -  ...br10/data/scripts/quests/demon_helmet/movement-walls.lua:51: attempt to index a nil value
2021-03-19 20:42:57 -  stack traceback:
2021-03-19 20:42:57 -  	[C]: in function '__index'
2021-03-19 20:42:57 -  	...br10/data/scripts/quests/demon_helmet/movement-walls.lua:51: in function <...br10/data/scripts/quests/demon_helmet/movement-walls.lua:45>
2021-03-19 20:42:58 -  
2021-03-19 20:42:58 -  Lua Script Error: [Scripts Interface] 
2021-03-19 20:42:58 -  /home/otbr10/data/scripts/quests/demon_helmet/movement-walls.lua:callback
2021-03-19 20:42:58 -  ...br10/data/scripts/quests/demon_helmet/movement-walls.lua:51: attempt to index a nil value
2021-03-19 20:42:58 -  stack traceback:
2021-03-19 20:42:58 -  	[C]: in function '__index'
2021-03-19 20:42:58 -  	...br10/data/scripts/quests/demon_helmet/movement-walls.lua:51: in function <...br10/data/scripts/quests/demon_helmet/movement-walls.lua:45>
2021-03-19 20:42:58 -  
2021-03-19 20:42:58 -  Lua Script Error: [Scripts Interface] 
2021-03-19 20:42:58 -  /home/otbr10/data/scripts/quests/demon_helmet/movement-walls.lua:callback
2021-03-19 20:42:58 -  ...br10/data/scripts/quests/demon_helmet/movement-walls.lua:51: attempt to index a nil value
2021-03-19 20:42:58 -  stack traceback:
2021-03-19 20:42:58 -  	[C]: in function '__index'
2021-03-19 20:42:58 -  	...br10/data/scripts/quests/demon_helmet/movement-walls.lua:51: in function <...br10/data/scripts/quests/demon_helmet/movement-walls.lua:45>
2021-03-19 20:42:58 -  
2021-03-19 20:42:58 -  Lua Script Error: [Scripts Interface] 
2021-03-19 20:42:58 -  /home/otbr10/data/scripts/quests/demon_helmet/movement-walls.lua:callback
2021-03-19 20:42:58 -  ...br10/data/scripts/quests/demon_helmet/movement-walls.lua:51: attempt to index a nil value
2021-03-19 20:42:58 -  stack traceback:
2021-03-19 20:42:58 -  	[C]: in function '__index'
2021-03-19 20:42:58 -  	...br10/data/scripts/quests/demon_helmet/movement-walls.lua:51: in function <...br10/data/scripts/quests/demon_helmet/movement-walls.lua:45>
2021-03-19 20:42:58 -  
2021-03-19 20:42:58 -  Lua Script Error: [Scripts Interface] 
2021-03-19 20:42:58 -  /home/otbr10/data/scripts/quests/demon_helmet/movement-walls.lua:callback
2021-03-19 20:42:58 -  ...br10/data/scripts/quests/demon_helmet/movement-walls.lua:51: attempt to index a nil value
2021-03-19 20:42:58 -  stack traceback:
2021-03-19 20:42:58 -  	[C]: in function '__index'
2021-03-19 20:42:58 -  	...br10/data/scripts/quests/demon_helmet/movement-walls.lua:51: in function <...br10/data/scripts/quests/demon_helmet/movement-walls.lua:45>
2021-03-19 20:42:58 -  
2021-03-19 20:42:58 -  Lua Script Error: [Scripts Interface] 
2021-03-19 20:42:58 -  /home/otbr10/data/scripts/quests/demon_helmet/movement-walls.lua:callback
2021-03-19 20:42:58 -  ...br10/data/scripts/quests/demon_helmet/movement-walls.lua:51: attempt to index a nil value
2021-03-19 20:42:58 -  stack traceback:
2021-03-19 20:42:58 -  	[C]: in function '__index'
2021-03-19 20:42:58 -  	...br10/data/scripts/quests/demon_helmet/movement-walls.lua:51: in function <...br10/data/scripts/quests/demon_helmet/movement-walls.lua:45>
2021-03-19 20:42:58 -  
2021-03-19 20:42:58 -  Lua Script Error: [Scripts Interface] 
2021-03-19 20:42:58 -  /home/otbr10/data/scripts/quests/demon_helmet/movement-walls.lua:callback
2021-03-19 20:42:58 -  ...br10/data/scripts/quests/demon_helmet/movement-walls.lua:51: attempt to index a nil value
2021-03-19 20:42:58 -  stack traceback:
2021-03-19 20:42:58 -  	[C]: in function '__index'
2021-03-19 20:42:58 -  	...br10/data/scripts/quests/demon_helmet/movement-walls.lua:51: in function <...br10/data/scripts/quests/demon_helmet/movement-walls.lua:45>
2021-03-19 20:42:59 -  
2021-03-19 20:42:59 -  Lua Script Error: [Scripts Interface] 
2021-03-19 20:42:59 -  /home/otbr10/data/scripts/quests/demon_helmet/movement-walls.lua:callback
2021-03-19 20:42:59 -  ...br10/data/scripts/quests/demon_helmet/movement-walls.lua:51: attempt to index a nil value
2021-03-19 20:42:59 -  stack traceback:
2021-03-19 20:42:59 -  	[C]: in function '__index'
2021-03-19 20:42:59 -  	...br10/data/scripts/quests/demon_helmet/movement-walls.lua:51: in function <...br10/data/scripts/quests/demon_helmet/movement-walls.lua:45>
2021-03-19 20:42:59 -  
2021-03-19 20:42:59 -  Lua Script Error: [Scripts Interface] 
2021-03-19 20:42:59 -  /home/otbr10/data/scripts/quests/demon_helmet/movement-walls.lua:callback
2021-03-19 20:42:59 -  ...br10/data/scripts/quests/demon_helmet/movement-walls.lua:51: attempt to index a nil value
2021-03-19 20:42:59 -  stack traceback:
2021-03-19 20:42:59 -  	[C]: in function '__index'
2021-03-19 20:42:59 -  	...br10/data/scripts/quests/demon_helmet/movement-walls.lua:51: in function <...br10/data/scripts/quests/demon_helmet/movement-walls.lua:45>
2021-03-19 20:42:59 -  
2021-03-19 20:42:59 -  Lua Script Error: [Scripts Interface] 
2021-03-19 20:42:59 -  /home/otbr10/data/scripts/quests/demon_helmet/movement-walls.lua:callback
2021-03-19 20:42:59 -  ...br10/data/scripts/quests/demon_helmet/movement-walls.lua:51: attempt to index a nil value
2021-03-19 20:42:59 -  stack traceback:
2021-03-19 20:42:59 -  	[C]: in function '__index'
2021-03-19 20:42:59 -  	...br10/data/scripts/quests/demon_helmet/movement-walls.lua:51: in function <...br10/data/scripts/quests/demon_helmet/movement-walls.lua:45>
2021-03-19 20:42:59 -  
2021-03-19 20:42:59 -  Lua Script Error: [Scripts Interface] 
2021-03-19 20:42:59 -  /home/otbr10/data/scripts/quests/demon_helmet/movement-walls.lua:callback
2021-03-19 20:42:59 -  ...br10/data/scripts/quests/demon_helmet/movement-walls.lua:51: attempt to index a nil value
2021-03-19 20:42:59 -  stack traceback:
2021-03-19 20:42:59 -  	[C]: in function '__index'
2021-03-19 20:42:59 -  	...br10/data/scripts/quests/demon_helmet/movement-walls.lua:51: in function <...br10/data/scripts/quests/demon_helmet/movement-walls.lua:45>
2021-03-19 20:42:59 -  
2021-03-19 20:42:59 -  Lua Script Error: [Scripts Interface] 
2021-03-19 20:42:59 -  /home/otbr10/data/scripts/quests/demon_helmet/movement-walls.lua:callback
2021-03-19 20:42:59 -  ...br10/data/scripts/quests/demon_helmet/movement-walls.lua:51: attempt to index a nil value
2021-03-19 20:42:59 -  stack traceback:
2021-03-19 20:42:59 -  	[C]: in function '__index'
2021-03-19 20:42:59 -  	...br10/data/scripts/quests/demon_helmet/movement-walls.lua:51: in function <...br10/data/scripts/quests/demon_helmet/movement-walls.lua:45>
2021-03-19 20:52:41 -  >> Starting Sunset... Current light is 243 and it's 17:24 Tibian Time.
2021-03-19 20:52:41 -  > NPC Ghostly Wolf added!
2021-03-19 20:52:41 -  > NPC Talila added!
2021-03-19 20:52:41 -  > NPC Valindara removed!
2021-03-19 20:52:41 -  [Warning] DropLoot:	Could not add loot item to corpse.
2021-03-19 20:52:41 -  [Warning] DropLoot:	Could not add loot item to corpse.
2021-03-19 20:52:41 -  >> Starting Night... Current light is 40 and it's 19:20 Tibian Time.
2021-03-19 20:52:41 -  Noiado has logged out. | Client: 12.64
2021-03-19 21:05:30 -  > Broadcasted message: "Let da mashing begin! Cyclops riot east of Thais.".
2021-03-19 21:31:51 -  >> Starting Sunrise... Current light is 47 and it's 5:56 Tibian Time.
2021-03-19 21:31:51 -  > NPC Ghostly Wolf removed!
2021-03-19 21:31:51 -  > NPC Talila removed!
2021-03-19 21:31:51 -  > NPC Valindara added!
2021-03-19 21:31:51 -  >> Starting Day... Current light is 250 and it's 7:52 Tibian Time.
2021-03-19 21:31:51 -  Ariel has logged in. | Client: 12.64
2021-03-19 21:31:56 -  Ariel has logged out. | Client: 12.64
2021-03-19 21:31:59 -  Forfun has logged in. | Client: 12.64
2021-03-19 21:32:03 -  Forfun has logged out. | Client: 12.64
2021-03-19 21:32:06 -  Pacific has logged in. | Client: 12.64
2021-03-19 21:32:08 -  Pacific has logged out. | Client: 12.64
2021-03-19 21:32:10 -  Devil has logged in. | Client: 12.64
2021-03-19 21:33:51 -  Noiado has logged in. | Client: 12.64
2021-03-19 22:03:51 -  >> Starting Sunset... Current light is 243 and it's 17:24 Tibian Time.
2021-03-19 22:03:51 -  > NPC Ghostly Wolf added!
2021-03-19 22:03:51 -  > NPC Talila added!
2021-03-19 22:03:51 -  > NPC Valindara removed!
2021-03-19 22:03:51 -  >> Starting Night... Current light is 40 and it's 19:20 Tibian Time.
2021-03-19 22:03:51 -  Tibia Matt has logged out. | Client: 12.64
2021-03-19 22:03:54 -  Passe Livre has logged in. | Client: 12.64
2021-03-19 22:06:17 -  189.49.53.239 disconnected for exceeding packet per second limit.
2021-03-19 22:10:19 -  Passe Livre has logged out. | Client: 12.64
2021-03-19 22:14:00 -  Wiccano has logged in. | Client: 12.64
2021-03-19 22:35:21 -  >> Starting Sunrise... Current light is 47 and it's 5:56 Tibian Time.
2021-03-19 22:35:21 -  > NPC Ghostly Wolf removed!
2021-03-19 22:35:21 -  > NPC Talila removed!
2021-03-19 22:35:21 -  > NPC Valindara added!
2021-03-19 22:35:21 -  >> Starting Day... Current light is 250 and it's 7:52 Tibian Time.
2021-03-19 22:35:21 -  Devil has logged out. | Client: 12.64
2021-03-19 22:35:25 -  Ariel has logged in. | Client: 12.64
2021-03-19 22:35:41 -  Ariel has logged out. | Client: 12.64
2021-03-19 22:35:44 -  Forfun has logged in. | Client: 12.64
2021-03-19 22:35:58 -  Forfun has logged out. | Client: 12.64
2021-03-19 22:36:01 -  Ariel has logged in. | Client: 12.64
2021-03-19 22:36:15 -  ADM inside has logged out. | Client: 0
2021-03-19 22:38:39 -  Intimidos has logged in. | Client: 12.64
2021-03-19 22:38:42 -  Intimidos has logged out. | Client: 12.64
2021-03-19 22:38:45 -  Intimidos has logged in. | Client: 12.64
2021-03-19 22:39:09 -  Intimidos has logged out. | Client: 12.64
2021-03-19 22:39:12 -  Materpower Sdmax has logged in. | Client: 12.64
2021-03-19 22:40:39 -  Materpower Sdmax has logged out. | Client: 12.64
2021-03-19 22:40:43 -  Paul Sorc has logged in. | Client: 12.64
2021-03-19 22:41:07 -  Paul Sorc has logged out. | Client: 12.64
2021-03-19 22:41:11 -  Penseiecriei has logged in. | Client: 12.64
2021-03-19 22:41:34 -  Penseiecriei has logged out. | Client: 12.64
2021-03-19 22:41:38 -  Rei Arthur has logged in. | Client: 12.64
2021-03-19 22:42:42 -  ADM inside has logged in. | Client: 12.64
2021-03-19 22:42:44 -  Rei Arthur has logged out. | Client: 0
2021-03-19 22:43:47 -  Rei Arthur has logged in. | Client: 12.64
2021-03-19 22:44:09 -  >> Starting Sunset... Current light is 243 and it's 17:24 Tibian Time.
2021-03-19 22:44:09 -  > NPC Ghostly Wolf added!
2021-03-19 22:44:09 -  > NPC Talila added!
2021-03-19 22:44:09 -  > NPC Valindara removed!
2021-03-19 22:44:09 -  Rei Arthur has logged out. | Client: 12.64
2021-03-19 22:44:14 -  Relaxaamento has logged in. | Client: 12.64
2021-03-19 22:44:44 -  Relaxaamento has logged out. | Client: 12.64
2021-03-19 22:44:48 -  Sempusch has logged in. | Client: 12.64
2021-03-19 22:45:34 -  Sempusch has logged out. | Client: 12.64
2021-03-19 22:45:46 -  Relaxaamento has logged in. | Client: 12.64
2021-03-19 22:45:52 -  Relaxaamento has logged out. | Client: 12.64
2021-03-19 22:50:23 -  >> Starting Night... Current light is 40 and it's 19:20 Tibian Time.
2021-03-19 22:50:23 -  Ariel has logged out. | Client: 12.64
2021-03-19 22:50:26 -  Ariel has logged in. | Client: 12.64
2021-03-19 22:57:11 -  Ariel has logged out. | Client: 12.64
2021-03-19 22:57:12 -  Ariel has logged in. | Client: 12.64
2021-03-19 22:58:25 -  Ariel has logged out. | Client: 12.64
2021-03-19 22:58:27 -  Ariel has logged in. | Client: 12.64
2021-03-19 23:01:11 -  Ariel has logged out. | Client: 12.64
2021-03-19 23:01:13 -  Ariel has logged in. | Client: 12.64
2021-03-19 23:01:46 -  Ariel has logged out. | Client: 12.64
2021-03-19 23:01:47 -  Ariel has logged in. | Client: 12.64
2021-03-19 23:02:31 -  Noiado has logged out. | Client: 12.64
2021-03-19 23:16:44 -  >> Starting Sunrise... Current light is 47 and it's 5:56 Tibian Time.
2021-03-19 23:16:44 -  > NPC Ghostly Wolf removed!
2021-03-19 23:16:44 -  > NPC Talila removed!
2021-03-19 23:16:44 -  > NPC Valindara added!
2021-03-19 23:16:44 -  Ariel has logged out. | Client: 12.64
2021-03-19 23:16:51 -  Ariel has logged in. | Client: 12.64
2021-03-19 23:17:07 -  Ariel has logged out. | Client: 12.64
2021-03-19 23:17:10 -  Devil has logged in. | Client: 12.64
2021-03-19 23:32:30 -  >> Starting Day... Current light is 250 and it's 7:52 Tibian Time.
2021-03-19 23:32:30 -  > Broadcasted message: "Forrest animals spread out close to Ab'Dendriel!".
2021-03-19 23:37:41 -  Tibia Matt has logged in. | Client: 12.64
2021-03-19 23:37:51 -  Tibia Matt has logged out. | Client: 12.64
2021-03-19 23:37:54 -  Passe Livre has logged in. | Client: 12.64
2021-03-19 23:38:04 -  Passe Livre has logged out. | Client: 12.64
2021-03-19 23:38:31 -  Relaxaamento has logged in. | Client: 12.64
2021-03-19 23:59:15 -  >> Starting Sunset... Current light is 243 and it's 17:24 Tibian Time.
2021-03-19 23:59:15 -  > NPC Ghostly Wolf added!
2021-03-19 23:59:15 -  > NPC Talila added!
2021-03-19 23:59:15 -  > NPC Valindara removed!
2021-03-19 23:59:15 -  >> Starting Night... Current light is 40 and it's 19:20 Tibian Time.
2021-03-19 23:59:15 -  Relaxaamento has logged out. | Client: 12.64
2021-03-19 23:59:18 -  Relaxaamento has logged in. | Client: 12.64
2021-03-20 00:06:48 -  >> Rashid is traveling to Saturdays location.
2021-03-20 00:06:48 -  Relaxaamento has logged out. | Client: 12.64
2021-03-20 00:06:50 -  Relaxaamento has logged in. | Client: 12.64
2021-03-20 00:07:33 -  Tibia Matt has logged in. | Client: 12.64
2021-03-20 00:26:04 -  >> Starting Sunrise... Current light is 47 and it's 5:56 Tibian Time.
2021-03-20 00:26:04 -  > NPC Ghostly Wolf removed!
2021-03-20 00:26:04 -  > NPC Talila removed!
2021-03-20 00:26:04 -  > NPC Valindara added!
2021-03-20 00:26:04 -  >> Starting Day... Current light is 250 and it's 7:52 Tibian Time.
2021-03-20 00:26:04 -  189.49.53.239 disconnected for exceeding packet per second limit.
2021-03-20 00:26:09 -  189.49.53.239 disconnected for exceeding packet per second limit.
2021-03-20 00:28:59 -  189.49.53.239 disconnected for exceeding packet per second limit.
2021-03-20 00:34:00 -  Relaxaamento has logged out. | Client: 12.64
2021-03-20 00:34:02 -  Legolas has logged in. | Client: 12.64
2021-03-20 00:34:05 -  Relaxaamento has logged in. | Client: 12.64
2021-03-20 00:34:50 -  Relaxaamento has logged out. | Client: 12.64
2021-03-20 00:34:55 -  Relaxaamento has logged in. | Client: 12.64
2021-03-20 00:35:12 -  Relaxaamento has logged out. | Client: 12.64
2021-03-20 00:35:17 -  Relaxaamento has logged in. | Client: 12.64
2021-03-20 00:35:36 -  Relaxaamento has logged out. | Client: 12.64
2021-03-20 00:35:41 -  Relaxaamento has logged in. | Client: 12.64
2021-03-20 00:35:58 -  Relaxaamento has logged out. | Client: 12.64
2021-03-20 00:36:04 -  Relaxaamento has logged in. | Client: 12.64
2021-03-20 00:36:25 -  Relaxaamento has logged out. | Client: 12.64
2021-03-20 00:36:36 -  Rei Arthur has logged in. | Client: 12.64
2021-03-20 00:49:58 -  >> Starting Sunset... Current light is 243 and it's 17:24 Tibian Time.
2021-03-20 00:49:58 -  > NPC Ghostly Wolf added!
2021-03-20 00:49:58 -  > NPC Talila added!
2021-03-20 00:49:58 -  > NPC Valindara removed!
2021-03-20 00:49:58 -  >> Starting Night... Current light is 40 and it's 19:20 Tibian Time.
2021-03-20 00:49:58 -  Rei Arthur has logged out. | Client: 12.64
2021-03-20 00:50:02 -  Rei Arthur has logged in. | Client: 12.64
2021-03-20 00:50:23 -  Rei Arthur has logged out. | Client: 12.64
2021-03-20 00:50:27 -  Paul Sorc has logged in. | Client: 12.64
2021-03-20 00:53:30 -  > Broadcasted message: "There is something stony moving down in the Ankrahmun Rahemos tombs.".
2021-03-20 00:53:49 -  > Broadcasted message: "Gargoyle attack in the Ankrahmun Rahemos tombs!".
2021-03-20 01:05:50 -  Paul Sorc has logged out. | Client: 12.64
2021-03-20 01:05:53 -  Paul Sorc has logged in. | Client: 12.64
2021-03-20 01:06:15 -  Paul Sorc has logged out. | Client: 12.64
2021-03-20 01:06:18 -  Materpower Sdmax has logged in. | Client: 12.64
2021-03-20 01:09:18 -  Floripinha has logged in. | Client: 12.64
2021-03-20 01:09:24 -  Floripinha has logged out. | Client: 12.64
2021-03-20 01:09:25 -  Supreme Druida has logged in. | Client: 12.64
2021-03-20 01:09:30 -  Supreme Druida has logged out. | Client: 12.64
2021-03-20 01:16:06 -  >> Starting Sunrise... Current light is 47 and it's 5:56 Tibian Time.
2021-03-20 01:16:06 -  > NPC Ghostly Wolf removed!
2021-03-20 01:16:06 -  > NPC Talila removed!
2021-03-20 01:16:06 -  > NPC Valindara added!
2021-03-20 01:16:06 -  Tibia Matt has logged out. | Client: 12.64
2021-03-20 01:17:04 -  Materpower Sdmax has logged out. | Client: 12.64
2021-03-20 01:17:08 -  Materpower Sdmax has logged in. | Client: 12.64
2021-03-20 01:17:41 -  Artorias has logged in. | Client: 12.64
2021-03-20 01:23:16 -  >> Starting Day... Current light is 250 and it's 7:52 Tibian Time.
2021-03-20 01:23:16 -  Materpower Sdmax has logged out. | Client: 12.64
2021-03-20 01:23:20 -  Materpower Sdmax has logged in. | Client: 12.64
2021-03-20 01:23:29 -  Materpower Sdmax has logged out. | Client: 12.64
2021-03-20 01:24:05 -  Tibia Matt has logged in. | Client: 12.64
2021-03-20 01:31:44 -  Artorias has logged out. | Client: 12.64
2021-03-20 01:31:53 -  Artorias has logged in. | Client: 12.64
2021-03-20 01:42:10 -  Artorias has logged out. | Client: 12.64
2021-03-20 01:42:14 -  Artorias has logged in. | Client: 12.64
2021-03-20 01:45:47 -  >> Starting Sunset... Current light is 243 and it's 17:24 Tibian Time.
2021-03-20 01:45:47 -  > NPC Ghostly Wolf added!
2021-03-20 01:45:47 -  > NPC Talila added!
2021-03-20 01:45:47 -  > NPC Valindara removed!
2021-03-20 01:45:47 -  Materpower Sdmax has logged in. | Client: 12.64
2021-03-20 01:48:26 -  Materpower Sdmax has logged out. | Client: 12.64
2021-03-20 01:48:30 -  Paul Sorc has logged in. | Client: 12.64
2021-03-20 01:50:24 -  >> Starting Night... Current light is 40 and it's 19:20 Tibian Time.
2021-03-20 01:50:24 -  Paul Sorc has logged out. | Client: 12.64
2021-03-20 01:50:27 -  Penseiecriei has logged in. | Client: 12.64
2021-03-20 01:50:33 -  Penseiecriei has logged out. | Client: 12.64
2021-03-20 01:50:38 -  Rei Arthur has logged in. | Client: 12.64
2021-03-20 01:51:44 -  Rei Arthur has logged out. | Client: 0
2021-03-20 01:52:22 -  Rei Arthur has logged in. | Client: 12.64
2021-03-20 01:55:41 -  Rei Arthur has logged out. | Client: 12.64
2021-03-20 01:55:48 -  Paul Sorc has logged in. | Client: 12.64
2021-03-20 01:56:46 -  Paul Sorc has logged out. | Client: 12.64
2021-03-20 01:56:52 -  Materpower Sdmax has logged in. | Client: 12.64
2021-03-20 01:57:37 -  Materpower Sdmax has logged out. | Client: 12.64
2021-03-20 01:57:41 -  Relaxaamento has logged in. | Client: 12.64
2021-03-20 02:00:53 -  Reloaded: stages.
2021-03-20 02:00:53 -  > ADM inside broadcasted: "double xp on".
2021-03-20 02:00:53 -  Relaxaamento has logged out. | Client: 12.64
2021-03-20 02:27:44 -  >> Starting Sunrise... Current light is 47 and it's 5:56 Tibian Time.
2021-03-20 02:27:44 -  > NPC Ghostly Wolf removed!
2021-03-20 02:27:44 -  > NPC Talila removed!
2021-03-20 02:27:44 -  > NPC Valindara added!
2021-03-20 02:27:44 -  >> Starting Day... Current light is 250 and it's 7:52 Tibian Time.
2021-03-20 02:27:44 -  Abcde has logged in. | Client: 12.64
2021-03-20 02:32:17 -  Abcde has logged out. | Client: 0
2021-03-20 02:32:18 -  Tibia Matt has logged out. | Client: 0
2021-03-20 02:33:17 -  Tibia Matt has logged in. | Client: 12.64
2021-03-20 02:33:20 -  Abcde has logged in. | Client: 12.64
2021-03-20 02:37:54 -  Abcde has logged out. | Client: 12.64
2021-03-20 02:37:57 -  Abcde has logged in. | Client: 12.64
2021-03-20 02:38:41 -  Abcde has logged out. | Client: 12.64
2021-03-20 02:38:45 -  Abcde has logged in. | Client: 12.64
2021-03-20 02:39:29 -  Abcde has logged out. | Client: 12.64
2021-03-20 02:39:36 -  Abcde has logged in. | Client: 12.64
2021-03-20 02:39:45 -  Artorias has logged out. | Client: 12.64
2021-03-20 02:39:48 -  Artorias has logged in. | Client: 12.64
2021-03-20 02:40:19 -  Abcde has logged out. | Client: 12.64
2021-03-20 02:40:26 -  Abcde has logged in. | Client: 12.64
2021-03-20 02:41:25 -  Abcde has logged out. | Client: 12.64
2021-03-20 02:41:30 -  Abcde has logged in. | Client: 12.64
2021-03-20 02:42:20 -  Artorias has logged out. | Client: 12.64
2021-03-20 02:42:23 -  Artorias has logged in. | Client: 12.64
2021-03-20 02:42:36 -  Abcde has logged out. | Client: 12.64
2021-03-20 02:42:40 -  Abcde has logged in. | Client: 12.64
2021-03-20 02:43:28 -  Abcde has logged out. | Client: 12.64
2021-03-20 02:43:32 -  Abcde has logged in. | Client: 12.64
2021-03-20 02:45:48 -  >> Starting Sunset... Current light is 243 and it's 17:24 Tibian Time.
2021-03-20 02:45:48 -  > NPC Ghostly Wolf added!
2021-03-20 02:45:48 -  > NPC Talila added!
2021-03-20 02:45:48 -  > NPC Valindara removed!
2021-03-20 02:45:48 -  Abcde has logged out. | Client: 0
2021-03-20 02:45:49 -  Tibia Matt has logged out. | Client: 0
2021-03-20 02:46:33 -  Abcde has logged in. | Client: 12.64
2021-03-20 02:47:21 -  Tibia Matt has logged in. | Client: 12.64
2021-03-20 02:53:07 -  >> Starting Night... Current light is 40 and it's 19:20 Tibian Time.
2021-03-20 02:53:07 -  Wiccano has logged out. | Client: 12.64
2021-03-20 02:59:59 -  Abcde has logged out. | Client: 12.64
2021-03-20 03:00:02 -  Abcde has logged in. | Client: 12.64
2021-03-20 03:05:05 -  Abcde has logged out. | Client: 12.64
2021-03-20 03:05:08 -  Abcdef has logged in. | Client: 12.64
2021-03-20 03:08:07 -  Abcdef has logged out. | Client: 12.64
2021-03-20 03:08:10 -  Abcde has logged in. | Client: 12.64
2021-03-20 03:09:53 -  Abcde has logged out. | Client: 12.64
2021-03-20 03:09:58 -  Abcdef has logged in. | Client: 12.64
2021-03-20 03:12:41 -  Devil has logged out. | Client: 12.64
2021-03-20 03:12:49 -  Abcdef has logged out. | Client: 0
2021-03-20 03:12:53 -  Tibia Matt has logged out. | Client: 0
2021-03-20 03:13:29 -  Tibia Matt has logged in. | Client: 12.64
2021-03-20 03:13:35 -  Abcdef has logged in. | Client: 12.64
2021-03-20 03:18:37 -  >> Starting Sunrise... Current light is 47 and it's 5:56 Tibian Time.
2021-03-20 03:18:37 -  > NPC Ghostly Wolf removed!
2021-03-20 03:18:37 -  > NPC Talila removed!
2021-03-20 03:18:37 -  > NPC Valindara added!
2021-03-20 03:18:37 -  Abcdef has logged out. | Client: 12.64
2021-03-20 03:18:41 -  Abcdef has logged in. | Client: 12.64
2021-03-20 03:34:18 -  >> Starting Day... Current light is 250 and it's 7:52 Tibian Time.
2021-03-20 03:34:18 -  Abcdef has logged out. | Client: 12.64
2021-03-20 03:34:21 -  Abcdefg has logged in. | Client: 12.64
2021-03-20 03:41:06 -  Abcdefg has logged out. | Client: 12.64
2021-03-20 03:41:13 -  Abcdefg has logged in. | Client: 12.64
2021-03-20 03:49:30 -  >> Starting Sunset... Current light is 243 and it's 17:24 Tibian Time.
2021-03-20 03:49:30 -  > NPC Ghostly Wolf added!
2021-03-20 03:49:30 -  > NPC Talila added!
2021-03-20 03:49:30 -  > NPC Valindara removed!
2021-03-20 03:49:30 -  >> Starting Night... Current light is 40 and it's 19:20 Tibian Time.
2021-03-20 03:49:30 -  > Broadcasted message: "There seems to be a big gnarlhoud gang in Zao Steppe.".
2021-03-20 03:49:50 -  > Broadcasted message: "The gnarlhounds seem to multiply by the minute.".
2021-03-20 03:51:30 -  > Broadcasted message: "The gnarlhounds roam free in the Zao Steppe. Watch out!".
2021-03-20 03:56:21 -  Abcdefg has logged out. | Client: 12.64
2021-03-20 03:56:28 -  Abcdefgh has logged in. | Client: 12.64
2021-03-20 04:02:08 -  Tibia Matt has logged out. | Client: 0
2021-03-20 04:02:20 -  Abcdefgh has logged out. | Client: 0
2021-03-20 04:02:38 -  Abcdefgh has logged in. | Client: 12.64
2021-03-20 04:02:44 -  Tibia Matt has logged in. | Client: 12.64
2021-03-20 04:16:00 -  >> Starting Sunrise... Current light is 47 and it's 5:56 Tibian Time.
2021-03-20 04:16:00 -  > NPC Ghostly Wolf removed!
2021-03-20 04:16:00 -  > NPC Talila removed!
2021-03-20 04:16:00 -  > NPC Valindara added!
2021-03-20 04:16:00 -  Abcdefgh has logged out. | Client: 12.64
2021-03-20 04:16:04 -  Abcdefgha has logged in. | Client: 12.64
2021-03-20 04:21:52 -  >> Starting Day... Current light is 250 and it's 7:52 Tibian Time.
2021-03-20 04:21:52 -  Tibia Matt has logged out. | Client: 0
2021-03-20 04:22:07 -  Abcdefgha has logged out. | Client: 0
2021-03-20 04:22:38 -  Abcdefgha has logged in. | Client: 12.64
2021-03-20 04:23:00 -  Tibia Matt has logged in. | Client: 12.64
2021-03-20 04:23:16 -  Tibia Matt has logged out. | Client: 12.64
2021-03-20 04:39:29 -  Abcdefgha has logged out. | Client: 12.64
2021-03-20 04:39:32 -  Abcdefghac has logged in. | Client: 12.64
2021-03-20 04:42:55 -  Abcdefghac has logged out. | Client: 12.64
2021-03-20 04:42:57 -  Abcdefgha has logged in. | Client: 12.64
2021-03-20 04:43:00 -  Abcdefgha has logged out. | Client: 12.64
2021-03-20 04:43:02 -  Abcdefghac has logged in. | Client: 12.64
2021-03-20 04:56:49 -  >> Starting Sunset... Current light is 243 and it's 17:24 Tibian Time.
2021-03-20 04:56:49 -  > NPC Ghostly Wolf added!
2021-03-20 04:56:49 -  > NPC Talila added!
2021-03-20 04:56:49 -  > NPC Valindara removed!
2021-03-20 04:56:49 -  >> Starting Night... Current light is 40 and it's 19:20 Tibian Time.
2021-03-20 04:56:49 -  Abcdefghac has logged out. | Client: 12.64
2021-03-20 04:56:52 -  Grnmsmsm has logged in. | Client: 12.64
2021-03-20 05:03:20 -  Grnmsmsm has logged out. | Client: 12.64
2021-03-20 05:03:22 -  Grnmsmsm has logged in. | Client: 12.64
2021-03-20 05:03:25 -  Grnmsmsm has logged out. | Client: 12.64
2021-03-20 05:03:27 -  Abcdefghac has logged in. | Client: 12.64
2021-03-20 05:03:36 -  Abcdefghac has logged out. | Client: 12.64
2021-03-20 05:03:38 -  Grnmsmsm has logged in. | Client: 12.64
2021-03-20 05:17:34 -  >> Starting Sunrise... Current light is 47 and it's 5:56 Tibian Time.
2021-03-20 05:17:34 -  > NPC Ghostly Wolf removed!
2021-03-20 05:17:34 -  > NPC Talila removed!
2021-03-20 05:17:34 -  > NPC Valindara added!
2021-03-20 05:17:34 -  Tibia Matt has logged in. | Client: 12.64
2021-03-20 05:20:46 -  >> Starting Day... Current light is 250 and it's 7:52 Tibian Time.
2021-03-20 05:20:46 -  Grnmsmsm has logged out. | Client: 12.64
2021-03-20 05:20:50 -  Abcdefghac has logged in. | Client: 12.64
2021-03-20 05:20:53 -  Abcdefghac has logged out. | Client: 12.64
2021-03-20 05:20:55 -  Abcdefgha has logged in. | Client: 12.64
2021-03-20 05:20:58 -  Abcdefgha has logged out. | Client: 12.64
2021-03-20 05:32:09 -  Tibia Matt has logged out. | Client: 12.64
2021-03-20 05:35:35 -  Bart Os Simpsoms has logged in. | Client: 12.64
2021-03-20 05:38:22 -  Bart Os Simpsoms has logged out. | Client: 12.64
2021-03-20 05:38:26 -  Cebola has logged in. | Client: 12.64
2021-03-20 05:40:42 -  Cebola has logged out. | Client: 12.64
2021-03-20 05:40:45 -  Elder Druid has logged in. | Client: 12.64
2021-03-20 05:43:41 -  Elder Druid has logged out. | Client: 12.64
2021-03-20 05:43:45 -  Master Of Nemiis has logged in. | Client: 12.64
2021-03-20 05:45:59 -  >> Starting Sunset... Current light is 243 and it's 17:24 Tibian Time.
2021-03-20 05:45:59 -  > NPC Ghostly Wolf added!
2021-03-20 05:45:59 -  > NPC Talila added!
2021-03-20 05:45:59 -  > NPC Valindara removed!
2021-03-20 05:45:59 -  Master Of Nemiis has logged out. | Client: 12.64
2021-03-20 05:46:03 -  Ramis Otrevas has logged in. | Client: 12.64
2021-03-20 05:48:10 -  Ramis Otrevas has logged out. | Client: 12.64
2021-03-20 05:48:14 -  Seteoitenovedez has logged in. | Client: 12.64
2021-03-20 05:51:15 -  >> Starting Night... Current light is 40 and it's 19:20 Tibian Time.
2021-03-20 05:51:15 -  Seteoitenovedez has logged out. | Client: 12.64
2021-03-20 05:51:19 -  Two Hom Half Man has logged in. | Client: 12.64
2021-03-20 05:53:40 -  Two Hom Half Man has logged out. | Client: 0
2021-03-20 06:18:30 -  >> Starting Sunrise... Current light is 47 and it's 5:56 Tibian Time.
2021-03-20 06:18:30 -  > NPC Ghostly Wolf removed!
2021-03-20 06:18:30 -  > NPC Talila removed!
2021-03-20 06:18:30 -  > NPC Valindara added!
2021-03-20 06:18:30 -  > Broadcasted message: "Goblins are preparing to attack Kazordoon from Femor Hills!".
2021-03-20 06:18:49 -  > Broadcasted message: "Goblins attack from Femor Hills!".
2021-03-20 06:20:31 -  >> Starting Day... Current light is 250 and it's 7:52 Tibian Time.
2021-03-20 06:20:31 -  > Broadcasted message: "Danger! Now the goblin leaders attack Kazordoon from Femor Hills!".
2021-03-20 07:30:11 -  >> Starting Sunset... Current light is 243 and it's 17:24 Tibian Time.
2021-03-20 07:30:11 -  > NPC Ghostly Wolf added!
2021-03-20 07:30:11 -  > NPC Talila added!
2021-03-20 07:30:11 -  > NPC Valindara removed!
2021-03-20 07:30:11 -  >> Starting Night... Current light is 40 and it's 19:20 Tibian Time.
2021-03-20 07:30:11 -  >> Starting Sunrise... Current light is 47 and it's 5:56 Tibian Time.
2021-03-20 07:30:11 -  > NPC Ghostly Wolf removed!
2021-03-20 07:30:11 -  > NPC Talila removed!
2021-03-20 07:30:11 -  > NPC Valindara added!
2021-03-20 07:30:11 -  >> Starting Day... Current light is 250 and it's 7:52 Tibian Time.
2021-03-20 07:30:11 -  Artorias has logged out. | Client: 0
2021-03-20 09:00:02 -  >> Starting Sunset... Current light is 243 and it's 17:24 Tibian Time.
2021-03-20 09:00:02 -  > NPC Ghostly Wolf added!
2021-03-20 09:00:02 -  > NPC Talila added!
2021-03-20 09:00:02 -  > NPC Valindara removed!
2021-03-20 09:00:02 -  >> Starting Night... Current light is 40 and it's 19:20 Tibian Time.
2021-03-20 09:00:02 -  >> Starting Sunrise... Current light is 47 and it's 5:56 Tibian Time.
2021-03-20 09:00:02 -  > NPC Ghostly Wolf removed!
2021-03-20 09:00:02 -  > NPC Talila removed!
2021-03-20 09:00:02 -  > NPC Valindara added!
2021-03-20 09:00:02 -  >> Starting Day... Current light is 250 and it's 7:52 Tibian Time.
2021-03-20 09:00:02 -  >> Starting Sunset... Current light is 243 and it's 17:24 Tibian Time.
2021-03-20 09:00:02 -  > NPC Ghostly Wolf added!
2021-03-20 09:00:02 -  > NPC Talila added!
2021-03-20 09:00:02 -  > NPC Valindara removed!
2021-03-20 09:00:02 -  >> Starting Night... Current light is 40 and it's 19:20 Tibian Time.
2021-03-20 09:00:02 -  >> Saving Hirelings
2021-03-20 09:00:02 -  Legolas has logged out. | Client: 0
2021-03-20 09:00:02 -  GM coxinha has logged out. | Client: 0
2021-03-20 09:00:02 -  Buzorc has logged out. | Client: 0
2021-03-20 09:00:02 -  Supimpa has logged out. | Client: 0
2021-03-20 09:00:02 -  Secreto has logged out. | Client: 0
2021-03-20 09:00:02 -  Ronalee Lovexp has logged out. | Client: 0
2021-03-20 09:00:02 -  ADM inside has logged out. | Client: 0
2021-03-20 09:00:02 -  Ronalee Tanker has logged out. | Client: 0
2021-03-20 09:00:02 -  Saving server...
2021-03-20 09:00:03 -  > Saved house items in: 0.336 seconds
2021-03-20 09:00:04 -  Shutting down... done!
