2021-03-08 22:04:01 -  OTServBR - Global - Version TFS 1.3
2021-03-08 22:04:01 -  
2021-03-08 22:04:01 -  Compiled with GNU C++ version 9.3.0
2021-03-08 22:04:01 -  Compiled on Feb 27 2021 08:04:53 for platform x64
2021-03-08 22:04:01 -  Linked with LuaJIT 2.1.0-beta3 for Lua support
2021-03-08 22:04:01 -  
2021-03-08 22:04:01 -  A server developed by OTServBR, Mark Samman and The Forgotten Server Developers
2021-03-08 22:04:01 -  Visit our forum for updates, support, and resources: https://otserv.com.br/ and https://forums.otserv.com.br
2021-03-08 22:04:01 -  
2021-03-08 22:04:01 -  >> Loading config
2021-03-08 22:04:01 -  >> Client Version: 12.60
2021-03-08 22:04:01 -  >> Establishing database connection... MySQL 10.3.25
2021-03-08 22:04:01 -  >> Running database manager
2021-03-08 22:04:02 -  > Optimizing table player_items... [success]
2021-03-08 22:04:03 -  > Optimizing table player_storage... [success]
2021-03-08 22:04:03 -  > Optimizing table players_online... [success]
2021-03-08 22:04:03 -  > Optimizing table tile_store... [success]
2021-03-08 22:04:03 -  >> Loading vocations
2021-03-08 22:04:03 -  >> Loading items
2021-03-08 22:04:04 -  >> Loading script systems
2021-03-08 22:04:04 -  >> Loading lua libs
2021-03-08 22:04:04 -  >> Loading event scheduler
2021-03-08 22:04:04 -  > Double Skill event exp: 0%, loot: 0%, spawn: 0%, skill: 200%.
2021-03-08 22:04:04 -  [Warning - GlobalEvents::configureEvent] Duplicate registered globalevent with name: 
2021-03-08 22:04:04 -  [Warning - GlobalEvents::configureEvent] Duplicate registered globalevent with name: 
2021-03-08 22:04:04 -  > Double Coins event exp: 0%, loot: 0%, spawn: 0%, skill: 0%.
2021-03-08 22:04:04 -  >> Loading lua scripts
2021-03-08 22:04:05 -  [Warning - Actions::registerLuaEvent] Duplicate registered item with uid: 6500 in range from uid: 5000, to uid: 12000
2021-03-08 22:04:05 -  [Warning - Actions::registerLuaEvent] Duplicate registered item with uid: 6501 in range from uid: 5000, to uid: 12000
2021-03-08 22:04:05 -  [Warning - Actions::registerLuaEvent] Duplicate registered item with uid: 6503 in range from uid: 5000, to uid: 12000
2021-03-08 22:04:05 -  [Warning - Actions::registerLuaEvent] Duplicate registered item with uid: 6550 in range from uid: 5000, to uid: 12000
2021-03-08 22:04:05 -  [Warning - Actions::registerLuaEvent] Duplicate registered item with uid: 6570 in range from uid: 5000, to uid: 12000
2021-03-08 22:04:05 -  [Warning - Actions::registerLuaEvent] Duplicate registered item with uid: 6661 in range from uid: 5000, to uid: 12000
2021-03-08 22:04:05 -  [Warning - Actions::registerLuaEvent] Duplicate registered item with uid: 6662 in range from uid: 5000, to uid: 12000
2021-03-08 22:04:05 -  [Warning - Actions::registerLuaEvent] Duplicate registered item with uid: 6663 in range from uid: 5000, to uid: 12000
2021-03-08 22:04:05 -  [Warning - Actions::registerLuaEvent] Duplicate registered item with uid: 6664 in range from uid: 5000, to uid: 12000
2021-03-08 22:04:05 -  [Warning - Actions::registerLuaEvent] Duplicate registered item with uid: 6665 in range from uid: 5000, to uid: 12000
2021-03-08 22:04:05 -  [Warning - Actions::registerLuaEvent] Duplicate registered item with uid: 6666 in range from uid: 5000, to uid: 12000
2021-03-08 22:04:05 -  [Warning - Actions::registerLuaEvent] Duplicate registered item with uid: 6678 in range from uid: 5000, to uid: 12000
2021-03-08 22:04:05 -  [Warning - Actions::registerLuaEvent] Duplicate registered item with uid: 6693 in range from uid: 5000, to uid: 12000
2021-03-08 22:04:05 -  [Warning - Actions::registerLuaEvent] Duplicate registered item with uid: 6697 in range from uid: 5000, to uid: 12000
2021-03-08 22:04:05 -  [Warning - Actions::registerLuaEvent] Duplicate registered item with uid: 6698 in range from uid: 5000, to uid: 12000
2021-03-08 22:04:05 -  [Warning - Actions::registerLuaEvent] Duplicate registered item with uid: 6699 in range from uid: 5000, to uid: 12000
2021-03-08 22:04:05 -  [Warning - Actions::registerLuaEvent] Duplicate registered item with uid: 6701 in range from uid: 5000, to uid: 12000
2021-03-08 22:04:05 -  [Warning - Actions::registerLuaEvent] Duplicate registered item with uid: 6702 in range from uid: 5000, to uid: 12000
2021-03-08 22:04:05 -  [Warning - Actions::registerLuaEvent] Duplicate registered item with uid: 6703 in range from uid: 5000, to uid: 12000
2021-03-08 22:04:05 -  >> Loading lua monsters
2021-03-08 22:04:05 -  >> Loading outfits
2021-03-08 22:04:05 -  >> Loading familiars
2021-03-08 22:04:05 -  >> Boosted creature: Vexclaw
2021-03-08 22:04:05 -  >> Checking world type... PVP
2021-03-08 22:04:05 -  >> Loading map
2021-03-08 22:04:09 -  > Map size: 34143x33812
2021-03-08 22:04:17 -  > Duplicate unique id: 6664
2021-03-08 22:04:19 -  > Map loading time: 13.525 seconds
2021-03-08 22:04:20 -  > Loaded spawns in: 14.138 seconds
2021-03-08 22:04:20 -  > Loaded house items in: 0.021 seconds
2021-03-08 22:04:20 -  >> Initializing gamestate
2021-03-08 22:04:23 -  >> Nightmare Isle will be active north of Darashia today
2021-03-08 22:04:23 -  >> Fury Gate will be active in Ankrahmun today
2021-03-08 22:04:23 -  >> Rashid arrived at Mondays destination.
2021-03-08 22:04:23 -  >> Loading map attributes
2021-03-08 22:04:23 -  > Loaded 967 npcs and spawned 74141 monsters
2021-03-08 22:04:23 -  > Loaded 26 towns with 984 houses in total
2021-03-08 22:04:23 -  >> Wrong item id found
2021-03-08 22:04:23 -  > Sign id: 11, item id: 1406
2021-03-08 22:04:23 -  > Loaded 14 signs in the map
2021-03-08 22:04:23 -  > Loaded 37 books and documents in the map
2021-03-08 22:04:23 -  >> Wrong item id found
2021-03-08 22:04:23 -  > Action id: 14900, item id: 22821
2021-03-08 22:04:23 -  >> Wrong item id found
2021-03-08 22:04:23 -  > Unique id: 30026, item id: 10044
2021-03-08 22:04:23 -  > Loaded all actions in the map
2021-03-08 22:04:23 -  > Loaded all uniques in the map
2021-03-08 22:04:23 -  >> Loading custom map
2021-03-08 22:04:23 -  > Loaded otservbr-custom map
2021-03-08 22:04:23 -  >> Yasir: not this time
2021-03-08 22:04:23 -  >> Loaded all modules, server starting up...
2021-03-08 22:04:23 -  > Warning: OTServBR - Global has been executed as root user, please consider running it as a normal user.
2021-03-08 22:04:24 -  >> Divine-Global Server Online!
2021-03-08 22:04:24 -  
2021-03-08 22:04:24 -  > Map size: 34143x33812
2021-03-08 22:04:24 -  > Map loading time: 0.002 seconds
2021-03-08 22:04:24 -  > Map size: 33270x32843
2021-03-08 22:04:24 -  > Map loading time: 0 seconds
2021-03-08 22:04:24 -  > Map size: 34143x33812
2021-03-08 22:04:24 -  > Map loading time: 0.065 seconds
2021-03-08 22:04:25 -  Khissa has logged in. | Client: 12.61
2021-03-08 22:04:25 -  ADM inside has logged in. | Client: 12.61
2021-03-08 22:05:32 -  > Loaded otservbr-custom spawn
2021-03-08 22:05:32 -  Juana Dumachado has logged in. | Client: 12.61
2021-03-08 22:06:07 -  Devil has logged in. | Client: 12.61
2021-03-08 22:06:26 -  Joana Duarco has logged in. | Client: 12.61
2021-03-08 22:07:14 -  GM coxinha has logged in. | Client: 12.61
2021-03-08 22:09:27 -  Ronalee Lovexp has logged in. | Client: 12.61
2021-03-08 22:09:41 -  Bubuzin has logged in. | Client: 12.61
2021-03-08 22:10:05 -  Supimpa has logged in. | Client: 12.61
2021-03-08 22:12:37 -  Bubuzin has logged out. | Client: 12.61
2021-03-08 22:12:43 -  Ollouui has logged in. | Client: 12.61
2021-03-08 22:23:51 -  Metiradaqui has logged in. | Client: 12.61
2021-03-08 22:26:09 -  Divine has logged in. | Client: 12.61
2021-03-08 22:34:01 -  Moon Phisthys has logged in. | Client: 11
2021-03-08 22:43:42 -  Khal Drogo has logged in. | Client: 12.61
2021-03-08 22:45:13 -  >> Starting Sunset... Current light is 243 and it's 17:24 Tibian Time.
2021-03-08 22:45:13 -  > NPC Ghostly Wolf added!
2021-03-08 22:45:13 -  > NPC Talila added!
2021-03-08 22:45:13 -  > NPC Valindara removed!
2021-03-08 22:45:13 -  Khal Drogo has logged out. | Client: 12.61
2021-03-08 22:45:15 -  Saruman has logged in. | Client: 12.61
2021-03-08 22:47:18 -  Moon Phisthys has logged out. | Client: 11
2021-03-08 22:50:58 -  >> Starting Night... Current light is 40 and it's 19:20 Tibian Time.
2021-03-08 22:50:58 -  Divine has logged out. | Client: 12.61
2021-03-08 22:51:02 -  Divine has logged in. | Client: 12.61
2021-03-08 22:56:03 -  Khissa has logged out. | Client: 12.61
2021-03-08 22:56:04 -  Sakhmet has logged in. | Client: 12.61
2021-03-08 22:58:10 -  Sakhmet has logged out. | Client: 12.61
2021-03-08 22:58:12 -  Khissa has logged in. | Client: 12.61
2021-03-08 23:09:28 -  Moon Phisthys has logged in. | Client: 11
2021-03-08 23:30:02 -  >> Starting Sunrise... Current light is 47 and it's 5:56 Tibian Time.
2021-03-08 23:30:02 -  > NPC Ghostly Wolf removed!
2021-03-08 23:30:02 -  > NPC Talila removed!
2021-03-08 23:30:02 -  > NPC Valindara added!
2021-03-08 23:30:02 -  >> Starting Day... Current light is 250 and it's 7:52 Tibian Time.
2021-03-08 23:30:02 -  Divine has logged out. | Client: 12.61
2021-03-08 23:30:05 -  Divine has logged in. | Client: 12.61
2021-03-08 23:32:15 -  Divine has logged out. | Client: 12.61
2021-03-08 23:32:17 -  Divine has logged in. | Client: 12.61
2021-03-08 23:40:31 -  Divine has logged out. | Client: 12.61
2021-03-08 23:40:35 -  Divine has logged in. | Client: 12.61
2021-03-08 23:43:27 -  Saruman has logged out. | Client: 12.61
2021-03-08 23:43:32 -  Saruman has logged in. | Client: 12.61
2021-03-08 23:44:14 -  >> Starting Sunset... Current light is 243 and it's 17:24 Tibian Time.
2021-03-08 23:44:14 -  > NPC Ghostly Wolf added!
2021-03-08 23:44:14 -  > NPC Talila added!
2021-03-08 23:44:14 -  > NPC Valindara removed!
2021-03-08 23:44:14 -  Outro Guri Du Geada has logged in. | Client: 12.61
2021-03-08 23:44:27 -  Outro Guri Du Geada has logged out. | Client: 12.61
2021-03-08 23:44:29 -  Guri Du Geada has logged in. | Client: 12.61
2021-03-08 23:48:39 -  ADM inside has logged out. | Client: 12.61
2021-03-08 23:48:41 -  ADM inside has logged in. | Client: 12.61
2021-03-08 23:55:04 -  >> Starting Night... Current light is 40 and it's 19:20 Tibian Time.
2021-03-08 23:55:04 -  Saruman has logged out. | Client: 12.61
2021-03-08 23:55:07 -  Saruman has logged in. | Client: 12.61
2021-03-08 23:55:39 -  Divine has logged out. | Client: 12.61
2021-03-08 23:59:47 -  Moon Phisthys has logged out. | Client: 11
2021-03-09 00:13:15 -  >> Rashid is traveling to Tuesdays location.
2021-03-09 00:13:15 -  > Broadcasted message: "The ancient volcano on Goroma slowly becomes active once again.".
2021-03-09 00:13:44 -  > Broadcasted message: "There is an evil presence at the volcano of Goroma.".
2021-03-09 00:14:15 -  > Broadcasted message: "Evil Cultists have called an ancient evil into the volcano on Goroma.   Beware of its power mortals.".
2021-03-09 00:22:32 -  >> Starting Sunrise... Current light is 47 and it's 5:56 Tibian Time.
2021-03-09 00:22:32 -  > NPC Ghostly Wolf removed!
2021-03-09 00:22:32 -  > NPC Talila removed!
2021-03-09 00:22:32 -  > NPC Valindara added!
2021-03-09 00:22:32 -  >> Starting Day... Current light is 250 and it's 7:52 Tibian Time.
2021-03-09 00:22:32 -  Khissa has logged out. | Client: 12.61
2021-03-09 00:22:37 -  Sakhmet has logged in. | Client: 12.61
2021-03-09 00:24:34 -  Sakhmet has logged out. | Client: 12.61
2021-03-09 00:24:35 -  Khissa has logged in. | Client: 12.61
2021-03-09 00:25:14 -  Khissa has logged out. | Client: 12.61
2021-03-09 00:25:16 -  Sakhmet has logged in. | Client: 12.61
2021-03-09 00:25:56 -  Moon Phisthys has logged in. | Client: 11
2021-03-09 00:25:56 -  Sakhmet has logged out. | Client: 12.61
2021-03-09 00:28:19 -  Juana Dumachado has logged out. | Client: 12.61
2021-03-09 00:28:20 -  Juana Dumachado has logged in. | Client: 12.61
2021-03-09 00:42:42 -  Devil has logged out. | Client: 12.61
2021-03-09 00:42:44 -  Forfun has logged in. | Client: 12.61
2021-03-09 00:44:25 -  >> Starting Sunset... Current light is 243 and it's 17:24 Tibian Time.
2021-03-09 00:44:25 -  > NPC Ghostly Wolf added!
2021-03-09 00:44:25 -  > NPC Talila added!
2021-03-09 00:44:25 -  > NPC Valindara removed!
2021-03-09 00:44:25 -  Forfun has logged out. | Client: 12.61
2021-03-09 00:44:26 -  Devil has logged in. | Client: 12.61
2021-03-09 00:44:50 -  Devil has logged out. | Client: 12.61
2021-03-09 00:44:53 -  Forfun has logged in. | Client: 12.61
2021-03-09 00:52:19 -  >> Starting Night... Current light is 40 and it's 19:20 Tibian Time.
2021-03-09 00:52:19 -  Forfun has logged out. | Client: 12.61
2021-03-09 00:52:20 -  Devil has logged in. | Client: 12.61
2021-03-09 00:56:39 -  Joana Duarco has logged out. | Client: 12.61
2021-03-09 00:56:43 -  Joana Duarco has logged in. | Client: 12.61
2021-03-09 00:57:16 -  Joana Duarco has logged out. | Client: 12.61
2021-03-09 00:57:18 -  Joana Duarco has logged in. | Client: 12.61
2021-03-09 01:09:52 -  Moon Phisthys has logged out. | Client: 0
2021-03-09 01:12:09 -  ADM inside has logged out. | Client: 0
2021-03-09 01:15:17 -  >> Starting Sunrise... Current light is 47 and it's 5:56 Tibian Time.
2021-03-09 01:15:17 -  > NPC Ghostly Wolf removed!
2021-03-09 01:15:17 -  > NPC Talila removed!
2021-03-09 01:15:17 -  > NPC Valindara added!
2021-03-09 01:15:17 -  ADM inside has logged in. | Client: 12.61
2021-03-09 01:17:17 -  Moon Phisthys has logged in. | Client: 11
2021-03-09 01:17:24 -  Moon Phisthys has logged out. | Client: 11
2021-03-09 01:21:23 -  >> Starting Day... Current light is 250 and it's 7:52 Tibian Time.
2021-03-09 01:21:23 -  > Broadcasted message: "The dragons of the Dragonblaze Mountains have    descended to Zao to protect the lizardkin!".
2021-03-09 01:38:04 -  Guri Du Geada has logged out. | Client: 12.61
2021-03-09 01:38:06 -  Guri Du Geada has logged in. | Client: 12.61
2021-03-09 01:39:53 -  Saruman has logged out. | Client: 12.61
2021-03-09 01:49:55 -  >> Starting Sunset... Current light is 243 and it's 17:24 Tibian Time.
2021-03-09 01:49:55 -  > NPC Ghostly Wolf added!
2021-03-09 01:49:55 -  > NPC Talila added!
2021-03-09 01:49:55 -  > NPC Valindara removed!
2021-03-09 01:49:55 -  >> Starting Night... Current light is 40 and it's 19:20 Tibian Time.
2021-03-09 01:49:55 -  Saving server...
2021-03-09 01:49:56 -  > Saved house items in: 0.484 seconds
2021-03-09 02:05:20 -  > Saved Hirelings
2021-03-09 02:05:20 -  Reloaded: spells.
2021-03-09 02:05:20 -  Reloaded: monsters.
2021-03-09 02:05:20 -  Guri Du Geada has logged out. | Client: 12.61
2021-03-09 02:05:23 -  Guri Du Geada has logged in. | Client: 12.61
2021-03-09 02:05:30 -  Joana Duarco has logged out. | Client: 12.61
2021-03-09 02:05:32 -  Joana Duarco has logged in. | Client: 12.61
2021-03-09 02:05:46 -  Juana Dumachado has logged out. | Client: 12.61
2021-03-09 02:05:48 -  Juana Dumachado has logged in. | Client: 12.61
2021-03-09 02:13:41 -  Devil has logged out. | Client: 12.61
2021-03-09 02:14:23 -  > Broadcasted message: "Forrest animals spread out close to Ab'Dendriel!".
2021-03-09 02:20:56 -  >> Starting Sunrise... Current light is 47 and it's 5:56 Tibian Time.
2021-03-09 02:20:56 -  > NPC Ghostly Wolf removed!
2021-03-09 02:20:56 -  > NPC Talila removed!
2021-03-09 02:20:56 -  > NPC Valindara added!
2021-03-09 02:20:56 -  >> Starting Day... Current light is 250 and it's 7:52 Tibian Time.
2021-03-09 02:20:56 -  Bilbo Bolseiro has logged in. | Client: 12.61
2021-03-09 02:21:03 -  Bilbo Bolseiro has logged out. | Client: 12.61
2021-03-09 02:21:04 -  Travis Sacana has logged in. | Client: 12.61
2021-03-09 02:21:09 -  Travis Sacana has logged out. | Client: 12.61
2021-03-09 02:26:47 -  Gandalf has logged in. | Client: 12.61
2021-03-09 02:26:49 -  Gandalf has logged out. | Client: 12.61
2021-03-09 02:26:52 -  Gwym Lord Of Cinder has logged in. | Client: 12.61
2021-03-09 02:26:54 -  Gwym Lord Of Cinder has logged out. | Client: 12.61
2021-03-09 02:26:56 -  Tonho Bom De Mira has logged in. | Client: 12.61
2021-03-09 02:27:02 -  Tonho Bom De Mira has logged out. | Client: 12.61
2021-03-09 02:27:05 -  Raddagasth Berserker has logged in. | Client: 12.61
2021-03-09 02:27:09 -  Raddagasth Berserker has logged out. | Client: 12.61
2021-03-09 02:52:08 -  >> Starting Sunset... Current light is 243 and it's 17:24 Tibian Time.
2021-03-09 02:52:08 -  > NPC Ghostly Wolf added!
2021-03-09 02:52:08 -  > NPC Talila added!
2021-03-09 02:52:08 -  > NPC Valindara removed!
2021-03-09 02:52:08 -  >> Starting Night... Current light is 40 and it's 19:20 Tibian Time.
2021-03-09 02:52:08 -  Juana Dumachado has logged out. | Client: 12.61
2021-03-09 02:52:10 -  Pingola has logged in. | Client: 12.61
2021-03-09 02:53:46 -  Juana Ducajado has logged in. | Client: 12.61
2021-03-09 02:54:15 -  Guri Du Geada has logged out. | Client: 12.61
2021-03-09 02:54:16 -  Outro Guri Du Geada has logged in. | Client: 12.61
2021-03-09 02:55:05 -  Pingola has logged out. | Client: 12.61
2021-03-09 02:55:06 -  Juana Dumachado has logged in. | Client: 12.61
2021-03-09 02:55:22 -  Juana Dumachado has logged out. | Client: 12.61
2021-03-09 02:55:23 -  Pingola has logged in. | Client: 12.61
2021-03-09 02:55:30 -  Ronalee Lovexp has logged out. | Client: 11
2021-03-09 02:55:38 -  Ronalee Lovexp has logged in. | Client: 11
2021-03-09 02:57:26 -  Pingola has logged out. | Client: 12.61
2021-03-09 02:57:27 -  Juana Dumachado has logged in. | Client: 12.61
2021-03-09 02:57:28 -  Outro Guri Du Geada has logged out. | Client: 12.61
2021-03-09 02:57:42 -  Guri Du Geada has logged in. | Client: 12.61
2021-03-09 03:03:26 -  Juana Dumachado has logged out. | Client: 12.61
2021-03-09 03:03:27 -  Guri Du Geada has logged out. | Client: 12.61
2021-03-09 03:04:06 -  Juana Dumachado has logged in. | Client: 12.61
2021-03-09 03:04:08 -  ADM inside has logged out. | Client: 12.61
2021-03-09 03:04:10 -  ADM inside has logged in. | Client: 12.61
2021-03-09 03:04:11 -  Guri Du Geada has logged in. | Client: 12.61
2021-03-09 03:06:39 -  [Warning - Monster::Monster] Unknown event name: UrmahlulluChanges
2021-03-09 03:07:01 -  Sakhmet has logged in. | Client: 12.61
2021-03-09 03:07:06 -  [Warning - Monster::Monster] Unknown event name: UrmahlulluChanges
2021-03-09 03:07:14 -  Sakhmet has logged out. | Client: 12.61
2021-03-09 03:07:15 -  Khissa has logged in. | Client: 12.61
2021-03-09 03:07:26 -  [Warning - Monster::Monster] Unknown event name: UrmahlulluChanges
2021-03-09 03:07:51 -  [Warning - Monster::Monster] Unknown event name: UrmahlulluChanges
2021-03-09 03:08:17 -  [Warning - Monster::Monster] Unknown event name: WeakenedDeath
2021-03-09 03:08:37 -  Khissa has logged out. | Client: 12.61
2021-03-09 03:08:39 -  Sakhmet has logged in. | Client: 12.61
2021-03-09 03:10:31 -  Guri Du Geada has logged out. | Client: 12.61
2021-03-09 03:16:06 -  >> Starting Sunrise... Current light is 47 and it's 5:56 Tibian Time.
2021-03-09 03:16:06 -  > NPC Ghostly Wolf removed!
2021-03-09 03:16:06 -  > NPC Talila removed!
2021-03-09 03:16:06 -  > NPC Valindara added!
2021-03-09 03:16:06 -  Juana Dumachado has logged out. | Client: 12.61
2021-03-09 03:16:07 -  
2021-03-09 03:16:07 -  Lua Script Error: [Main Interface] 
2021-03-09 03:16:07 -  in a timer event called from: 
2021-03-09 03:16:07 -  (Unknown scriptfile)
2021-03-09 03:16:07 -  luaDoTargetCombatHealth(). Creature not found
2021-03-09 03:16:07 -  stack traceback:
2021-03-09 03:16:07 -  	[C]: in function 'doTargetCombatHealth'
2021-03-09 03:16:07 -  	...rescripts/quests/grave_danger/cobra_bastion/scarlett.lua:35: in function <...rescripts/quests/grave_danger/cobra_bastion/scarlett.lua:27>
2021-03-09 03:16:10 -  Juana Dumachado has logged in. | Client: 12.61
2021-03-09 03:17:40 -  Juana Dumachado has logged out. | Client: 12.61
2021-03-09 03:19:01 -  Juana Ducajado has logged out. | Client: 12.61
2021-03-09 03:22:24 -  >> Starting Day... Current light is 250 and it's 7:52 Tibian Time.
2021-03-09 03:22:24 -  Joana Duarco has logged out. | Client: 12.61
2021-03-09 03:28:06 -  Saruman has logged in. | Client: 12.61
2021-03-09 04:07:20 -  >> Starting Sunset... Current light is 243 and it's 17:24 Tibian Time.
2021-03-09 04:07:20 -  > NPC Ghostly Wolf added!
2021-03-09 04:07:20 -  > NPC Talila added!
2021-03-09 04:07:20 -  > NPC Valindara removed!
2021-03-09 04:07:20 -  >> Starting Night... Current light is 40 and it's 19:20 Tibian Time.
2021-03-09 04:07:20 -  Sakhmet has logged out. | Client: 12.61
2021-03-09 04:07:23 -  Sakhmet has logged in. | Client: 12.61
2021-03-09 04:07:28 -  Sakhmet has logged out. | Client: 12.61
2021-03-09 04:07:32 -  Sakhmet has logged in. | Client: 12.61
2021-03-09 04:10:11 -  Ollouui has logged out. | Client: 0
2021-03-09 04:10:12 -  Ollouui has logged in. | Client: 12.61
2021-03-09 04:10:41 -  Sakhmet has logged out. | Client: 12.61
2021-03-09 04:22:23 -  >> Starting Sunrise... Current light is 47 and it's 5:56 Tibian Time.
2021-03-09 04:22:23 -  > NPC Ghostly Wolf removed!
2021-03-09 04:22:23 -  > NPC Talila removed!
2021-03-09 04:22:23 -  > NPC Valindara added!
2021-03-09 04:22:23 -  >> Starting Day... Current light is 250 and it's 7:52 Tibian Time.
2021-03-09 04:22:23 -  > Broadcasted message: "Barbarians are gathering at Bittermor.   They seem to be up to something.".
2021-03-09 04:22:43 -  > Broadcasted message: "The barbarian pack is roaming around in Bittermor.".
2021-03-09 05:28:03 -  >> Starting Sunset... Current light is 243 and it's 17:24 Tibian Time.
2021-03-09 05:28:03 -  > NPC Ghostly Wolf added!
2021-03-09 05:28:03 -  > NPC Talila added!
2021-03-09 05:28:03 -  > NPC Valindara removed!
2021-03-09 05:28:03 -  >> Starting Night... Current light is 40 and it's 19:20 Tibian Time.
2021-03-09 05:28:03 -  >> Starting Sunrise... Current light is 47 and it's 5:56 Tibian Time.
2021-03-09 05:28:03 -  > NPC Ghostly Wolf removed!
2021-03-09 05:28:03 -  > NPC Talila removed!
2021-03-09 05:28:03 -  > NPC Valindara added!
2021-03-09 05:28:03 -  >> Starting Day... Current light is 250 and it's 7:52 Tibian Time.
2021-03-09 05:28:03 -  Hell Raiser has logged in. | Client: 12.61
2021-03-09 05:33:04 -  Hell Raiser has logged out. | Client: 0
2021-03-09 05:33:28 -  179.235.140.228 disconnected for exceeding packet per second limit.
2021-03-09 05:48:09 -  >> Starting Sunset... Current light is 243 and it's 17:24 Tibian Time.
2021-03-09 05:48:09 -  > NPC Ghostly Wolf added!
2021-03-09 05:48:09 -  > NPC Talila added!
2021-03-09 05:48:09 -  > NPC Valindara removed!
2021-03-09 05:48:09 -  Ollouui has logged out. | Client: 12.61
2021-03-09 05:48:14 -  Bubuzin has logged in. | Client: 12.61
2021-03-09 05:48:25 -  Bubuzin has logged out. | Client: 12.61
2021-03-09 05:48:27 -  Bubuzin has logged in. | Client: 12.61
2021-03-09 05:49:22 -  >> Starting Night... Current light is 40 and it's 19:20 Tibian Time.
2021-03-09 05:49:22 -  Bubuzin has logged out. | Client: 12.61
2021-03-09 05:49:31 -  Ollouui has logged in. | Client: 12.61
2021-03-09 05:49:34 -  Ollouui has logged out. | Client: 12.61
2021-03-09 06:35:47 -  >> Starting Sunrise... Current light is 47 and it's 5:56 Tibian Time.
2021-03-09 06:35:47 -  > NPC Ghostly Wolf removed!
2021-03-09 06:35:47 -  > NPC Talila removed!
2021-03-09 06:35:47 -  > NPC Valindara added!
2021-03-09 06:35:47 -  >> Starting Day... Current light is 250 and it's 7:52 Tibian Time.
2021-03-09 06:35:47 -  Saruman has logged out. | Client: 0
2021-03-09 06:40:28 -  Saruman has logged in. | Client: 12.61
2021-03-09 06:44:23 -  >> Starting Sunset... Current light is 243 and it's 17:24 Tibian Time.
2021-03-09 06:44:23 -  > NPC Ghostly Wolf added!
2021-03-09 06:44:23 -  > NPC Talila added!
2021-03-09 06:44:23 -  > NPC Valindara removed!
2021-03-09 06:44:23 -  > Broadcasted message: "Inumerous Rats invaded Rookgaard!".
2021-03-09 07:48:24 -  >> Starting Night... Current light is 40 and it's 19:20 Tibian Time.
2021-03-09 07:48:24 -  >> Starting Sunrise... Current light is 47 and it's 5:56 Tibian Time.
2021-03-09 07:48:24 -  > NPC Ghostly Wolf removed!
2021-03-09 07:48:24 -  > NPC Talila removed!
2021-03-09 07:48:24 -  > NPC Valindara added!
2021-03-09 07:48:24 -  >> Starting Day... Current light is 250 and it's 7:52 Tibian Time.
2021-03-09 07:48:24 -  >> Starting Sunset... Current light is 243 and it's 17:24 Tibian Time.
2021-03-09 07:48:24 -  > NPC Ghostly Wolf added!
2021-03-09 07:48:24 -  > NPC Talila added!
2021-03-09 07:48:24 -  > NPC Valindara removed!
2021-03-09 07:48:24 -  > Broadcasted message: "Beware of Ocyakao!".
2021-03-09 08:47:48 -  >> Starting Night... Current light is 40 and it's 19:20 Tibian Time.
2021-03-09 08:47:48 -  >> Starting Sunrise... Current light is 47 and it's 5:56 Tibian Time.
2021-03-09 08:47:48 -  > NPC Ghostly Wolf removed!
2021-03-09 08:47:48 -  > NPC Talila removed!
2021-03-09 08:47:48 -  > NPC Valindara added!
2021-03-09 08:47:48 -  >> Starting Day... Current light is 250 and it's 7:52 Tibian Time.
2021-03-09 08:47:48 -  >> Starting Sunset... Current light is 243 and it's 17:24 Tibian Time.
2021-03-09 08:47:48 -  > NPC Ghostly Wolf added!
2021-03-09 08:47:48 -  > NPC Talila added!
2021-03-09 08:47:48 -  > NPC Valindara removed!
2021-03-09 08:47:48 -  Saruman has logged out. | Client: 12.61
2021-03-09 09:00:02 -  >> Starting Night... Current light is 40 and it's 19:20 Tibian Time.
2021-03-09 09:00:02 -  >> Saving Hirelings
2021-03-09 09:00:02 -  Ronalee Lovexp has logged out. | Client: 0
2021-03-09 09:00:02 -  ADM inside has logged out. | Client: 0
2021-03-09 09:00:03 -  GM coxinha has logged out. | Client: 0
2021-03-09 09:00:03 -  Metiradaqui has logged out. | Client: 0
2021-03-09 09:00:03 -  Supimpa has logged out. | Client: 0
2021-03-09 09:00:03 -  Saving server...
2021-03-09 09:00:04 -  > Saved house items in: 0.403 seconds
2021-03-09 09:00:04 -  Shutting down... done!
