2021-03-05 09:00:10 -  OTServBR - Global - Version TFS 1.3
2021-03-05 09:00:10 -  
2021-03-05 09:00:10 -  Compiled with GNU C++ version 9.3.0
2021-03-05 09:00:10 -  Compiled on Feb 27 2021 08:04:53 for platform x64
2021-03-05 09:00:10 -  Linked with LuaJIT 2.1.0-beta3 for Lua support
2021-03-05 09:00:10 -  
2021-03-05 09:00:10 -  A server developed by OTServBR, Mark Samman and The Forgotten Server Developers
2021-03-05 09:00:10 -  Visit our forum for updates, support, and resources: https://otserv.com.br/ and https://forums.otserv.com.br
2021-03-05 09:00:10 -  
2021-03-05 09:00:10 -  >> Loading config
2021-03-05 09:00:10 -  >> Client Version: 12.60
2021-03-05 09:00:10 -  >> Establishing database connection... MySQL 10.3.25
2021-03-05 09:00:10 -  >> Running database manager
2021-03-05 09:00:11 -  > Optimizing table player_items... [success]
2021-03-05 09:00:12 -  > Optimizing table player_storage... [success]
2021-03-05 09:00:12 -  > Optimizing table players_online... [success]
2021-03-05 09:00:12 -  > Optimizing table tile_store... [success]
2021-03-05 09:00:12 -  >> Loading vocations
2021-03-05 09:00:12 -  >> Loading items
2021-03-05 09:00:12 -  >> Loading script systems
2021-03-05 09:00:12 -  >> Loading lua libs
2021-03-05 09:00:13 -  >> Loading event scheduler
2021-03-05 09:00:13 -  >> Loading lua scripts
2021-03-05 09:00:13 -  [Warning - Actions::registerLuaEvent] Duplicate registered item with uid: 6500 in range from uid: 5000, to uid: 12000
2021-03-05 09:00:13 -  [Warning - Actions::registerLuaEvent] Duplicate registered item with uid: 6501 in range from uid: 5000, to uid: 12000
2021-03-05 09:00:13 -  [Warning - Actions::registerLuaEvent] Duplicate registered item with uid: 6503 in range from uid: 5000, to uid: 12000
2021-03-05 09:00:13 -  [Warning - Actions::registerLuaEvent] Duplicate registered item with uid: 6550 in range from uid: 5000, to uid: 12000
2021-03-05 09:00:13 -  [Warning - Actions::registerLuaEvent] Duplicate registered item with uid: 6570 in range from uid: 5000, to uid: 12000
2021-03-05 09:00:13 -  [Warning - Actions::registerLuaEvent] Duplicate registered item with uid: 6661 in range from uid: 5000, to uid: 12000
2021-03-05 09:00:13 -  [Warning - Actions::registerLuaEvent] Duplicate registered item with uid: 6662 in range from uid: 5000, to uid: 12000
2021-03-05 09:00:13 -  [Warning - Actions::registerLuaEvent] Duplicate registered item with uid: 6663 in range from uid: 5000, to uid: 12000
2021-03-05 09:00:13 -  [Warning - Actions::registerLuaEvent] Duplicate registered item with uid: 6664 in range from uid: 5000, to uid: 12000
2021-03-05 09:00:13 -  [Warning - Actions::registerLuaEvent] Duplicate registered item with uid: 6665 in range from uid: 5000, to uid: 12000
2021-03-05 09:00:13 -  [Warning - Actions::registerLuaEvent] Duplicate registered item with uid: 6666 in range from uid: 5000, to uid: 12000
2021-03-05 09:00:13 -  [Warning - Actions::registerLuaEvent] Duplicate registered item with uid: 6678 in range from uid: 5000, to uid: 12000
2021-03-05 09:00:13 -  [Warning - Actions::registerLuaEvent] Duplicate registered item with uid: 6693 in range from uid: 5000, to uid: 12000
2021-03-05 09:00:13 -  [Warning - Actions::registerLuaEvent] Duplicate registered item with uid: 6697 in range from uid: 5000, to uid: 12000
2021-03-05 09:00:13 -  [Warning - Actions::registerLuaEvent] Duplicate registered item with uid: 6698 in range from uid: 5000, to uid: 12000
2021-03-05 09:00:13 -  [Warning - Actions::registerLuaEvent] Duplicate registered item with uid: 6699 in range from uid: 5000, to uid: 12000
2021-03-05 09:00:13 -  [Warning - Actions::registerLuaEvent] Duplicate registered item with uid: 6701 in range from uid: 5000, to uid: 12000
2021-03-05 09:00:13 -  [Warning - Actions::registerLuaEvent] Duplicate registered item with uid: 6702 in range from uid: 5000, to uid: 12000
2021-03-05 09:00:13 -  [Warning - Actions::registerLuaEvent] Duplicate registered item with uid: 6703 in range from uid: 5000, to uid: 12000
2021-03-05 09:00:13 -  >> Loading lua monsters
2021-03-05 09:00:14 -  >> Loading outfits
2021-03-05 09:00:14 -  >> Loading familiars
2021-03-05 09:00:14 -  >> Boosted creature: Schiach
2021-03-05 09:00:14 -  >> Checking world type... PVP
2021-03-05 09:00:14 -  >> Loading map
2021-03-05 09:00:17 -  > Map size: 34143x33812
2021-03-05 09:00:23 -  > Duplicate unique id: 6664
2021-03-05 09:00:25 -  > Map loading time: 11.08 seconds
2021-03-05 09:00:26 -  > Loaded spawns in: 11.619 seconds
2021-03-05 09:00:26 -  > Loaded house items in: 0.018 seconds
2021-03-05 09:00:26 -  >> Initializing gamestate
2021-03-05 09:00:29 -  >> Nightmare Isle will be active west of Darashia today
2021-03-05 09:00:29 -  >> Fury Gate will be active in Venore today
2021-03-05 09:00:29 -  >> Rashid arrived at Fridays destination.
2021-03-05 09:00:29 -  >> Loading map attributes
2021-03-05 09:00:29 -  > Loaded 967 npcs and spawned 74141 monsters
2021-03-05 09:00:29 -  > Loaded 26 towns with 984 houses in total
2021-03-05 09:00:29 -  >> Wrong item id found
2021-03-05 09:00:29 -  > Sign id: 11, item id: 1406
2021-03-05 09:00:29 -  > Loaded 14 signs in the map
2021-03-05 09:00:29 -  > Loaded 37 books and documents in the map
2021-03-05 09:00:29 -  >> Wrong item id found
2021-03-05 09:00:29 -  > Action id: 14900, item id: 22821
2021-03-05 09:00:29 -  >> Wrong item id found
2021-03-05 09:00:29 -  > Unique id: 30026, item id: 10044
2021-03-05 09:00:29 -  > Loaded all actions in the map
2021-03-05 09:00:29 -  > Loaded all uniques in the map
2021-03-05 09:00:29 -  >> Loading custom map
2021-03-05 09:00:29 -  > Loaded otservbr-custom map
2021-03-05 09:00:29 -  >> Yasir: not this time
2021-03-05 09:00:29 -  >> Loaded all modules, server starting up...
2021-03-05 09:00:29 -  > Warning: OTServBR - Global has been executed as root user, please consider running it as a normal user.
2021-03-05 09:00:30 -  >> Divine-Global Server Online!
2021-03-05 09:00:30 -  
2021-03-05 09:00:30 -  > Map size: 34143x33812
2021-03-05 09:00:30 -  > Map loading time: 0.005 seconds
2021-03-05 09:00:30 -  > Map size: 32839x32092
2021-03-05 09:00:30 -  > Map loading time: 0.001 seconds
2021-03-05 09:00:30 -  > Map size: 34143x33812
2021-03-05 09:00:30 -  > Map loading time: 0.063 seconds
2021-03-05 09:24:29 -  > Loaded otservbr-custom spawn
2021-03-05 09:24:29 -  > Broadcasted message: "Beware! Mawhawk!".
2021-03-05 14:09:29 -  >> Starting Sunset... Current light is 243 and it's 17:24 Tibian Time.
2021-03-05 14:09:29 -  > NPC Ghostly Wolf added!
2021-03-05 14:09:29 -  > NPC Talila added!
2021-03-05 14:09:29 -  > NPC Valindara removed!
2021-03-05 14:09:29 -  >> Starting Night... Current light is 40 and it's 19:20 Tibian Time.
2021-03-05 14:09:29 -  >> Starting Sunrise... Current light is 47 and it's 5:56 Tibian Time.
2021-03-05 14:09:29 -  > NPC Ghostly Wolf removed!
2021-03-05 14:09:29 -  > NPC Talila removed!
2021-03-05 14:09:29 -  > NPC Valindara added!
2021-03-05 14:09:29 -  >> Starting Day... Current light is 250 and it's 7:52 Tibian Time.
2021-03-05 14:09:29 -  >> Starting Sunset... Current light is 243 and it's 17:24 Tibian Time.
2021-03-05 14:09:29 -  > NPC Ghostly Wolf added!
2021-03-05 14:09:29 -  > NPC Talila added!
2021-03-05 14:09:29 -  > NPC Valindara removed!
2021-03-05 14:09:29 -  >> Starting Night... Current light is 40 and it's 19:20 Tibian Time.
2021-03-05 14:09:29 -  >> Starting Sunrise... Current light is 47 and it's 5:56 Tibian Time.
2021-03-05 14:09:29 -  > NPC Ghostly Wolf removed!
2021-03-05 14:09:29 -  > NPC Talila removed!
2021-03-05 14:09:29 -  > NPC Valindara added!
2021-03-05 14:09:29 -  >> Starting Day... Current light is 250 and it's 7:52 Tibian Time.
2021-03-05 14:09:29 -  >> Starting Sunset... Current light is 243 and it's 17:24 Tibian Time.
2021-03-05 14:09:29 -  > NPC Ghostly Wolf added!
2021-03-05 14:09:29 -  > NPC Talila added!
2021-03-05 14:09:29 -  > NPC Valindara removed!
2021-03-05 14:09:29 -  >> Starting Night... Current light is 40 and it's 19:20 Tibian Time.
2021-03-05 14:09:29 -  >> Starting Sunrise... Current light is 47 and it's 5:56 Tibian Time.
2021-03-05 14:09:29 -  > NPC Ghostly Wolf removed!
2021-03-05 14:09:29 -  > NPC Talila removed!
2021-03-05 14:09:29 -  > NPC Valindara added!
2021-03-05 14:09:29 -  >> Starting Day... Current light is 250 and it's 7:52 Tibian Time.
2021-03-05 14:09:29 -  >> Starting Sunset... Current light is 243 and it's 17:24 Tibian Time.
2021-03-05 14:09:29 -  > NPC Ghostly Wolf added!
2021-03-05 14:09:29 -  > NPC Talila added!
2021-03-05 14:09:29 -  > NPC Valindara removed!
2021-03-05 14:09:29 -  >> Starting Night... Current light is 40 and it's 19:20 Tibian Time.
2021-03-05 14:09:29 -  >> Starting Sunrise... Current light is 47 and it's 5:56 Tibian Time.
2021-03-05 14:09:29 -  > NPC Ghostly Wolf removed!
2021-03-05 14:09:29 -  > NPC Talila removed!
2021-03-05 14:09:29 -  > NPC Valindara added!
2021-03-05 14:09:29 -  >> Starting Day... Current light is 250 and it's 7:52 Tibian Time.
2021-03-05 14:09:29 -  >> Starting Sunset... Current light is 243 and it's 17:24 Tibian Time.
2021-03-05 14:09:29 -  > NPC Ghostly Wolf added!
2021-03-05 14:09:29 -  > NPC Talila added!
2021-03-05 14:09:29 -  > NPC Valindara removed!
2021-03-05 14:09:29 -  >> Starting Night... Current light is 40 and it's 19:20 Tibian Time.
2021-03-05 14:09:29 -  > Broadcasted message: "The dragons of the Dragonblaze Mountains have    descended to Zao to protect the lizardkin!".
2021-03-05 15:49:29 -  >> Starting Sunrise... Current light is 47 and it's 5:56 Tibian Time.
2021-03-05 15:49:29 -  > NPC Ghostly Wolf removed!
2021-03-05 15:49:29 -  > NPC Talila removed!
2021-03-05 15:49:29 -  > NPC Valindara added!
2021-03-05 15:49:29 -  >> Starting Day... Current light is 250 and it's 7:52 Tibian Time.
2021-03-05 15:49:29 -  >> Starting Sunset... Current light is 243 and it's 17:24 Tibian Time.
2021-03-05 15:49:29 -  > NPC Ghostly Wolf added!
2021-03-05 15:49:29 -  > NPC Talila added!
2021-03-05 15:49:29 -  > NPC Valindara removed!
2021-03-05 15:49:29 -  >> Starting Night... Current light is 40 and it's 19:20 Tibian Time.
2021-03-05 15:49:29 -  >> Starting Sunrise... Current light is 47 and it's 5:56 Tibian Time.
2021-03-05 15:49:29 -  > NPC Ghostly Wolf removed!
2021-03-05 15:49:29 -  > NPC Talila removed!
2021-03-05 15:49:29 -  > NPC Valindara added!
2021-03-05 15:49:29 -  >> Starting Day... Current light is 250 and it's 7:52 Tibian Time.
2021-03-05 15:49:29 -  >> Starting Sunset... Current light is 243 and it's 17:24 Tibian Time.
2021-03-05 15:49:29 -  > NPC Ghostly Wolf added!
2021-03-05 15:49:29 -  > NPC Talila added!
2021-03-05 15:49:29 -  > NPC Valindara removed!
2021-03-05 15:49:29 -  >> Starting Night... Current light is 40 and it's 19:20 Tibian Time.
2021-03-05 15:49:29 -  > Broadcasted message: "Let da mashing begin! Cyclops riot east of Thais.".
2021-03-05 17:26:56 -  >> Starting Sunrise... Current light is 47 and it's 5:56 Tibian Time.
2021-03-05 17:26:56 -  > NPC Ghostly Wolf removed!
2021-03-05 17:26:56 -  > NPC Talila removed!
2021-03-05 17:26:56 -  > NPC Valindara added!
2021-03-05 17:26:56 -  >> Starting Day... Current light is 250 and it's 7:52 Tibian Time.
2021-03-05 17:26:56 -  >> Starting Sunset... Current light is 243 and it's 17:24 Tibian Time.
2021-03-05 17:26:56 -  > NPC Ghostly Wolf added!
2021-03-05 17:26:56 -  > NPC Talila added!
2021-03-05 17:26:56 -  > NPC Valindara removed!
2021-03-05 17:26:56 -  >> Starting Night... Current light is 40 and it's 19:20 Tibian Time.
2021-03-05 17:26:56 -  >> Starting Sunrise... Current light is 47 and it's 5:56 Tibian Time.
2021-03-05 17:26:56 -  > NPC Ghostly Wolf removed!
2021-03-05 17:26:56 -  > NPC Talila removed!
2021-03-05 17:26:56 -  > NPC Valindara added!
2021-03-05 17:26:56 -  >> Starting Day... Current light is 250 and it's 7:52 Tibian Time.
2021-03-05 17:26:56 -  Bryan Fox Moon has logged in. | Client: 12.61
2021-03-05 17:48:29 -  >> Starting Sunset... Current light is 243 and it's 17:24 Tibian Time.
2021-03-05 17:48:29 -  > NPC Ghostly Wolf added!
2021-03-05 17:48:29 -  > NPC Talila added!
2021-03-05 17:48:29 -  > NPC Valindara removed!
2021-03-05 17:48:29 -  > Broadcasted message: "There are dragons rising in Draconia!".
2021-03-05 18:23:29 -  >> Starting Night... Current light is 40 and it's 19:20 Tibian Time.
2021-03-05 18:23:29 -  >> Starting Sunrise... Current light is 47 and it's 5:56 Tibian Time.
2021-03-05 18:23:29 -  > NPC Ghostly Wolf removed!
2021-03-05 18:23:29 -  > NPC Talila removed!
2021-03-05 18:23:29 -  > NPC Valindara added!
2021-03-05 18:23:29 -  >> Starting Day... Current light is 250 and it's 7:52 Tibian Time.
2021-03-05 18:23:29 -  > Broadcasted message: "There seems to be a big gnarlhoud gang in Zao Steppe.".
2021-03-05 18:23:49 -  > Broadcasted message: "The gnarlhounds seem to multiply by the minute.".
2021-03-05 18:25:29 -  > Broadcasted message: "The gnarlhounds roam free in the Zao Steppe. Watch out!".
2021-03-05 20:09:45 -  >> Starting Sunset... Current light is 243 and it's 17:24 Tibian Time.
2021-03-05 20:09:45 -  > NPC Ghostly Wolf added!
2021-03-05 20:09:45 -  > NPC Talila added!
2021-03-05 20:09:45 -  > NPC Valindara removed!
2021-03-05 20:09:45 -  >> Starting Night... Current light is 40 and it's 19:20 Tibian Time.
2021-03-05 20:09:45 -  >> Starting Sunrise... Current light is 47 and it's 5:56 Tibian Time.
2021-03-05 20:09:45 -  > NPC Ghostly Wolf removed!
2021-03-05 20:09:45 -  > NPC Talila removed!
2021-03-05 20:09:45 -  > NPC Valindara added!
2021-03-05 20:09:45 -  >> Starting Day... Current light is 250 and it's 7:52 Tibian Time.
2021-03-05 20:09:45 -  >> Starting Sunset... Current light is 243 and it's 17:24 Tibian Time.
2021-03-05 20:09:45 -  > NPC Ghostly Wolf added!
2021-03-05 20:09:45 -  > NPC Talila added!
2021-03-05 20:09:45 -  > NPC Valindara removed!
2021-03-05 20:09:45 -  >> Starting Night... Current light is 40 and it's 19:20 Tibian Time.
2021-03-05 20:09:45 -  Bryan Fox Moon has logged out. | Client: 12.61
2021-03-05 20:09:50 -  Babayaga has logged in. | Client: 12.61
2021-03-05 20:15:12 -  Babayaga has logged out. | Client: 12.61
2021-03-05 20:15:15 -  Bryan Fox Moon has logged in. | Client: 12.61
2021-03-05 20:16:19 -  >> Starting Sunrise... Current light is 47 and it's 5:56 Tibian Time.
2021-03-05 20:16:19 -  > NPC Ghostly Wolf removed!
2021-03-05 20:16:19 -  > NPC Talila removed!
2021-03-05 20:16:19 -  > NPC Valindara added!
2021-03-05 20:16:19 -  Bryan Fox Moon has logged out. | Client: 12.61
2021-03-05 20:16:21 -  Babayaga has logged in. | Client: 12.61
2021-03-05 20:16:44 -  Babayaga has logged out. | Client: 12.61
2021-03-05 20:16:46 -  Bryan Fox Moon has logged in. | Client: 12.61
2021-03-05 20:16:51 -  Bryan Fox Moon has logged out. | Client: 12.61
2021-03-05 20:16:53 -  Alucard has logged in. | Client: 12.61
2021-03-05 20:18:00 -  Alucard has logged out. | Client: 12.61
2021-03-05 20:18:02 -  Alucard has logged in. | Client: 12.61
2021-03-05 20:18:04 -  Alucard has logged out. | Client: 12.61
2021-03-05 20:18:05 -  Bryan Fox Moon has logged in. | Client: 12.61
2021-03-05 20:18:33 -  Bryan Fox Moon has logged out. | Client: 12.61
2021-03-05 20:18:40 -  Babayaga has logged in. | Client: 12.61
2021-03-05 21:33:40 -  >> Starting Day... Current light is 250 and it's 7:52 Tibian Time.
2021-03-05 21:33:40 -  >> Starting Sunset... Current light is 243 and it's 17:24 Tibian Time.
2021-03-05 21:33:40 -  > NPC Ghostly Wolf added!
2021-03-05 21:33:40 -  > NPC Talila added!
2021-03-05 21:33:40 -  > NPC Valindara removed!
2021-03-05 21:33:40 -  >> Starting Night... Current light is 40 and it's 19:20 Tibian Time.
2021-03-05 21:33:40 -  >> Starting Sunrise... Current light is 47 and it's 5:56 Tibian Time.
2021-03-05 21:33:40 -  > NPC Ghostly Wolf removed!
2021-03-05 21:33:40 -  > NPC Talila removed!
2021-03-05 21:33:40 -  > NPC Valindara added!
2021-03-05 21:33:40 -  >> Starting Day... Current light is 250 and it's 7:52 Tibian Time.
2021-03-05 21:33:40 -  Babayaga has logged out. | Client: 12.61
2021-03-05 22:47:29 -  >> Starting Sunset... Current light is 243 and it's 17:24 Tibian Time.
2021-03-05 22:47:29 -  > NPC Ghostly Wolf added!
2021-03-05 22:47:29 -  > NPC Talila added!
2021-03-05 22:47:29 -  > NPC Valindara removed!
2021-03-05 22:47:29 -  >> Starting Night... Current light is 40 and it's 19:20 Tibian Time.
2021-03-05 22:47:29 -  >> Starting Sunrise... Current light is 47 and it's 5:56 Tibian Time.
2021-03-05 22:47:29 -  > NPC Ghostly Wolf removed!
2021-03-05 22:47:29 -  > NPC Talila removed!
2021-03-05 22:47:29 -  > NPC Valindara added!
2021-03-05 22:47:29 -  >> Starting Day... Current light is 250 and it's 7:52 Tibian Time.
2021-03-05 22:47:29 -  >> Starting Sunset... Current light is 243 and it's 17:24 Tibian Time.
2021-03-05 22:47:29 -  > NPC Ghostly Wolf added!
2021-03-05 22:47:29 -  > NPC Talila added!
2021-03-05 22:47:29 -  > NPC Valindara removed!
2021-03-05 22:47:29 -  > Broadcasted message: "There's something sizzling in the Ankrahmun Dipthrah tombs.".
2021-03-05 22:47:49 -  > Broadcasted message: "Even more sizzling in the Ankrahmun Dipthrah tombs.".
2021-03-05 22:48:01 -  > Broadcasted message: "Poison overflow in the Ankrahmun Dipthrah tombs!".
2021-03-05 23:55:29 -  >> Starting Night... Current light is 40 and it's 19:20 Tibian Time.
2021-03-05 23:55:29 -  >> Starting Sunrise... Current light is 47 and it's 5:56 Tibian Time.
2021-03-05 23:55:29 -  > NPC Ghostly Wolf removed!
2021-03-05 23:55:29 -  > NPC Talila removed!
2021-03-05 23:55:29 -  > NPC Valindara added!
2021-03-05 23:55:29 -  >> Starting Day... Current light is 250 and it's 7:52 Tibian Time.
2021-03-05 23:55:29 -  >> Starting Sunset... Current light is 243 and it's 17:24 Tibian Time.
2021-03-05 23:55:29 -  > NPC Ghostly Wolf added!
2021-03-05 23:55:29 -  > NPC Talila added!
2021-03-05 23:55:29 -  > NPC Valindara removed!
2021-03-05 23:55:29 -  >> Starting Night... Current light is 40 and it's 19:20 Tibian Time.
2021-03-05 23:55:29 -  > Broadcasted message: "Many aggressive beasts are roaming south of Ab'Dendriel! Take care!".
2021-03-06 02:04:29 -  >> Rashid is traveling to Saturdays location.
2021-03-06 02:04:29 -  >> Starting Sunrise... Current light is 47 and it's 5:56 Tibian Time.
2021-03-06 02:04:29 -  > NPC Ghostly Wolf removed!
2021-03-06 02:04:29 -  > NPC Talila removed!
2021-03-06 02:04:29 -  > NPC Valindara added!
2021-03-06 02:04:29 -  >> Starting Day... Current light is 250 and it's 7:52 Tibian Time.
2021-03-06 02:04:29 -  >> Starting Sunset... Current light is 243 and it's 17:24 Tibian Time.
2021-03-06 02:04:29 -  > NPC Ghostly Wolf added!
2021-03-06 02:04:29 -  > NPC Talila added!
2021-03-06 02:04:29 -  > NPC Valindara removed!
2021-03-06 02:04:29 -  >> Starting Night... Current light is 40 and it's 19:20 Tibian Time.
2021-03-06 02:04:29 -  >> Starting Sunrise... Current light is 47 and it's 5:56 Tibian Time.
2021-03-06 02:04:29 -  > NPC Ghostly Wolf removed!
2021-03-06 02:04:29 -  > NPC Talila removed!
2021-03-06 02:04:29 -  > NPC Valindara added!
2021-03-06 02:04:29 -  >> Starting Day... Current light is 250 and it's 7:52 Tibian Time.
2021-03-06 02:04:29 -  >> Starting Sunset... Current light is 243 and it's 17:24 Tibian Time.
2021-03-06 02:04:29 -  > NPC Ghostly Wolf added!
2021-03-06 02:04:29 -  > NPC Talila added!
2021-03-06 02:04:29 -  > NPC Valindara removed!
2021-03-06 02:04:29 -  >> Starting Night... Current light is 40 and it's 19:20 Tibian Time.
2021-03-06 02:04:29 -  > Broadcasted message: "Feverish Citizens are invading the streets of Venore!".
2021-03-06 02:12:46 -  > ERROR: Failed to save account: O9I8U7Y6T5!
2021-03-06 02:12:56 -  Moon Phisthys has logged in. | Client: 11
2021-03-06 02:29:59 -  >> Starting Sunrise... Current light is 47 and it's 5:56 Tibian Time.
2021-03-06 02:29:59 -  > NPC Ghostly Wolf removed!
2021-03-06 02:29:59 -  > NPC Talila removed!
2021-03-06 02:29:59 -  > NPC Valindara added!
2021-03-06 02:29:59 -  >> Starting Day... Current light is 250 and it's 7:52 Tibian Time.
2021-03-06 02:29:59 -  Forfun has logged in. | Client: 12.61
2021-03-06 02:30:02 -  Forfun has logged out. | Client: 12.61
2021-03-06 02:30:05 -  Pacific has logged in. | Client: 12.61
2021-03-06 02:30:06 -  Pacific has logged out. | Client: 12.61
2021-03-06 02:30:07 -  Devil has logged in. | Client: 12.61
2021-03-06 02:32:45 -  Moon Phisthys has logged out. | Client: 11
2021-03-06 02:35:37 -  Babayaga has logged in. | Client: 12.61
2021-03-06 02:40:58 -  Devil has logged out. | Client: 12.61
2021-03-06 02:41:02 -  Devil has logged in. | Client: 12.61
2021-03-06 02:54:42 -  >> Starting Sunset... Current light is 243 and it's 17:24 Tibian Time.
2021-03-06 02:54:42 -  > NPC Ghostly Wolf added!
2021-03-06 02:54:42 -  > NPC Talila added!
2021-03-06 02:54:42 -  > NPC Valindara removed!
2021-03-06 02:54:42 -  >> Starting Night... Current light is 40 and it's 19:20 Tibian Time.
2021-03-06 02:54:42 -  Moon Phisthys has logged in. | Client: 11
2021-03-06 03:01:10 -  Babayaga has logged out. | Client: 12.61
2021-03-06 03:01:13 -  Alucard has logged in. | Client: 12.61
2021-03-06 03:01:17 -  Alucard has logged out. | Client: 12.61
2021-03-06 03:01:19 -  Bryan Fox Moon has logged in. | Client: 12.61
2021-03-06 03:01:28 -  Bryan Fox Moon has logged out. | Client: 12.61
2021-03-06 03:01:31 -  Alucard has logged in. | Client: 12.61
2021-03-06 03:01:34 -  Alucard has logged out. | Client: 12.61
2021-03-06 03:01:46 -  Alucard has logged in. | Client: 12.61
2021-03-06 03:01:57 -  Alucard has logged out. | Client: 12.61
2021-03-06 03:32:29 -  >> Starting Sunrise... Current light is 47 and it's 5:56 Tibian Time.
2021-03-06 03:32:29 -  > NPC Ghostly Wolf removed!
2021-03-06 03:32:29 -  > NPC Talila removed!
2021-03-06 03:32:29 -  > NPC Valindara added!
2021-03-06 03:32:29 -  >> Starting Day... Current light is 250 and it's 7:52 Tibian Time.
2021-03-06 03:32:29 -  Moon Phisthys has logged out. | Client: 11
2021-03-06 03:32:31 -  Moon Phisthys has logged in. | Client: 11
2021-03-06 03:33:58 -  Devil has logged out. | Client: 12.61
2021-03-06 03:34:00 -  Devil has logged in. | Client: 12.61
2021-03-06 03:38:07 -  Devil has logged out. | Client: 12.61
2021-03-06 03:38:10 -  Devil has logged in. | Client: 12.61
2021-03-06 03:49:42 -  >> Starting Sunset... Current light is 243 and it's 17:24 Tibian Time.
2021-03-06 03:49:42 -  > NPC Ghostly Wolf added!
2021-03-06 03:49:42 -  > NPC Talila added!
2021-03-06 03:49:42 -  > NPC Valindara removed!
2021-03-06 03:49:42 -  >> Starting Night... Current light is 40 and it's 19:20 Tibian Time.
2021-03-06 03:49:42 -  Devil has logged out. | Client: 12.61
2021-03-06 04:55:30 -  >> Starting Sunrise... Current light is 47 and it's 5:56 Tibian Time.
2021-03-06 04:55:30 -  > NPC Ghostly Wolf removed!
2021-03-06 04:55:30 -  > NPC Talila removed!
2021-03-06 04:55:30 -  > NPC Valindara added!
2021-03-06 04:55:30 -  >> Starting Day... Current light is 250 and it's 7:52 Tibian Time.
2021-03-06 04:55:30 -  >> Starting Sunset... Current light is 243 and it's 17:24 Tibian Time.
2021-03-06 04:55:30 -  > NPC Ghostly Wolf added!
2021-03-06 04:55:30 -  > NPC Talila added!
2021-03-06 04:55:30 -  > NPC Valindara removed!
2021-03-06 04:55:30 -  >> Starting Night... Current light is 40 and it's 19:20 Tibian Time.
2021-03-06 04:55:30 -  > Broadcasted message: "Something is moving in the northern grounds of the Rookgaard.".
2021-03-06 04:59:50 -  Moon Phisthys has logged out. | Client: 11
2021-03-06 04:59:54 -  Burlockwolf has logged in. | Client: 11
2021-03-06 04:59:59 -  Burlockwolf has logged out. | Client: 11
2021-03-06 05:00:01 -  Moon Phisthys has logged in. | Client: 11
2021-03-06 06:48:56 -  >> Starting Sunrise... Current light is 47 and it's 5:56 Tibian Time.
2021-03-06 06:48:56 -  > NPC Ghostly Wolf removed!
2021-03-06 06:48:56 -  > NPC Talila removed!
2021-03-06 06:48:56 -  > NPC Valindara added!
2021-03-06 06:48:56 -  >> Starting Day... Current light is 250 and it's 7:52 Tibian Time.
2021-03-06 06:48:56 -  >> Starting Sunset... Current light is 243 and it's 17:24 Tibian Time.
2021-03-06 06:48:56 -  > NPC Ghostly Wolf added!
2021-03-06 06:48:56 -  > NPC Talila added!
2021-03-06 06:48:56 -  > NPC Valindara removed!
2021-03-06 06:48:56 -  >> Starting Night... Current light is 40 and it's 19:20 Tibian Time.
2021-03-06 06:48:56 -  >> Starting Sunrise... Current light is 47 and it's 5:56 Tibian Time.
2021-03-06 06:48:56 -  > NPC Ghostly Wolf removed!
2021-03-06 06:48:56 -  > NPC Talila removed!
2021-03-06 06:48:56 -  > NPC Valindara added!
2021-03-06 06:48:56 -  >> Starting Day... Current light is 250 and it's 7:52 Tibian Time.
2021-03-06 06:48:56 -  >> Starting Sunset... Current light is 243 and it's 17:24 Tibian Time.
2021-03-06 06:48:56 -  > NPC Ghostly Wolf added!
2021-03-06 06:48:56 -  > NPC Talila added!
2021-03-06 06:48:56 -  > NPC Valindara removed!
2021-03-06 06:48:56 -  >> Starting Night... Current light is 40 and it's 19:20 Tibian Time.
2021-03-06 06:48:56 -  Moon Phisthys has logged out. | Client: 11
2021-03-06 07:23:30 -  >> Starting Sunrise... Current light is 47 and it's 5:56 Tibian Time.
2021-03-06 07:23:30 -  > NPC Ghostly Wolf removed!
2021-03-06 07:23:30 -  > NPC Talila removed!
2021-03-06 07:23:30 -  > NPC Valindara added!
2021-03-06 07:23:30 -  >> Starting Day... Current light is 250 and it's 7:52 Tibian Time.
2021-03-06 07:23:30 -  > Broadcasted message: "Bonebeasts are rattling down in the Ankrahmun Dipthrah tombs.".
2021-03-06 07:23:49 -  > Broadcasted message: "Bonebeasts roaming around in the Ankrahmun Dipthrah tombs.".
2021-03-06 08:46:30 -  >> Starting Sunset... Current light is 243 and it's 17:24 Tibian Time.
2021-03-06 08:46:30 -  > NPC Ghostly Wolf added!
2021-03-06 08:46:30 -  > NPC Talila added!
2021-03-06 08:46:30 -  > NPC Valindara removed!
2021-03-06 08:46:30 -  >> Starting Night... Current light is 40 and it's 19:20 Tibian Time.
2021-03-06 08:46:30 -  >> Starting Sunrise... Current light is 47 and it's 5:56 Tibian Time.
2021-03-06 08:46:30 -  > NPC Ghostly Wolf removed!
2021-03-06 08:46:30 -  > NPC Talila removed!
2021-03-06 08:46:30 -  > NPC Valindara added!
2021-03-06 08:46:30 -  >> Starting Day... Current light is 250 and it's 7:52 Tibian Time.
2021-03-06 08:46:30 -  >> Starting Sunset... Current light is 243 and it's 17:24 Tibian Time.
2021-03-06 08:46:30 -  > NPC Ghostly Wolf added!
2021-03-06 08:46:30 -  > NPC Talila added!
2021-03-06 08:46:30 -  > NPC Valindara removed!
2021-03-06 08:46:30 -  > Broadcasted message: "Something bad is happening deep, deep down under Banuta.".
2021-03-06 08:46:49 -  > Broadcasted message: "Something is sizzling deep under many sheets of soil in Banuta.".
2021-03-06 08:48:30 -  > Broadcasted message: "Hordes of slippery spawns slither in Deeper Banuta!".
2021-03-06 09:00:03 -  >> Starting Night... Current light is 40 and it's 19:20 Tibian Time.
2021-03-06 09:00:03 -  >> Saving Hirelings
2021-03-06 09:00:03 -  Saving server...
2021-03-06 09:00:03 -  > Saved house items in: 0.461 seconds
2021-03-06 09:00:04 -  Shutting down... done!
