2021-03-02 09:00:10 -  OTServBR - Global - Version TFS 1.3
2021-03-02 09:00:10 -  
2021-03-02 09:00:10 -  Compiled with GNU C++ version 9.3.0
2021-03-02 09:00:10 -  Compiled on Feb 27 2021 08:04:53 for platform x64
2021-03-02 09:00:10 -  Linked with LuaJIT 2.1.0-beta3 for Lua support
2021-03-02 09:00:10 -  
2021-03-02 09:00:10 -  A server developed by OTServBR, Mark Samman and The Forgotten Server Developers
2021-03-02 09:00:10 -  Visit our forum for updates, support, and resources: https://otserv.com.br/ and https://forums.otserv.com.br
2021-03-02 09:00:10 -  
2021-03-02 09:00:10 -  >> Loading config
2021-03-02 09:00:10 -  >> Client Version: 12.60
2021-03-02 09:00:10 -  >> Establishing database connection... MySQL 10.3.25
2021-03-02 09:00:10 -  >> Running database manager
2021-03-02 09:00:11 -  > Optimizing table player_items... [success]
2021-03-02 09:00:12 -  > Optimizing table player_storage... [success]
2021-03-02 09:00:12 -  > Optimizing table players_online... [success]
2021-03-02 09:00:12 -  > Optimizing table tile_store... [success]
2021-03-02 09:00:12 -  >> Loading vocations
2021-03-02 09:00:12 -  >> Loading items
2021-03-02 09:00:12 -  >> Loading script systems
2021-03-02 09:00:12 -  >> Loading lua libs
2021-03-02 09:00:13 -  >> Loading event scheduler
2021-03-02 09:00:13 -  >> Loading lua scripts
2021-03-02 09:00:13 -  [Warning - Actions::registerLuaEvent] Duplicate registered item with uid: 6500 in range from uid: 5000, to uid: 12000
2021-03-02 09:00:13 -  [Warning - Actions::registerLuaEvent] Duplicate registered item with uid: 6501 in range from uid: 5000, to uid: 12000
2021-03-02 09:00:13 -  [Warning - Actions::registerLuaEvent] Duplicate registered item with uid: 6503 in range from uid: 5000, to uid: 12000
2021-03-02 09:00:13 -  [Warning - Actions::registerLuaEvent] Duplicate registered item with uid: 6550 in range from uid: 5000, to uid: 12000
2021-03-02 09:00:13 -  [Warning - Actions::registerLuaEvent] Duplicate registered item with uid: 6570 in range from uid: 5000, to uid: 12000
2021-03-02 09:00:13 -  [Warning - Actions::registerLuaEvent] Duplicate registered item with uid: 6661 in range from uid: 5000, to uid: 12000
2021-03-02 09:00:13 -  [Warning - Actions::registerLuaEvent] Duplicate registered item with uid: 6662 in range from uid: 5000, to uid: 12000
2021-03-02 09:00:13 -  [Warning - Actions::registerLuaEvent] Duplicate registered item with uid: 6663 in range from uid: 5000, to uid: 12000
2021-03-02 09:00:13 -  [Warning - Actions::registerLuaEvent] Duplicate registered item with uid: 6664 in range from uid: 5000, to uid: 12000
2021-03-02 09:00:13 -  [Warning - Actions::registerLuaEvent] Duplicate registered item with uid: 6665 in range from uid: 5000, to uid: 12000
2021-03-02 09:00:13 -  [Warning - Actions::registerLuaEvent] Duplicate registered item with uid: 6666 in range from uid: 5000, to uid: 12000
2021-03-02 09:00:13 -  [Warning - Actions::registerLuaEvent] Duplicate registered item with uid: 6678 in range from uid: 5000, to uid: 12000
2021-03-02 09:00:13 -  [Warning - Actions::registerLuaEvent] Duplicate registered item with uid: 6693 in range from uid: 5000, to uid: 12000
2021-03-02 09:00:13 -  [Warning - Actions::registerLuaEvent] Duplicate registered item with uid: 6697 in range from uid: 5000, to uid: 12000
2021-03-02 09:00:13 -  [Warning - Actions::registerLuaEvent] Duplicate registered item with uid: 6698 in range from uid: 5000, to uid: 12000
2021-03-02 09:00:13 -  [Warning - Actions::registerLuaEvent] Duplicate registered item with uid: 6699 in range from uid: 5000, to uid: 12000
2021-03-02 09:00:13 -  [Warning - Actions::registerLuaEvent] Duplicate registered item with uid: 6701 in range from uid: 5000, to uid: 12000
2021-03-02 09:00:13 -  [Warning - Actions::registerLuaEvent] Duplicate registered item with uid: 6702 in range from uid: 5000, to uid: 12000
2021-03-02 09:00:13 -  [Warning - Actions::registerLuaEvent] Duplicate registered item with uid: 6703 in range from uid: 5000, to uid: 12000
2021-03-02 09:00:13 -  >> Loading lua monsters
2021-03-02 09:00:14 -  >> Loading outfits
2021-03-02 09:00:14 -  >> Loading familiars
2021-03-02 09:00:14 -  >> Boosted creature: Baleful Bunny
2021-03-02 09:00:14 -  >> Checking world type... PVP
2021-03-02 09:00:14 -  >> Loading map
2021-03-02 09:00:16 -  > Map size: 34143x33812
2021-03-02 09:00:23 -  > Duplicate unique id: 6664
2021-03-02 09:00:25 -  > Map loading time: 11.036 seconds
2021-03-02 09:00:26 -  > Loaded spawns in: 11.592 seconds
2021-03-02 09:00:26 -  > Loaded house items in: 0.018 seconds
2021-03-02 09:00:26 -  >> Initializing gamestate
2021-03-02 09:00:29 -  >> Nightmare Isle will be active north of Darashia today
2021-03-02 09:00:29 -  >> Fury Gate will be active in Port Hope today
2021-03-02 09:00:29 -  >> Rashid arrived at Tuesdays destination.
2021-03-02 09:00:29 -  >> Loading map attributes
2021-03-02 09:00:29 -  > Loaded 967 npcs and spawned 74141 monsters
2021-03-02 09:00:29 -  > Loaded 26 towns with 984 houses in total
2021-03-02 09:00:29 -  >> Wrong item id found
2021-03-02 09:00:29 -  > Sign id: 11, item id: 1406
2021-03-02 09:00:29 -  > Loaded 14 signs in the map
2021-03-02 09:00:29 -  > Loaded 37 books and documents in the map
2021-03-02 09:00:29 -  >> Wrong item id found
2021-03-02 09:00:29 -  > Action id: 14900, item id: 22821
2021-03-02 09:00:29 -  >> Wrong item id found
2021-03-02 09:00:29 -  > Unique id: 30026, item id: 10044
2021-03-02 09:00:29 -  > Loaded all actions in the map
2021-03-02 09:00:29 -  > Loaded all uniques in the map
2021-03-02 09:00:29 -  >> Loading custom map
2021-03-02 09:00:29 -  > Loaded otservbr-custom map
2021-03-02 09:00:29 -  >> Yasir: not this time
2021-03-02 09:00:29 -  >> Loaded all modules, server starting up...
2021-03-02 09:00:29 -  > Warning: OTServBR - Global has been executed as root user, please consider running it as a normal user.
2021-03-02 09:00:30 -  >> Divine-Global Server Online!
2021-03-02 09:00:30 -  
2021-03-02 09:00:30 -  > Map size: 34143x33812
2021-03-02 09:00:30 -  > Map loading time: 0.002 seconds
2021-03-02 09:00:30 -  > Map size: 32537x32719
2021-03-02 09:00:30 -  > Map loading time: 0.001 seconds
2021-03-02 09:00:30 -  > Map size: 34143x33812
2021-03-02 09:00:30 -  > Map loading time: 0.064 seconds
2021-03-02 10:25:29 -  > Loaded otservbr-custom spawn
2021-03-02 10:25:29 -  >> Starting Sunset... Current light is 243 and it's 17:24 Tibian Time.
2021-03-02 10:25:29 -  > NPC Ghostly Wolf added!
2021-03-02 10:25:29 -  > NPC Talila added!
2021-03-02 10:25:29 -  > NPC Valindara removed!
2021-03-02 10:25:29 -  >> Starting Night... Current light is 40 and it's 19:20 Tibian Time.
2021-03-02 10:25:29 -  >> Starting Sunrise... Current light is 47 and it's 5:56 Tibian Time.
2021-03-02 10:25:29 -  > NPC Ghostly Wolf removed!
2021-03-02 10:25:29 -  > NPC Talila removed!
2021-03-02 10:25:29 -  > NPC Valindara added!
2021-03-02 10:25:29 -  >> Starting Day... Current light is 250 and it's 7:52 Tibian Time.
2021-03-02 10:25:29 -  > Broadcasted message: "The dragons of the Dragonblaze Mountains have    descended to Zao to protect the lizardkin!".
2021-03-02 10:54:21 -  >> Starting Sunset... Current light is 243 and it's 17:24 Tibian Time.
2021-03-02 10:54:21 -  > NPC Ghostly Wolf added!
2021-03-02 10:54:21 -  > NPC Talila added!
2021-03-02 10:54:21 -  > NPC Valindara removed!
2021-03-02 10:54:21 -  >> Starting Night... Current light is 40 and it's 19:20 Tibian Time.
2021-03-02 10:54:21 -  > ERROR: Failed to save account: god!
2021-03-02 10:54:24 -  ADM inside has logged in. | Client: 11
2021-03-02 10:55:32 -  > ERROR: Failed to save account: MRJEFREY!
2021-03-02 10:55:33 -  Ronalee Lovexp has logged in. | Client: 11
2021-03-02 12:25:29 -  >> Starting Sunrise... Current light is 47 and it's 5:56 Tibian Time.
2021-03-02 12:25:29 -  > NPC Ghostly Wolf removed!
2021-03-02 12:25:29 -  > NPC Talila removed!
2021-03-02 12:25:29 -  > NPC Valindara added!
2021-03-02 12:25:29 -  >> Starting Day... Current light is 250 and it's 7:52 Tibian Time.
2021-03-02 12:25:29 -  >> Starting Sunset... Current light is 243 and it's 17:24 Tibian Time.
2021-03-02 12:25:29 -  > NPC Ghostly Wolf added!
2021-03-02 12:25:29 -  > NPC Talila added!
2021-03-02 12:25:29 -  > NPC Valindara removed!
2021-03-02 12:25:29 -  >> Starting Night... Current light is 40 and it's 19:20 Tibian Time.
2021-03-02 12:25:29 -  >> Starting Sunrise... Current light is 47 and it's 5:56 Tibian Time.
2021-03-02 12:25:29 -  > NPC Ghostly Wolf removed!
2021-03-02 12:25:29 -  > NPC Talila removed!
2021-03-02 12:25:29 -  > NPC Valindara added!
2021-03-02 12:25:29 -  >> Starting Day... Current light is 250 and it's 7:52 Tibian Time.
2021-03-02 12:25:29 -  > Broadcasted message: "Something bad is happening deep, deep down under Banuta.".
2021-03-02 12:25:49 -  > Broadcasted message: "Something is sizzling deep under many sheets of soil in Banuta.".
2021-03-02 12:27:30 -  > Broadcasted message: "Hordes of slippery spawns slither in Deeper Banuta!".
2021-03-02 12:27:42 -  > Broadcasted message: "The seals on Ferumbras old cidatel are glowing.   Prepare for HIS return mortals.".
2021-03-02 12:29:01 -  > Broadcasted message: "Ferumbras return is at hand.   The Edron Academy calls for Heroes to fight that evil.".
2021-03-02 12:29:22 -  > Broadcasted message: "Ferumbras has returned to his citadel once more.   Stop him before its too late.".
2021-03-02 12:54:29 -  >> Starting Sunset... Current light is 243 and it's 17:24 Tibian Time.
2021-03-02 12:54:29 -  > NPC Ghostly Wolf added!
2021-03-02 12:54:29 -  > NPC Talila added!
2021-03-02 12:54:29 -  > NPC Valindara removed!
2021-03-02 12:54:29 -  >> Starting Night... Current light is 40 and it's 19:20 Tibian Time.
2021-03-02 12:54:29 -  > Broadcasted message: "There seems to be a big gnarlhoud gang in Zao Steppe.".
2021-03-02 12:54:46 -  > ERROR: Failed to save account: O9I8U7Y6T5!
2021-03-02 12:54:49 -  Burlockwolf has logged in. | Client: 11
2021-03-02 12:54:49 -  > Broadcasted message: "The gnarlhounds seem to multiply by the minute.".
2021-03-02 12:54:54 -  Burlockwolf has logged out. | Client: 11
2021-03-02 12:54:55 -  Moon Phisthys has logged in. | Client: 11
2021-03-02 12:55:11 -  Moon Phisthys has logged out. | Client: 11
2021-03-02 12:55:13 -  Moon Phisthys has logged in. | Client: 11
2021-03-02 12:55:24 -  Moon Phisthys has logged out. | Client: 11
2021-03-02 12:56:29 -  > Broadcasted message: "The gnarlhounds roam free in the Zao Steppe. Watch out!".
2021-03-02 15:02:29 -  >> Starting Sunrise... Current light is 47 and it's 5:56 Tibian Time.
2021-03-02 15:02:29 -  > NPC Ghostly Wolf removed!
2021-03-02 15:02:29 -  > NPC Talila removed!
2021-03-02 15:02:29 -  > NPC Valindara added!
2021-03-02 15:02:29 -  >> Starting Day... Current light is 250 and it's 7:52 Tibian Time.
2021-03-02 15:02:29 -  >> Starting Sunset... Current light is 243 and it's 17:24 Tibian Time.
2021-03-02 15:02:29 -  > NPC Ghostly Wolf added!
2021-03-02 15:02:29 -  > NPC Talila added!
2021-03-02 15:02:29 -  > NPC Valindara removed!
2021-03-02 15:02:29 -  >> Starting Night... Current light is 40 and it's 19:20 Tibian Time.
2021-03-02 15:02:29 -  >> Starting Sunrise... Current light is 47 and it's 5:56 Tibian Time.
2021-03-02 15:02:29 -  > NPC Ghostly Wolf removed!
2021-03-02 15:02:29 -  > NPC Talila removed!
2021-03-02 15:02:29 -  > NPC Valindara added!
2021-03-02 15:02:29 -  >> Starting Day... Current light is 250 and it's 7:52 Tibian Time.
2021-03-02 15:02:29 -  >> Starting Sunset... Current light is 243 and it's 17:24 Tibian Time.
2021-03-02 15:02:29 -  > NPC Ghostly Wolf added!
2021-03-02 15:02:29 -  > NPC Talila added!
2021-03-02 15:02:29 -  > NPC Valindara removed!
2021-03-02 15:02:29 -  >> Starting Night... Current light is 40 and it's 19:20 Tibian Time.
2021-03-02 15:02:29 -  > Broadcasted message: "Beware! Mawhawk!".
2021-03-02 16:52:01 -  >> Starting Sunrise... Current light is 47 and it's 5:56 Tibian Time.
2021-03-02 16:52:01 -  > NPC Ghostly Wolf removed!
2021-03-02 16:52:01 -  > NPC Talila removed!
2021-03-02 16:52:01 -  > NPC Valindara added!
2021-03-02 16:52:01 -  >> Starting Day... Current light is 250 and it's 7:52 Tibian Time.
2021-03-02 16:52:01 -  >> Starting Sunset... Current light is 243 and it's 17:24 Tibian Time.
2021-03-02 16:52:01 -  > NPC Ghostly Wolf added!
2021-03-02 16:52:01 -  > NPC Talila added!
2021-03-02 16:52:01 -  > NPC Valindara removed!
2021-03-02 16:52:01 -  >> Starting Night... Current light is 40 and it's 19:20 Tibian Time.
2021-03-02 16:52:01 -  >> Starting Sunrise... Current light is 47 and it's 5:56 Tibian Time.
2021-03-02 16:52:01 -  > NPC Ghostly Wolf removed!
2021-03-02 16:52:01 -  > NPC Talila removed!
2021-03-02 16:52:01 -  > NPC Valindara added!
2021-03-02 16:52:01 -  >> Starting Day... Current light is 250 and it's 7:52 Tibian Time.
2021-03-02 16:52:01 -  >> Starting Sunset... Current light is 243 and it's 17:24 Tibian Time.
2021-03-02 16:52:01 -  > NPC Ghostly Wolf added!
2021-03-02 16:52:01 -  > NPC Talila added!
2021-03-02 16:52:01 -  > NPC Valindara removed!
2021-03-02 16:52:01 -  >> Starting Night... Current light is 40 and it's 19:20 Tibian Time.
2021-03-02 16:52:01 -  Alucard has logged in. | Client: 12.61
2021-03-02 16:55:07 -  Alucard has logged out. | Client: 0
2021-03-02 17:35:56 -  >> Starting Sunrise... Current light is 47 and it's 5:56 Tibian Time.
2021-03-02 17:35:56 -  > NPC Ghostly Wolf removed!
2021-03-02 17:35:56 -  > NPC Talila removed!
2021-03-02 17:35:56 -  > NPC Valindara added!
2021-03-02 17:35:56 -  >> Starting Day... Current light is 250 and it's 7:52 Tibian Time.
2021-03-02 17:35:56 -  Jhonny Bravo has logged in. | Client: 12.61
2021-03-02 17:36:21 -  Jhonny Bravo has logged out. | Client: 12.61
2021-03-02 17:52:30 -  >> Starting Sunset... Current light is 243 and it's 17:24 Tibian Time.
2021-03-02 17:52:30 -  > NPC Ghostly Wolf added!
2021-03-02 17:52:30 -  > NPC Talila added!
2021-03-02 17:52:30 -  > NPC Valindara removed!
2021-03-02 17:52:30 -  >> Starting Night... Current light is 40 and it's 19:20 Tibian Time.
2021-03-02 17:52:30 -  Alucard has logged in. | Client: 12.61
2021-03-02 18:05:36 -  Alucard has logged out. | Client: 12.61
2021-03-02 18:05:44 -  Bryan Fox Moon has logged in. | Client: 12.61
2021-03-02 18:05:49 -  Bryan Fox Moon has logged out. | Client: 12.61
2021-03-02 18:05:51 -  Alucard has logged in. | Client: 12.61
2021-03-02 18:05:59 -  Alucard has logged out. | Client: 12.61
2021-03-02 18:06:02 -  Bryan Fox Moon has logged in. | Client: 12.61
2021-03-02 18:12:05 -  Bryan Fox Moon has logged out. | Client: 12.61
2021-03-02 18:12:09 -  Bryan Fox Moon has logged in. | Client: 12.61
2021-03-02 18:13:07 -  Bryan Fox Moon has logged out. | Client: 12.61
2021-03-02 18:13:09 -  Alucard has logged in. | Client: 12.61
2021-03-02 18:18:08 -  >> Starting Sunrise... Current light is 47 and it's 5:56 Tibian Time.
2021-03-02 18:18:08 -  > NPC Ghostly Wolf removed!
2021-03-02 18:18:08 -  > NPC Talila removed!
2021-03-02 18:18:08 -  > NPC Valindara added!
2021-03-02 18:18:08 -  Alucard has logged out. | Client: 12.61
2021-03-02 18:18:09 -  Babayaga has logged in. | Client: 12.61
2021-03-02 18:19:05 -  Babayaga has logged out. | Client: 12.61
2021-03-02 18:19:07 -  Alucard has logged in. | Client: 12.61
2021-03-02 18:19:21 -  Alucard has logged out. | Client: 12.61
2021-03-02 18:19:24 -  Babayaga has logged in. | Client: 12.61
2021-03-02 18:19:32 -  Babayaga has logged out. | Client: 12.61
2021-03-02 18:19:34 -  Alucard has logged in. | Client: 12.61
2021-03-02 18:19:39 -  Alucard has logged out. | Client: 12.61
2021-03-02 18:19:41 -  Babayaga has logged in. | Client: 12.61
2021-03-02 18:19:58 -  Babayaga has logged out. | Client: 12.61
2021-03-02 18:19:59 -  Alucard has logged in. | Client: 12.61
2021-03-02 18:28:47 -  >> Starting Day... Current light is 250 and it's 7:52 Tibian Time.
2021-03-02 18:28:47 -  Gandalf has logged in. | Client: 12.61
2021-03-02 18:34:08 -  Alucard has logged out. | Client: 12.61
2021-03-02 18:34:11 -  Bryan Fox Moon has logged in. | Client: 12.61
2021-03-02 19:04:42 -  >> Starting Sunset... Current light is 243 and it's 17:24 Tibian Time.
2021-03-02 19:04:42 -  > NPC Ghostly Wolf added!
2021-03-02 19:04:42 -  > NPC Talila added!
2021-03-02 19:04:42 -  > NPC Valindara removed!
2021-03-02 19:04:42 -  >> Starting Night... Current light is 40 and it's 19:20 Tibian Time.
2021-03-02 19:04:42 -  Bryan Fox Moon has logged out. | Client: 12.61
2021-03-02 19:04:44 -  Bryan Fox Moon has logged in. | Client: 12.61
2021-03-02 19:10:29 -  > Broadcasted message: "Barbarians are gathering at Bittermor.   They seem to be up to something.".
2021-03-02 19:10:49 -  > Broadcasted message: "The barbarian pack is roaming around in Bittermor.".
2021-03-02 19:28:43 -  >> Starting Sunrise... Current light is 47 and it's 5:56 Tibian Time.
2021-03-02 19:28:43 -  > NPC Ghostly Wolf removed!
2021-03-02 19:28:43 -  > NPC Talila removed!
2021-03-02 19:28:43 -  > NPC Valindara added!
2021-03-02 19:28:43 -  >> Starting Day... Current light is 250 and it's 7:52 Tibian Time.
2021-03-02 19:28:43 -  Dygmar has logged in. | Client: 12.61
2021-03-02 19:28:45 -  Dygmar has logged out. | Client: 12.61
2021-03-02 19:50:20 -  >> Starting Sunset... Current light is 243 and it's 17:24 Tibian Time.
2021-03-02 19:50:20 -  > NPC Ghostly Wolf added!
2021-03-02 19:50:20 -  > NPC Talila added!
2021-03-02 19:50:20 -  > NPC Valindara removed!
2021-03-02 19:50:20 -  >> Starting Night... Current light is 40 and it's 19:20 Tibian Time.
2021-03-02 19:50:20 -  187.180.186.172 disconnected for exceeding packet per second limit.
2021-03-02 19:59:25 -  Gandalf has logged out. | Client: 12.61
2021-03-02 20:03:22 -  Bryan Fox Moon has logged out. | Client: 12.61
2021-03-02 20:03:26 -  Bryan Fox Moon has logged in. | Client: 12.61
2021-03-02 20:05:04 -  Bryan Fox Moon has logged out. | Client: 12.61
2021-03-02 20:05:06 -  Alucard has logged in. | Client: 12.61
2021-03-02 20:05:45 -  Alucard has logged out. | Client: 12.61
2021-03-02 20:05:47 -  Bryan Fox Moon has logged in. | Client: 12.61
2021-03-02 20:06:47 -  Gandalf has logged in. | Client: 12.61
2021-03-02 20:08:29 -  > Broadcasted message: "Many aggressive beasts are roaming south of Ab'Dendriel! Take care!".
2021-03-02 20:27:10 -  >> Starting Sunrise... Current light is 47 and it's 5:56 Tibian Time.
2021-03-02 20:27:10 -  > NPC Ghostly Wolf removed!
2021-03-02 20:27:10 -  > NPC Talila removed!
2021-03-02 20:27:10 -  > NPC Valindara added!
2021-03-02 20:27:10 -  >> Starting Day... Current light is 250 and it's 7:52 Tibian Time.
2021-03-02 20:27:10 -  Gandalf has logged out. | Client: 0
2021-03-02 20:38:19 -  Raposito has logged in. | Client: 12.61
2021-03-02 20:41:55 -  Raposito has logged out. | Client: 0
2021-03-02 20:47:30 -  >> Starting Sunset... Current light is 243 and it's 17:24 Tibian Time.
2021-03-02 20:47:30 -  > NPC Ghostly Wolf added!
2021-03-02 20:47:30 -  > NPC Talila added!
2021-03-02 20:47:30 -  > NPC Valindara removed!
2021-03-02 20:47:30 -  Bryan Fox Moon has logged out. | Client: 12.61
2021-03-02 20:59:29 -  >> Starting Night... Current light is 40 and it's 19:20 Tibian Time.
2021-03-02 20:59:29 -  > Broadcasted message: "Let da mashing begin! Cyclops riot east of Thais.".
2021-03-02 22:08:31 -  >> Starting Sunrise... Current light is 47 and it's 5:56 Tibian Time.
2021-03-02 22:08:31 -  > NPC Ghostly Wolf removed!
2021-03-02 22:08:31 -  > NPC Talila removed!
2021-03-02 22:08:31 -  > NPC Valindara added!
2021-03-02 22:08:31 -  >> Starting Day... Current light is 250 and it's 7:52 Tibian Time.
2021-03-02 22:08:31 -  >> Starting Sunset... Current light is 243 and it's 17:24 Tibian Time.
2021-03-02 22:08:31 -  > NPC Ghostly Wolf added!
2021-03-02 22:08:31 -  > NPC Talila added!
2021-03-02 22:08:31 -  > NPC Valindara removed!
2021-03-02 22:08:31 -  >> Starting Night... Current light is 40 and it's 19:20 Tibian Time.
2021-03-02 22:08:31 -  Pacific has logged in. | Client: 12.61
2021-03-02 22:21:29 -  >> Starting Sunrise... Current light is 47 and it's 5:56 Tibian Time.
2021-03-02 22:21:29 -  > NPC Ghostly Wolf removed!
2021-03-02 22:21:29 -  > NPC Talila removed!
2021-03-02 22:21:29 -  > NPC Valindara added!
2021-03-02 22:21:29 -  >> Starting Day... Current light is 250 and it's 7:52 Tibian Time.
2021-03-02 22:21:29 -  Pacific has logged out. | Client: 12.61
2021-03-02 22:21:33 -  Pacific has logged in. | Client: 12.61
2021-03-03 00:21:43 -  >> Starting Sunset... Current light is 243 and it's 17:24 Tibian Time.
2021-03-03 00:21:43 -  > NPC Ghostly Wolf added!
2021-03-03 00:21:43 -  > NPC Talila added!
2021-03-03 00:21:43 -  > NPC Valindara removed!
2021-03-03 00:21:43 -  >> Starting Night... Current light is 40 and it's 19:20 Tibian Time.
2021-03-03 00:21:43 -  >> Starting Sunrise... Current light is 47 and it's 5:56 Tibian Time.
2021-03-03 00:21:43 -  > NPC Ghostly Wolf removed!
2021-03-03 00:21:43 -  > NPC Talila removed!
2021-03-03 00:21:43 -  > NPC Valindara added!
2021-03-03 00:21:43 -  >> Starting Day... Current light is 250 and it's 7:52 Tibian Time.
2021-03-03 00:21:43 -  >> Starting Sunset... Current light is 243 and it's 17:24 Tibian Time.
2021-03-03 00:21:43 -  > NPC Ghostly Wolf added!
2021-03-03 00:21:43 -  > NPC Talila added!
2021-03-03 00:21:43 -  > NPC Valindara removed!
2021-03-03 00:21:43 -  >> Starting Night... Current light is 40 and it's 19:20 Tibian Time.
2021-03-03 00:21:43 -  >> Rashid is traveling to Wednesdays location.
2021-03-03 00:21:43 -  >> Starting Sunrise... Current light is 47 and it's 5:56 Tibian Time.
2021-03-03 00:21:43 -  > NPC Ghostly Wolf removed!
2021-03-03 00:21:43 -  > NPC Talila removed!
2021-03-03 00:21:43 -  > NPC Valindara added!
2021-03-03 00:21:43 -  >> Starting Day... Current light is 250 and it's 7:52 Tibian Time.
2021-03-03 00:21:43 -  Pacific has logged out. | Client: 12.61
2021-03-03 00:21:45 -  Pacific has logged in. | Client: 12.61
2021-03-03 00:22:06 -  Pacific has logged out. | Client: 12.61
2021-03-03 00:22:18 -  Devil has logged in. | Client: 12.61
2021-03-03 00:29:29 -  > Broadcasted message: "Something is moving to the icy grounds of Folda.".
2021-03-03 00:29:49 -  > Broadcasted message: "Many Yetis are emerging from the icy mountains of Folda.".
2021-03-03 00:30:29 -  > Broadcasted message: "Numerous Yetis are dominating Folda, beware!".
2021-03-03 00:35:12 -  Devil has logged out. | Client: 12.61
2021-03-03 00:35:14 -  Devil has logged in. | Client: 12.61
2021-03-03 00:39:48 -  Devil has logged out. | Client: 12.61
2021-03-03 00:39:51 -  Pacific has logged in. | Client: 12.61
2021-03-03 00:42:39 -  Pacific has logged out. | Client: 12.61
2021-03-03 00:42:41 -  Devil has logged in. | Client: 12.61
2021-03-03 00:42:49 -  Devil has logged out. | Client: 12.61
2021-03-03 00:42:50 -  Pacific has logged in. | Client: 12.61
2021-03-03 00:43:38 -  Pacific has logged out. | Client: 12.61
2021-03-03 00:43:40 -  Devil has logged in. | Client: 12.61
2021-03-03 01:00:42 -  >> Starting Sunset... Current light is 243 and it's 17:24 Tibian Time.
2021-03-03 01:00:42 -  > NPC Ghostly Wolf added!
2021-03-03 01:00:42 -  > NPC Talila added!
2021-03-03 01:00:42 -  > NPC Valindara removed!
2021-03-03 01:00:42 -  >> Starting Night... Current light is 40 and it's 19:20 Tibian Time.
2021-03-03 01:00:42 -  Devil has logged out. | Client: 12.61
2021-03-03 01:00:43 -  Forfun has logged in. | Client: 12.61
2021-03-03 01:03:05 -  Forfun has logged out. | Client: 12.61
2021-03-03 03:19:30 -  >> Starting Sunrise... Current light is 47 and it's 5:56 Tibian Time.
2021-03-03 03:19:30 -  > NPC Ghostly Wolf removed!
2021-03-03 03:19:30 -  > NPC Talila removed!
2021-03-03 03:19:30 -  > NPC Valindara added!
2021-03-03 03:19:30 -  >> Starting Day... Current light is 250 and it's 7:52 Tibian Time.
2021-03-03 03:19:30 -  >> Starting Sunset... Current light is 243 and it's 17:24 Tibian Time.
2021-03-03 03:19:30 -  > NPC Ghostly Wolf added!
2021-03-03 03:19:30 -  > NPC Talila added!
2021-03-03 03:19:30 -  > NPC Valindara removed!
2021-03-03 03:19:30 -  >> Starting Night... Current light is 40 and it's 19:20 Tibian Time.
2021-03-03 03:19:30 -  >> Starting Sunrise... Current light is 47 and it's 5:56 Tibian Time.
2021-03-03 03:19:30 -  > NPC Ghostly Wolf removed!
2021-03-03 03:19:30 -  > NPC Talila removed!
2021-03-03 03:19:30 -  > NPC Valindara added!
2021-03-03 03:19:30 -  >> Starting Day... Current light is 250 and it's 7:52 Tibian Time.
2021-03-03 03:19:30 -  >> Starting Sunset... Current light is 243 and it's 17:24 Tibian Time.
2021-03-03 03:19:30 -  > NPC Ghostly Wolf added!
2021-03-03 03:19:30 -  > NPC Talila added!
2021-03-03 03:19:30 -  > NPC Valindara removed!
2021-03-03 03:19:30 -  >> Starting Night... Current light is 40 and it's 19:20 Tibian Time.
2021-03-03 03:19:30 -  >> Starting Sunrise... Current light is 47 and it's 5:56 Tibian Time.
2021-03-03 03:19:30 -  > NPC Ghostly Wolf removed!
2021-03-03 03:19:30 -  > NPC Talila removed!
2021-03-03 03:19:30 -  > NPC Valindara added!
2021-03-03 03:19:30 -  > Broadcasted message: "Lizards Sentinels seem to attack Port Hope from Chor.".
2021-03-03 03:21:30 -  >> Starting Day... Current light is 250 and it's 7:52 Tibian Time.
2021-03-03 03:21:30 -  > Broadcasted message: "Lizards are advancing to Port Hope from Chor.".
2021-03-03 03:56:57 -  >> Starting Sunset... Current light is 243 and it's 17:24 Tibian Time.
2021-03-03 03:56:57 -  > NPC Ghostly Wolf added!
2021-03-03 03:56:57 -  > NPC Talila added!
2021-03-03 03:56:57 -  > NPC Valindara removed!
2021-03-03 03:56:57 -  >> Starting Night... Current light is 40 and it's 19:20 Tibian Time.
2021-03-03 03:56:57 -  > ERROR: Failed to save account: O9I8U7Y6T5!
2021-03-03 03:57:02 -  Burlockwolf has logged in. | Client: 11
2021-03-03 03:57:06 -  Burlockwolf has logged out. | Client: 11
2021-03-03 03:57:09 -  Moon Phisthys has logged in. | Client: 11
2021-03-03 05:21:03 -  >> Starting Sunrise... Current light is 47 and it's 5:56 Tibian Time.
2021-03-03 05:21:03 -  > NPC Ghostly Wolf removed!
2021-03-03 05:21:03 -  > NPC Talila removed!
2021-03-03 05:21:03 -  > NPC Valindara added!
2021-03-03 05:21:03 -  >> Starting Day... Current light is 250 and it's 7:52 Tibian Time.
2021-03-03 05:21:03 -  >> Starting Sunset... Current light is 243 and it's 17:24 Tibian Time.
2021-03-03 05:21:03 -  > NPC Ghostly Wolf added!
2021-03-03 05:21:03 -  > NPC Talila added!
2021-03-03 05:21:03 -  > NPC Valindara removed!
2021-03-03 05:21:03 -  >> Starting Night... Current light is 40 and it's 19:20 Tibian Time.
2021-03-03 05:21:03 -  >> Starting Sunrise... Current light is 47 and it's 5:56 Tibian Time.
2021-03-03 05:21:03 -  > NPC Ghostly Wolf removed!
2021-03-03 05:21:03 -  > NPC Talila removed!
2021-03-03 05:21:03 -  > NPC Valindara added!
2021-03-03 05:21:03 -  >> Starting Day... Current light is 250 and it's 7:52 Tibian Time.
2021-03-03 05:21:03 -  Moon Phisthys has logged out. | Client: 11
2021-03-03 05:26:13 -  > ERROR: Failed to save account: COXINHATOP!
2021-03-03 05:26:17 -  GM coxinha has logged in. | Client: 11
2021-03-03 05:27:14 -  GM coxinha has logged out. | Client: 11
2021-03-03 05:28:34 -  > ERROR: Failed to save account: COXINHA!
2021-03-03 05:28:37 -  Supimpa has logged in. | Client: 11
2021-03-03 05:29:07 -  Supimpa has logged out. | Client: 11
2021-03-03 06:32:54 -  >> Starting Sunset... Current light is 243 and it's 17:24 Tibian Time.
2021-03-03 06:32:54 -  > NPC Ghostly Wolf added!
2021-03-03 06:32:54 -  > NPC Talila added!
2021-03-03 06:32:54 -  > NPC Valindara removed!
2021-03-03 06:32:54 -  >> Starting Night... Current light is 40 and it's 19:20 Tibian Time.
2021-03-03 06:32:54 -  >> Starting Sunrise... Current light is 47 and it's 5:56 Tibian Time.
2021-03-03 06:32:54 -  > NPC Ghostly Wolf removed!
2021-03-03 06:32:54 -  > NPC Talila removed!
2021-03-03 06:32:54 -  > NPC Valindara added!
2021-03-03 06:32:54 -  >> Starting Day... Current light is 250 and it's 7:52 Tibian Time.
2021-03-03 06:32:54 -  Milky Way has logged in. | Client: 12.61
2021-03-03 06:37:36 -  Milky Way has logged out. | Client: 0
2021-03-03 06:57:30 -  >> Starting Sunset... Current light is 243 and it's 17:24 Tibian Time.
2021-03-03 06:57:30 -  > NPC Ghostly Wolf added!
2021-03-03 06:57:30 -  > NPC Talila added!
2021-03-03 06:57:30 -  > NPC Valindara removed!
2021-03-03 06:57:30 -  >> Starting Night... Current light is 40 and it's 19:20 Tibian Time.
2021-03-03 06:57:30 -  > Broadcasted message: "Goblins are preparing to attack Kazordoon from Femor Hills!".
2021-03-03 06:57:49 -  > Broadcasted message: "Goblins attack from Femor Hills!".
2021-03-03 06:59:31 -  > Broadcasted message: "Danger! Now the goblin leaders attack Kazordoon from Femor Hills!".
2021-03-03 07:54:30 -  >> Starting Sunrise... Current light is 47 and it's 5:56 Tibian Time.
2021-03-03 07:54:30 -  > NPC Ghostly Wolf removed!
2021-03-03 07:54:30 -  > NPC Talila removed!
2021-03-03 07:54:30 -  > NPC Valindara added!
2021-03-03 07:54:30 -  >> Starting Day... Current light is 250 and it's 7:52 Tibian Time.
2021-03-03 07:54:30 -  >> Starting Sunset... Current light is 243 and it's 17:24 Tibian Time.
2021-03-03 07:54:30 -  > NPC Ghostly Wolf added!
2021-03-03 07:54:30 -  > NPC Talila added!
2021-03-03 07:54:30 -  > NPC Valindara removed!
2021-03-03 07:54:30 -  >> Starting Night... Current light is 40 and it's 19:20 Tibian Time.
2021-03-03 07:54:30 -  > Broadcasted message: "Forrest animals spread out close to Ab'Dendriel!".
2021-03-03 09:00:02 -  >> Starting Sunrise... Current light is 47 and it's 5:56 Tibian Time.
2021-03-03 09:00:02 -  > NPC Ghostly Wolf removed!
2021-03-03 09:00:02 -  > NPC Talila removed!
2021-03-03 09:00:02 -  > NPC Valindara added!
2021-03-03 09:00:02 -  >> Starting Day... Current light is 250 and it's 7:52 Tibian Time.
2021-03-03 09:00:02 -  >> Starting Sunset... Current light is 243 and it's 17:24 Tibian Time.
2021-03-03 09:00:02 -  > NPC Ghostly Wolf added!
2021-03-03 09:00:02 -  > NPC Talila added!
2021-03-03 09:00:02 -  > NPC Valindara removed!
2021-03-03 09:00:02 -  >> Starting Night... Current light is 40 and it's 19:20 Tibian Time.
2021-03-03 09:00:02 -  >> Saving Hirelings
2021-03-03 09:00:02 -  Ronalee Lovexp has logged out. | Client: 0
2021-03-03 09:00:02 -  ADM inside has logged out. | Client: 0
2021-03-03 09:00:02 -  Saving server...
2021-03-03 09:00:03 -  > Saved house items in: 0.448 seconds
2021-03-03 09:00:04 -  Shutting down... done!
