2021-03-10 18:18:49 -  OTServBR - Global - Version TFS 1.3
2021-03-10 18:18:49 -  
2021-03-10 18:18:49 -  Compiled with GNU C++ version 9.3.0
2021-03-10 18:18:49 -  Compiled on Feb 27 2021 08:04:53 for platform x64
2021-03-10 18:18:49 -  Linked with LuaJIT 2.1.0-beta3 for Lua support
2021-03-10 18:18:49 -  
2021-03-10 18:18:49 -  A server developed by OTServBR, Mark Samman and The Forgotten Server Developers
2021-03-10 18:18:49 -  Visit our forum for updates, support, and resources: https://otserv.com.br/ and https://forums.otserv.com.br
2021-03-10 18:18:49 -  
2021-03-10 18:18:49 -  >> Loading config
2021-03-10 18:18:49 -  >> Client Version: 12.60
2021-03-10 18:18:49 -  >> Establishing database connection... MySQL 10.3.25
2021-03-10 18:18:49 -  >> Running database manager
2021-03-10 18:18:49 -  > Optimizing table player_items... [success]
2021-03-10 18:18:50 -  > Optimizing table player_storage... [success]
2021-03-10 18:18:50 -  > Optimizing table players_online... [success]
2021-03-10 18:18:51 -  > Optimizing table tile_store... [success]
2021-03-10 18:18:51 -  >> Loading vocations
2021-03-10 18:18:51 -  >> Loading items
2021-03-10 18:18:51 -  >> Loading script systems
2021-03-10 18:18:51 -  >> Loading lua libs
2021-03-10 18:18:52 -  >> Loading event scheduler
2021-03-10 18:18:52 -  > Double Skill  event exp: 0%, loot: 0%, spawn: 0%, skill: 200%.
2021-03-10 18:18:52 -  [Warning - GlobalEvents::configureEvent] Duplicate registered globalevent with name: 
2021-03-10 18:18:52 -  [Warning - GlobalEvents::configureEvent] Duplicate registered globalevent with name: 
2021-03-10 18:18:52 -  > Double Coins  event exp: 0%, loot: 0%, spawn: 0%, skill: 0%.
2021-03-10 18:18:52 -  >> Loading lua scripts
2021-03-10 18:18:52 -  [Warning - Actions::registerLuaEvent] Duplicate registered item with uid: 6500 in range from uid: 5000, to uid: 12000
2021-03-10 18:18:52 -  [Warning - Actions::registerLuaEvent] Duplicate registered item with uid: 6501 in range from uid: 5000, to uid: 12000
2021-03-10 18:18:52 -  [Warning - Actions::registerLuaEvent] Duplicate registered item with uid: 6503 in range from uid: 5000, to uid: 12000
2021-03-10 18:18:52 -  [Warning - Actions::registerLuaEvent] Duplicate registered item with uid: 6550 in range from uid: 5000, to uid: 12000
2021-03-10 18:18:52 -  [Warning - Actions::registerLuaEvent] Duplicate registered item with uid: 6661 in range from uid: 5000, to uid: 12000
2021-03-10 18:18:52 -  [Warning - Actions::registerLuaEvent] Duplicate registered item with uid: 6662 in range from uid: 5000, to uid: 12000
2021-03-10 18:18:52 -  [Warning - Actions::registerLuaEvent] Duplicate registered item with uid: 6663 in range from uid: 5000, to uid: 12000
2021-03-10 18:18:52 -  [Warning - Actions::registerLuaEvent] Duplicate registered item with uid: 6664 in range from uid: 5000, to uid: 12000
2021-03-10 18:18:52 -  [Warning - Actions::registerLuaEvent] Duplicate registered item with uid: 6665 in range from uid: 5000, to uid: 12000
2021-03-10 18:18:52 -  [Warning - Actions::registerLuaEvent] Duplicate registered item with uid: 6666 in range from uid: 5000, to uid: 12000
2021-03-10 18:18:52 -  [Warning - Actions::registerLuaEvent] Duplicate registered item with uid: 6678 in range from uid: 5000, to uid: 12000
2021-03-10 18:18:52 -  [Warning - Actions::registerLuaEvent] Duplicate registered item with uid: 6693 in range from uid: 5000, to uid: 12000
2021-03-10 18:18:52 -  [Warning - Actions::registerLuaEvent] Duplicate registered item with uid: 6697 in range from uid: 5000, to uid: 12000
2021-03-10 18:18:52 -  [Warning - Actions::registerLuaEvent] Duplicate registered item with uid: 6698 in range from uid: 5000, to uid: 12000
2021-03-10 18:18:52 -  [Warning - Actions::registerLuaEvent] Duplicate registered item with uid: 6699 in range from uid: 5000, to uid: 12000
2021-03-10 18:18:52 -  [Warning - Actions::registerLuaEvent] Duplicate registered item with uid: 6701 in range from uid: 5000, to uid: 12000
2021-03-10 18:18:52 -  [Warning - Actions::registerLuaEvent] Duplicate registered item with uid: 6702 in range from uid: 5000, to uid: 12000
2021-03-10 18:18:52 -  [Warning - Actions::registerLuaEvent] Duplicate registered item with uid: 6703 in range from uid: 5000, to uid: 12000
2021-03-10 18:18:52 -  [Warning - Actions::registerLuaEvent] Duplicate registered item with uid: 
2021-03-10 18:18:52 -  Lua Script Error: [Scripts Interface] 
2021-03-10 18:18:52 -  /home/otbr10/data/scripts/quests/feaster_of_soul/brainhead/brainheadlever.lua
2021-03-10 18:18:52 -  C++ exception
2021-03-10 18:18:52 -  > brainheadlever.lua [error]
2021-03-10 18:18:52 -  ^ 
2021-03-10 18:18:52 -  >> Loading lua monsters
2021-03-10 18:18:52 -  [Warning - Loot:setId] Unknown loot item "spectral scrap of cloth". 
2021-03-10 18:18:52 -  [Warning - end] Monster: "The Pale Worm" loot could not correctly be load.
2021-03-10 18:18:52 -  [Error - Monsters::deserializeSpell] - The Pale Worm - Unknown spell name: summonsthepaleworm
2021-03-10 18:18:52 -  [Error - Monsters::deserializeSpell] - A Weak Spot - Unknown spell name: aweakspotdeathue
2021-03-10 18:18:52 -  [Error - Monsters::deserializeSpell] - A Weak Spot - Unknown spell name: summonsaweakspot
2021-03-10 18:18:52 -  [Error - Monsters::deserializeSpell] - The Dread Maiden - Unknown spell name: maidenring
2021-03-10 18:18:52 -  [Error - Monsters::deserializeSpell] - The Dread Maiden - Unknown spell name: summonsthedreadmaiden
2021-03-10 18:18:52 -  [Error - Monsters::deserializeSpell] - Horror - Unknown spell name: cakeheal
2021-03-10 18:18:52 -  [Error - Monsters::deserializeSpell] - Symbol of Fear - Unknown spell name: symboloffearue
2021-03-10 18:18:52 -  [Error - Monsters::deserializeSpell] - The Fear Feaster - Unknown spell name: deathring1x1
2021-03-10 18:18:52 -  [Error - Monsters::deserializeSpell] - The Fear Feaster - Unknown spell name: deathring2x2
2021-03-10 18:18:52 -  [Error - Monsters::deserializeSpell] - The Fear Feaster - Unknown spell name: deathring3x3
2021-03-10 18:18:52 -  [Error - Monsters::deserializeSpell] - Brother Worm - Unknown spell name: lifesteal
2021-03-10 18:18:52 -  [Error - Monsters::deserializeSpell] - The Unwelcome - Unknown spell name: lifesteal
2021-03-10 18:18:52 -  [Error - Monsters::deserializeSpell] - The Unwelcome - Unknown spell name: summonstheunwelcome
2021-03-10 18:18:53 -  >> Loading outfits
2021-03-10 18:18:53 -  >> Loading familiars
2021-03-10 18:18:53 -  >> Boosted creature: Worm Priestess
2021-03-10 18:18:53 -  >> Checking world type... PVP
2021-03-10 18:18:53 -  >> Loading map
2021-03-10 18:18:59 -  > Map size: 34143x33812
2021-03-10 18:22:13 -  > Duplicate unique id: 6664
2021-03-10 18:22:16 -  > Map loading time: 203.022 seconds
2021-03-10 18:22:17 -  > Loaded spawns in: 203.937 seconds
2021-03-10 18:22:17 -  > Loaded house items in: 0.04 seconds
2021-03-10 18:22:17 -  >> Initializing gamestate
2021-03-10 18:22:22 -  >> Nightmare Isle will be active north of Ankrahmun today
2021-03-10 18:22:22 -  >> Fury Gate will be active in Kazordoon today
2021-03-10 18:22:22 -  >> Rashid arrived at Wednesdays destination.
2021-03-10 18:22:22 -  >> Loading map attributes
2021-03-10 18:22:22 -  > Loaded 967 npcs and spawned 74141 monsters
2021-03-10 18:22:22 -  > Loaded 26 towns with 984 houses in total
2021-03-10 18:22:22 -  >> Wrong item id found
2021-03-10 18:22:22 -  > Sign id: 11, item id: 1406
2021-03-10 18:22:22 -  > Loaded 14 signs in the map
2021-03-10 18:22:22 -  > Loaded 37 books and documents in the map
2021-03-10 18:22:22 -  >> Wrong item id found
2021-03-10 18:22:22 -  > Action id: 14900, item id: 22821
2021-03-10 18:22:22 -  >> Wrong item id found
2021-03-10 18:22:22 -  > Unique id: 30026, item id: 10044
2021-03-10 18:22:22 -  > Loaded all actions in the map
2021-03-10 18:22:22 -  > Loaded all uniques in the map
2021-03-10 18:22:22 -  >> Spawning Hirelings
2021-03-10 18:22:22 -  >> Loading custom map
2021-03-10 18:22:22 -  > Loaded otservbr-custom map
2021-03-10 18:22:22 -  >> Yasir: libertybay. 
2021-03-10 18:22:22 -  >> Loaded all modules, server starting up...
2021-03-10 18:22:22 -  > Warning: OTServBR - Global has been executed as root user, please consider running it as a normal user.
2021-03-10 18:22:22 -  >> Divine-Global Server Online!
2021-03-10 18:22:22 -  
2021-03-10 18:22:23 -  > Map size: 34143x33812
2021-03-10 18:22:23 -  > Map loading time: 0.004 seconds
2021-03-10 18:22:23 -  > Map size: 32578x31985
2021-03-10 18:22:23 -  > Map loading time: 0.001 seconds
2021-03-10 18:22:23 -  > Map size: 34143x33812
2021-03-10 18:22:23 -  > Map loading time: 0.068 seconds
2021-03-10 18:22:23 -  > Map size: 32319x32904
2021-03-10 18:22:23 -  > Map loading time: 0.003 seconds
2021-03-10 18:22:23 -  Pacokinhaa has logged in. | Client: 12.61
2021-03-10 18:22:23 -  ADM inside has logged in. | Client: 12.61
2021-03-10 18:23:13 -  > Loaded otservbr-custom spawn
2021-03-10 18:23:13 -  Secreto has logged in. | Client: 12.61
2021-03-10 18:24:02 -  Ronalee Lovexp has logged in. | Client: 12.61
2021-03-10 18:25:07 -  Ekgolpeafullz has logged in. | Client: 12.61
2021-03-10 18:25:59 -  Metiradaqui has logged in. | Client: 12.61
2021-03-10 18:26:30 -  GM coxinha has logged in. | Client: 12.61
2021-03-10 18:27:01 -  Supimpa has logged in. | Client: 12.61
2021-03-10 18:27:27 -  Pacokinhaa has logged out. | Client: 12.61
2021-03-10 18:27:27 -  Pacokinhaa has logged in. | Client: 12.61
2021-03-10 18:28:28 -  Pacokinhaa has logged out. | Client: 0
2021-03-10 18:35:51 -  Gabriela Paladina has logged in. | Client: 12.61
2021-03-10 18:36:47 -  [Warning - Actions::registerLuaEvent] Duplicate registered item with uid: 6500 in range from uid: 5000, to uid: 12000
2021-03-10 18:36:47 -  [Warning - Actions::registerLuaEvent] Duplicate registered item with uid: 6501 in range from uid: 5000, to uid: 12000
2021-03-10 18:36:47 -  [Warning - Actions::registerLuaEvent] Duplicate registered item with uid: 6503 in range from uid: 5000, to uid: 12000
2021-03-10 18:36:47 -  [Warning - Actions::registerLuaEvent] Duplicate registered item with uid: 6550 in range from uid: 5000, to uid: 12000
2021-03-10 18:36:47 -  [Warning - Actions::registerLuaEvent] Duplicate registered item with uid: 6661 in range from uid: 5000, to uid: 12000
2021-03-10 18:36:47 -  [Warning - Actions::registerLuaEvent] Duplicate registered item with uid: 6662 in range from uid: 5000, to uid: 12000
2021-03-10 18:36:47 -  [Warning - Actions::registerLuaEvent] Duplicate registered item with uid: 6663 in range from uid: 5000, to uid: 12000
2021-03-10 18:36:47 -  [Warning - Actions::registerLuaEvent] Duplicate registered item with uid: 6664 in range from uid: 5000, to uid: 12000
2021-03-10 18:36:47 -  [Warning - Actions::registerLuaEvent] Duplicate registered item with uid: 6665 in range from uid: 5000, to uid: 12000
2021-03-10 18:36:47 -  [Warning - Actions::registerLuaEvent] Duplicate registered item with uid: 6666 in range from uid: 5000, to uid: 12000
2021-03-10 18:36:47 -  [Warning - Actions::registerLuaEvent] Duplicate registered item with uid: 6678 in range from uid: 5000, to uid: 12000
2021-03-10 18:36:47 -  [Warning - Actions::registerLuaEvent] Duplicate registered item with uid: 6693 in range from uid: 5000, to uid: 12000
2021-03-10 18:36:47 -  [Warning - Actions::registerLuaEvent] Duplicate registered item with uid: 6697 in range from uid: 5000, to uid: 12000
2021-03-10 18:36:47 -  [Warning - Actions::registerLuaEvent] Duplicate registered item with uid: 6698 in range from uid: 5000, to uid: 12000
2021-03-10 18:36:47 -  [Warning - Actions::registerLuaEvent] Duplicate registered item with uid: 6699 in range from uid: 5000, to uid: 12000
2021-03-10 18:36:47 -  [Warning - Actions::registerLuaEvent] Duplicate registered item with uid: 6701 in range from uid: 5000, to uid: 12000
2021-03-10 18:36:47 -  [Warning - Actions::registerLuaEvent] Duplicate registered item with uid: 6702 in range from uid: 5000, to uid: 12000
2021-03-10 18:36:47 -  [Warning - Actions::registerLuaEvent] Duplicate registered item with uid: 6703 in range from uid: 5000, to uid: 12000
2021-03-10 18:36:48 -  [Warning - Actions::registerLuaEvent] Duplicate registered item with uid: 
2021-03-10 18:36:48 -  Lua Script Error: [Scripts Interface] 
2021-03-10 18:36:48 -  /home/otbr10/data/scripts/quests/feaster_of_soul/brainhead/brainheadlever.lua
2021-03-10 18:36:48 -  C++ exception
2021-03-10 18:36:48 -  > brainheadlever.lua [error]
2021-03-10 18:36:48 -  ^ 
2021-03-10 18:37:45 -  Reloaded: scripts.
2021-03-10 18:37:45 -  [Warning - Monster::Monster] Unknown event name: healDeathDamage
2021-03-10 18:37:45 -  [Warning - Monster::Monster] Unknown event name: healDeathDamage
2021-03-10 18:37:45 -  [Warning - Monster::Monster] Unknown event name: healDeathDamage
2021-03-10 18:37:45 -  [Warning - Monster::Monster] Unknown event name: healDeathDamage
2021-03-10 18:37:45 -  [Warning - Monster::Monster] Unknown event name: healDeathDamage
2021-03-10 18:37:45 -  [Warning - Monster::Monster] Unknown event name: healDeathDamage
2021-03-10 18:37:45 -  [Warning - Monster::Monster] Unknown event name: healDeathDamage
2021-03-10 18:37:45 -  [Warning - Monster::Monster] Unknown event name: healDeathDamage
2021-03-10 18:37:45 -  [Warning - Monster::Monster] Unknown event name: healDeathDamage
2021-03-10 18:37:45 -  [Warning - Monster::Monster] Unknown event name: healDeathDamage
2021-03-10 18:37:45 -  [Warning - Monster::Monster] Unknown event name: healDeathDamage
2021-03-10 18:37:45 -  [Warning - Monster::Monster] Unknown event name: healDeathDamage
2021-03-10 18:37:45 -  [Warning - Monster::Monster] Unknown event name: healDeathDamage
2021-03-10 18:37:45 -  [Warning - Monster::Monster] Unknown event name: healDeathDamage
2021-03-10 18:37:45 -  [Warning - Monster::Monster] Unknown event name: healDeathDamage
2021-03-10 18:37:45 -  [Warning - Monster::Monster] Unknown event name: healDeathDamage
2021-03-10 18:38:28 -  [Warning - Monster::Monster] Unknown event name: healDeathDamage
2021-03-10 18:38:51 -  Mynos Kroos has logged in. | Client: 12.61
2021-03-10 18:39:18 -  Mynos Kroos has logged out. | Client: 12.61
2021-03-10 18:39:54 -  [Warning - Monster::Monster] Unknown event name: healDeathDamage
2021-03-10 18:40:06 -  [Warning - Actions::registerLuaEvent] Duplicate registered item with uid: 6500 in range from uid: 5000, to uid: 12000
2021-03-10 18:40:06 -  [Warning - Actions::registerLuaEvent] Duplicate registered item with uid: 6501 in range from uid: 5000, to uid: 12000
2021-03-10 18:40:06 -  [Warning - Actions::registerLuaEvent] Duplicate registered item with uid: 6503 in range from uid: 5000, to uid: 12000
2021-03-10 18:40:06 -  [Warning - Actions::registerLuaEvent] Duplicate registered item with uid: 6550 in range from uid: 5000, to uid: 12000
2021-03-10 18:40:06 -  [Warning - Actions::registerLuaEvent] Duplicate registered item with uid: 6661 in range from uid: 5000, to uid: 12000
2021-03-10 18:40:06 -  [Warning - Actions::registerLuaEvent] Duplicate registered item with uid: 6662 in range from uid: 5000, to uid: 12000
2021-03-10 18:40:06 -  [Warning - Actions::registerLuaEvent] Duplicate registered item with uid: 6663 in range from uid: 5000, to uid: 12000
2021-03-10 18:40:06 -  [Warning - Actions::registerLuaEvent] Duplicate registered item with uid: 6664 in range from uid: 5000, to uid: 12000
2021-03-10 18:40:06 -  [Warning - Actions::registerLuaEvent] Duplicate registered item with uid: 6665 in range from uid: 5000, to uid: 12000
2021-03-10 18:40:06 -  [Warning - Actions::registerLuaEvent] Duplicate registered item with uid: 6666 in range from uid: 5000, to uid: 12000
2021-03-10 18:40:06 -  [Warning - Actions::registerLuaEvent] Duplicate registered item with uid: 6678 in range from uid: 5000, to uid: 12000
2021-03-10 18:40:06 -  [Warning - Actions::registerLuaEvent] Duplicate registered item with uid: 6693 in range from uid: 5000, to uid: 12000
2021-03-10 18:40:06 -  [Warning - Actions::registerLuaEvent] Duplicate registered item with uid: 6697 in range from uid: 5000, to uid: 12000
2021-03-10 18:40:06 -  [Warning - Actions::registerLuaEvent] Duplicate registered item with uid: 6698 in range from uid: 5000, to uid: 12000
2021-03-10 18:40:06 -  [Warning - Actions::registerLuaEvent] Duplicate registered item with uid: 6699 in range from uid: 5000, to uid: 12000
2021-03-10 18:40:06 -  [Warning - Actions::registerLuaEvent] Duplicate registered item with uid: 6701 in range from uid: 5000, to uid: 12000
2021-03-10 18:40:06 -  [Warning - Actions::registerLuaEvent] Duplicate registered item with uid: 6702 in range from uid: 5000, to uid: 12000
2021-03-10 18:40:06 -  [Warning - Actions::registerLuaEvent] Duplicate registered item with uid: 6703 in range from uid: 5000, to uid: 12000
2021-03-10 18:40:06 -  [Warning - Actions::registerLuaEvent] Duplicate registered item with uid: 
2021-03-10 18:40:06 -  Lua Script Error: [Scripts Interface] 
2021-03-10 18:40:06 -  /home/otbr10/data/scripts/quests/feaster_of_soul/brainhead/brainheadlever.lua
2021-03-10 18:40:06 -  C++ exception
2021-03-10 18:40:06 -  > brainheadlever.lua [error]
2021-03-10 18:40:06 -  ^ 
2021-03-10 18:43:21 -  Reloaded: scripts.
2021-03-10 18:43:21 -  > Broadcasted message: "The dragons of the Dragonblaze Mountains have    descended to Zao to protect the lizardkin!".
2021-03-10 18:44:29 -  >> Starting Sunset... Current light is 243 and it's 17:24 Tibian Time.
2021-03-10 18:44:29 -  > NPC Ghostly Wolf added!
2021-03-10 18:44:29 -  > NPC Talila added!
2021-03-10 18:44:29 -  > NPC Valindara removed!
2021-03-10 18:44:29 -  [Warning - Actions::registerLuaEvent] Duplicate registered item with uid: 6500 in range from uid: 5000, to uid: 12000
2021-03-10 18:44:29 -  [Warning - Actions::registerLuaEvent] Duplicate registered item with uid: 6501 in range from uid: 5000, to uid: 12000
2021-03-10 18:44:29 -  [Warning - Actions::registerLuaEvent] Duplicate registered item with uid: 6503 in range from uid: 5000, to uid: 12000
2021-03-10 18:44:29 -  [Warning - Actions::registerLuaEvent] Duplicate registered item with uid: 6550 in range from uid: 5000, to uid: 12000
2021-03-10 18:44:29 -  [Warning - Actions::registerLuaEvent] Duplicate registered item with uid: 6661 in range from uid: 5000, to uid: 12000
2021-03-10 18:44:29 -  [Warning - Actions::registerLuaEvent] Duplicate registered item with uid: 6662 in range from uid: 5000, to uid: 12000
2021-03-10 18:44:29 -  [Warning - Actions::registerLuaEvent] Duplicate registered item with uid: 6663 in range from uid: 5000, to uid: 12000
2021-03-10 18:44:29 -  [Warning - Actions::registerLuaEvent] Duplicate registered item with uid: 6664 in range from uid: 5000, to uid: 12000
2021-03-10 18:44:29 -  [Warning - Actions::registerLuaEvent] Duplicate registered item with uid: 6665 in range from uid: 5000, to uid: 12000
2021-03-10 18:44:29 -  [Warning - Actions::registerLuaEvent] Duplicate registered item with uid: 6666 in range from uid: 5000, to uid: 12000
2021-03-10 18:44:29 -  [Warning - Actions::registerLuaEvent] Duplicate registered item with uid: 6678 in range from uid: 5000, to uid: 12000
2021-03-10 18:44:29 -  [Warning - Actions::registerLuaEvent] Duplicate registered item with uid: 6693 in range from uid: 5000, to uid: 12000
2021-03-10 18:44:29 -  [Warning - Actions::registerLuaEvent] Duplicate registered item with uid: 6697 in range from uid: 5000, to uid: 12000
2021-03-10 18:44:29 -  [Warning - Actions::registerLuaEvent] Duplicate registered item with uid: 6698 in range from uid: 5000, to uid: 12000
2021-03-10 18:44:29 -  [Warning - Actions::registerLuaEvent] Duplicate registered item with uid: 6699 in range from uid: 5000, to uid: 12000
2021-03-10 18:44:29 -  [Warning - Actions::registerLuaEvent] Duplicate registered item with uid: 6701 in range from uid: 5000, to uid: 12000
2021-03-10 18:44:29 -  [Warning - Actions::registerLuaEvent] Duplicate registered item with uid: 6702 in range from uid: 5000, to uid: 12000
2021-03-10 18:44:29 -  [Warning - Actions::registerLuaEvent] Duplicate registered item with uid: 6703 in range from uid: 5000, to uid: 12000
2021-03-10 18:44:29 -  [Warning - Actions::registerLuaEvent] Duplicate registered item with uid: 
2021-03-10 18:44:29 -  Lua Script Error: [Scripts Interface] 
2021-03-10 18:44:29 -  /home/otbr10/data/scripts/quests/feaster_of_soul/brainhead/brainheadlever.lua
2021-03-10 18:44:29 -  C++ exception
2021-03-10 18:44:29 -  > brainheadlever.lua [error]
2021-03-10 18:44:29 -  ^ 
2021-03-10 18:46:33 -  Reloaded: scripts.
2021-03-10 18:46:33 -  Ekgolpeafullz has logged out. | Client: 0
2021-03-10 18:46:46 -  [Warning - Actions::registerLuaEvent] Duplicate registered item with uid: 6500 in range from uid: 5000, to uid: 12000
2021-03-10 18:46:46 -  [Warning - Actions::registerLuaEvent] Duplicate registered item with uid: 6501 in range from uid: 5000, to uid: 12000
2021-03-10 18:46:46 -  [Warning - Actions::registerLuaEvent] Duplicate registered item with uid: 6503 in range from uid: 5000, to uid: 12000
2021-03-10 18:46:46 -  [Warning - Actions::registerLuaEvent] Duplicate registered item with uid: 6550 in range from uid: 5000, to uid: 12000
2021-03-10 18:46:46 -  [Warning - Actions::registerLuaEvent] Duplicate registered item with uid: 6661 in range from uid: 5000, to uid: 12000
2021-03-10 18:46:46 -  [Warning - Actions::registerLuaEvent] Duplicate registered item with uid: 6662 in range from uid: 5000, to uid: 12000
2021-03-10 18:46:46 -  [Warning - Actions::registerLuaEvent] Duplicate registered item with uid: 6663 in range from uid: 5000, to uid: 12000
2021-03-10 18:46:46 -  [Warning - Actions::registerLuaEvent] Duplicate registered item with uid: 6664 in range from uid: 5000, to uid: 12000
2021-03-10 18:46:46 -  [Warning - Actions::registerLuaEvent] Duplicate registered item with uid: 6665 in range from uid: 5000, to uid: 12000
2021-03-10 18:46:46 -  [Warning - Actions::registerLuaEvent] Duplicate registered item with uid: 6666 in range from uid: 5000, to uid: 12000
2021-03-10 18:46:46 -  [Warning - Actions::registerLuaEvent] Duplicate registered item with uid: 6678 in range from uid: 5000, to uid: 12000
2021-03-10 18:46:46 -  [Warning - Actions::registerLuaEvent] Duplicate registered item with uid: 6693 in range from uid: 5000, to uid: 12000
2021-03-10 18:46:46 -  [Warning - Actions::registerLuaEvent] Duplicate registered item with uid: 6697 in range from uid: 5000, to uid: 12000
2021-03-10 18:46:46 -  [Warning - Actions::registerLuaEvent] Duplicate registered item with uid: 6698 in range from uid: 5000, to uid: 12000
2021-03-10 18:46:46 -  [Warning - Actions::registerLuaEvent] Duplicate registered item with uid: 6699 in range from uid: 5000, to uid: 12000
2021-03-10 18:46:46 -  [Warning - Actions::registerLuaEvent] Duplicate registered item with uid: 6701 in range from uid: 5000, to uid: 12000
2021-03-10 18:46:46 -  [Warning - Actions::registerLuaEvent] Duplicate registered item with uid: 6702 in range from uid: 5000, to uid: 12000
2021-03-10 18:46:46 -  [Warning - Actions::registerLuaEvent] Duplicate registered item with uid: 6703 in range from uid: 5000, to uid: 12000
2021-03-10 18:46:46 -  [Warning - Actions::registerLuaEvent] Duplicate registered item with uid: 
2021-03-10 18:46:46 -  Lua Script Error: [Scripts Interface] 
2021-03-10 18:46:46 -  /home/otbr10/data/scripts/quests/feaster_of_soul/brainhead/brainheadlever.lua
2021-03-10 18:46:46 -  C++ exception
2021-03-10 18:46:46 -  > brainheadlever.lua [error]
2021-03-10 18:46:46 -  ^ 
2021-03-10 18:47:32 -  Reloaded: scripts.
2021-03-10 18:47:32 -  Juana Dacura has logged in. | Client: 12.61
2021-03-10 18:47:55 -  [Warning - Actions::registerLuaEvent] Duplicate registered item with uid: 6500 in range from uid: 5000, to uid: 12000
2021-03-10 18:47:55 -  [Warning - Actions::registerLuaEvent] Duplicate registered item with uid: 6501 in range from uid: 5000, to uid: 12000
2021-03-10 18:47:55 -  [Warning - Actions::registerLuaEvent] Duplicate registered item with uid: 6503 in range from uid: 5000, to uid: 12000
2021-03-10 18:47:55 -  [Warning - Actions::registerLuaEvent] Duplicate registered item with uid: 6550 in range from uid: 5000, to uid: 12000
2021-03-10 18:47:55 -  [Warning - Actions::registerLuaEvent] Duplicate registered item with uid: 6661 in range from uid: 5000, to uid: 12000
2021-03-10 18:47:55 -  [Warning - Actions::registerLuaEvent] Duplicate registered item with uid: 6662 in range from uid: 5000, to uid: 12000
2021-03-10 18:47:55 -  [Warning - Actions::registerLuaEvent] Duplicate registered item with uid: 6663 in range from uid: 5000, to uid: 12000
2021-03-10 18:47:55 -  [Warning - Actions::registerLuaEvent] Duplicate registered item with uid: 6664 in range from uid: 5000, to uid: 12000
2021-03-10 18:47:55 -  [Warning - Actions::registerLuaEvent] Duplicate registered item with uid: 6665 in range from uid: 5000, to uid: 12000
2021-03-10 18:47:55 -  [Warning - Actions::registerLuaEvent] Duplicate registered item with uid: 6666 in range from uid: 5000, to uid: 12000
2021-03-10 18:47:55 -  [Warning - Actions::registerLuaEvent] Duplicate registered item with uid: 6678 in range from uid: 5000, to uid: 12000
2021-03-10 18:47:55 -  [Warning - Actions::registerLuaEvent] Duplicate registered item with uid: 6693 in range from uid: 5000, to uid: 12000
2021-03-10 18:47:55 -  [Warning - Actions::registerLuaEvent] Duplicate registered item with uid: 6697 in range from uid: 5000, to uid: 12000
2021-03-10 18:47:55 -  [Warning - Actions::registerLuaEvent] Duplicate registered item with uid: 6698 in range from uid: 5000, to uid: 12000
2021-03-10 18:47:55 -  [Warning - Actions::registerLuaEvent] Duplicate registered item with uid: 6699 in range from uid: 5000, to uid: 12000
2021-03-10 18:47:55 -  [Warning - Actions::registerLuaEvent] Duplicate registered item with uid: 6701 in range from uid: 5000, to uid: 12000
2021-03-10 18:47:55 -  [Warning - Actions::registerLuaEvent] Duplicate registered item with uid: 6702 in range from uid: 5000, to uid: 12000
2021-03-10 18:47:55 -  [Warning - Actions::registerLuaEvent] Duplicate registered item with uid: 6703 in range from uid: 5000, to uid: 12000
2021-03-10 18:47:55 -  [Warning - Actions::registerLuaEvent] Duplicate registered item with uid: 
2021-03-10 18:47:55 -  Lua Script Error: [Scripts Interface] 
2021-03-10 18:47:55 -  /home/otbr10/data/scripts/quests/feaster_of_soul/brainhead/brainheadlever.lua
2021-03-10 18:47:55 -  C++ exception
2021-03-10 18:47:55 -  > brainheadlever.lua [error]
2021-03-10 18:47:55 -  ^ 
2021-03-10 18:48:29 -  Reloaded: scripts.
2021-03-10 18:48:29 -  [Warning - Actions::registerLuaEvent] Duplicate registered item with uid: 6500 in range from uid: 5000, to uid: 12000
2021-03-10 18:48:29 -  [Warning - Actions::registerLuaEvent] Duplicate registered item with uid: 6501 in range from uid: 5000, to uid: 12000
2021-03-10 18:48:29 -  [Warning - Actions::registerLuaEvent] Duplicate registered item with uid: 6503 in range from uid: 5000, to uid: 12000
2021-03-10 18:48:29 -  [Warning - Actions::registerLuaEvent] Duplicate registered item with uid: 6550 in range from uid: 5000, to uid: 12000
2021-03-10 18:48:29 -  [Warning - Actions::registerLuaEvent] Duplicate registered item with uid: 6661 in range from uid: 5000, to uid: 12000
2021-03-10 18:48:29 -  [Warning - Actions::registerLuaEvent] Duplicate registered item with uid: 6662 in range from uid: 5000, to uid: 12000
2021-03-10 18:48:29 -  [Warning - Actions::registerLuaEvent] Duplicate registered item with uid: 6663 in range from uid: 5000, to uid: 12000
2021-03-10 18:48:29 -  [Warning - Actions::registerLuaEvent] Duplicate registered item with uid: 6664 in range from uid: 5000, to uid: 12000
2021-03-10 18:48:29 -  [Warning - Actions::registerLuaEvent] Duplicate registered item with uid: 6665 in range from uid: 5000, to uid: 12000
2021-03-10 18:48:29 -  [Warning - Actions::registerLuaEvent] Duplicate registered item with uid: 6666 in range from uid: 5000, to uid: 12000
2021-03-10 18:48:29 -  [Warning - Actions::registerLuaEvent] Duplicate registered item with uid: 6678 in range from uid: 5000, to uid: 12000
2021-03-10 18:48:29 -  [Warning - Actions::registerLuaEvent] Duplicate registered item with uid: 6693 in range from uid: 5000, to uid: 12000
2021-03-10 18:48:29 -  [Warning - Actions::registerLuaEvent] Duplicate registered item with uid: 6697 in range from uid: 5000, to uid: 12000
2021-03-10 18:48:29 -  [Warning - Actions::registerLuaEvent] Duplicate registered item with uid: 6698 in range from uid: 5000, to uid: 12000
2021-03-10 18:48:29 -  [Warning - Actions::registerLuaEvent] Duplicate registered item with uid: 6699 in range from uid: 5000, to uid: 12000
2021-03-10 18:48:29 -  [Warning - Actions::registerLuaEvent] Duplicate registered item with uid: 6701 in range from uid: 5000, to uid: 12000
2021-03-10 18:48:29 -  [Warning - Actions::registerLuaEvent] Duplicate registered item with uid: 6702 in range from uid: 5000, to uid: 12000
2021-03-10 18:48:29 -  [Warning - Actions::registerLuaEvent] Duplicate registered item with uid: 6703 in range from uid: 5000, to uid: 12000
2021-03-10 18:48:29 -  [Warning - Actions::registerLuaEvent] Duplicate registered item with uid: 
2021-03-10 18:48:29 -  Lua Script Error: [Scripts Interface] 
2021-03-10 18:48:29 -  /home/otbr10/data/scripts/quests/feaster_of_soul/brainhead/brainheadlever.lua
2021-03-10 18:48:29 -  C++ exception
2021-03-10 18:48:29 -  > brainheadlever.lua [error]
2021-03-10 18:48:29 -  ^ 
2021-03-10 18:50:47 -  Reloaded: scripts.
2021-03-10 18:50:47 -  >> Starting Night... Current light is 40 and it's 19:20 Tibian Time.
2021-03-10 18:50:47 -  [Warning - Actions::registerLuaEvent] Duplicate registered item with uid: 6500 in range from uid: 5000, to uid: 12000
2021-03-10 18:50:47 -  [Warning - Actions::registerLuaEvent] Duplicate registered item with uid: 6501 in range from uid: 5000, to uid: 12000
2021-03-10 18:50:47 -  [Warning - Actions::registerLuaEvent] Duplicate registered item with uid: 6503 in range from uid: 5000, to uid: 12000
2021-03-10 18:50:47 -  [Warning - Actions::registerLuaEvent] Duplicate registered item with uid: 6550 in range from uid: 5000, to uid: 12000
2021-03-10 18:50:47 -  [Warning - Actions::registerLuaEvent] Duplicate registered item with uid: 6661 in range from uid: 5000, to uid: 12000
2021-03-10 18:50:47 -  [Warning - Actions::registerLuaEvent] Duplicate registered item with uid: 6662 in range from uid: 5000, to uid: 12000
2021-03-10 18:50:47 -  [Warning - Actions::registerLuaEvent] Duplicate registered item with uid: 6663 in range from uid: 5000, to uid: 12000
2021-03-10 18:50:47 -  [Warning - Actions::registerLuaEvent] Duplicate registered item with uid: 6664 in range from uid: 5000, to uid: 12000
2021-03-10 18:50:47 -  [Warning - Actions::registerLuaEvent] Duplicate registered item with uid: 6665 in range from uid: 5000, to uid: 12000
2021-03-10 18:50:47 -  [Warning - Actions::registerLuaEvent] Duplicate registered item with uid: 6666 in range from uid: 5000, to uid: 12000
2021-03-10 18:50:47 -  [Warning - Actions::registerLuaEvent] Duplicate registered item with uid: 6678 in range from uid: 5000, to uid: 12000
2021-03-10 18:50:47 -  [Warning - Actions::registerLuaEvent] Duplicate registered item with uid: 6693 in range from uid: 5000, to uid: 12000
2021-03-10 18:50:47 -  [Warning - Actions::registerLuaEvent] Duplicate registered item with uid: 6697 in range from uid: 5000, to uid: 12000
2021-03-10 18:50:47 -  [Warning - Actions::registerLuaEvent] Duplicate registered item with uid: 6698 in range from uid: 5000, to uid: 12000
2021-03-10 18:50:47 -  [Warning - Actions::registerLuaEvent] Duplicate registered item with uid: 6699 in range from uid: 5000, to uid: 12000
2021-03-10 18:50:47 -  [Warning - Actions::registerLuaEvent] Duplicate registered item with uid: 6701 in range from uid: 5000, to uid: 12000
2021-03-10 18:50:47 -  [Warning - Actions::registerLuaEvent] Duplicate registered item with uid: 6702 in range from uid: 5000, to uid: 12000
2021-03-10 18:50:47 -  [Warning - Actions::registerLuaEvent] Duplicate registered item with uid: 6703 in range from uid: 5000, to uid: 12000
2021-03-10 18:50:47 -  [Warning - Actions::registerLuaEvent] Duplicate registered item with uid: 
2021-03-10 18:50:47 -  Lua Script Error: [Scripts Interface] 
2021-03-10 18:50:47 -  /home/otbr10/data/scripts/quests/feaster_of_soul/brainhead/brainheadlever.lua
2021-03-10 18:50:47 -  C++ exception
2021-03-10 18:50:47 -  > brainheadlever.lua [error]
2021-03-10 18:50:47 -  ^ 
2021-03-10 18:52:04 -  Reloaded: scripts.
2021-03-10 18:52:04 -  [Warning - Actions::registerLuaEvent] Duplicate registered item with uid: 6500 in range from uid: 5000, to uid: 12000
2021-03-10 18:52:04 -  [Warning - Actions::registerLuaEvent] Duplicate registered item with uid: 6501 in range from uid: 5000, to uid: 12000
2021-03-10 18:52:04 -  [Warning - Actions::registerLuaEvent] Duplicate registered item with uid: 6503 in range from uid: 5000, to uid: 12000
2021-03-10 18:52:04 -  [Warning - Actions::registerLuaEvent] Duplicate registered item with uid: 6550 in range from uid: 5000, to uid: 12000
2021-03-10 18:52:04 -  [Warning - Actions::registerLuaEvent] Duplicate registered item with uid: 6570 in range from uid: 5000, to uid: 12000
2021-03-10 18:52:04 -  [Warning - Actions::registerLuaEvent] Duplicate registered item with uid: 6661 in range from uid: 5000, to uid: 12000
2021-03-10 18:52:04 -  [Warning - Actions::registerLuaEvent] Duplicate registered item with uid: 6662 in range from uid: 5000, to uid: 12000
2021-03-10 18:52:04 -  [Warning - Actions::registerLuaEvent] Duplicate registered item with uid: 6663 in range from uid: 5000, to uid: 12000
2021-03-10 18:52:04 -  [Warning - Actions::registerLuaEvent] Duplicate registered item with uid: 6664 in range from uid: 5000, to uid: 12000
2021-03-10 18:52:04 -  [Warning - Actions::registerLuaEvent] Duplicate registered item with uid: 6665 in range from uid: 5000, to uid: 12000
2021-03-10 18:52:04 -  [Warning - Actions::registerLuaEvent] Duplicate registered item with uid: 6666 in range from uid: 5000, to uid: 12000
2021-03-10 18:52:04 -  [Warning - Actions::registerLuaEvent] Duplicate registered item with uid: 6678 in range from uid: 5000, to uid: 12000
2021-03-10 18:52:04 -  [Warning - Actions::registerLuaEvent] Duplicate registered item with uid: 6693 in range from uid: 5000, to uid: 12000
2021-03-10 18:52:04 -  [Warning - Actions::registerLuaEvent] Duplicate registered item with uid: 6697 in range from uid: 5000, to uid: 12000
2021-03-10 18:52:04 -  [Warning - Actions::registerLuaEvent] Duplicate registered item with uid: 6698 in range from uid: 5000, to uid: 12000
2021-03-10 18:52:04 -  [Warning - Actions::registerLuaEvent] Duplicate registered item with uid: 6699 in range from uid: 5000, to uid: 12000
2021-03-10 18:52:04 -  [Warning - Actions::registerLuaEvent] Duplicate registered item with uid: 6701 in range from uid: 5000, to uid: 12000
2021-03-10 18:52:04 -  [Warning - Actions::registerLuaEvent] Duplicate registered item with uid: 6702 in range from uid: 5000, to uid: 12000
2021-03-10 18:52:04 -  [Warning - Actions::registerLuaEvent] Duplicate registered item with uid: 6703 in range from uid: 5000, to uid: 12000
2021-03-10 18:52:56 -  Reloaded: scripts.
2021-03-10 18:52:56 -  [Warning - Actions::registerLuaEvent] Duplicate registered item with uid: 6500 in range from uid: 5000, to uid: 12000
2021-03-10 18:52:56 -  [Warning - Actions::registerLuaEvent] Duplicate registered item with uid: 6501 in range from uid: 5000, to uid: 12000
2021-03-10 18:52:56 -  [Warning - Actions::registerLuaEvent] Duplicate registered item with uid: 6503 in range from uid: 5000, to uid: 12000
2021-03-10 18:52:56 -  [Warning - Actions::registerLuaEvent] Duplicate registered item with uid: 6550 in range from uid: 5000, to uid: 12000
2021-03-10 18:52:56 -  [Warning - Actions::registerLuaEvent] Duplicate registered item with uid: 6570 in range from uid: 5000, to uid: 12000
2021-03-10 18:52:56 -  [Warning - Actions::registerLuaEvent] Duplicate registered item with uid: 6661 in range from uid: 5000, to uid: 12000
2021-03-10 18:52:56 -  [Warning - Actions::registerLuaEvent] Duplicate registered item with uid: 6662 in range from uid: 5000, to uid: 12000
2021-03-10 18:52:56 -  [Warning - Actions::registerLuaEvent] Duplicate registered item with uid: 6663 in range from uid: 5000, to uid: 12000
2021-03-10 18:52:56 -  [Warning - Actions::registerLuaEvent] Duplicate registered item with uid: 6664 in range from uid: 5000, to uid: 12000
2021-03-10 18:52:56 -  [Warning - Actions::registerLuaEvent] Duplicate registered item with uid: 6665 in range from uid: 5000, to uid: 12000
2021-03-10 18:52:56 -  [Warning - Actions::registerLuaEvent] Duplicate registered item with uid: 6666 in range from uid: 5000, to uid: 12000
2021-03-10 18:52:56 -  [Warning - Actions::registerLuaEvent] Duplicate registered item with uid: 6678 in range from uid: 5000, to uid: 12000
2021-03-10 18:52:56 -  [Warning - Actions::registerLuaEvent] Duplicate registered item with uid: 6693 in range from uid: 5000, to uid: 12000
2021-03-10 18:52:56 -  [Warning - Actions::registerLuaEvent] Duplicate registered item with uid: 6697 in range from uid: 5000, to uid: 12000
2021-03-10 18:52:56 -  [Warning - Actions::registerLuaEvent] Duplicate registered item with uid: 6698 in range from uid: 5000, to uid: 12000
2021-03-10 18:52:56 -  [Warning - Actions::registerLuaEvent] Duplicate registered item with uid: 6699 in range from uid: 5000, to uid: 12000
2021-03-10 18:52:56 -  [Warning - Actions::registerLuaEvent] Duplicate registered item with uid: 6701 in range from uid: 5000, to uid: 12000
2021-03-10 18:52:56 -  [Warning - Actions::registerLuaEvent] Duplicate registered item with uid: 6702 in range from uid: 5000, to uid: 12000
2021-03-10 18:52:56 -  [Warning - Actions::registerLuaEvent] Duplicate registered item with uid: 6703 in range from uid: 5000, to uid: 12000
2021-03-10 18:52:56 -  [Warning - Actions::registerLuaEvent] Duplicate registered item with uid: 
2021-03-10 18:52:56 -  Lua Script Error: [Scripts Interface] 
2021-03-10 18:52:56 -  /home/otbr10/data/scripts/quests/feaster_of_soul/brainhead/brainheadlever.lua
2021-03-10 18:52:56 -  C++ exception
2021-03-10 18:52:56 -  > brainheadlever.lua [error]
2021-03-10 18:52:56 -  ^ 
2021-03-10 18:53:10 -  Reloaded: scripts.
2021-03-10 18:53:10 -  [Warning - Actions::registerLuaEvent] Duplicate registered item with uid: 6500 in range from uid: 5000, to uid: 12000
2021-03-10 18:53:10 -  [Warning - Actions::registerLuaEvent] Duplicate registered item with uid: 6501 in range from uid: 5000, to uid: 12000
2021-03-10 18:53:10 -  [Warning - Actions::registerLuaEvent] Duplicate registered item with uid: 6503 in range from uid: 5000, to uid: 12000
2021-03-10 18:53:10 -  [Warning - Actions::registerLuaEvent] Duplicate registered item with uid: 6550 in range from uid: 5000, to uid: 12000
2021-03-10 18:53:10 -  [Warning - Actions::registerLuaEvent] Duplicate registered item with uid: 6570 in range from uid: 5000, to uid: 12000
2021-03-10 18:53:10 -  [Warning - Actions::registerLuaEvent] Duplicate registered item with uid: 6661 in range from uid: 5000, to uid: 12000
2021-03-10 18:53:10 -  [Warning - Actions::registerLuaEvent] Duplicate registered item with uid: 6662 in range from uid: 5000, to uid: 12000
2021-03-10 18:53:10 -  [Warning - Actions::registerLuaEvent] Duplicate registered item with uid: 6663 in range from uid: 5000, to uid: 12000
2021-03-10 18:53:10 -  [Warning - Actions::registerLuaEvent] Duplicate registered item with uid: 6664 in range from uid: 5000, to uid: 12000
2021-03-10 18:53:10 -  [Warning - Actions::registerLuaEvent] Duplicate registered item with uid: 6665 in range from uid: 5000, to uid: 12000
2021-03-10 18:53:10 -  [Warning - Actions::registerLuaEvent] Duplicate registered item with uid: 6666 in range from uid: 5000, to uid: 12000
2021-03-10 18:53:10 -  [Warning - Actions::registerLuaEvent] Duplicate registered item with uid: 6678 in range from uid: 5000, to uid: 12000
2021-03-10 18:53:10 -  [Warning - Actions::registerLuaEvent] Duplicate registered item with uid: 6693 in range from uid: 5000, to uid: 12000
2021-03-10 18:53:10 -  [Warning - Actions::registerLuaEvent] Duplicate registered item with uid: 6697 in range from uid: 5000, to uid: 12000
2021-03-10 18:53:10 -  [Warning - Actions::registerLuaEvent] Duplicate registered item with uid: 6698 in range from uid: 5000, to uid: 12000
2021-03-10 18:53:10 -  [Warning - Actions::registerLuaEvent] Duplicate registered item with uid: 6699 in range from uid: 5000, to uid: 12000
2021-03-10 18:53:10 -  [Warning - Actions::registerLuaEvent] Duplicate registered item with uid: 6701 in range from uid: 5000, to uid: 12000
2021-03-10 18:53:10 -  [Warning - Actions::registerLuaEvent] Duplicate registered item with uid: 6702 in range from uid: 5000, to uid: 12000
2021-03-10 18:53:10 -  [Warning - Actions::registerLuaEvent] Duplicate registered item with uid: 6703 in range from uid: 5000, to uid: 12000
2021-03-10 18:53:10 -  [Warning - Actions::registerLuaEvent] Duplicate registered item with uid: 
2021-03-10 18:53:10 -  Lua Script Error: [Scripts Interface] 
2021-03-10 18:53:10 -  /home/otbr10/data/scripts/quests/feaster_of_soul/brainhead/brainheadlever.lua
2021-03-10 18:53:10 -  C++ exception
2021-03-10 18:53:10 -  > brainheadlever.lua [error]
2021-03-10 18:53:10 -  ^ 
2021-03-10 18:56:15 -  Reloaded: scripts.
2021-03-10 18:56:15 -  [Warning - Actions::registerLuaEvent] Duplicate registered item with uid: 6500 in range from uid: 5000, to uid: 12000
2021-03-10 18:56:15 -  [Warning - Actions::registerLuaEvent] Duplicate registered item with uid: 6501 in range from uid: 5000, to uid: 12000
2021-03-10 18:56:15 -  [Warning - Actions::registerLuaEvent] Duplicate registered item with uid: 6503 in range from uid: 5000, to uid: 12000
2021-03-10 18:56:15 -  [Warning - Actions::registerLuaEvent] Duplicate registered item with uid: 6550 in range from uid: 5000, to uid: 12000
2021-03-10 18:56:15 -  [Warning - Actions::registerLuaEvent] Duplicate registered item with uid: 6570 in range from uid: 5000, to uid: 12000
2021-03-10 18:56:15 -  [Warning - Actions::registerLuaEvent] Duplicate registered item with uid: 6661 in range from uid: 5000, to uid: 12000
2021-03-10 18:56:15 -  [Warning - Actions::registerLuaEvent] Duplicate registered item with uid: 6662 in range from uid: 5000, to uid: 12000
2021-03-10 18:56:15 -  [Warning - Actions::registerLuaEvent] Duplicate registered item with uid: 6663 in range from uid: 5000, to uid: 12000
2021-03-10 18:56:15 -  [Warning - Actions::registerLuaEvent] Duplicate registered item with uid: 6664 in range from uid: 5000, to uid: 12000
2021-03-10 18:56:15 -  [Warning - Actions::registerLuaEvent] Duplicate registered item with uid: 6665 in range from uid: 5000, to uid: 12000
2021-03-10 18:56:15 -  [Warning - Actions::registerLuaEvent] Duplicate registered item with uid: 6666 in range from uid: 5000, to uid: 12000
2021-03-10 18:56:15 -  [Warning - Actions::registerLuaEvent] Duplicate registered item with uid: 6678 in range from uid: 5000, to uid: 12000
2021-03-10 18:56:15 -  [Warning - Actions::registerLuaEvent] Duplicate registered item with uid: 6693 in range from uid: 5000, to uid: 12000
2021-03-10 18:56:15 -  [Warning - Actions::registerLuaEvent] Duplicate registered item with uid: 6697 in range from uid: 5000, to uid: 12000
2021-03-10 18:56:15 -  [Warning - Actions::registerLuaEvent] Duplicate registered item with uid: 6698 in range from uid: 5000, to uid: 12000
2021-03-10 18:56:15 -  [Warning - Actions::registerLuaEvent] Duplicate registered item with uid: 6699 in range from uid: 5000, to uid: 12000
2021-03-10 18:56:15 -  [Warning - Actions::registerLuaEvent] Duplicate registered item with uid: 6701 in range from uid: 5000, to uid: 12000
2021-03-10 18:56:15 -  [Warning - Actions::registerLuaEvent] Duplicate registered item with uid: 6702 in range from uid: 5000, to uid: 12000
2021-03-10 18:56:15 -  [Warning - Actions::registerLuaEvent] Duplicate registered item with uid: 6703 in range from uid: 5000, to uid: 12000
2021-03-10 18:57:01 -  Reloaded: scripts.
2021-03-10 18:57:01 -  [Warning - Actions::registerLuaEvent] Duplicate registered item with uid: 6500 in range from uid: 5000, to uid: 12000
2021-03-10 18:57:01 -  [Warning - Actions::registerLuaEvent] Duplicate registered item with uid: 6501 in range from uid: 5000, to uid: 12000
2021-03-10 18:57:01 -  [Warning - Actions::registerLuaEvent] Duplicate registered item with uid: 6503 in range from uid: 5000, to uid: 12000
2021-03-10 18:57:01 -  [Warning - Actions::registerLuaEvent] Duplicate registered item with uid: 6550 in range from uid: 5000, to uid: 12000
2021-03-10 18:57:01 -  [Warning - Actions::registerLuaEvent] Duplicate registered item with uid: 6570 in range from uid: 5000, to uid: 12000
2021-03-10 18:57:01 -  [Warning - Actions::registerLuaEvent] Duplicate registered item with uid: 6661 in range from uid: 5000, to uid: 12000
2021-03-10 18:57:01 -  [Warning - Actions::registerLuaEvent] Duplicate registered item with uid: 6662 in range from uid: 5000, to uid: 12000
2021-03-10 18:57:01 -  [Warning - Actions::registerLuaEvent] Duplicate registered item with uid: 6663 in range from uid: 5000, to uid: 12000
2021-03-10 18:57:01 -  [Warning - Actions::registerLuaEvent] Duplicate registered item with uid: 6664 in range from uid: 5000, to uid: 12000
2021-03-10 18:57:01 -  [Warning - Actions::registerLuaEvent] Duplicate registered item with uid: 6665 in range from uid: 5000, to uid: 12000
2021-03-10 18:57:01 -  [Warning - Actions::registerLuaEvent] Duplicate registered item with uid: 6666 in range from uid: 5000, to uid: 12000
2021-03-10 18:57:01 -  [Warning - Actions::registerLuaEvent] Duplicate registered item with uid: 6678 in range from uid: 5000, to uid: 12000
2021-03-10 18:57:01 -  [Warning - Actions::registerLuaEvent] Duplicate registered item with uid: 6693 in range from uid: 5000, to uid: 12000
2021-03-10 18:57:01 -  [Warning - Actions::registerLuaEvent] Duplicate registered item with uid: 6697 in range from uid: 5000, to uid: 12000
2021-03-10 18:57:01 -  [Warning - Actions::registerLuaEvent] Duplicate registered item with uid: 6698 in range from uid: 5000, to uid: 12000
2021-03-10 18:57:01 -  [Warning - Actions::registerLuaEvent] Duplicate registered item with uid: 6699 in range from uid: 5000, to uid: 12000
2021-03-10 18:57:01 -  [Warning - Actions::registerLuaEvent] Duplicate registered item with uid: 6701 in range from uid: 5000, to uid: 12000
2021-03-10 18:57:01 -  [Warning - Actions::registerLuaEvent] Duplicate registered item with uid: 6702 in range from uid: 5000, to uid: 12000
2021-03-10 18:57:01 -  [Warning - Actions::registerLuaEvent] Duplicate registered item with uid: 6703 in range from uid: 5000, to uid: 12000
2021-03-10 18:57:03 -  Reloaded: scripts.
2021-03-10 18:57:03 -  
2021-03-10 18:57:03 -  Lua Script Error: [Scripts Interface] 
2021-03-10 18:57:03 -  /home/otbr10/data/scripts/actions/quests/feaster_of_soul/brainheadlever.lua:callback
2021-03-10 18:57:03 -  ...cripts/actions/quests/feaster_of_soul/brainheadlever.lua:71: attempt to index field 'FeasterOfSouls' (a nil value)
2021-03-10 18:57:03 -  stack traceback:
2021-03-10 18:57:03 -  	[C]: in function '__index'
2021-03-10 18:57:03 -  	...cripts/actions/quests/feaster_of_soul/brainheadlever.lua:71: in function <...cripts/actions/quests/feaster_of_soul/brainheadlever.lua:18>
2021-03-10 19:00:57 -  [Warning - Loot:setId] Unknown loot item "spectral scrap of cloth". 
2021-03-10 19:00:57 -  [Warning - end] Monster: "The Pale Worm" loot could not correctly be load.
2021-03-10 19:00:57 -  [Error - Monsters::deserializeSpell] - The Pale Worm - Unknown spell name: summonsthepaleworm
2021-03-10 19:00:57 -  [Error - Monsters::deserializeSpell] - A Weak Spot - Unknown spell name: aweakspotdeathue
2021-03-10 19:00:57 -  [Error - Monsters::deserializeSpell] - A Weak Spot - Unknown spell name: summonsaweakspot
2021-03-10 19:00:57 -  [Error - Monsters::deserializeSpell] - The Dread Maiden - Unknown spell name: maidenring
2021-03-10 19:00:57 -  [Error - Monsters::deserializeSpell] - The Dread Maiden - Unknown spell name: summonsthedreadmaiden
2021-03-10 19:00:57 -  [Error - Monsters::deserializeSpell] - Horror - Unknown spell name: cakeheal
2021-03-10 19:00:57 -  [Error - Monsters::deserializeSpell] - Symbol of Fear - Unknown spell name: symboloffearue
2021-03-10 19:00:57 -  [Error - Monsters::deserializeSpell] - The Fear Feaster - Unknown spell name: deathring1x1
2021-03-10 19:00:57 -  [Error - Monsters::deserializeSpell] - The Fear Feaster - Unknown spell name: deathring2x2
2021-03-10 19:00:57 -  [Error - Monsters::deserializeSpell] - The Fear Feaster - Unknown spell name: deathring3x3
2021-03-10 19:00:57 -  [Error - Monsters::deserializeSpell] - Brother Worm - Unknown spell name: lifesteal
2021-03-10 19:00:57 -  [Error - Monsters::deserializeSpell] - The Unwelcome - Unknown spell name: lifesteal
2021-03-10 19:00:57 -  [Error - Monsters::deserializeSpell] - The Unwelcome - Unknown spell name: summonstheunwelcome
2021-03-10 19:07:38 -  Reloaded: monsters.
2021-03-10 19:07:38 -  [Warning - Loot:setId] Unknown loot item "spectral scrap of cloth". 
2021-03-10 19:07:38 -  [Warning - end] Monster: "The Pale Worm" loot could not correctly be load.
2021-03-10 19:07:38 -  [Error - Monsters::deserializeSpell] - The Pale Worm - Unknown spell name: summonsthepaleworm
2021-03-10 19:07:38 -  [Error - Monsters::deserializeSpell] - A Weak Spot - Unknown spell name: aweakspotdeathue
2021-03-10 19:07:38 -  [Error - Monsters::deserializeSpell] - A Weak Spot - Unknown spell name: summonsaweakspot
2021-03-10 19:07:38 -  [Error - Monsters::deserializeSpell] - The Dread Maiden - Unknown spell name: maidenring
2021-03-10 19:07:38 -  [Error - Monsters::deserializeSpell] - The Dread Maiden - Unknown spell name: summonsthedreadmaiden
2021-03-10 19:07:38 -  [Error - Monsters::deserializeSpell] - Horror - Unknown spell name: cakeheal
2021-03-10 19:07:38 -  [Error - Monsters::deserializeSpell] - Symbol of Fear - Unknown spell name: symboloffearue
2021-03-10 19:07:38 -  [Error - Monsters::deserializeSpell] - The Fear Feaster - Unknown spell name: deathring1x1
2021-03-10 19:07:38 -  [Error - Monsters::deserializeSpell] - The Fear Feaster - Unknown spell name: deathring2x2
2021-03-10 19:07:38 -  [Error - Monsters::deserializeSpell] - The Fear Feaster - Unknown spell name: deathring3x3
2021-03-10 19:07:38 -  [Error - Monsters::deserializeSpell] - Brother Worm - Unknown spell name: lifesteal
2021-03-10 19:07:38 -  [Error - Monsters::deserializeSpell] - The Unwelcome - Unknown spell name: lifesteal
2021-03-10 19:07:38 -  [Error - Monsters::deserializeSpell] - The Unwelcome - Unknown spell name: summonstheunwelcome
2021-03-10 19:07:47 -  Reloaded: monsters.
2021-03-10 19:07:47 -  [Warning - Actions::registerLuaEvent] Duplicate registered item with uid: 6500 in range from uid: 5000, to uid: 12000
2021-03-10 19:07:47 -  [Warning - Actions::registerLuaEvent] Duplicate registered item with uid: 6501 in range from uid: 5000, to uid: 12000
2021-03-10 19:07:47 -  [Warning - Actions::registerLuaEvent] Duplicate registered item with uid: 6503 in range from uid: 5000, to uid: 12000
2021-03-10 19:07:47 -  [Warning - Actions::registerLuaEvent] Duplicate registered item with uid: 6550 in range from uid: 5000, to uid: 12000
2021-03-10 19:07:47 -  [Warning - Actions::registerLuaEvent] Duplicate registered item with uid: 6570 in range from uid: 5000, to uid: 12000
2021-03-10 19:07:47 -  [Warning - Actions::registerLuaEvent] Duplicate registered item with uid: 6661 in range from uid: 5000, to uid: 12000
2021-03-10 19:07:47 -  [Warning - Actions::registerLuaEvent] Duplicate registered item with uid: 6662 in range from uid: 5000, to uid: 12000
2021-03-10 19:07:47 -  [Warning - Actions::registerLuaEvent] Duplicate registered item with uid: 6663 in range from uid: 5000, to uid: 12000
2021-03-10 19:07:47 -  [Warning - Actions::registerLuaEvent] Duplicate registered item with uid: 6664 in range from uid: 5000, to uid: 12000
2021-03-10 19:07:47 -  [Warning - Actions::registerLuaEvent] Duplicate registered item with uid: 6665 in range from uid: 5000, to uid: 12000
2021-03-10 19:07:47 -  [Warning - Actions::registerLuaEvent] Duplicate registered item with uid: 6666 in range from uid: 5000, to uid: 12000
2021-03-10 19:07:47 -  [Warning - Actions::registerLuaEvent] Duplicate registered item with uid: 6678 in range from uid: 5000, to uid: 12000
2021-03-10 19:07:47 -  [Warning - Actions::registerLuaEvent] Duplicate registered item with uid: 6693 in range from uid: 5000, to uid: 12000
2021-03-10 19:07:47 -  [Warning - Actions::registerLuaEvent] Duplicate registered item with uid: 6697 in range from uid: 5000, to uid: 12000
2021-03-10 19:07:47 -  [Warning - Actions::registerLuaEvent] Duplicate registered item with uid: 6698 in range from uid: 5000, to uid: 12000
2021-03-10 19:07:47 -  [Warning - Actions::registerLuaEvent] Duplicate registered item with uid: 6699 in range from uid: 5000, to uid: 12000
2021-03-10 19:07:47 -  [Warning - Actions::registerLuaEvent] Duplicate registered item with uid: 6701 in range from uid: 5000, to uid: 12000
2021-03-10 19:07:47 -  [Warning - Actions::registerLuaEvent] Duplicate registered item with uid: 6702 in range from uid: 5000, to uid: 12000
2021-03-10 19:07:47 -  [Warning - Actions::registerLuaEvent] Duplicate registered item with uid: 6703 in range from uid: 5000, to uid: 12000
2021-03-10 19:11:37 -  Reloaded: scripts.
2021-03-10 19:11:37 -  [Warning - Actions::registerLuaEvent] Duplicate registered item with uid: 6500 in range from uid: 5000, to uid: 12000
2021-03-10 19:11:37 -  [Warning - Actions::registerLuaEvent] Duplicate registered item with uid: 6501 in range from uid: 5000, to uid: 12000
2021-03-10 19:11:37 -  [Warning - Actions::registerLuaEvent] Duplicate registered item with uid: 6503 in range from uid: 5000, to uid: 12000
2021-03-10 19:11:37 -  [Warning - Actions::registerLuaEvent] Duplicate registered item with uid: 6550 in range from uid: 5000, to uid: 12000
2021-03-10 19:11:37 -  [Warning - Actions::registerLuaEvent] Duplicate registered item with uid: 6570 in range from uid: 5000, to uid: 12000
2021-03-10 19:11:37 -  [Warning - Actions::registerLuaEvent] Duplicate registered item with uid: 6661 in range from uid: 5000, to uid: 12000
2021-03-10 19:11:37 -  [Warning - Actions::registerLuaEvent] Duplicate registered item with uid: 6662 in range from uid: 5000, to uid: 12000
2021-03-10 19:11:37 -  [Warning - Actions::registerLuaEvent] Duplicate registered item with uid: 6663 in range from uid: 5000, to uid: 12000
2021-03-10 19:11:37 -  [Warning - Actions::registerLuaEvent] Duplicate registered item with uid: 6664 in range from uid: 5000, to uid: 12000
2021-03-10 19:11:37 -  [Warning - Actions::registerLuaEvent] Duplicate registered item with uid: 6665 in range from uid: 5000, to uid: 12000
2021-03-10 19:11:37 -  [Warning - Actions::registerLuaEvent] Duplicate registered item with uid: 6666 in range from uid: 5000, to uid: 12000
2021-03-10 19:11:37 -  [Warning - Actions::registerLuaEvent] Duplicate registered item with uid: 6678 in range from uid: 5000, to uid: 12000
2021-03-10 19:11:37 -  [Warning - Actions::registerLuaEvent] Duplicate registered item with uid: 6693 in range from uid: 5000, to uid: 12000
2021-03-10 19:11:37 -  [Warning - Actions::registerLuaEvent] Duplicate registered item with uid: 6697 in range from uid: 5000, to uid: 12000
2021-03-10 19:11:37 -  [Warning - Actions::registerLuaEvent] Duplicate registered item with uid: 6698 in range from uid: 5000, to uid: 12000
2021-03-10 19:11:37 -  [Warning - Actions::registerLuaEvent] Duplicate registered item with uid: 6699 in range from uid: 5000, to uid: 12000
2021-03-10 19:11:37 -  [Warning - Actions::registerLuaEvent] Duplicate registered item with uid: 6701 in range from uid: 5000, to uid: 12000
2021-03-10 19:11:37 -  [Warning - Actions::registerLuaEvent] Duplicate registered item with uid: 6702 in range from uid: 5000, to uid: 12000
2021-03-10 19:11:37 -  [Warning - Actions::registerLuaEvent] Duplicate registered item with uid: 6703 in range from uid: 5000, to uid: 12000
2021-03-10 19:13:31 -  Reloaded: scripts.
2021-03-10 19:13:31 -  Juana Dacura has logged out. | Client: 12.61
2021-03-10 19:17:57 -  >> Starting Sunrise... Current light is 47 and it's 5:56 Tibian Time.
2021-03-10 19:17:57 -  > NPC Ghostly Wolf removed!
2021-03-10 19:17:57 -  > NPC Talila removed!
2021-03-10 19:17:57 -  > NPC Valindara added!
2021-03-10 19:17:57 -  Secreto has logged out. | Client: 12.61
2021-03-10 19:18:00 -  Secreto has logged in. | Client: 12.61
2021-03-10 19:21:45 -  >> Starting Day... Current light is 250 and it's 7:52 Tibian Time.
2021-03-10 19:21:45 -  ADM inside has logged out. | Client: 0
2021-03-10 19:21:45 -  Gabriela Paladina has logged out. | Client: 0
2021-03-10 19:22:07 -  Secreto has logged out. | Client: 0
