2021-03-17 01:33:57 -  OTServBR - Global - Version TFS 1.3
2021-03-17 01:33:57 -  
2021-03-17 01:33:57 -  Compiled with GNU C++ version 9.3.0
2021-03-17 01:33:57 -  Compiled on Mar 16 2021 20:00:03 for platform x64
2021-03-17 01:33:57 -  Linked with LuaJIT 2.1.0-beta3 for Lua support
2021-03-17 01:33:57 -  
2021-03-17 01:33:57 -  A server developed by OTServBR, Mark Samman and The Forgotten Server Developers
2021-03-17 01:33:57 -  Visit our forum for updates, support, and resources: https://otserv.com.br/ and https://forums.otserv.com.br
2021-03-17 01:33:57 -  
2021-03-17 01:33:57 -  >> Loading config
2021-03-17 01:33:57 -  >> Client Version: 12.64
2021-03-17 01:33:57 -  >> Establishing database connection... MySQL 10.3.25
2021-03-17 01:33:57 -  >> Running database manager
2021-03-17 01:33:58 -  > Optimizing table player_items... [success]
2021-03-17 01:33:59 -  > Optimizing table player_storage... [success]
2021-03-17 01:33:59 -  > Optimizing table players_online... [success]
2021-03-17 01:33:59 -  > Optimizing table tile_store... [success]
2021-03-17 01:33:59 -  >> Loading vocations
2021-03-17 01:33:59 -  >> Loading items
2021-03-17 01:33:59 -  >> Loading script systems
2021-03-17 01:33:59 -  >> Loading lua libs
2021-03-17 01:34:00 -  >> Loading event scheduler
2021-03-17 01:34:00 -  > Double Coins  event exp: 0%, loot: 0%, spawn: 0%, skill: 0%.
2021-03-17 01:34:00 -  [Warning - GlobalEvents::configureEvent] Duplicate registered globalevent with name: 
2021-03-17 01:34:00 -  [Warning - GlobalEvents::configureEvent] Duplicate registered globalevent with name: 
2021-03-17 01:34:00 -  > Double Skill! event exp: 0%, loot: 0%, spawn: 0%, skill: 200%.
2021-03-17 01:34:00 -  >> Loading lua scripts
2021-03-17 01:34:00 -  [Warning - Actions::registerLuaEvent] Duplicate registered item with uid: 6500 in range from uid: 5000, to uid: 12000
2021-03-17 01:34:00 -  [Warning - Actions::registerLuaEvent] Duplicate registered item with uid: 6501 in range from uid: 5000, to uid: 12000
2021-03-17 01:34:00 -  [Warning - Actions::registerLuaEvent] Duplicate registered item with uid: 6503 in range from uid: 5000, to uid: 12000
2021-03-17 01:34:00 -  [Warning - Actions::registerLuaEvent] Duplicate registered item with uid: 6550 in range from uid: 5000, to uid: 12000
2021-03-17 01:34:00 -  [Warning - Actions::registerLuaEvent] Duplicate registered item with uid: 6570 in range from uid: 5000, to uid: 12000
2021-03-17 01:34:00 -  [Warning - Actions::registerLuaEvent] Duplicate registered item with uid: 6661 in range from uid: 5000, to uid: 12000
2021-03-17 01:34:00 -  [Warning - Actions::registerLuaEvent] Duplicate registered item with uid: 6662 in range from uid: 5000, to uid: 12000
2021-03-17 01:34:00 -  [Warning - Actions::registerLuaEvent] Duplicate registered item with uid: 6663 in range from uid: 5000, to uid: 12000
2021-03-17 01:34:00 -  [Warning - Actions::registerLuaEvent] Duplicate registered item with uid: 6664 in range from uid: 5000, to uid: 12000
2021-03-17 01:34:00 -  [Warning - Actions::registerLuaEvent] Duplicate registered item with uid: 6665 in range from uid: 5000, to uid: 12000
2021-03-17 01:34:00 -  [Warning - Actions::registerLuaEvent] Duplicate registered item with uid: 6666 in range from uid: 5000, to uid: 12000
2021-03-17 01:34:00 -  [Warning - Actions::registerLuaEvent] Duplicate registered item with uid: 6678 in range from uid: 5000, to uid: 12000
2021-03-17 01:34:00 -  [Warning - Actions::registerLuaEvent] Duplicate registered item with uid: 6693 in range from uid: 5000, to uid: 12000
2021-03-17 01:34:00 -  [Warning - Actions::registerLuaEvent] Duplicate registered item with uid: 6697 in range from uid: 5000, to uid: 12000
2021-03-17 01:34:00 -  [Warning - Actions::registerLuaEvent] Duplicate registered item with uid: 6698 in range from uid: 5000, to uid: 12000
2021-03-17 01:34:00 -  [Warning - Actions::registerLuaEvent] Duplicate registered item with uid: 6699 in range from uid: 5000, to uid: 12000
2021-03-17 01:34:00 -  [Warning - Actions::registerLuaEvent] Duplicate registered item with uid: 6701 in range from uid: 5000, to uid: 12000
2021-03-17 01:34:00 -  [Warning - Actions::registerLuaEvent] Duplicate registered item with uid: 6702 in range from uid: 5000, to uid: 12000
2021-03-17 01:34:00 -  [Warning - Actions::registerLuaEvent] Duplicate registered item with uid: 6703 in range from uid: 5000, to uid: 12000
2021-03-17 01:34:01 -  >> Loading lua monsters
2021-03-17 01:34:01 -  [Warning - Loot:setId] Unknown loot item "spectral scrap of cloth". 
2021-03-17 01:34:01 -  [Warning - end] Monster: "The Pale Worm" loot could not correctly be load.
2021-03-17 01:34:01 -  [Error - Monsters::deserializeSpell] - The Pale Worm - Unknown spell name: summonsthepaleworm
2021-03-17 01:34:01 -  [Error - Monsters::deserializeSpell] - A Weak Spot - Unknown spell name: aweakspotdeathue
2021-03-17 01:34:01 -  [Error - Monsters::deserializeSpell] - A Weak Spot - Unknown spell name: summonsaweakspot
2021-03-17 01:34:01 -  [Error - Monsters::deserializeSpell] - The Dread Maiden - Unknown spell name: maidenring
2021-03-17 01:34:01 -  [Error - Monsters::deserializeSpell] - The Dread Maiden - Unknown spell name: summonsthedreadmaiden
2021-03-17 01:34:01 -  [Error - Monsters::deserializeSpell] - Horror - Unknown spell name: cakeheal
2021-03-17 01:34:01 -  [Error - Monsters::deserializeSpell] - Symbol of Fear - Unknown spell name: symboloffearue
2021-03-17 01:34:01 -  [Error - Monsters::deserializeSpell] - The Fear Feaster - Unknown spell name: deathring1x1
2021-03-17 01:34:01 -  [Error - Monsters::deserializeSpell] - The Fear Feaster - Unknown spell name: deathring2x2
2021-03-17 01:34:01 -  [Error - Monsters::deserializeSpell] - The Fear Feaster - Unknown spell name: deathring3x3
2021-03-17 01:34:01 -  [Error - Monsters::deserializeSpell] - Brother Worm - Unknown spell name: lifesteal
2021-03-17 01:34:01 -  [Error - Monsters::deserializeSpell] - The Unwelcome - Unknown spell name: lifesteal
2021-03-17 01:34:01 -  [Error - Monsters::deserializeSpell] - The Unwelcome - Unknown spell name: summonstheunwelcome
2021-03-17 01:34:01 -  >> Loading outfits
2021-03-17 01:34:01 -  >> Loading familiars
2021-03-17 01:34:01 -  >> Boosted creature: Armadile
2021-03-17 01:34:01 -  >> Checking world type... PVP
2021-03-17 01:34:01 -  >> Loading map
2021-03-17 01:34:04 -  > Map size: 34143x33812
2021-03-17 01:34:10 -  > Duplicate unique id: 6664
2021-03-17 01:34:12 -  > Map loading time: 11.04 seconds
2021-03-17 01:34:13 -  > Loaded spawns in: 11.631 seconds
2021-03-17 01:34:13 -  > Loaded house items in: 0.027 seconds
2021-03-17 01:34:13 -  >> Initializing gamestate
2021-03-17 01:34:17 -  >> Nightmare Isle will be active north of Ankrahmun today
2021-03-17 01:34:17 -  >> Fury Gate will be active in Carlin today
2021-03-17 01:34:17 -  >> Rashid arrived at Wednesdays destination.
2021-03-17 01:34:17 -  >> Loading map attributes
2021-03-17 01:34:17 -  > Loaded 967 npcs and spawned 74141 monsters
2021-03-17 01:34:17 -  > Loaded 26 towns with 984 houses in total
2021-03-17 01:34:17 -  >> Wrong item id found
2021-03-17 01:34:17 -  > Sign id: 11, item id: 1406
2021-03-17 01:34:17 -  > Loaded 14 signs in the map
2021-03-17 01:34:17 -  > Loaded 37 books and documents in the map
2021-03-17 01:34:17 -  >> Wrong item id found
2021-03-17 01:34:17 -  > Action id: 14900, item id: 22821
2021-03-17 01:34:17 -  >> Wrong item id found
2021-03-17 01:34:17 -  > Unique id: 30026, item id: 10044
2021-03-17 01:34:17 -  > Loaded all actions in the map
2021-03-17 01:34:17 -  > Loaded all uniques in the map
2021-03-17 01:34:17 -  >> Spawning Hirelings
2021-03-17 01:34:17 -  >> Loading custom map
2021-03-17 01:34:17 -  > Loaded otservbr-custom map
2021-03-17 01:34:17 -  >> Yasir: not this time
2021-03-17 01:34:17 -  >> Loaded all modules, server starting up...
2021-03-17 01:34:17 -  > Warning: OTServBR - Global has been executed as root user, please consider running it as a normal user.
2021-03-17 01:34:17 -  >> Divine-Global Server Online!
2021-03-17 01:34:17 -  
2021-03-17 01:34:17 -  > Map size: 34143x33812
2021-03-17 01:34:17 -  > Map loading time: 0.003 seconds
2021-03-17 01:34:17 -  > Map size: 32267x31850
2021-03-17 01:34:17 -  > Map loading time: 0.001 seconds
2021-03-17 01:34:17 -  > Map size: 34143x33812
2021-03-17 01:34:17 -  > Map loading time: 0.06 seconds
2021-03-17 01:35:54 -  > Loaded otservbr-custom spawn
2021-03-17 01:35:54 -  ADM inside has logged in. | Client: 12.64
2021-03-17 01:36:40 -  Ronalee Lovexp has logged in. | Client: 12.64
2021-03-17 01:37:05 -  ADM inside has logged out. | Client: 0
2021-03-17 01:37:05 -  Ronalee Tanker has logged in. | Client: 12.64
2021-03-17 01:37:28 -  GM coxinha has logged in. | Client: 12.64
2021-03-17 01:38:04 -  Supimpa has logged in. | Client: 12.64
2021-03-17 01:38:24 -  ADM inside has logged in. | Client: 12.64
2021-03-17 01:47:52 -  >> Starting Sunset... Current light is 243 and it's 17:24 Tibian Time.
2021-03-17 01:47:52 -  > NPC Ghostly Wolf added!
2021-03-17 01:47:52 -  > NPC Talila added!
2021-03-17 01:47:52 -  > NPC Valindara removed!
2021-03-17 01:47:52 -  Batman has logged in. | Client: 12.64
2021-03-17 01:54:15 -  >> Starting Night... Current light is 40 and it's 19:20 Tibian Time.
2021-03-17 01:54:15 -  Gabriela Paladina has logged in. | Client: 12.64
2021-03-17 01:56:35 -  Gabriela Paladina has logged out. | Client: 12.64
2021-03-17 01:57:24 -  Gabriela Paladina has logged in. | Client: 12.64
2021-03-17 01:57:42 -  Gabriela Paladina has logged out. | Client: 12.64
2021-03-17 01:57:42 -  Gabriela Paladina has logged in. | Client: 12.64
2021-03-17 01:57:43 -  Gabriela Paladina has logged out. | Client: 12.64
2021-03-17 01:57:44 -  Gabriela Paladina has logged in. | Client: 12.64
2021-03-17 01:57:57 -  Gabriela Paladina has logged out. | Client: 12.64
2021-03-17 02:00:16 -  > Broadcasted message: "The dragons of the Dragonblaze Mountains have    descended to Zao to protect the lizardkin!".
2021-03-17 02:05:16 -  Gabriela Paladina has logged in. | Client: 12.64
2021-03-17 02:24:00 -  >> Starting Sunrise... Current light is 47 and it's 5:56 Tibian Time.
2021-03-17 02:24:00 -  > NPC Ghostly Wolf removed!
2021-03-17 02:24:00 -  > NPC Talila removed!
2021-03-17 02:24:00 -  > NPC Valindara added!
2021-03-17 02:24:00 -  >> Starting Day... Current light is 250 and it's 7:52 Tibian Time.
2021-03-17 02:24:00 -  Batman has logged out. | Client: 12.64
2021-03-17 02:24:05 -  Batman has logged in. | Client: 12.64
2021-03-17 02:49:20 -  >> Starting Sunset... Current light is 243 and it's 17:24 Tibian Time.
2021-03-17 02:49:20 -  > NPC Ghostly Wolf added!
2021-03-17 02:49:20 -  > NPC Talila added!
2021-03-17 02:49:20 -  > NPC Valindara removed!
2021-03-17 02:49:20 -  >> Starting Night... Current light is 40 and it's 19:20 Tibian Time.
2021-03-17 02:49:20 -  Batman has logged out. | Client: 12.64
2021-03-17 02:49:22 -  Batman has logged in. | Client: 12.64
2021-03-17 02:49:38 -  Ronalee Tanker has logged out. | Client: 12.64
2021-03-17 02:49:42 -  Ronalee Tanker has logged in. | Client: 12.64
2021-03-17 02:50:24 -  Ariel has logged in. | Client: 12.64
2021-03-17 02:50:39 -  Ariel has logged out. | Client: 12.64
2021-03-17 02:50:44 -  Pacific has logged in. | Client: 12.64
2021-03-17 02:50:47 -  Pacific has logged out. | Client: 12.64
2021-03-17 02:50:51 -  Forfun has logged in. | Client: 12.64
2021-03-17 02:50:55 -  Forfun has logged out. | Client: 12.64
2021-03-17 02:50:59 -  Devil has logged in. | Client: 12.64
2021-03-17 02:51:10 -  Batman has logged out. | Client: 12.64
2021-03-17 02:54:26 -  [Warning - Actions::registerLuaEvent] Duplicate registered item with uid: 6500 in range from uid: 5000, to uid: 12000
2021-03-17 02:54:26 -  [Warning - Actions::registerLuaEvent] Duplicate registered item with uid: 6501 in range from uid: 5000, to uid: 12000
2021-03-17 02:54:26 -  [Warning - Actions::registerLuaEvent] Duplicate registered item with uid: 6503 in range from uid: 5000, to uid: 12000
2021-03-17 02:54:26 -  [Warning - Actions::registerLuaEvent] Duplicate registered item with uid: 6550 in range from uid: 5000, to uid: 12000
2021-03-17 02:54:26 -  [Warning - Actions::registerLuaEvent] Duplicate registered item with uid: 6570 in range from uid: 5000, to uid: 12000
2021-03-17 02:54:26 -  [Warning - Actions::registerLuaEvent] Duplicate registered item with uid: 6661 in range from uid: 5000, to uid: 12000
2021-03-17 02:54:26 -  [Warning - Actions::registerLuaEvent] Duplicate registered item with uid: 6662 in range from uid: 5000, to uid: 12000
2021-03-17 02:54:26 -  [Warning - Actions::registerLuaEvent] Duplicate registered item with uid: 6663 in range from uid: 5000, to uid: 12000
2021-03-17 02:54:26 -  [Warning - Actions::registerLuaEvent] Duplicate registered item with uid: 6664 in range from uid: 5000, to uid: 12000
2021-03-17 02:54:26 -  [Warning - Actions::registerLuaEvent] Duplicate registered item with uid: 6665 in range from uid: 5000, to uid: 12000
2021-03-17 02:54:26 -  [Warning - Actions::registerLuaEvent] Duplicate registered item with uid: 6666 in range from uid: 5000, to uid: 12000
2021-03-17 02:54:26 -  [Warning - Actions::registerLuaEvent] Duplicate registered item with uid: 6678 in range from uid: 5000, to uid: 12000
2021-03-17 02:54:26 -  [Warning - Actions::registerLuaEvent] Duplicate registered item with uid: 6693 in range from uid: 5000, to uid: 12000
2021-03-17 02:54:26 -  [Warning - Actions::registerLuaEvent] Duplicate registered item with uid: 6697 in range from uid: 5000, to uid: 12000
2021-03-17 02:54:26 -  [Warning - Actions::registerLuaEvent] Duplicate registered item with uid: 6698 in range from uid: 5000, to uid: 12000
2021-03-17 02:54:26 -  [Warning - Actions::registerLuaEvent] Duplicate registered item with uid: 6699 in range from uid: 5000, to uid: 12000
2021-03-17 02:54:26 -  [Warning - Actions::registerLuaEvent] Duplicate registered item with uid: 6701 in range from uid: 5000, to uid: 12000
2021-03-17 02:54:26 -  [Warning - Actions::registerLuaEvent] Duplicate registered item with uid: 6702 in range from uid: 5000, to uid: 12000
2021-03-17 02:54:26 -  [Warning - Actions::registerLuaEvent] Duplicate registered item with uid: 6703 in range from uid: 5000, to uid: 12000
2021-03-17 02:57:57 -  Reloaded: scripts.
2021-03-17 02:57:57 -  Gabriela Paladina has logged out. | Client: 12.64
2021-03-17 02:59:27 -  Legolas has logged in. | Client: 12.64
2021-03-17 03:07:16 -  > Broadcasted message: "Something bad is happening deep, deep down under Banuta.".
2021-03-17 03:07:36 -  > Broadcasted message: "Something is sizzling deep under many sheets of soil in Banuta.".
2021-03-17 03:09:17 -  > Broadcasted message: "Hordes of slippery spawns slither in Deeper Banuta!".
2021-03-17 03:17:19 -  >> Starting Sunrise... Current light is 47 and it's 5:56 Tibian Time.
2021-03-17 03:17:19 -  > NPC Ghostly Wolf removed!
2021-03-17 03:17:19 -  > NPC Talila removed!
2021-03-17 03:17:19 -  > NPC Valindara added!
2021-03-17 03:17:19 -  Devil has logged out. | Client: 12.64
2021-03-17 03:17:25 -  Forfun has logged in. | Client: 12.64
2021-03-17 03:25:32 -  >> Starting Day... Current light is 250 and it's 7:52 Tibian Time.
2021-03-17 03:25:32 -  Forfun has logged out. | Client: 12.64
2021-03-17 03:25:34 -  Devil has logged in. | Client: 12.64
2021-03-17 03:25:39 -  Devil has logged out. | Client: 12.64
2021-03-17 03:25:42 -  Forfun has logged in. | Client: 12.64
2021-03-17 03:40:53 -  Forfun has logged out. | Client: 12.64
2021-03-17 03:45:13 -  >> Starting Sunset... Current light is 243 and it's 17:24 Tibian Time.
2021-03-17 03:45:13 -  > NPC Ghostly Wolf added!
2021-03-17 03:45:13 -  > NPC Talila added!
2021-03-17 03:45:13 -  > NPC Valindara removed!
2021-03-17 03:45:13 -  Bernardo Cavalo has logged in. | Client: 12.64
2021-03-17 03:45:26 -  Bernardo Cavalo has logged out. | Client: 12.64
2021-03-17 03:45:31 -  Bernardo Cavalo has logged in. | Client: 12.64
2021-03-17 03:46:25 -  Bernardo Cavalo has logged out. | Client: 12.64
2021-03-17 03:46:33 -  Vangogh has logged in. | Client: 12.64
2021-03-17 03:46:37 -  Vangogh has logged out. | Client: 12.64
2021-03-17 03:46:41 -  Vangogh has logged in. | Client: 12.64
2021-03-17 03:47:37 -  Vangogh has logged out. | Client: 12.64
2021-03-17 03:47:41 -  Bernardo Cavalo has logged in. | Client: 12.64
2021-03-17 03:47:46 -  Bernardo Cavalo has logged out. | Client: 12.64
2021-03-17 04:29:42 -  >> Starting Night... Current light is 40 and it's 19:20 Tibian Time.
2021-03-17 04:29:42 -  >> Starting Sunrise... Current light is 47 and it's 5:56 Tibian Time.
2021-03-17 04:29:42 -  > NPC Ghostly Wolf removed!
2021-03-17 04:29:42 -  > NPC Talila removed!
2021-03-17 04:29:42 -  > NPC Valindara added!
2021-03-17 04:29:42 -  >> Starting Day... Current light is 250 and it's 7:52 Tibian Time.
2021-03-17 04:29:42 -  Dr Mengueche has logged in. | Client: 12.64
2021-03-17 04:50:34 -  >> Starting Sunset... Current light is 243 and it's 17:24 Tibian Time.
2021-03-17 04:50:34 -  > NPC Ghostly Wolf added!
2021-03-17 04:50:34 -  > NPC Talila added!
2021-03-17 04:50:34 -  > NPC Valindara removed!
2021-03-17 04:50:34 -  >> Starting Night... Current light is 40 and it's 19:20 Tibian Time.
2021-03-17 04:50:34 -  Dr Mengueche has logged out. | Client: 0
2021-03-17 05:31:16 -  >> Starting Sunrise... Current light is 47 and it's 5:56 Tibian Time.
2021-03-17 05:31:16 -  > NPC Ghostly Wolf removed!
2021-03-17 05:31:16 -  > NPC Talila removed!
2021-03-17 05:31:16 -  > NPC Valindara added!
2021-03-17 05:31:16 -  >> Starting Day... Current light is 250 and it's 7:52 Tibian Time.
2021-03-17 05:31:16 -  > Broadcasted message: "Lizards Sentinels seem to attack Port Hope from Chor.".
2021-03-17 05:33:17 -  > Broadcasted message: "Lizards are advancing to Port Hope from Chor.".
2021-03-17 07:29:10 -  >> Starting Sunset... Current light is 243 and it's 17:24 Tibian Time.
2021-03-17 07:29:10 -  > NPC Ghostly Wolf added!
2021-03-17 07:29:10 -  > NPC Talila added!
2021-03-17 07:29:10 -  > NPC Valindara removed!
2021-03-17 07:29:10 -  >> Starting Night... Current light is 40 and it's 19:20 Tibian Time.
2021-03-17 07:29:10 -  >> Starting Sunrise... Current light is 47 and it's 5:56 Tibian Time.
2021-03-17 07:29:10 -  > NPC Ghostly Wolf removed!
2021-03-17 07:29:10 -  > NPC Talila removed!
2021-03-17 07:29:10 -  > NPC Valindara added!
2021-03-17 07:29:10 -  >> Starting Day... Current light is 250 and it's 7:52 Tibian Time.
2021-03-17 07:29:10 -  >> Starting Sunset... Current light is 243 and it's 17:24 Tibian Time.
2021-03-17 07:29:10 -  > NPC Ghostly Wolf added!
2021-03-17 07:29:10 -  > NPC Talila added!
2021-03-17 07:29:10 -  > NPC Valindara removed!
2021-03-17 07:29:10 -  >> Starting Night... Current light is 40 and it's 19:20 Tibian Time.
2021-03-17 07:29:10 -  >> Starting Sunrise... Current light is 47 and it's 5:56 Tibian Time.
2021-03-17 07:29:10 -  > NPC Ghostly Wolf removed!
2021-03-17 07:29:10 -  > NPC Talila removed!
2021-03-17 07:29:10 -  > NPC Valindara added!
2021-03-17 07:29:10 -  >> Starting Day... Current light is 250 and it's 7:52 Tibian Time.
2021-03-17 07:29:10 -  Secreto has logged in. | Client: 12.64
2021-03-17 07:30:21 -  Secreto has logged out. | Client: 12.64
2021-03-17 07:39:35 -  Secreto has logged in. | Client: 12.64
2021-03-17 07:45:35 -  >> Starting Sunset... Current light is 243 and it's 17:24 Tibian Time.
2021-03-17 07:45:35 -  > NPC Ghostly Wolf added!
2021-03-17 07:45:35 -  > NPC Talila added!
2021-03-17 07:45:35 -  > NPC Valindara removed!
2021-03-17 07:45:35 -  Secreto has logged out. | Client: 12.64
2021-03-17 07:45:37 -  Druuid has logged in. | Client: 12.64
2021-03-17 07:45:59 -  Druuid has logged out. | Client: 12.64
2021-03-17 07:46:07 -  Druuid has logged in. | Client: 12.64
2021-03-17 07:46:09 -  Druuid has logged out. | Client: 12.64
2021-03-17 07:46:11 -  Secreto has logged in. | Client: 12.64
2021-03-17 08:27:19 -  >> Starting Night... Current light is 40 and it's 19:20 Tibian Time.
2021-03-17 08:27:19 -  >> Starting Sunrise... Current light is 47 and it's 5:56 Tibian Time.
2021-03-17 08:27:19 -  > NPC Ghostly Wolf removed!
2021-03-17 08:27:19 -  > NPC Talila removed!
2021-03-17 08:27:19 -  > NPC Valindara added!
2021-03-17 08:27:19 -  >> Starting Day... Current light is 250 and it's 7:52 Tibian Time.
2021-03-17 08:27:19 -  Doperoso has logged in. | Client: 12.64
2021-03-17 08:39:42 -  Doperoso has logged out. | Client: 12.64
2021-03-17 08:58:17 -  >> Starting Sunset... Current light is 243 and it's 17:24 Tibian Time.
2021-03-17 08:58:17 -  > NPC Ghostly Wolf added!
2021-03-17 08:58:17 -  > NPC Talila added!
2021-03-17 08:58:17 -  > NPC Valindara removed!
2021-03-17 08:58:17 -  >> Starting Night... Current light is 40 and it's 19:20 Tibian Time.
2021-03-17 08:58:17 -  > Broadcasted message: "Barbarians are gathering at Bittermor.   They seem to be up to something.".
2021-03-17 08:58:36 -  > Broadcasted message: "The barbarian pack is roaming around in Bittermor.".
2021-03-17 09:00:02 -  >> Saving Hirelings
2021-03-17 09:00:02 -  Legolas has logged out. | Client: 0
2021-03-17 09:00:02 -  Supimpa has logged out. | Client: 0
2021-03-17 09:00:02 -  GM coxinha has logged out. | Client: 0
2021-03-17 09:00:02 -  Ronalee Tanker has logged out. | Client: 0
2021-03-17 09:00:03 -  ADM inside has logged out. | Client: 0
2021-03-17 09:00:03 -  Secreto has logged out. | Client: 12.64
2021-03-17 09:00:03 -  Ronalee Lovexp has logged out. | Client: 0
2021-03-17 09:00:03 -  Saving server...
2021-03-17 09:00:03 -  > Saved house items in: 0.342 seconds
2021-03-17 09:00:04 -  Shutting down... done!
