2021-03-18 09:00:11 -  OTServBR - Global - Version TFS 1.3
2021-03-18 09:00:11 -  
2021-03-18 09:00:11 -  Compiled with GNU C++ version 9.3.0
2021-03-18 09:00:11 -  Compiled on Mar 16 2021 20:00:03 for platform x64
2021-03-18 09:00:11 -  Linked with LuaJIT 2.1.0-beta3 for Lua support
2021-03-18 09:00:11 -  
2021-03-18 09:00:11 -  A server developed by OTServBR, Mark Samman and The Forgotten Server Developers
2021-03-18 09:00:11 -  Visit our forum for updates, support, and resources: https://otserv.com.br/ and https://forums.otserv.com.br
2021-03-18 09:00:11 -  
2021-03-18 09:00:11 -  >> Loading config
2021-03-18 09:00:11 -  >> Client Version: 12.64
2021-03-18 09:00:11 -  >> Establishing database connection... MySQL 10.3.25
2021-03-18 09:00:11 -  >> Running database manager
2021-03-18 09:00:11 -  > Optimizing table player_items... [success]
2021-03-18 09:00:13 -  > Optimizing table player_storage... [success]
2021-03-18 09:00:13 -  > Optimizing table players_online... [success]
2021-03-18 09:00:13 -  > Optimizing table tile_store... [success]
2021-03-18 09:00:13 -  >> Loading vocations
2021-03-18 09:00:13 -  >> Loading items
2021-03-18 09:00:13 -  >> Loading script systems
2021-03-18 09:00:13 -  >> Loading lua libs
2021-03-18 09:00:14 -  >> Loading event scheduler
2021-03-18 09:00:14 -  > Double Coins  event exp: 0%, loot: 0%, spawn: 0%, skill: 0%.
2021-03-18 09:00:14 -  [Warning - GlobalEvents::configureEvent] Duplicate registered globalevent with name: 
2021-03-18 09:00:14 -  [Warning - GlobalEvents::configureEvent] Duplicate registered globalevent with name: 
2021-03-18 09:00:14 -  > Double Skill! event exp: 0%, loot: 0%, spawn: 0%, skill: 200%.
2021-03-18 09:00:14 -  >> Loading lua scripts
2021-03-18 09:00:14 -  [Warning - Actions::registerLuaEvent] Duplicate registered item with uid: 6500 in range from uid: 5000, to uid: 12000
2021-03-18 09:00:14 -  [Warning - Actions::registerLuaEvent] Duplicate registered item with uid: 6501 in range from uid: 5000, to uid: 12000
2021-03-18 09:00:14 -  [Warning - Actions::registerLuaEvent] Duplicate registered item with uid: 6503 in range from uid: 5000, to uid: 12000
2021-03-18 09:00:14 -  [Warning - Actions::registerLuaEvent] Duplicate registered item with uid: 6550 in range from uid: 5000, to uid: 12000
2021-03-18 09:00:14 -  [Warning - Actions::registerLuaEvent] Duplicate registered item with uid: 6570 in range from uid: 5000, to uid: 12000
2021-03-18 09:00:14 -  [Warning - Actions::registerLuaEvent] Duplicate registered item with uid: 6661 in range from uid: 5000, to uid: 12000
2021-03-18 09:00:14 -  [Warning - Actions::registerLuaEvent] Duplicate registered item with uid: 6662 in range from uid: 5000, to uid: 12000
2021-03-18 09:00:14 -  [Warning - Actions::registerLuaEvent] Duplicate registered item with uid: 6663 in range from uid: 5000, to uid: 12000
2021-03-18 09:00:14 -  [Warning - Actions::registerLuaEvent] Duplicate registered item with uid: 6664 in range from uid: 5000, to uid: 12000
2021-03-18 09:00:14 -  [Warning - Actions::registerLuaEvent] Duplicate registered item with uid: 6665 in range from uid: 5000, to uid: 12000
2021-03-18 09:00:14 -  [Warning - Actions::registerLuaEvent] Duplicate registered item with uid: 6666 in range from uid: 5000, to uid: 12000
2021-03-18 09:00:14 -  [Warning - Actions::registerLuaEvent] Duplicate registered item with uid: 6678 in range from uid: 5000, to uid: 12000
2021-03-18 09:00:14 -  [Warning - Actions::registerLuaEvent] Duplicate registered item with uid: 6693 in range from uid: 5000, to uid: 12000
2021-03-18 09:00:14 -  [Warning - Actions::registerLuaEvent] Duplicate registered item with uid: 6697 in range from uid: 5000, to uid: 12000
2021-03-18 09:00:14 -  [Warning - Actions::registerLuaEvent] Duplicate registered item with uid: 6698 in range from uid: 5000, to uid: 12000
2021-03-18 09:00:14 -  [Warning - Actions::registerLuaEvent] Duplicate registered item with uid: 6699 in range from uid: 5000, to uid: 12000
2021-03-18 09:00:14 -  [Warning - Actions::registerLuaEvent] Duplicate registered item with uid: 6701 in range from uid: 5000, to uid: 12000
2021-03-18 09:00:14 -  [Warning - Actions::registerLuaEvent] Duplicate registered item with uid: 6702 in range from uid: 5000, to uid: 12000
2021-03-18 09:00:14 -  [Warning - Actions::registerLuaEvent] Duplicate registered item with uid: 6703 in range from uid: 5000, to uid: 12000
2021-03-18 09:00:14 -  >> Loading lua monsters
2021-03-18 09:00:14 -  [Warning - Loot:setId] Unknown loot item "spectral scrap of cloth". 
2021-03-18 09:00:14 -  [Warning - end] Monster: "The Pale Worm" loot could not correctly be load.
2021-03-18 09:00:14 -  [Error - Monsters::deserializeSpell] - The Pale Worm - Unknown spell name: summonsthepaleworm
2021-03-18 09:00:14 -  [Error - Monsters::deserializeSpell] - A Weak Spot - Unknown spell name: aweakspotdeathue
2021-03-18 09:00:14 -  [Error - Monsters::deserializeSpell] - A Weak Spot - Unknown spell name: summonsaweakspot
2021-03-18 09:00:14 -  [Error - Monsters::deserializeSpell] - The Dread Maiden - Unknown spell name: maidenring
2021-03-18 09:00:14 -  [Error - Monsters::deserializeSpell] - The Dread Maiden - Unknown spell name: summonsthedreadmaiden
2021-03-18 09:00:14 -  [Error - Monsters::deserializeSpell] - Horror - Unknown spell name: cakeheal
2021-03-18 09:00:14 -  [Error - Monsters::deserializeSpell] - Symbol of Fear - Unknown spell name: symboloffearue
2021-03-18 09:00:14 -  [Error - Monsters::deserializeSpell] - The Fear Feaster - Unknown spell name: deathring1x1
2021-03-18 09:00:14 -  [Error - Monsters::deserializeSpell] - The Fear Feaster - Unknown spell name: deathring2x2
2021-03-18 09:00:14 -  [Error - Monsters::deserializeSpell] - The Fear Feaster - Unknown spell name: deathring3x3
2021-03-18 09:00:14 -  [Error - Monsters::deserializeSpell] - Brother Worm - Unknown spell name: lifesteal
2021-03-18 09:00:14 -  [Error - Monsters::deserializeSpell] - The Unwelcome - Unknown spell name: lifesteal
2021-03-18 09:00:14 -  [Error - Monsters::deserializeSpell] - The Unwelcome - Unknown spell name: summonstheunwelcome
2021-03-18 09:00:15 -  >> Loading outfits
2021-03-18 09:00:15 -  >> Loading familiars
2021-03-18 09:00:15 -  >> Boosted creature: Elder Wyrm
2021-03-18 09:00:15 -  >> Checking world type... PVP
2021-03-18 09:00:15 -  >> Loading map
2021-03-18 09:00:17 -  > Map size: 34143x33812
2021-03-18 09:00:24 -  > Duplicate unique id: 6664
2021-03-18 09:00:26 -  > Map loading time: 11.036 seconds
2021-03-18 09:00:26 -  > Loaded spawns in: 11.631 seconds
2021-03-18 09:00:26 -  > Loaded house items in: 0.026 seconds
2021-03-18 09:00:26 -  >> Initializing gamestate
2021-03-18 09:00:30 -  >> Nightmare Isle will be active west of Darashia today
2021-03-18 09:00:30 -  >> Fury Gate will be active in Edron today
2021-03-18 09:00:30 -  >> Rashid arrived at Thursdays destination.
2021-03-18 09:00:30 -  >> Loading map attributes
2021-03-18 09:00:30 -  > Loaded 967 npcs and spawned 74141 monsters
2021-03-18 09:00:30 -  > Loaded 26 towns with 984 houses in total
2021-03-18 09:00:30 -  >> Wrong item id found
2021-03-18 09:00:30 -  > Sign id: 11, item id: 1406
2021-03-18 09:00:30 -  > Loaded 14 signs in the map
2021-03-18 09:00:30 -  > Loaded 37 books and documents in the map
2021-03-18 09:00:30 -  >> Wrong item id found
2021-03-18 09:00:30 -  > Action id: 14900, item id: 22821
2021-03-18 09:00:30 -  >> Wrong item id found
2021-03-18 09:00:30 -  > Unique id: 30026, item id: 10044
2021-03-18 09:00:30 -  > Loaded all actions in the map
2021-03-18 09:00:30 -  > Loaded all uniques in the map
2021-03-18 09:00:30 -  >> Spawning Hirelings
2021-03-18 09:00:30 -  >> Loading custom map
2021-03-18 09:00:30 -  > Loaded otservbr-custom map
2021-03-18 09:00:30 -  >> Yasir: not this time
2021-03-18 09:00:30 -  >> Loaded all modules, server starting up...
2021-03-18 09:00:30 -  > Warning: OTServBR - Global has been executed as root user, please consider running it as a normal user.
2021-03-18 09:00:30 -  >> Divine-Global Server Online!
2021-03-18 09:00:30 -  
2021-03-18 09:00:31 -  > Map size: 34143x33812
2021-03-18 09:00:31 -  > Map loading time: 0.002 seconds
2021-03-18 09:00:31 -  > Map size: 33225x31925
2021-03-18 09:00:31 -  > Map loading time: 0 seconds
2021-03-18 09:00:31 -  > Map size: 34143x33812
2021-03-18 09:00:31 -  > Map loading time: 0.059 seconds
2021-03-18 09:02:05 -  > Loaded otservbr-custom spawn
2021-03-18 09:02:05 -  ADM inside has logged in. | Client: 11
2021-03-18 09:03:12 -  > ERROR: Failed to save account: MRJEFREY!
2021-03-18 09:03:13 -  Ronalee Lovexp has logged in. | Client: 11
2021-03-18 09:04:04 -  > ERROR: Failed to save account: COXINHA!
2021-03-18 09:04:05 -  Supimpa has logged in. | Client: 11
2021-03-18 09:04:34 -  > ERROR: Failed to save account: COXINHATOP!
2021-03-18 09:04:35 -  GM coxinha has logged in. | Client: 11
2021-03-18 09:05:18 -  > ERROR: Failed to save account: VITORIA!
2021-03-18 09:05:19 -  Ronalee Tanker has logged in. | Client: 11
2021-03-18 11:21:32 -  >> Starting Sunset... Current light is 243 and it's 17:24 Tibian Time.
2021-03-18 11:21:32 -  > NPC Ghostly Wolf added!
2021-03-18 11:21:32 -  > NPC Talila added!
2021-03-18 11:21:32 -  > NPC Valindara removed!
2021-03-18 11:21:32 -  >> Starting Night... Current light is 40 and it's 19:20 Tibian Time.
2021-03-18 11:21:32 -  >> Starting Sunrise... Current light is 47 and it's 5:56 Tibian Time.
2021-03-18 11:21:32 -  > NPC Ghostly Wolf removed!
2021-03-18 11:21:32 -  > NPC Talila removed!
2021-03-18 11:21:32 -  > NPC Valindara added!
2021-03-18 11:21:32 -  >> Starting Day... Current light is 250 and it's 7:52 Tibian Time.
2021-03-18 11:21:32 -  >> Starting Sunset... Current light is 243 and it's 17:24 Tibian Time.
2021-03-18 11:21:32 -  > NPC Ghostly Wolf added!
2021-03-18 11:21:32 -  > NPC Talila added!
2021-03-18 11:21:32 -  > NPC Valindara removed!
2021-03-18 11:21:32 -  >> Starting Night... Current light is 40 and it's 19:20 Tibian Time.
2021-03-18 11:21:32 -  >> Starting Sunrise... Current light is 47 and it's 5:56 Tibian Time.
2021-03-18 11:21:32 -  > NPC Ghostly Wolf removed!
2021-03-18 11:21:32 -  > NPC Talila removed!
2021-03-18 11:21:32 -  > NPC Valindara added!
2021-03-18 11:21:32 -  >> Starting Day... Current light is 250 and it's 7:52 Tibian Time.
2021-03-18 11:21:32 -  Secreto has logged in. | Client: 12.64
2021-03-18 11:21:42 -  Secreto has logged out. | Client: 12.64
2021-03-18 11:21:43 -  Druuid has logged in. | Client: 12.64
2021-03-18 11:21:53 -  Druuid has logged out. | Client: 12.64
2021-03-18 11:21:57 -  Secreto has logged in. | Client: 12.64
2021-03-18 11:27:30 -  > Broadcasted message: "The dragons of the Dragonblaze Mountains have    descended to Zao to protect the lizardkin!".
2021-03-18 11:51:21 -  >> Starting Sunset... Current light is 243 and it's 17:24 Tibian Time.
2021-03-18 11:51:21 -  > NPC Ghostly Wolf added!
2021-03-18 11:51:21 -  > NPC Talila added!
2021-03-18 11:51:21 -  > NPC Valindara removed!
2021-03-18 11:51:21 -  >> Starting Night... Current light is 40 and it's 19:20 Tibian Time.
2021-03-18 11:51:21 -  Tibia Matt has logged in. | Client: 12.64
2021-03-18 11:52:23 -  Tibia Matt has logged out. | Client: 12.64
2021-03-18 11:52:27 -  Passe Livre has logged in. | Client: 12.64
2021-03-18 11:53:04 -  Passe Livre has logged out. | Client: 12.64
2021-03-18 11:53:05 -  Passe Livre has logged in. | Client: 12.64
2021-03-18 12:07:06 -  Passe Livre has logged out. | Client: 12.64
2021-03-18 12:07:10 -  Tibia Matt has logged in. | Client: 12.64
2021-03-18 12:09:13 -  Tibia Matt has logged out. | Client: 12.64
2021-03-18 12:12:04 -  Art Centovinteum has logged in. | Client: 12.64
2021-03-18 12:15:07 -  Art Centovinteum has logged out. | Client: 12.64
2021-03-18 12:15:10 -  Artist has logged in. | Client: 12.64
2021-03-18 12:17:48 -  >> Starting Sunrise... Current light is 47 and it's 5:56 Tibian Time.
2021-03-18 12:17:48 -  > NPC Ghostly Wolf removed!
2021-03-18 12:17:48 -  > NPC Talila removed!
2021-03-18 12:17:48 -  > NPC Valindara added!
2021-03-18 12:17:48 -  Artist has logged out. | Client: 12.64
2021-03-18 12:17:51 -  Cashcontrestres has logged in. | Client: 12.64
2021-03-18 12:20:19 -  >> Starting Day... Current light is 250 and it's 7:52 Tibian Time.
2021-03-18 12:20:19 -  Cashcontrestres has logged out. | Client: 12.64
2021-03-18 12:20:26 -  Formanbot has logged in. | Client: 12.64
2021-03-18 12:22:47 -  Formanbot has logged out. | Client: 12.64
2021-03-18 12:22:50 -  Gangstergirl has logged in. | Client: 12.64
2021-03-18 12:25:12 -  Gangstergirl has logged out. | Client: 12.64
2021-03-18 12:25:17 -  Jorge Jogaliso has logged in. | Client: 12.64
2021-03-18 12:27:19 -  Jorge Jogaliso has logged out. | Client: 12.64
2021-03-18 12:27:23 -  Mateuus has logged in. | Client: 12.64
2021-03-18 12:27:30 -  > Broadcasted message: "Barbarians are gathering at Bittermor.   They seem to be up to something.".
2021-03-18 12:27:49 -  > Broadcasted message: "The barbarian pack is roaming around in Bittermor.".
2021-03-18 12:29:11 -  Mateuus has logged out. | Client: 12.64
2021-03-18 12:29:45 -  Tibia Matt has logged in. | Client: 12.64
2021-03-18 12:33:19 -  Tibia Matt has logged out. | Client: 12.64
2021-03-18 12:33:21 -  Passe Livre has logged in. | Client: 12.64
2021-03-18 12:34:34 -  Passe Livre has logged out. | Client: 12.64
2021-03-18 12:34:35 -  Tibia Matt has logged in. | Client: 12.64
2021-03-18 12:34:46 -  Tibia Matt has logged out. | Client: 12.64
2021-03-18 12:34:47 -  Passe Livre has logged in. | Client: 12.64
2021-03-18 12:37:42 -  Passe Livre has logged out. | Client: 12.64
2021-03-18 12:37:45 -  Tibia Matt has logged in. | Client: 12.64
2021-03-18 12:38:13 -  Tibia Matt has logged out. | Client: 12.64
2021-03-18 12:41:28 -  Calix has logged in. | Client: 12.64
2021-03-18 12:43:51 -  Calix has logged out. | Client: 12.64
2021-03-18 12:43:54 -  Kalix has logged in. | Client: 12.64
2021-03-18 12:47:02 -  >> Starting Sunset... Current light is 243 and it's 17:24 Tibian Time.
2021-03-18 12:47:02 -  > NPC Ghostly Wolf added!
2021-03-18 12:47:02 -  > NPC Talila added!
2021-03-18 12:47:02 -  > NPC Valindara removed!
2021-03-18 12:47:02 -  Kalix has logged out. | Client: 12.64
2021-03-18 12:47:05 -  Somms has logged in. | Client: 12.64
2021-03-18 12:49:26 -  >> Starting Night... Current light is 40 and it's 19:20 Tibian Time.
2021-03-18 12:49:26 -  Somms has logged out. | Client: 12.64
2021-03-18 12:49:31 -  Sonhoo has logged in. | Client: 12.64
2021-03-18 12:49:56 -  Dr Mengueche has logged in. | Client: 12.64
2021-03-18 12:52:12 -  Sonhoo has logged out. | Client: 12.64
2021-03-18 12:52:17 -  Veaea has logged in. | Client: 12.64
2021-03-18 12:54:35 -  Veaea has logged out. | Client: 12.64
2021-03-18 12:54:38 -  Veaeaa has logged in. | Client: 12.64
2021-03-18 12:56:48 -  Veaeaa has logged out. | Client: 12.64
2021-03-18 12:56:51 -  Veeaeaa has logged in. | Client: 12.64
2021-03-18 12:58:55 -  Veeaeaa has logged out. | Client: 12.64
2021-03-18 13:17:45 -  >> Starting Sunrise... Current light is 47 and it's 5:56 Tibian Time.
2021-03-18 13:17:45 -  > NPC Ghostly Wolf removed!
2021-03-18 13:17:45 -  > NPC Talila removed!
2021-03-18 13:17:45 -  > NPC Valindara added!
2021-03-18 13:17:45 -  Siims has logged in. | Client: 12.64
2021-03-18 13:20:47 -  >> Starting Day... Current light is 250 and it's 7:52 Tibian Time.
2021-03-18 13:20:47 -  Siims has logged out. | Client: 12.64
2021-03-18 13:20:49 -  Siimss has logged in. | Client: 12.64
2021-03-18 13:22:33 -  Siimss has logged out. | Client: 12.64
2021-03-18 13:22:35 -  Siismss has logged in. | Client: 12.64
2021-03-18 13:24:37 -  Siismss has logged out. | Client: 12.64
2021-03-18 13:24:39 -  Siismssa has logged in. | Client: 12.64
2021-03-18 13:27:00 -  Siismssa has logged out. | Client: 12.64
2021-03-18 13:27:03 -  Siismssaac has logged in. | Client: 12.64
2021-03-18 13:28:53 -  Siismssaac has logged out. | Client: 12.64
2021-03-18 13:28:56 -  Siismssac has logged in. | Client: 12.64
2021-03-18 13:31:34 -  Siismssac has logged out. | Client: 12.64
2021-03-18 13:31:37 -  Siissmssaac has logged in. | Client: 12.64
2021-03-18 13:33:24 -  Siissmssaac has logged out. | Client: 12.64
2021-03-18 13:33:37 -  Dr Mengueche has logged out. | Client: 0
2021-03-18 13:33:41 -  Tibia Matt has logged in. | Client: 12.64
2021-03-18 13:50:53 -  >> Starting Sunset... Current light is 243 and it's 17:24 Tibian Time.
2021-03-18 13:50:53 -  > NPC Ghostly Wolf added!
2021-03-18 13:50:53 -  > NPC Talila added!
2021-03-18 13:50:53 -  > NPC Valindara removed!
2021-03-18 13:50:53 -  >> Starting Night... Current light is 40 and it's 19:20 Tibian Time.
2021-03-18 13:50:53 -  Tibia Matt has logged out. | Client: 0
2021-03-18 13:51:55 -  Tibia Matt has logged in. | Client: 12.64
2021-03-18 14:19:17 -  >> Starting Sunrise... Current light is 47 and it's 5:56 Tibian Time.
2021-03-18 14:19:17 -  > NPC Ghostly Wolf removed!
2021-03-18 14:19:17 -  > NPC Talila removed!
2021-03-18 14:19:17 -  > NPC Valindara added!
2021-03-18 14:19:17 -  Dr Mengueche has logged in. | Client: 12.64
2021-03-18 14:50:12 -  >> Starting Day... Current light is 250 and it's 7:52 Tibian Time.
2021-03-18 14:50:12 -  >> Starting Sunset... Current light is 243 and it's 17:24 Tibian Time.
2021-03-18 14:50:12 -  > NPC Ghostly Wolf added!
2021-03-18 14:50:12 -  > NPC Talila added!
2021-03-18 14:50:12 -  > NPC Valindara removed!
2021-03-18 14:50:12 -  >> Starting Night... Current light is 40 and it's 19:20 Tibian Time.
2021-03-18 14:50:12 -  Tibia Matt has logged out. | Client: 12.64
2021-03-18 14:50:16 -  Tibia Matt has logged in. | Client: 12.64
2021-03-18 15:02:42 -  190.171.200.28 disconnected for exceeding packet per second limit.
2021-03-18 15:03:33 -  Dr Mengueche has logged out. | Client: 12.64
2021-03-18 16:05:30 -  >> Starting Sunrise... Current light is 47 and it's 5:56 Tibian Time.
2021-03-18 16:05:30 -  > NPC Ghostly Wolf removed!
2021-03-18 16:05:30 -  > NPC Talila removed!
2021-03-18 16:05:30 -  > NPC Valindara added!
2021-03-18 16:05:30 -  >> Starting Day... Current light is 250 and it's 7:52 Tibian Time.
2021-03-18 16:05:30 -  >> Starting Sunset... Current light is 243 and it's 17:24 Tibian Time.
2021-03-18 16:05:30 -  > NPC Ghostly Wolf added!
2021-03-18 16:05:30 -  > NPC Talila added!
2021-03-18 16:05:30 -  > NPC Valindara removed!
2021-03-18 16:05:30 -  >> Starting Night... Current light is 40 and it's 19:20 Tibian Time.
2021-03-18 16:05:30 -  > Broadcasted message: "Unusual frequent scarab sightings at the gates of Ankrahmun".
2021-03-18 16:06:29 -  > Broadcasted message: "Ancient scarabs are leading an attack on Ankrahmun.".
2021-03-18 16:35:49 -  >> Starting Sunrise... Current light is 47 and it's 5:56 Tibian Time.
2021-03-18 16:35:49 -  > NPC Ghostly Wolf removed!
2021-03-18 16:35:49 -  > NPC Talila removed!
2021-03-18 16:35:49 -  > NPC Valindara added!
2021-03-18 16:35:49 -  >> Starting Day... Current light is 250 and it's 7:52 Tibian Time.
2021-03-18 16:35:49 -  [Warning] DropLoot:	Could not add loot item to corpse.
2021-03-18 16:35:49 -  Tibia Matt has logged out. | Client: 12.64
2021-03-18 16:35:52 -  Passe Livre has logged in. | Client: 12.64
2021-03-18 16:35:57 -  Passe Livre has logged out. | Client: 12.64
2021-03-18 16:39:03 -  Secreto has logged out. | Client: 12.64
2021-03-18 16:39:13 -  Secreto has logged in. | Client: 12.64
2021-03-18 16:50:30 -  >> Starting Sunset... Current light is 243 and it's 17:24 Tibian Time.
2021-03-18 16:50:30 -  > NPC Ghostly Wolf added!
2021-03-18 16:50:30 -  > NPC Talila added!
2021-03-18 16:50:30 -  > NPC Valindara removed!
2021-03-18 16:50:30 -  >> Starting Night... Current light is 40 and it's 19:20 Tibian Time.
2021-03-18 16:50:30 -  > Broadcasted message: "Let da mashing begin! Cyclops riot east of Thais.".
2021-03-18 16:59:16 -  Tibia Matt has logged in. | Client: 12.64
2021-03-18 17:12:58 -  Suzana has logged in. | Client: 12.64
2021-03-18 17:13:04 -  Tibia Matt has logged out. | Client: 12.64
2021-03-18 17:14:00 -  Matarind has logged in. | Client: 12.64
2021-03-18 17:17:02 -  >> Starting Sunrise... Current light is 47 and it's 5:56 Tibian Time.
2021-03-18 17:17:02 -  > NPC Ghostly Wolf removed!
2021-03-18 17:17:02 -  > NPC Talila removed!
2021-03-18 17:17:02 -  > NPC Valindara added!
2021-03-18 17:17:02 -  Matarind has logged out. | Client: 12.64
2021-03-18 17:17:04 -  Matarindo has logged in. | Client: 12.64
2021-03-18 17:19:00 -  Matarindo has logged out. | Client: 12.64
2021-03-18 17:19:03 -  Matarindos has logged in. | Client: 12.64
2021-03-18 17:20:38 -  >> Starting Day... Current light is 250 and it's 7:52 Tibian Time.
2021-03-18 17:20:38 -  Matarindos has logged out. | Client: 12.64
2021-03-18 17:20:40 -  Matarindosa has logged in. | Client: 12.64
2021-03-18 17:22:35 -  Matarindosa has logged out. | Client: 12.64
2021-03-18 17:22:38 -  Mataris has logged in. | Client: 12.64
2021-03-18 17:25:04 -  Mataris has logged out. | Client: 12.64
2021-03-18 17:25:07 -  Matarisa has logged in. | Client: 12.64
2021-03-18 17:27:02 -  Matarisa has logged out. | Client: 12.64
2021-03-18 17:27:04 -  Matarisasa has logged in. | Client: 12.64
2021-03-18 17:32:21 -  Matarisasa has logged out. | Client: 12.64
2021-03-18 17:32:25 -  Matarisasa has logged in. | Client: 12.64
2021-03-18 17:32:59 -  Matarisasa has logged out. | Client: 12.64
2021-03-18 17:33:01 -  Matarisa has logged in. | Client: 12.64
2021-03-18 17:35:16 -  Matarisa has logged out. | Client: 12.64
2021-03-18 17:35:18 -  Matarisa has logged in. | Client: 12.64
2021-03-18 17:35:27 -  Matarisa has logged out. | Client: 12.64
2021-03-18 17:35:29 -  Mataris has logged in. | Client: 12.64
2021-03-18 17:36:13 -  Mataris has logged out. | Client: 12.64
2021-03-18 17:47:41 -  >> Starting Sunset... Current light is 243 and it's 17:24 Tibian Time.
2021-03-18 17:47:41 -  > NPC Ghostly Wolf added!
2021-03-18 17:47:41 -  > NPC Talila added!
2021-03-18 17:47:41 -  > NPC Valindara removed!
2021-03-18 17:47:41 -  Buzorc has logged in. | Client: 12.64
2021-03-18 17:53:28 -  >> Starting Night... Current light is 40 and it's 19:20 Tibian Time.
2021-03-18 17:53:28 -  Tibia Matt has logged in. | Client: 12.64
2021-03-18 17:56:07 -  Tibia Matt has logged out. | Client: 12.64
2021-03-18 18:03:26 -  Suzana has logged out. | Client: 12.64
2021-03-18 18:10:51 -  Kina Do Mal has logged in. | Client: 12.64
2021-03-18 18:15:05 -  Buzorc has logged out. | Client: 12.64
2021-03-18 18:15:07 -  Buzorc has logged in. | Client: 12.64
2021-03-18 18:17:30 -  >> Starting Sunrise... Current light is 47 and it's 5:56 Tibian Time.
2021-03-18 18:17:30 -  > NPC Ghostly Wolf removed!
2021-03-18 18:17:30 -  > NPC Talila removed!
2021-03-18 18:17:30 -  > NPC Valindara added!
2021-03-18 18:17:30 -  > Broadcasted message: "Lizards Sentinels seem to attack Port Hope from Chor.".
2021-03-18 18:19:28 -  Buzorc has logged out. | Client: 12.64
2021-03-18 18:19:30 -  > Broadcasted message: "Lizards are advancing to Port Hope from Chor.".
2021-03-18 18:19:53 -  Tibia Matt has logged in. | Client: 12.64
2021-03-18 18:37:29 -  >> Starting Day... Current light is 250 and it's 7:52 Tibian Time.
2021-03-18 18:37:29 -  Tibia Matt has logged out. | Client: 12.64
2021-03-18 18:49:10 -  >> Starting Sunset... Current light is 243 and it's 17:24 Tibian Time.
2021-03-18 18:49:10 -  > NPC Ghostly Wolf added!
2021-03-18 18:49:10 -  > NPC Talila added!
2021-03-18 18:49:10 -  > NPC Valindara removed!
2021-03-18 18:49:10 -  >> Starting Night... Current light is 40 and it's 19:20 Tibian Time.
2021-03-18 18:49:10 -  Merlim has logged in. | Client: 12.64
2021-03-18 18:50:30 -  > Broadcasted message: "Beware! Mawhawk!".
2021-03-18 19:12:21 -  Tibia Matt has logged in. | Client: 12.64
2021-03-18 19:30:50 -  >> Starting Sunrise... Current light is 47 and it's 5:56 Tibian Time.
2021-03-18 19:30:50 -  > NPC Ghostly Wolf removed!
2021-03-18 19:30:50 -  > NPC Talila removed!
2021-03-18 19:30:50 -  > NPC Valindara added!
2021-03-18 19:30:50 -  >> Starting Day... Current light is 250 and it's 7:52 Tibian Time.
2021-03-18 19:30:50 -  179.192.79.42 disconnected for exceeding packet per second limit.
2021-03-18 19:33:56 -  Secreto has logged out. | Client: 12.64
2021-03-18 19:33:56 -  Secreto has logged in. | Client: 12.64
2021-03-18 19:56:22 -  >> Starting Sunset... Current light is 243 and it's 17:24 Tibian Time.
2021-03-18 19:56:22 -  > NPC Ghostly Wolf added!
2021-03-18 19:56:22 -  > NPC Talila added!
2021-03-18 19:56:22 -  > NPC Valindara removed!
2021-03-18 19:56:22 -  >> Starting Night... Current light is 40 and it's 19:20 Tibian Time.
2021-03-18 19:56:22 -  Merlim has logged out. | Client: 12.64
2021-03-18 20:24:30 -  >> Starting Sunrise... Current light is 47 and it's 5:56 Tibian Time.
2021-03-18 20:24:30 -  > NPC Ghostly Wolf removed!
2021-03-18 20:24:30 -  > NPC Talila removed!
2021-03-18 20:24:30 -  > NPC Valindara added!
2021-03-18 20:24:30 -  >> Starting Day... Current light is 250 and it's 7:52 Tibian Time.
2021-03-18 20:24:30 -  > Broadcasted message: "Elf Scouts have been sighted near Venore!".
2021-03-18 20:24:49 -  > Broadcasted message: "The elves attack from shadowthorn!".
2021-03-18 20:25:30 -  > Broadcasted message: "Venore is under attack!".
2021-03-18 20:27:46 -  Buzorc has logged in. | Client: 12.64
2021-03-18 20:28:12 -  > ERROR: Failed to save account: god!
2021-03-18 20:34:51 -  ADM inside has logged out. | Client: 11
2021-03-18 20:34:53 -  ADM inside has logged in. | Client: 12.64
2021-03-18 20:41:53 -  Tibia Matt has logged out. | Client: 12.64
2021-03-18 20:55:57 -  >> Starting Sunset... Current light is 243 and it's 17:24 Tibian Time.
2021-03-18 20:55:57 -  > NPC Ghostly Wolf added!
2021-03-18 20:55:57 -  > NPC Talila added!
2021-03-18 20:55:57 -  > NPC Valindara removed!
2021-03-18 20:55:57 -  > ADM inside broadcasted: "Double exp sab e domingo".
2021-03-18 20:55:57 -  >> Starting Night... Current light is 40 and it's 19:20 Tibian Time.
2021-03-18 20:55:57 -  [Warning - Actions::registerLuaEvent] Duplicate registered item with uid: 6500 in range from uid: 5000, to uid: 12000
2021-03-18 20:55:57 -  [Warning - Actions::registerLuaEvent] Duplicate registered item with uid: 6501 in range from uid: 5000, to uid: 12000
2021-03-18 20:55:57 -  [Warning - Actions::registerLuaEvent] Duplicate registered item with uid: 6503 in range from uid: 5000, to uid: 12000
2021-03-18 20:55:57 -  [Warning - Actions::registerLuaEvent] Duplicate registered item with uid: 6550 in range from uid: 5000, to uid: 12000
2021-03-18 20:55:57 -  [Warning - Actions::registerLuaEvent] Duplicate registered item with uid: 6570 in range from uid: 5000, to uid: 12000
2021-03-18 20:55:57 -  [Warning - Actions::registerLuaEvent] Duplicate registered item with uid: 6661 in range from uid: 5000, to uid: 12000
2021-03-18 20:55:57 -  [Warning - Actions::registerLuaEvent] Duplicate registered item with uid: 6662 in range from uid: 5000, to uid: 12000
2021-03-18 20:55:57 -  [Warning - Actions::registerLuaEvent] Duplicate registered item with uid: 6663 in range from uid: 5000, to uid: 12000
2021-03-18 20:55:57 -  [Warning - Actions::registerLuaEvent] Duplicate registered item with uid: 6664 in range from uid: 5000, to uid: 12000
2021-03-18 20:55:57 -  [Warning - Actions::registerLuaEvent] Duplicate registered item with uid: 6665 in range from uid: 5000, to uid: 12000
2021-03-18 20:55:57 -  [Warning - Actions::registerLuaEvent] Duplicate registered item with uid: 6666 in range from uid: 5000, to uid: 12000
2021-03-18 20:55:57 -  [Warning - Actions::registerLuaEvent] Duplicate registered item with uid: 6678 in range from uid: 5000, to uid: 12000
2021-03-18 20:55:57 -  [Warning - Actions::registerLuaEvent] Duplicate registered item with uid: 6693 in range from uid: 5000, to uid: 12000
2021-03-18 20:55:57 -  [Warning - Actions::registerLuaEvent] Duplicate registered item with uid: 6697 in range from uid: 5000, to uid: 12000
2021-03-18 20:55:57 -  [Warning - Actions::registerLuaEvent] Duplicate registered item with uid: 6698 in range from uid: 5000, to uid: 12000
2021-03-18 20:55:57 -  [Warning - Actions::registerLuaEvent] Duplicate registered item with uid: 6699 in range from uid: 5000, to uid: 12000
2021-03-18 20:55:57 -  [Warning - Actions::registerLuaEvent] Duplicate registered item with uid: 6701 in range from uid: 5000, to uid: 12000
2021-03-18 20:55:57 -  [Warning - Actions::registerLuaEvent] Duplicate registered item with uid: 6702 in range from uid: 5000, to uid: 12000
2021-03-18 20:55:57 -  [Warning - Actions::registerLuaEvent] Duplicate registered item with uid: 6703 in range from uid: 5000, to uid: 12000
2021-03-18 20:56:01 -  Reloaded: scripts.
2021-03-18 20:56:01 -  Diizinhow has logged in. | Client: 12.64
2021-03-18 21:00:33 -  Diizinhow has logged out. | Client: 12.64
2021-03-18 21:00:36 -  Mago Cansado has logged in. | Client: 12.64
2021-03-18 21:04:29 -  Mago Cansado has logged out. | Client: 12.64
2021-03-18 21:04:30 -  Mago Cansado has logged in. | Client: 12.64
2021-03-18 21:11:00 -  Reloaded: npcs.
2021-03-18 21:11:00 -  [Warning - Actions::registerLuaEvent] Duplicate registered item with uid: 6500 in range from uid: 5000, to uid: 12000
2021-03-18 21:11:00 -  [Warning - Actions::registerLuaEvent] Duplicate registered item with uid: 6501 in range from uid: 5000, to uid: 12000
2021-03-18 21:11:00 -  [Warning - Actions::registerLuaEvent] Duplicate registered item with uid: 6503 in range from uid: 5000, to uid: 12000
2021-03-18 21:11:00 -  [Warning - Actions::registerLuaEvent] Duplicate registered item with uid: 6550 in range from uid: 5000, to uid: 12000
2021-03-18 21:11:00 -  [Warning - Actions::registerLuaEvent] Duplicate registered item with uid: 6570 in range from uid: 5000, to uid: 12000
2021-03-18 21:11:00 -  [Warning - Actions::registerLuaEvent] Duplicate registered item with uid: 6661 in range from uid: 5000, to uid: 12000
2021-03-18 21:11:00 -  [Warning - Actions::registerLuaEvent] Duplicate registered item with uid: 6662 in range from uid: 5000, to uid: 12000
2021-03-18 21:11:00 -  [Warning - Actions::registerLuaEvent] Duplicate registered item with uid: 6663 in range from uid: 5000, to uid: 12000
2021-03-18 21:11:00 -  [Warning - Actions::registerLuaEvent] Duplicate registered item with uid: 6664 in range from uid: 5000, to uid: 12000
2021-03-18 21:11:00 -  [Warning - Actions::registerLuaEvent] Duplicate registered item with uid: 6665 in range from uid: 5000, to uid: 12000
2021-03-18 21:11:00 -  [Warning - Actions::registerLuaEvent] Duplicate registered item with uid: 6666 in range from uid: 5000, to uid: 12000
2021-03-18 21:11:00 -  [Warning - Actions::registerLuaEvent] Duplicate registered item with uid: 6678 in range from uid: 5000, to uid: 12000
2021-03-18 21:11:00 -  [Warning - Actions::registerLuaEvent] Duplicate registered item with uid: 6693 in range from uid: 5000, to uid: 12000
2021-03-18 21:11:00 -  [Warning - Actions::registerLuaEvent] Duplicate registered item with uid: 6697 in range from uid: 5000, to uid: 12000
2021-03-18 21:11:00 -  [Warning - Actions::registerLuaEvent] Duplicate registered item with uid: 6698 in range from uid: 5000, to uid: 12000
2021-03-18 21:11:00 -  [Warning - Actions::registerLuaEvent] Duplicate registered item with uid: 6699 in range from uid: 5000, to uid: 12000
2021-03-18 21:11:00 -  [Warning - Actions::registerLuaEvent] Duplicate registered item with uid: 6701 in range from uid: 5000, to uid: 12000
2021-03-18 21:11:00 -  [Warning - Actions::registerLuaEvent] Duplicate registered item with uid: 6702 in range from uid: 5000, to uid: 12000
2021-03-18 21:11:00 -  [Warning - Actions::registerLuaEvent] Duplicate registered item with uid: 6703 in range from uid: 5000, to uid: 12000
2021-03-18 21:13:30 -  Reloaded: scripts.
2021-03-18 21:13:30 -  > Broadcasted message: "Feverish Citizens are invading the streets of Venore!".
2021-03-18 21:42:11 -  >> Starting Sunrise... Current light is 47 and it's 5:56 Tibian Time.
2021-03-18 21:42:11 -  > NPC Ghostly Wolf removed!
2021-03-18 21:42:11 -  > NPC Talila removed!
2021-03-18 21:42:11 -  > NPC Valindara added!
2021-03-18 21:42:11 -  >> Starting Day... Current light is 250 and it's 7:52 Tibian Time.
2021-03-18 21:42:11 -  Tibia Matt has logged in. | Client: 12.64
2021-03-18 21:44:53 -  >> Starting Sunset... Current light is 243 and it's 17:24 Tibian Time.
2021-03-18 21:44:53 -  > NPC Ghostly Wolf added!
2021-03-18 21:44:53 -  > NPC Talila added!
2021-03-18 21:44:53 -  > NPC Valindara removed!
2021-03-18 21:44:53 -  Tibia Matt has logged out. | Client: 12.64
2021-03-18 21:44:57 -  Passe Livre has logged in. | Client: 12.64
2021-03-18 21:45:10 -  Passe Livre has logged out. | Client: 12.64
2021-03-18 21:46:44 -  Floripinha has logged in. | Client: 12.64
2021-03-18 21:48:20 -  > ERROR: Failed to save account: O9I8U7Y6T5!
2021-03-18 21:48:23 -  Burlockwolf has logged in. | Client: 11
2021-03-18 21:48:28 -  Burlockwolf has logged out. | Client: 11
2021-03-18 21:48:30 -  Moon Phisthys has logged in. | Client: 11
2021-03-18 21:48:39 -  Lembreeieeaa has logged in. | Client: 12.64
2021-03-18 21:48:47 -  Moon Phisthys has logged out. | Client: 11
2021-03-18 21:49:00 -  >> Starting Night... Current light is 40 and it's 19:20 Tibian Time.
2021-03-18 21:49:00 -  Moon Phisthys has logged in. | Client: 11
2021-03-18 21:49:12 -  Moon Phisthys has logged out. | Client: 11
2021-03-18 21:50:57 -  Lembreeieeaa has logged out. | Client: 12.64
2021-03-18 21:51:00 -  Lembrei has logged in. | Client: 12.64
2021-03-18 21:54:05 -  Lembrei has logged out. | Client: 12.64
2021-03-18 21:54:07 -  Lembreie has logged in. | Client: 12.64
2021-03-18 21:54:29 -  Mago Cansado has logged out. | Client: 12.64
2021-03-18 21:54:31 -  Diizinhow has logged in. | Client: 12.64
2021-03-18 21:56:15 -  Lembreie has logged out. | Client: 12.64
2021-03-18 21:58:08 -  Teste has logged in. | Client: 12.64
2021-03-18 21:59:15 -  Noiado has logged in. | Client: 12.64
2021-03-18 22:04:42 -  Hell Archer has logged in. | Client: 12.64
2021-03-18 22:09:34 -  45.235.154.201 disconnected for exceeding packet per second limit.
2021-03-18 22:12:13 -  45.235.154.201 disconnected for exceeding packet per second limit.
2021-03-18 22:12:30 -  > Broadcasted message: "Many aggressive beasts are roaming south of Ab'Dendriel! Take care!".
2021-03-18 22:12:31 -  Secreto has logged out. | Client: 0
2021-03-18 22:12:33 -  Noiado has logged out. | Client: 12.64
2021-03-18 22:12:38 -  Noiado has logged in. | Client: 12.64
2021-03-18 22:12:41 -  Secreto has logged in. | Client: 12.64
2021-03-18 22:33:50 -  >> Starting Sunrise... Current light is 47 and it's 5:56 Tibian Time.
2021-03-18 22:33:50 -  > NPC Ghostly Wolf removed!
2021-03-18 22:33:50 -  > NPC Talila removed!
2021-03-18 22:33:50 -  > NPC Valindara added!
2021-03-18 22:33:50 -  >> Starting Day... Current light is 250 and it's 7:52 Tibian Time.
2021-03-18 22:33:50 -  Floripinha has logged out. | Client: 12.64
2021-03-18 22:33:55 -  Floripinha has logged in. | Client: 12.64
2021-03-18 22:34:23 -  Teste has logged out. | Client: 12.64
2021-03-18 22:34:24 -  Teste has logged in. | Client: 12.64
2021-03-18 22:38:18 -  Gabriela Paladina has logged in. | Client: 12.64
2021-03-18 22:39:59 -  Gabriela Paladina has logged out. | Client: 0
2021-03-18 22:40:14 -  Gabriela Paladina has logged in. | Client: 12.64
2021-03-18 22:44:30 -  >> Starting Sunset... Current light is 243 and it's 17:24 Tibian Time.
2021-03-18 22:44:30 -  > NPC Ghostly Wolf added!
2021-03-18 22:44:30 -  > NPC Talila added!
2021-03-18 22:44:30 -  > NPC Valindara removed!
2021-03-18 22:44:30 -  > Broadcasted message: "There seems to be a big gnarlhoud gang in Zao Steppe.".
2021-03-18 22:44:38 -  Kina Do Mal has logged out. | Client: 12.64
2021-03-18 22:44:49 -  > ADM inside broadcasted: "Double exp sab e domingo".
2021-03-18 22:44:49 -  > Broadcasted message: "The gnarlhounds seem to multiply by the minute.".
2021-03-18 22:46:30 -  > Broadcasted message: "The gnarlhounds roam free in the Zao Steppe. Watch out!".
2021-03-18 22:48:29 -  Hell Archer has logged out. | Client: 12.64
2021-03-18 22:48:32 -  Hell Archer has logged in. | Client: 12.64
2021-03-18 22:53:23 -  >> Starting Night... Current light is 40 and it's 19:20 Tibian Time.
2021-03-18 22:53:23 -  Diizinhow has logged out. | Client: 0
2021-03-18 22:53:27 -  Kina Do Mal has logged in. | Client: 12.64
2021-03-18 23:02:34 -  Hell Archer has logged out. | Client: 12.64
2021-03-18 23:03:01 -  Merlim has logged in. | Client: 12.64
2021-03-18 23:07:14 -  Floripinha has logged out. | Client: 0
2021-03-18 23:12:52 -  Noiado has logged out. | Client: 12.64
2021-03-18 23:12:54 -  Noiado has logged in. | Client: 12.64
2021-03-18 23:14:16 -  Noiado has logged out. | Client: 12.64
2021-03-18 23:14:18 -  Noiado has logged in. | Client: 12.64
2021-03-18 23:21:56 -  >> Starting Sunrise... Current light is 47 and it's 5:56 Tibian Time.
2021-03-18 23:21:56 -  > NPC Ghostly Wolf removed!
2021-03-18 23:21:56 -  > NPC Talila removed!
2021-03-18 23:21:56 -  > NPC Valindara added!
2021-03-18 23:21:56 -  >> Starting Day... Current light is 250 and it's 7:52 Tibian Time.
2021-03-18 23:21:56 -  Noiado has logged out. | Client: 12.64
2021-03-18 23:21:58 -  Noiado has logged in. | Client: 12.64
2021-03-18 23:29:15 -  179.198.17.160 disconnected for exceeding packet per second limit.
2021-03-18 23:31:09 -  Mage The Hell has logged in. | Client: 12.64
2021-03-18 23:31:37 -  Mage The Hell has logged out. | Client: 12.64
2021-03-18 23:33:07 -  187.61.124.44 disconnected for exceeding packet per second limit.
2021-03-18 23:34:08 -  Kina Do Mal has logged out. | Client: 12.64
2021-03-18 23:34:12 -  Kina Do Mal has logged in. | Client: 12.64
2021-03-18 23:34:28 -  187.61.124.44 disconnected for exceeding packet per second limit.
2021-03-18 23:35:29 -  Kina Do Mal has logged out. | Client: 12.64
2021-03-18 23:35:36 -  Kina Do Mal has logged in. | Client: 12.64
2021-03-18 23:40:34 -  Ekgolpeafullz has logged in. | Client: 12.64
2021-03-18 23:44:40 -  >> Starting Sunset... Current light is 243 and it's 17:24 Tibian Time.
2021-03-18 23:44:40 -  > NPC Ghostly Wolf added!
2021-03-18 23:44:40 -  > NPC Talila added!
2021-03-18 23:44:40 -  > NPC Valindara removed!
2021-03-18 23:44:40 -  Merlim has logged out. | Client: 12.64
2021-03-18 23:44:51 -  Merlim has logged in. | Client: 12.64
2021-03-18 23:48:25 -  Gabriela Paladina has logged out. | Client: 0
2021-03-18 23:49:59 -  >> Starting Night... Current light is 40 and it's 19:20 Tibian Time.
2021-03-18 23:49:59 -  Buzorc has logged out. | Client: 0
2021-03-18 23:51:09 -  Buzorc has logged in. | Client: 12.64
2021-03-18 23:55:17 -  Teste has logged out. | Client: 12.64
2021-03-19 00:05:05 -  >> Rashid is traveling to Fridays location.
2021-03-19 00:05:05 -  187.61.124.44 disconnected for exceeding packet per second limit.
2021-03-19 00:05:49 -  187.61.124.44 disconnected for exceeding packet per second limit.
2021-03-19 00:05:57 -  187.61.124.44 disconnected for exceeding packet per second limit.
2021-03-19 00:06:50 -  Kina Do Mal has logged out. | Client: 12.64
2021-03-19 00:06:53 -  Kina Do Mal has logged in. | Client: 12.64
2021-03-19 00:20:30 -  >> Starting Sunrise... Current light is 47 and it's 5:56 Tibian Time.
2021-03-19 00:20:30 -  > NPC Ghostly Wolf removed!
2021-03-19 00:20:30 -  > NPC Talila removed!
2021-03-19 00:20:30 -  > NPC Valindara added!
2021-03-19 00:20:30 -  >> Starting Day... Current light is 250 and it's 7:52 Tibian Time.
2021-03-19 00:20:30 -  > Broadcasted message: "There are more lions than usual west of Darashia.".
2021-03-19 00:20:50 -  > Broadcasted message: "Even more lions west of Darashia!".
2021-03-19 00:22:32 -  > Broadcasted message: "Zomba, the king of lions is roaming the Darashia desert!".
2021-03-19 00:30:22 -  Merlim has logged out. | Client: 12.64
2021-03-19 00:30:24 -  Kina Do Mal has logged out. | Client: 12.64
2021-03-19 00:36:31 -  Secreto has logged out. | Client: 12.64
2021-03-19 00:38:37 -  Secreto has logged in. | Client: 12.64
2021-03-19 00:52:24 -  >> Starting Sunset... Current light is 243 and it's 17:24 Tibian Time.
2021-03-19 00:52:24 -  > NPC Ghostly Wolf added!
2021-03-19 00:52:24 -  > NPC Talila added!
2021-03-19 00:52:24 -  > NPC Valindara removed!
2021-03-19 00:52:24 -  >> Starting Night... Current light is 40 and it's 19:20 Tibian Time.
2021-03-19 00:52:24 -  Floripinha has logged in. | Client: 12.64
2021-03-19 00:53:40 -  Floripinha has logged out. | Client: 0
2021-03-19 00:55:17 -  Noiado has logged out. | Client: 0
2021-03-19 00:59:59 -  Dr Mengueche has logged in. | Client: 12.64
2021-03-19 01:04:50 -  Teste has logged in. | Client: 12.64
2021-03-19 01:13:42 -  Bilbo Bolseiro has logged in. | Client: 12.64
2021-03-19 01:14:12 -  Bilbo Bolseiro has logged out. | Client: 12.64
2021-03-19 01:14:16 -  Travis Sacana has logged in. | Client: 12.64
2021-03-19 01:14:33 -  Travis Sacana has logged out. | Client: 12.64
2021-03-19 01:15:05 -  Teste has logged out. | Client: 0
2021-03-19 01:28:55 -  >> Starting Sunrise... Current light is 47 and it's 5:56 Tibian Time.
2021-03-19 01:28:55 -  > NPC Ghostly Wolf removed!
2021-03-19 01:28:55 -  > NPC Talila removed!
2021-03-19 01:28:55 -  > NPC Valindara added!
2021-03-19 01:28:55 -  >> Starting Day... Current light is 250 and it's 7:52 Tibian Time.
2021-03-19 01:28:55 -  Noiado has logged in. | Client: 12.64
2021-03-19 02:12:38 -  >> Starting Sunset... Current light is 243 and it's 17:24 Tibian Time.
2021-03-19 02:12:38 -  > NPC Ghostly Wolf added!
2021-03-19 02:12:38 -  > NPC Talila added!
2021-03-19 02:12:38 -  > NPC Valindara removed!
2021-03-19 02:12:38 -  >> Starting Night... Current light is 40 and it's 19:20 Tibian Time.
2021-03-19 02:12:38 -  Secreto has logged out. | Client: 12.64
2021-03-19 02:12:41 -  Druuid has logged in. | Client: 12.64
2021-03-19 02:12:55 -  Druuid has logged out. | Client: 12.64
2021-03-19 02:24:44 -  >> Starting Sunrise... Current light is 47 and it's 5:56 Tibian Time.
2021-03-19 02:24:44 -  > NPC Ghostly Wolf removed!
2021-03-19 02:24:44 -  > NPC Talila removed!
2021-03-19 02:24:44 -  > NPC Valindara added!
2021-03-19 02:24:44 -  >> Starting Day... Current light is 250 and it's 7:52 Tibian Time.
2021-03-19 02:24:44 -  Noiado has logged out. | Client: 12.64
2021-03-19 02:48:15 -  >> Starting Sunset... Current light is 243 and it's 17:24 Tibian Time.
2021-03-19 02:48:15 -  > NPC Ghostly Wolf added!
2021-03-19 02:48:15 -  > NPC Talila added!
2021-03-19 02:48:15 -  > NPC Valindara removed!
2021-03-19 02:48:15 -  Furius Maloka has logged in. | Client: 12.64
2021-03-19 02:58:06 -  >> Starting Night... Current light is 40 and it's 19:20 Tibian Time.
2021-03-19 02:58:06 -  Furius Maloka has logged out. | Client: 12.64
2021-03-19 02:58:06 -  Furius Maloka has logged in. | Client: 12.64
2021-03-19 03:09:08 -  Furius Maloka has logged out. | Client: 0
2021-03-19 03:13:10 -  Bilbo Bolseiro has logged in. | Client: 12.64
2021-03-19 03:17:30 -  >> Starting Sunrise... Current light is 47 and it's 5:56 Tibian Time.
2021-03-19 03:17:30 -  > NPC Ghostly Wolf removed!
2021-03-19 03:17:30 -  > NPC Talila removed!
2021-03-19 03:17:30 -  > NPC Valindara added!
2021-03-19 03:17:30 -  > Broadcasted message: "Something is moving in the depths of the sea around Liberty Bay".
2021-03-19 03:17:51 -  > Broadcasted message: "Numerous Quara fins have been sighted in the seas around Liberty Bay.".
2021-03-19 03:18:31 -  > Broadcasted message: "Quara emerged from the sea to attack Liberty Bay.".
2021-03-19 03:26:35 -  >> Starting Day... Current light is 250 and it's 7:52 Tibian Time.
2021-03-19 03:26:35 -  Bilbo Bolseiro has logged out. | Client: 12.64
2021-03-19 03:26:37 -  Bilbo Bolseiro has logged in. | Client: 12.64
2021-03-19 03:37:12 -  Bilbo Bolseiro has logged out. | Client: 12.64
2021-03-19 03:46:45 -  >> Starting Sunset... Current light is 243 and it's 17:24 Tibian Time.
2021-03-19 03:46:45 -  > NPC Ghostly Wolf added!
2021-03-19 03:46:45 -  > NPC Talila added!
2021-03-19 03:46:45 -  > NPC Valindara removed!
2021-03-19 03:46:45 -  Dr Mengueche has logged out. | Client: 12.64
2021-03-19 03:46:50 -  Dr Mengueche has logged in. | Client: 12.64
2021-03-19 03:54:11 -  >> Starting Night... Current light is 40 and it's 19:20 Tibian Time.
2021-03-19 03:54:11 -  Dr Mengueche has logged out. | Client: 0
2021-03-19 06:21:47 -  >> Starting Sunrise... Current light is 47 and it's 5:56 Tibian Time.
2021-03-19 06:21:47 -  > NPC Ghostly Wolf removed!
2021-03-19 06:21:47 -  > NPC Talila removed!
2021-03-19 06:21:47 -  > NPC Valindara added!
2021-03-19 06:21:47 -  >> Starting Day... Current light is 250 and it's 7:52 Tibian Time.
2021-03-19 06:21:47 -  >> Starting Sunset... Current light is 243 and it's 17:24 Tibian Time.
2021-03-19 06:21:47 -  > NPC Ghostly Wolf added!
2021-03-19 06:21:47 -  > NPC Talila added!
2021-03-19 06:21:47 -  > NPC Valindara removed!
2021-03-19 06:21:47 -  >> Starting Night... Current light is 40 and it's 19:20 Tibian Time.
2021-03-19 06:21:47 -  >> Starting Sunrise... Current light is 47 and it's 5:56 Tibian Time.
2021-03-19 06:21:47 -  > NPC Ghostly Wolf removed!
2021-03-19 06:21:47 -  > NPC Talila removed!
2021-03-19 06:21:47 -  > NPC Valindara added!
2021-03-19 06:21:47 -  >> Starting Day... Current light is 250 and it's 7:52 Tibian Time.
2021-03-19 06:21:47 -  >> Starting Sunset... Current light is 243 and it's 17:24 Tibian Time.
2021-03-19 06:21:47 -  > NPC Ghostly Wolf added!
2021-03-19 06:21:47 -  > NPC Talila added!
2021-03-19 06:21:47 -  > NPC Valindara removed!
2021-03-19 06:21:47 -  >> Starting Night... Current light is 40 and it's 19:20 Tibian Time.
2021-03-19 06:21:47 -  >> Starting Sunrise... Current light is 47 and it's 5:56 Tibian Time.
2021-03-19 06:21:47 -  > NPC Ghostly Wolf removed!
2021-03-19 06:21:47 -  > NPC Talila removed!
2021-03-19 06:21:47 -  > NPC Valindara added!
2021-03-19 06:21:47 -  >> Starting Day... Current light is 250 and it's 7:52 Tibian Time.
2021-03-19 06:21:47 -  Secreto has logged in. | Client: 12.64
2021-03-19 06:23:30 -  > Broadcasted message: "Rat Plague in Thais!".
2021-03-19 07:34:25 -  >> Starting Sunset... Current light is 243 and it's 17:24 Tibian Time.
2021-03-19 07:34:25 -  > NPC Ghostly Wolf added!
2021-03-19 07:34:25 -  > NPC Talila added!
2021-03-19 07:34:25 -  > NPC Valindara removed!
2021-03-19 07:34:25 -  >> Starting Night... Current light is 40 and it's 19:20 Tibian Time.
2021-03-19 07:34:25 -  >> Starting Sunrise... Current light is 47 and it's 5:56 Tibian Time.
2021-03-19 07:34:25 -  > NPC Ghostly Wolf removed!
2021-03-19 07:34:25 -  > NPC Talila removed!
2021-03-19 07:34:25 -  > NPC Valindara added!
2021-03-19 07:34:25 -  >> Starting Day... Current light is 250 and it's 7:52 Tibian Time.
2021-03-19 07:34:25 -  Sashenshi has logged in. | Client: 11
2021-03-19 07:41:42 -  Sashenshi has logged out. | Client: 11
2021-03-19 07:41:45 -  Sashenshi has logged in. | Client: 11
2021-03-19 07:41:48 -  Sashenshi has logged out. | Client: 11
2021-03-19 07:41:51 -  Sashenshi has logged in. | Client: 11
2021-03-19 07:42:39 -  Sashenshi has logged out. | Client: 11
2021-03-19 07:42:49 -  Sashenshi has logged in. | Client: 11
2021-03-19 07:42:52 -  Sashenshi has logged out. | Client: 11
2021-03-19 07:46:50 -  >> Starting Sunset... Current light is 243 and it's 17:24 Tibian Time.
2021-03-19 07:46:50 -  > NPC Ghostly Wolf added!
2021-03-19 07:46:50 -  > NPC Talila added!
2021-03-19 07:46:50 -  > NPC Valindara removed!
2021-03-19 07:46:50 -  Sashenshi has logged in. | Client: 11
2021-03-19 08:11:20 -  >> Starting Night... Current light is 40 and it's 19:20 Tibian Time.
2021-03-19 08:11:20 -  Buzorc has logged out. | Client: 0
2021-03-19 08:19:29 -  >> Starting Sunrise... Current light is 47 and it's 5:56 Tibian Time.
2021-03-19 08:19:29 -  > NPC Ghostly Wolf removed!
2021-03-19 08:19:29 -  > NPC Talila removed!
2021-03-19 08:19:29 -  > NPC Valindara added!
2021-03-19 08:19:29 -  Secreto has logged out. | Client: 12.64
2021-03-19 08:19:37 -  Secreto has logged in. | Client: 12.64
2021-03-19 08:46:27 -  >> Starting Day... Current light is 250 and it's 7:52 Tibian Time.
2021-03-19 08:46:27 -  >> Starting Sunset... Current light is 243 and it's 17:24 Tibian Time.
2021-03-19 08:46:27 -  > NPC Ghostly Wolf added!
2021-03-19 08:46:27 -  > NPC Talila added!
2021-03-19 08:46:27 -  > NPC Valindara removed!
2021-03-19 08:46:27 -  Sashenshi has logged out. | Client: 11
2021-03-19 08:46:37 -  Sashenshi has logged in. | Client: 11
2021-03-19 08:47:30 -  > Broadcasted message: "There is a sudden rise in ice golem population in Formogar mines.".
2021-03-19 08:47:50 -  > Broadcasted message: "More ice golems in Svargrond!".
2021-03-19 08:50:09 -  >> Starting Night... Current light is 40 and it's 19:20 Tibian Time.
2021-03-19 08:50:09 -  Sashenshi has logged out. | Client: 11
2021-03-19 08:50:12 -  Sashenshi has logged in. | Client: 11
2021-03-19 08:50:25 -  Sashenshi has logged out. | Client: 11
2021-03-19 09:00:02 -  >> Saving Hirelings
2021-03-19 09:00:02 -  Secreto has logged out. | Client: 12.64
2021-03-19 09:00:02 -  Ekgolpeafullz has logged out. | Client: 0
2021-03-19 09:00:03 -  ADM inside has logged out. | Client: 0
2021-03-19 09:00:03 -  Ronalee Tanker has logged out. | Client: 0
2021-03-19 09:00:03 -  Supimpa has logged out. | Client: 0
2021-03-19 09:00:03 -  GM coxinha has logged out. | Client: 0
2021-03-19 09:00:03 -  Ronalee Lovexp has logged out. | Client: 0
2021-03-19 09:00:03 -  Saving server...
2021-03-19 09:00:04 -  > Saved house items in: 0.343 seconds
2021-03-19 09:00:04 -  Shutting down... done!
