2021-03-13 13:19:36 -  OTServBR - Global - Version TFS 1.3
2021-03-13 13:19:36 -  
2021-03-13 13:19:36 -  Compiled with GNU C++ version 9.3.0
2021-03-13 13:19:36 -  Compiled on Mar 13 2021 04:41:45 for platform x64
2021-03-13 13:19:36 -  Linked with LuaJIT 2.1.0-beta3 for Lua support
2021-03-13 13:19:36 -  
2021-03-13 13:19:36 -  A server developed by OTServBR, Mark Samman and The Forgotten Server Developers
2021-03-13 13:19:36 -  Visit our forum for updates, support, and resources: https://otserv.com.br/ and https://forums.otserv.com.br
2021-03-13 13:19:36 -  
2021-03-13 13:19:36 -  >> Loading config
2021-03-13 13:19:36 -  >> Client Version: 12.60
2021-03-13 13:19:36 -  >> Establishing database connection... MySQL 10.3.25
2021-03-13 13:19:36 -  >> Running database manager
2021-03-13 13:19:37 -  > Optimizing table player_items... [success]
2021-03-13 13:19:38 -  > Optimizing table player_storage... [success]
2021-03-13 13:19:38 -  >> Loading vocations
2021-03-13 13:19:38 -  >> Loading items
2021-03-13 13:19:38 -  >> Loading script systems
2021-03-13 13:19:38 -  >> Loading lua libs
2021-03-13 13:19:39 -  >> Loading event scheduler
2021-03-13 13:19:39 -  > Double XP event exp: 150%, loot: 0%, spawn: 0%, skill: 0%.
2021-03-13 13:19:39 -  >> Loading lua scripts
2021-03-13 13:19:39 -  [Warning - Actions::registerLuaEvent] Duplicate registered item with uid: 6500 in range from uid: 5000, to uid: 12000
2021-03-13 13:19:39 -  [Warning - Actions::registerLuaEvent] Duplicate registered item with uid: 6501 in range from uid: 5000, to uid: 12000
2021-03-13 13:19:39 -  [Warning - Actions::registerLuaEvent] Duplicate registered item with uid: 6503 in range from uid: 5000, to uid: 12000
2021-03-13 13:19:39 -  [Warning - Actions::registerLuaEvent] Duplicate registered item with uid: 6550 in range from uid: 5000, to uid: 12000
2021-03-13 13:19:39 -  [Warning - Actions::registerLuaEvent] Duplicate registered item with uid: 6570 in range from uid: 5000, to uid: 12000
2021-03-13 13:19:39 -  [Warning - Actions::registerLuaEvent] Duplicate registered item with uid: 6661 in range from uid: 5000, to uid: 12000
2021-03-13 13:19:39 -  [Warning - Actions::registerLuaEvent] Duplicate registered item with uid: 6662 in range from uid: 5000, to uid: 12000
2021-03-13 13:19:39 -  [Warning - Actions::registerLuaEvent] Duplicate registered item with uid: 6663 in range from uid: 5000, to uid: 12000
2021-03-13 13:19:39 -  [Warning - Actions::registerLuaEvent] Duplicate registered item with uid: 6664 in range from uid: 5000, to uid: 12000
2021-03-13 13:19:39 -  [Warning - Actions::registerLuaEvent] Duplicate registered item with uid: 6665 in range from uid: 5000, to uid: 12000
2021-03-13 13:19:39 -  [Warning - Actions::registerLuaEvent] Duplicate registered item with uid: 6666 in range from uid: 5000, to uid: 12000
2021-03-13 13:19:39 -  [Warning - Actions::registerLuaEvent] Duplicate registered item with uid: 6678 in range from uid: 5000, to uid: 12000
2021-03-13 13:19:39 -  [Warning - Actions::registerLuaEvent] Duplicate registered item with uid: 6693 in range from uid: 5000, to uid: 12000
2021-03-13 13:19:39 -  [Warning - Actions::registerLuaEvent] Duplicate registered item with uid: 6697 in range from uid: 5000, to uid: 12000
2021-03-13 13:19:39 -  [Warning - Actions::registerLuaEvent] Duplicate registered item with uid: 6698 in range from uid: 5000, to uid: 12000
2021-03-13 13:19:39 -  [Warning - Actions::registerLuaEvent] Duplicate registered item with uid: 6699 in range from uid: 5000, to uid: 12000
2021-03-13 13:19:39 -  [Warning - Actions::registerLuaEvent] Duplicate registered item with uid: 6701 in range from uid: 5000, to uid: 12000
2021-03-13 13:19:39 -  [Warning - Actions::registerLuaEvent] Duplicate registered item with uid: 6702 in range from uid: 5000, to uid: 12000
2021-03-13 13:19:39 -  [Warning - Actions::registerLuaEvent] Duplicate registered item with uid: 6703 in range from uid: 5000, to uid: 12000
2021-03-13 13:19:39 -  >> Loading lua monsters
2021-03-13 13:19:40 -  [Warning - Loot:setId] Unknown loot item "spectral scrap of cloth". 
2021-03-13 13:19:40 -  [Warning - end] Monster: "The Pale Worm" loot could not correctly be load.
2021-03-13 13:19:40 -  [Error - Monsters::deserializeSpell] - The Pale Worm - Unknown spell name: summonsthepaleworm
2021-03-13 13:19:40 -  [Error - Monsters::deserializeSpell] - A Weak Spot - Unknown spell name: aweakspotdeathue
2021-03-13 13:19:40 -  [Error - Monsters::deserializeSpell] - A Weak Spot - Unknown spell name: summonsaweakspot
2021-03-13 13:19:40 -  [Error - Monsters::deserializeSpell] - The Dread Maiden - Unknown spell name: maidenring
2021-03-13 13:19:40 -  [Error - Monsters::deserializeSpell] - The Dread Maiden - Unknown spell name: summonsthedreadmaiden
2021-03-13 13:19:40 -  [Error - Monsters::deserializeSpell] - Horror - Unknown spell name: cakeheal
2021-03-13 13:19:40 -  [Error - Monsters::deserializeSpell] - Symbol of Fear - Unknown spell name: symboloffearue
2021-03-13 13:19:40 -  [Error - Monsters::deserializeSpell] - The Fear Feaster - Unknown spell name: deathring1x1
2021-03-13 13:19:40 -  [Error - Monsters::deserializeSpell] - The Fear Feaster - Unknown spell name: deathring2x2
2021-03-13 13:19:40 -  [Error - Monsters::deserializeSpell] - The Fear Feaster - Unknown spell name: deathring3x3
2021-03-13 13:19:40 -  [Error - Monsters::deserializeSpell] - Brother Worm - Unknown spell name: lifesteal
2021-03-13 13:19:40 -  [Error - Monsters::deserializeSpell] - The Unwelcome - Unknown spell name: lifesteal
2021-03-13 13:19:40 -  [Error - Monsters::deserializeSpell] - The Unwelcome - Unknown spell name: summonstheunwelcome
2021-03-13 13:19:40 -  >> Loading outfits
2021-03-13 13:19:40 -  >> Loading familiars
2021-03-13 13:19:40 -  >> Boosted creature: Arachnophobica
2021-03-13 13:19:40 -  >> Checking world type... PVP
2021-03-13 13:19:40 -  >> Loading map
2021-03-13 13:19:42 -  > Map size: 34143x33812
2021-03-13 13:19:49 -  > Duplicate unique id: 6664
2021-03-13 13:19:51 -  > Map loading time: 11.154 seconds
2021-03-13 13:19:52 -  > Loaded spawns in: 11.697 seconds
2021-03-13 13:19:52 -  > Loaded house items in: 0.025 seconds
2021-03-13 13:19:52 -  >> Initializing gamestate
2021-03-13 13:19:55 -  >> Nightmare Isle will be active north of Ankrahmun today
2021-03-13 13:19:55 -  >> Fury Gate will be active in Thais today
2021-03-13 13:19:55 -  >> Rashid arrived at Saturdays destination.
2021-03-13 13:19:55 -  >> Loading map attributes
2021-03-13 13:19:55 -  > Loaded 967 npcs and spawned 74141 monsters
2021-03-13 13:19:55 -  > Loaded 26 towns with 984 houses in total
2021-03-13 13:19:55 -  >> Wrong item id found
2021-03-13 13:19:55 -  > Sign id: 11, item id: 1406
2021-03-13 13:19:55 -  > Loaded 14 signs in the map
2021-03-13 13:19:55 -  > Loaded 37 books and documents in the map
2021-03-13 13:19:55 -  >> Wrong item id found
2021-03-13 13:19:55 -  > Action id: 14900, item id: 22821
2021-03-13 13:19:55 -  >> Wrong item id found
2021-03-13 13:19:55 -  > Unique id: 30026, item id: 10044
2021-03-13 13:19:55 -  > Loaded all actions in the map
2021-03-13 13:19:55 -  > Loaded all uniques in the map
2021-03-13 13:19:55 -  >> Spawning Hirelings
2021-03-13 13:19:55 -  >> Loading custom map
2021-03-13 13:19:55 -  > Loaded otservbr-custom map
2021-03-13 13:19:55 -  >> Yasir: not this time
2021-03-13 13:19:55 -  >> Loaded all modules, server starting up...
2021-03-13 13:19:55 -  > Warning: OTServBR - Global has been executed as root user, please consider running it as a normal user.
2021-03-13 13:19:56 -  >> Divine-Global Server Online!
2021-03-13 13:19:56 -  
2021-03-13 13:19:56 -  > Map size: 34143x33812
2021-03-13 13:19:56 -  > Map loading time: 0.002 seconds
2021-03-13 13:19:56 -  > Map size: 32274x32171
2021-03-13 13:19:56 -  > Map loading time: 0.002 seconds
2021-03-13 13:19:56 -  > Map size: 34143x33812
2021-03-13 13:19:56 -  > Map loading time: 0.061 seconds
2021-03-13 13:19:56 -  Juana Dumachado has logged in. | Client: 12.61
2021-03-13 13:19:56 -  Nidalee has logged in. | Client: 12.61
2021-03-13 13:19:56 -  201.20.75.111 disconnected for exceeding packet per second limit.
2021-03-13 13:19:57 -  Metiradaqui has logged in. | Client: 12.61
2021-03-13 13:19:57 -  Joana Duarco has logged in. | Client: 12.61
2021-03-13 13:19:57 -  186.216.253.178 disconnected for exceeding packet per second limit.
2021-03-13 13:19:58 -  Juana Ducajado has logged in. | Client: 12.61
2021-03-13 13:20:19 -  > Loaded otservbr-custom spawn
2021-03-13 13:20:19 -  Juana Dacura has logged in. | Client: 12.61
2021-03-13 13:20:33 -  ADM inside has logged in. | Client: 12.61
2021-03-13 13:20:48 -  Bilbo Bolseiro has logged in. | Client: 12.61
2021-03-13 13:24:10 -  Nidalee has logged out. | Client: 12.61
2021-03-13 13:24:12 -  Kenja No Mago has logged in. | Client: 12.61
