2021-02-27 09:00:10 -  OTServBR - Global - Version TFS 1.3
2021-02-27 09:00:10 -  
2021-02-27 09:00:10 -  Compiled with GNU C++ version 9.3.0
2021-02-27 09:00:10 -  Compiled on Feb 27 2021 08:04:53 for platform x64
2021-02-27 09:00:10 -  Linked with LuaJIT 2.1.0-beta3 for Lua support
2021-02-27 09:00:10 -  
2021-02-27 09:00:10 -  A server developed by OTServBR, Mark Samman and The Forgotten Server Developers
2021-02-27 09:00:10 -  Visit our forum for updates, support, and resources: https://otserv.com.br/ and https://forums.otserv.com.br
2021-02-27 09:00:10 -  
2021-02-27 09:00:10 -  >> Loading config
2021-02-27 09:00:10 -  >> Client Version: 12.60
2021-02-27 09:00:10 -  >> Establishing database connection... MySQL 10.3.25
2021-02-27 09:00:10 -  >> Running database manager
2021-02-27 09:00:11 -  > Optimizing table player_items... [success]
2021-02-27 09:00:11 -  > Optimizing table player_storage... [success]
2021-02-27 09:00:11 -  > Optimizing table players_online... [success]
2021-02-27 09:00:12 -  > Optimizing table tile_store... [success]
2021-02-27 09:00:12 -  >> Loading vocations
2021-02-27 09:00:12 -  >> Loading items
2021-02-27 09:00:12 -  >> Loading script systems
2021-02-27 09:00:12 -  >> Loading lua libs
2021-02-27 09:00:13 -  >> Loading event scheduler
2021-02-27 09:00:13 -  > Double EXP event exp: 100%, loot: 0%, spawn: 0%, skill: 0%.
2021-02-27 09:00:13 -  [Warning - GlobalEvents::configureEvent] Duplicate registered globalevent with name: 
2021-02-27 09:00:13 -  [Warning - GlobalEvents::configureEvent] Duplicate registered globalevent with name: 
2021-02-27 09:00:13 -  > Double Skill event exp: 0%, loot: 0%, spawn: 0%, skill: 100%.
2021-02-27 09:00:13 -  >> Loading lua scripts
2021-02-27 09:00:13 -  [Warning - Actions::registerLuaEvent] Duplicate registered item with uid: 6500 in range from uid: 5000, to uid: 12000
2021-02-27 09:00:13 -  [Warning - Actions::registerLuaEvent] Duplicate registered item with uid: 6501 in range from uid: 5000, to uid: 12000
2021-02-27 09:00:13 -  [Warning - Actions::registerLuaEvent] Duplicate registered item with uid: 6503 in range from uid: 5000, to uid: 12000
2021-02-27 09:00:13 -  [Warning - Actions::registerLuaEvent] Duplicate registered item with uid: 6550 in range from uid: 5000, to uid: 12000
2021-02-27 09:00:13 -  [Warning - Actions::registerLuaEvent] Duplicate registered item with uid: 6570 in range from uid: 5000, to uid: 12000
2021-02-27 09:00:13 -  [Warning - Actions::registerLuaEvent] Duplicate registered item with uid: 6661 in range from uid: 5000, to uid: 12000
2021-02-27 09:00:13 -  [Warning - Actions::registerLuaEvent] Duplicate registered item with uid: 6662 in range from uid: 5000, to uid: 12000
2021-02-27 09:00:13 -  [Warning - Actions::registerLuaEvent] Duplicate registered item with uid: 6663 in range from uid: 5000, to uid: 12000
2021-02-27 09:00:13 -  [Warning - Actions::registerLuaEvent] Duplicate registered item with uid: 6664 in range from uid: 5000, to uid: 12000
2021-02-27 09:00:13 -  [Warning - Actions::registerLuaEvent] Duplicate registered item with uid: 6665 in range from uid: 5000, to uid: 12000
2021-02-27 09:00:13 -  [Warning - Actions::registerLuaEvent] Duplicate registered item with uid: 6666 in range from uid: 5000, to uid: 12000
2021-02-27 09:00:13 -  [Warning - Actions::registerLuaEvent] Duplicate registered item with uid: 6678 in range from uid: 5000, to uid: 12000
2021-02-27 09:00:13 -  [Warning - Actions::registerLuaEvent] Duplicate registered item with uid: 6693 in range from uid: 5000, to uid: 12000
2021-02-27 09:00:13 -  [Warning - Actions::registerLuaEvent] Duplicate registered item with uid: 6697 in range from uid: 5000, to uid: 12000
2021-02-27 09:00:13 -  [Warning - Actions::registerLuaEvent] Duplicate registered item with uid: 6698 in range from uid: 5000, to uid: 12000
2021-02-27 09:00:13 -  [Warning - Actions::registerLuaEvent] Duplicate registered item with uid: 6699 in range from uid: 5000, to uid: 12000
2021-02-27 09:00:13 -  [Warning - Actions::registerLuaEvent] Duplicate registered item with uid: 6701 in range from uid: 5000, to uid: 12000
2021-02-27 09:00:13 -  [Warning - Actions::registerLuaEvent] Duplicate registered item with uid: 6702 in range from uid: 5000, to uid: 12000
2021-02-27 09:00:13 -  [Warning - Actions::registerLuaEvent] Duplicate registered item with uid: 6703 in range from uid: 5000, to uid: 12000
2021-02-27 09:00:13 -  >> Loading lua monsters
2021-02-27 09:00:14 -  >> Loading outfits
2021-02-27 09:00:14 -  >> Loading familiars
2021-02-27 09:00:14 -  >> Boosted creature: Marsh Stalker
2021-02-27 09:00:14 -  >> Checking world type... PVP
2021-02-27 09:00:14 -  >> Loading map
2021-02-27 09:00:16 -  > Map size: 34143x33812
2021-02-27 09:00:23 -  > Duplicate unique id: 6664
2021-02-27 09:00:24 -  > Map loading time: 10.929 seconds
2021-02-27 09:00:25 -  > Loaded spawns in: 11.453 seconds
2021-02-27 09:00:25 -  > Loaded house items in: 0.017 seconds
2021-02-27 09:00:25 -  >> Initializing gamestate
2021-02-27 09:00:29 -  >> Nightmare Isle will be active west of Darashia today
2021-02-27 09:00:29 -  >> Fury Gate will be active in Kazordoon today
2021-02-27 09:00:29 -  >> Rashid arrived at Saturdays destination.
2021-02-27 09:00:29 -  >> Loading map attributes
2021-02-27 09:00:29 -  > Loaded 967 npcs and spawned 74141 monsters
2021-02-27 09:00:29 -  > Loaded 26 towns with 984 houses in total
2021-02-27 09:00:29 -  >> Wrong item id found
2021-02-27 09:00:29 -  > Sign id: 11, item id: 1406
2021-02-27 09:00:29 -  > Loaded 14 signs in the map
2021-02-27 09:00:29 -  > Loaded 37 books and documents in the map
2021-02-27 09:00:29 -  >> Wrong item id found
2021-02-27 09:00:29 -  > Action id: 14900, item id: 22821
2021-02-27 09:00:29 -  >> Wrong item id found
2021-02-27 09:00:29 -  > Unique id: 30026, item id: 10044
2021-02-27 09:00:29 -  > Loaded all actions in the map
2021-02-27 09:00:29 -  > Loaded all uniques in the map
2021-02-27 09:00:29 -  >> Loading custom map
2021-02-27 09:00:29 -  > Loaded otservbr-custom map
2021-02-27 09:00:29 -  >> Yasir: carlin. 
2021-02-27 09:00:29 -  >> Loaded all modules, server starting up...
2021-02-27 09:00:29 -  > Warning: OTServBR - Global has been executed as root user, please consider running it as a normal user.
2021-02-27 09:00:29 -  >> Divine-Global Server Online!
2021-02-27 09:00:29 -  
2021-02-27 09:00:29 -  > Map size: 34143x33812
2021-02-27 09:00:29 -  > Map loading time: 0.054 seconds
2021-02-27 09:00:29 -  > Map size: 32578x31985
2021-02-27 09:00:29 -  > Map loading time: 0.001 seconds
2021-02-27 09:00:29 -  > Map size: 34143x33812
2021-02-27 09:00:29 -  > Map loading time: 0.063 seconds
2021-02-27 09:00:29 -  > Map size: 33760x33023
2021-02-27 09:00:29 -  > Map loading time: 0.004 seconds
2021-02-27 09:04:03 -  > Loaded otservbr-custom spawn
2021-02-27 09:04:03 -  ADM inside has logged in. | Client: 12.61
2021-02-27 09:04:43 -  GM coxinha has logged in. | Client: 12.61
2021-02-27 09:05:15 -  Ronalee Lovexp has logged in. | Client: 12.61
2021-02-27 09:07:43 -  ADM inside has logged out. | Client: 12.61
2021-02-27 09:07:45 -  ADM inside has logged in. | Client: 12.61
2021-02-27 10:31:17 -  >> Starting Sunset... Current light is 243 and it's 17:24 Tibian Time.
2021-02-27 10:31:17 -  > NPC Ghostly Wolf added!
2021-02-27 10:31:17 -  > NPC Talila added!
2021-02-27 10:31:17 -  > NPC Valindara removed!
2021-02-27 10:31:17 -  >> Starting Night... Current light is 40 and it's 19:20 Tibian Time.
2021-02-27 10:31:17 -  >> Starting Sunrise... Current light is 47 and it's 5:56 Tibian Time.
2021-02-27 10:31:17 -  > NPC Ghostly Wolf removed!
2021-02-27 10:31:17 -  > NPC Talila removed!
2021-02-27 10:31:17 -  > NPC Valindara added!
2021-02-27 10:31:17 -  >> Starting Day... Current light is 250 and it's 7:52 Tibian Time.
2021-02-27 10:31:17 -  Jhonny Bravo has logged in. | Client: 12.61
2021-02-27 10:31:23 -  Jhonny Bravo has logged out. | Client: 12.61
2021-02-27 12:10:29 -  >> Starting Sunset... Current light is 243 and it's 17:24 Tibian Time.
2021-02-27 12:10:29 -  > NPC Ghostly Wolf added!
2021-02-27 12:10:29 -  > NPC Talila added!
2021-02-27 12:10:29 -  > NPC Valindara removed!
2021-02-27 12:10:29 -  >> Starting Night... Current light is 40 and it's 19:20 Tibian Time.
2021-02-27 12:10:29 -  >> Starting Sunrise... Current light is 47 and it's 5:56 Tibian Time.
2021-02-27 12:10:29 -  > NPC Ghostly Wolf removed!
2021-02-27 12:10:29 -  > NPC Talila removed!
2021-02-27 12:10:29 -  > NPC Valindara added!
2021-02-27 12:10:29 -  >> Starting Day... Current light is 250 and it's 7:52 Tibian Time.
2021-02-27 12:10:29 -  >> Starting Sunset... Current light is 243 and it's 17:24 Tibian Time.
2021-02-27 12:10:29 -  > NPC Ghostly Wolf added!
2021-02-27 12:10:29 -  > NPC Talila added!
2021-02-27 12:10:29 -  > NPC Valindara removed!
2021-02-27 12:10:29 -  >> Starting Night... Current light is 40 and it's 19:20 Tibian Time.
2021-02-27 12:10:29 -  > Broadcasted message: "Something is moving to the icy grounds of Folda.".
2021-02-27 12:10:48 -  > Broadcasted message: "Many Yetis are emerging from the icy mountains of Folda.".
2021-02-27 12:11:29 -  > Broadcasted message: "Numerous Yetis are dominating Folda, beware!".
2021-02-27 12:43:58 -  >> Starting Sunrise... Current light is 47 and it's 5:56 Tibian Time.
2021-02-27 12:43:58 -  > NPC Ghostly Wolf removed!
2021-02-27 12:43:58 -  > NPC Talila removed!
2021-02-27 12:43:58 -  > NPC Valindara added!
2021-02-27 12:43:58 -  >> Starting Day... Current light is 250 and it's 7:52 Tibian Time.
2021-02-27 12:43:58 -  Galadriel has logged in. | Client: 12.61
2021-02-27 12:44:10 -  >> Starting Sunset... Current light is 243 and it's 17:24 Tibian Time.
2021-02-27 12:44:10 -  > NPC Ghostly Wolf added!
2021-02-27 12:44:10 -  > NPC Talila added!
2021-02-27 12:44:10 -  > NPC Valindara removed!
2021-02-27 12:44:10 -  Galadriel has logged out. | Client: 12.61
2021-02-27 12:44:17 -  Legolas has logged in. | Client: 12.61
2021-02-27 13:02:29 -  >> Starting Night... Current light is 40 and it's 19:20 Tibian Time.
2021-02-27 13:02:29 -  > Broadcasted message: "The dragons of the Dragonblaze Mountains have    descended to Zao to protect the lizardkin!".
2021-02-27 13:31:45 -  >> Starting Sunrise... Current light is 47 and it's 5:56 Tibian Time.
2021-02-27 13:31:45 -  > NPC Ghostly Wolf removed!
2021-02-27 13:31:45 -  > NPC Talila removed!
2021-02-27 13:31:45 -  > NPC Valindara added!
2021-02-27 13:31:45 -  >> Starting Day... Current light is 250 and it's 7:52 Tibian Time.
2021-02-27 13:31:45 -  Legolas has logged out. | Client: 12.61
2021-02-27 14:23:29 -  >> Starting Sunset... Current light is 243 and it's 17:24 Tibian Time.
2021-02-27 14:23:29 -  > NPC Ghostly Wolf added!
2021-02-27 14:23:29 -  > NPC Talila added!
2021-02-27 14:23:29 -  > NPC Valindara removed!
2021-02-27 14:23:29 -  >> Starting Night... Current light is 40 and it's 19:20 Tibian Time.
2021-02-27 14:23:29 -  >> Starting Sunrise... Current light is 47 and it's 5:56 Tibian Time.
2021-02-27 14:23:29 -  > NPC Ghostly Wolf removed!
2021-02-27 14:23:29 -  > NPC Talila removed!
2021-02-27 14:23:29 -  > NPC Valindara added!
2021-02-27 14:23:29 -  >> Starting Day... Current light is 250 and it's 7:52 Tibian Time.
2021-02-27 14:23:29 -  > Broadcasted message: "Inumerous Rats invaded Rookgaard!".
2021-02-27 14:34:15 -  Suurf has logged in. | Client: 12.61
2021-02-27 15:06:35 -  >> Starting Sunset... Current light is 243 and it's 17:24 Tibian Time.
2021-02-27 15:06:35 -  > NPC Ghostly Wolf added!
2021-02-27 15:06:35 -  > NPC Talila added!
2021-02-27 15:06:35 -  > NPC Valindara removed!
2021-02-27 15:06:35 -  >> Starting Night... Current light is 40 and it's 19:20 Tibian Time.
2021-02-27 15:06:35 -  Suurf has logged out. | Client: 12.61
2021-02-27 16:53:13 -  >> Starting Sunrise... Current light is 47 and it's 5:56 Tibian Time.
2021-02-27 16:53:13 -  > NPC Ghostly Wolf removed!
2021-02-27 16:53:13 -  > NPC Talila removed!
2021-02-27 16:53:13 -  > NPC Valindara added!
2021-02-27 16:53:13 -  >> Starting Day... Current light is 250 and it's 7:52 Tibian Time.
2021-02-27 16:53:13 -  >> Starting Sunset... Current light is 243 and it's 17:24 Tibian Time.
2021-02-27 16:53:13 -  > NPC Ghostly Wolf added!
2021-02-27 16:53:13 -  > NPC Talila added!
2021-02-27 16:53:13 -  > NPC Valindara removed!
2021-02-27 16:53:13 -  >> Starting Night... Current light is 40 and it's 19:20 Tibian Time.
2021-02-27 16:53:13 -  >> Starting Sunrise... Current light is 47 and it's 5:56 Tibian Time.
2021-02-27 16:53:13 -  > NPC Ghostly Wolf removed!
2021-02-27 16:53:13 -  > NPC Talila removed!
2021-02-27 16:53:13 -  > NPC Valindara added!
2021-02-27 16:53:13 -  >> Starting Day... Current light is 250 and it's 7:52 Tibian Time.
2021-02-27 16:53:13 -  >> Starting Sunset... Current light is 243 and it's 17:24 Tibian Time.
2021-02-27 16:53:13 -  > NPC Ghostly Wolf added!
2021-02-27 16:53:13 -  > NPC Talila added!
2021-02-27 16:53:13 -  > NPC Valindara removed!
2021-02-27 16:53:13 -  >> Starting Night... Current light is 40 and it's 19:20 Tibian Time.
2021-02-27 16:53:13 -  Dygmar has logged in. | Client: 12.61
2021-02-27 16:53:15 -  Dygmar has logged out. | Client: 12.61
2021-02-27 16:53:17 -  Dygmar has logged in. | Client: 12.61
2021-02-27 16:57:16 -  Dygmar has logged out. | Client: 12.61
2021-02-27 18:02:29 -  >> Starting Sunrise... Current light is 47 and it's 5:56 Tibian Time.
2021-02-27 18:02:29 -  > NPC Ghostly Wolf removed!
2021-02-27 18:02:29 -  > NPC Talila removed!
2021-02-27 18:02:29 -  > NPC Valindara added!
2021-02-27 18:02:29 -  >> Starting Day... Current light is 250 and it's 7:52 Tibian Time.
2021-02-27 18:02:29 -  >> Starting Sunset... Current light is 243 and it's 17:24 Tibian Time.
2021-02-27 18:02:29 -  > NPC Ghostly Wolf added!
2021-02-27 18:02:29 -  > NPC Talila added!
2021-02-27 18:02:29 -  > NPC Valindara removed!
2021-02-27 18:02:29 -  >> Starting Night... Current light is 40 and it's 19:20 Tibian Time.
2021-02-27 18:02:29 -  > Broadcasted message: "There seems to be a big gnarlhoud gang in Zao Steppe.".
2021-02-27 18:02:48 -  > Broadcasted message: "The gnarlhounds seem to multiply by the minute.".
2021-02-27 18:04:29 -  > Broadcasted message: "The gnarlhounds roam free in the Zao Steppe. Watch out!".
2021-02-27 18:14:26 -  Burlockwolf has logged in. | Client: 11
2021-02-27 18:14:30 -  Burlockwolf has logged out. | Client: 11
2021-02-27 18:14:33 -  Moon Phisthys has logged in. | Client: 11
2021-02-27 18:28:18 -  >> Starting Sunrise... Current light is 47 and it's 5:56 Tibian Time.
2021-02-27 18:28:18 -  > NPC Ghostly Wolf removed!
2021-02-27 18:28:18 -  > NPC Talila removed!
2021-02-27 18:28:18 -  > NPC Valindara added!
2021-02-27 18:28:18 -  >> Starting Day... Current light is 250 and it's 7:52 Tibian Time.
2021-02-27 18:28:18 -  200.136.108.215 disconnected for exceeding packet per second limit.
2021-02-27 18:29:03 -  Moon Phisthys has logged out. | Client: 11
2021-02-27 18:31:44 -  Burlockwolf has logged in. | Client: 11
2021-02-27 18:31:45 -  Burlockwolf has logged out. | Client: 11
2021-02-27 18:31:48 -  Moon Phisthys has logged in. | Client: 11
2021-02-27 18:47:29 -  >> Starting Sunset... Current light is 243 and it's 17:24 Tibian Time.
2021-02-27 18:47:29 -  > NPC Ghostly Wolf added!
2021-02-27 18:47:29 -  > NPC Talila added!
2021-02-27 18:47:29 -  > NPC Valindara removed!
2021-02-27 18:47:29 -  Moon Phisthys has logged out. | Client: 11
2021-02-27 18:47:44 -  [ProtocolGame::onRecvFirstMessage] RSA Decrypt Failed
2021-02-27 19:51:52 -  >> Starting Night... Current light is 40 and it's 19:20 Tibian Time.
2021-02-27 19:51:52 -  >> Starting Sunrise... Current light is 47 and it's 5:56 Tibian Time.
2021-02-27 19:51:52 -  > NPC Ghostly Wolf removed!
2021-02-27 19:51:52 -  > NPC Talila removed!
2021-02-27 19:51:52 -  > NPC Valindara added!
2021-02-27 19:51:52 -  >> Starting Day... Current light is 250 and it's 7:52 Tibian Time.
2021-02-27 19:51:52 -  >> Starting Sunset... Current light is 243 and it's 17:24 Tibian Time.
2021-02-27 19:51:52 -  > NPC Ghostly Wolf added!
2021-02-27 19:51:52 -  > NPC Talila added!
2021-02-27 19:51:52 -  > NPC Valindara removed!
2021-02-27 19:51:52 -  >> Starting Night... Current light is 40 and it's 19:20 Tibian Time.
2021-02-27 19:51:52 -  > ERROR: Failed to save account: O9I8U7Y6T5!
2021-02-27 19:51:57 -  Moon Phisthys has logged in. | Client: 11
2021-02-27 19:54:08 -  Moon Phisthys has logged out. | Client: 11
2021-02-27 20:59:20 -  >> Starting Sunrise... Current light is 47 and it's 5:56 Tibian Time.
2021-02-27 20:59:20 -  > NPC Ghostly Wolf removed!
2021-02-27 20:59:20 -  > NPC Talila removed!
2021-02-27 20:59:20 -  > NPC Valindara added!
2021-02-27 20:59:20 -  >> Starting Day... Current light is 250 and it's 7:52 Tibian Time.
2021-02-27 20:59:20 -  >> Starting Sunset... Current light is 243 and it's 17:24 Tibian Time.
2021-02-27 20:59:20 -  > NPC Ghostly Wolf added!
2021-02-27 20:59:20 -  > NPC Talila added!
2021-02-27 20:59:20 -  > NPC Valindara removed!
2021-02-27 20:59:20 -  >> Starting Night... Current light is 40 and it's 19:20 Tibian Time.
2021-02-27 20:59:20 -  > ERROR: Failed to save account: COXINHA!
2021-02-27 20:59:23 -  Supimpa has logged in. | Client: 11
2021-02-27 21:03:29 -  > Broadcasted message: "Let da mashing begin! Cyclops riot east of Thais.".
2021-02-27 21:23:25 -  >> Starting Sunrise... Current light is 47 and it's 5:56 Tibian Time.
2021-02-27 21:23:25 -  > NPC Ghostly Wolf removed!
2021-02-27 21:23:25 -  > NPC Talila removed!
2021-02-27 21:23:25 -  > NPC Valindara added!
2021-02-27 21:23:25 -  >> Starting Day... Current light is 250 and it's 7:52 Tibian Time.
2021-02-27 21:23:25 -  Supimpa has logged out. | Client: 11
2021-02-27 21:29:02 -  Supimpa has logged in. | Client: 11
2021-02-27 21:41:46 -  Vgbiel has logged in. | Client: 12.61
2021-02-27 21:50:28 -  >> Starting Sunset... Current light is 243 and it's 17:24 Tibian Time.
2021-02-27 21:50:28 -  > NPC Ghostly Wolf added!
2021-02-27 21:50:28 -  > NPC Talila added!
2021-02-27 21:50:28 -  > NPC Valindara removed!
2021-02-27 21:50:28 -  >> Starting Night... Current light is 40 and it's 19:20 Tibian Time.
2021-02-27 21:50:28 -  Supimpa has logged out. | Client: 11
2021-02-27 21:53:23 -  Supimpa has logged in. | Client: 11
2021-02-27 22:12:10 -  Vgbiel has logged out. | Client: 0
2021-02-27 22:55:29 -  >> Starting Sunrise... Current light is 47 and it's 5:56 Tibian Time.
2021-02-27 22:55:29 -  > NPC Ghostly Wolf removed!
2021-02-27 22:55:29 -  > NPC Talila removed!
2021-02-27 22:55:29 -  > NPC Valindara added!
2021-02-27 22:55:29 -  >> Starting Day... Current light is 250 and it's 7:52 Tibian Time.
2021-02-27 22:55:29 -  >> Starting Sunset... Current light is 243 and it's 17:24 Tibian Time.
2021-02-27 22:55:29 -  > NPC Ghostly Wolf added!
2021-02-27 22:55:29 -  > NPC Talila added!
2021-02-27 22:55:29 -  > NPC Valindara removed!
2021-02-27 22:55:29 -  >> Starting Night... Current light is 40 and it's 19:20 Tibian Time.
2021-02-27 22:55:29 -  > Broadcasted message: "Feverish Citizens are invading the streets of Venore!".
2021-02-27 23:05:57 -  Formula has logged in. | Client: 12.61
2021-02-27 23:33:27 -  >> Starting Sunrise... Current light is 47 and it's 5:56 Tibian Time.
2021-02-27 23:33:27 -  > NPC Ghostly Wolf removed!
2021-02-27 23:33:27 -  > NPC Talila removed!
2021-02-27 23:33:27 -  > NPC Valindara added!
2021-02-27 23:33:27 -  >> Starting Day... Current light is 250 and it's 7:52 Tibian Time.
2021-02-27 23:33:27 -  Formula has logged out. | Client: 0
2021-02-28 00:42:05 -  >> Starting Sunset... Current light is 243 and it's 17:24 Tibian Time.
2021-02-28 00:42:05 -  > NPC Ghostly Wolf added!
2021-02-28 00:42:05 -  > NPC Talila added!
2021-02-28 00:42:05 -  > NPC Valindara removed!
2021-02-28 00:42:05 -  >> Starting Night... Current light is 40 and it's 19:20 Tibian Time.
2021-02-28 00:42:05 -  >> Rashid is traveling to Sundays location.
2021-02-28 00:42:05 -  >> Starting Sunrise... Current light is 47 and it's 5:56 Tibian Time.
2021-02-28 00:42:05 -  > NPC Ghostly Wolf removed!
2021-02-28 00:42:05 -  > NPC Talila removed!
2021-02-28 00:42:05 -  > NPC Valindara added!
2021-02-28 00:42:05 -  >> Starting Day... Current light is 250 and it's 7:52 Tibian Time.
2021-02-28 00:42:05 -  Suurf has logged in. | Client: 12.61
2021-02-28 00:54:55 -  >> Starting Sunset... Current light is 243 and it's 17:24 Tibian Time.
2021-02-28 00:54:55 -  > NPC Ghostly Wolf added!
2021-02-28 00:54:55 -  > NPC Talila added!
2021-02-28 00:54:55 -  > NPC Valindara removed!
2021-02-28 00:54:55 -  >> Starting Night... Current light is 40 and it's 19:20 Tibian Time.
2021-02-28 00:54:55 -  Suurf has logged out. | Client: 12.61
2021-02-28 01:26:29 -  >> Starting Sunrise... Current light is 47 and it's 5:56 Tibian Time.
2021-02-28 01:26:29 -  > NPC Ghostly Wolf removed!
2021-02-28 01:26:29 -  > NPC Talila removed!
2021-02-28 01:26:29 -  > NPC Valindara added!
2021-02-28 01:26:29 -  >> Starting Day... Current light is 250 and it's 7:52 Tibian Time.
2021-02-28 01:26:29 -  > Broadcasted message: "Beware! Mawhawk!".
2021-02-28 01:38:34 -  Moon Phisthys has logged in. | Client: 12.61
2021-02-28 02:28:26 -  >> Starting Sunset... Current light is 243 and it's 17:24 Tibian Time.
2021-02-28 02:28:26 -  > NPC Ghostly Wolf added!
2021-02-28 02:28:26 -  > NPC Talila added!
2021-02-28 02:28:26 -  > NPC Valindara removed!
2021-02-28 02:28:26 -  >> Starting Night... Current light is 40 and it's 19:20 Tibian Time.
2021-02-28 02:28:26 -  >> Starting Sunrise... Current light is 47 and it's 5:56 Tibian Time.
2021-02-28 02:28:26 -  > NPC Ghostly Wolf removed!
2021-02-28 02:28:26 -  > NPC Talila removed!
2021-02-28 02:28:26 -  > NPC Valindara added!
2021-02-28 02:28:26 -  >> Starting Day... Current light is 250 and it's 7:52 Tibian Time.
2021-02-28 02:28:26 -  Moon Phisthys has logged out. | Client: 12.61
2021-02-28 02:28:29 -  Burlockwolf has logged in. | Client: 12.61
2021-02-28 02:28:37 -  Burlockwolf has logged out. | Client: 12.61
2021-02-28 02:31:29 -  Bird Fly has logged in. | Client: 12.61
2021-02-28 02:31:36 -  Bird Fly has logged out. | Client: 12.61
2021-02-28 02:51:29 -  >> Starting Sunset... Current light is 243 and it's 17:24 Tibian Time.
2021-02-28 02:51:29 -  > NPC Ghostly Wolf added!
2021-02-28 02:51:29 -  > NPC Talila added!
2021-02-28 02:51:29 -  > NPC Valindara removed!
2021-02-28 02:51:29 -  >> Starting Night... Current light is 40 and it's 19:20 Tibian Time.
2021-02-28 02:51:29 -  > Broadcasted message: "There's something sizzling in the Ankrahmun Dipthrah tombs.".
2021-02-28 02:51:48 -  > Broadcasted message: "Even more sizzling in the Ankrahmun Dipthrah tombs.".
2021-02-28 02:51:59 -  > Broadcasted message: "Poison overflow in the Ankrahmun Dipthrah tombs!".
2021-02-28 03:26:29 -  >> Starting Sunrise... Current light is 47 and it's 5:56 Tibian Time.
2021-02-28 03:26:29 -  > NPC Ghostly Wolf removed!
2021-02-28 03:26:29 -  > NPC Talila removed!
2021-02-28 03:26:29 -  > NPC Valindara added!
2021-02-28 03:26:29 -  >> Starting Day... Current light is 250 and it's 7:52 Tibian Time.
2021-02-28 03:26:29 -  > ERROR: Failed to save account: MRJEFREY!
2021-02-28 03:54:13 -  >> Starting Sunset... Current light is 243 and it's 17:24 Tibian Time.
2021-02-28 03:54:13 -  > NPC Ghostly Wolf added!
2021-02-28 03:54:13 -  > NPC Talila added!
2021-02-28 03:54:13 -  > NPC Valindara removed!
2021-02-28 03:54:13 -  >> Starting Night... Current light is 40 and it's 19:20 Tibian Time.
2021-02-28 03:54:13 -  Madii has logged in. | Client: 12.61
2021-02-28 03:54:19 -  Madii has logged out. | Client: 12.61
2021-02-28 03:54:21 -  Madiamm has logged in. | Client: 12.61
2021-02-28 04:24:12 -  >> Starting Sunrise... Current light is 47 and it's 5:56 Tibian Time.
2021-02-28 04:24:12 -  > NPC Ghostly Wolf removed!
2021-02-28 04:24:12 -  > NPC Talila removed!
2021-02-28 04:24:12 -  > NPC Valindara added!
2021-02-28 04:24:12 -  >> Starting Day... Current light is 250 and it's 7:52 Tibian Time.
2021-02-28 04:24:12 -  Madiamm has logged out. | Client: 12.61
2021-02-28 04:43:29 -  > Broadcasted message: "Some monks have gathered at a stone circle west of Edron.   They seem to be up to something.".
2021-02-28 04:43:48 -  > Broadcasted message: "More monks have gathered at a stone circle west of Edron.   Something terrible is going to happen!".
2021-02-28 04:45:30 -  >> Starting Sunset... Current light is 243 and it's 17:24 Tibian Time.
2021-02-28 04:45:30 -  > NPC Ghostly Wolf added!
2021-02-28 04:45:30 -  > NPC Talila added!
2021-02-28 04:45:30 -  > NPC Valindara removed!
2021-02-28 04:45:30 -  > Broadcasted message: "Run! Warlocks east of Edron!   There seems to be a very unholy gathering!".
2021-02-28 04:47:21 -  Balada Vip has logged in. | Client: 12.61
2021-02-28 04:58:08 -  >> Starting Night... Current light is 40 and it's 19:20 Tibian Time.
2021-02-28 04:58:08 -  Balada Vip has logged out. | Client: 12.61
2021-02-28 06:06:29 -  >> Starting Sunrise... Current light is 47 and it's 5:56 Tibian Time.
2021-02-28 06:06:29 -  > NPC Ghostly Wolf removed!
2021-02-28 06:06:29 -  > NPC Talila removed!
2021-02-28 06:06:29 -  > NPC Valindara added!
2021-02-28 06:06:29 -  >> Starting Day... Current light is 250 and it's 7:52 Tibian Time.
2021-02-28 06:06:29 -  >> Starting Sunset... Current light is 243 and it's 17:24 Tibian Time.
2021-02-28 06:06:29 -  > NPC Ghostly Wolf added!
2021-02-28 06:06:29 -  > NPC Talila added!
2021-02-28 06:06:29 -  > NPC Valindara removed!
2021-02-28 06:06:29 -  >> Starting Night... Current light is 40 and it's 19:20 Tibian Time.
2021-02-28 06:06:29 -  > Broadcasted message: "There are dragons rising in Draconia!".
2021-02-28 06:47:29 -  >> Starting Sunrise... Current light is 47 and it's 5:56 Tibian Time.
2021-02-28 06:47:29 -  > NPC Ghostly Wolf removed!
2021-02-28 06:47:29 -  > NPC Talila removed!
2021-02-28 06:47:29 -  > NPC Valindara added!
2021-02-28 06:47:29 -  >> Starting Day... Current light is 250 and it's 7:52 Tibian Time.
2021-02-28 06:47:29 -  >> Starting Sunset... Current light is 243 and it's 17:24 Tibian Time.
2021-02-28 06:47:29 -  > NPC Ghostly Wolf added!
2021-02-28 06:47:29 -  > NPC Talila added!
2021-02-28 06:47:29 -  > NPC Valindara removed!
2021-02-28 06:47:29 -  Piruleite Tudo Tres has logged in. | Client: 12.61
2021-02-28 06:48:08 -  Ekgolpeafullz has logged in. | Client: 12.61
2021-02-28 06:49:46 -  >> Starting Night... Current light is 40 and it's 19:20 Tibian Time.
2021-02-28 06:49:46 -  Ronalee Lovexp has logged out. | Client: 11
2021-02-28 06:49:48 -  Ronalee Lovexp has logged in. | Client: 11
2021-02-28 07:25:29 -  >> Starting Sunrise... Current light is 47 and it's 5:56 Tibian Time.
2021-02-28 07:25:29 -  > NPC Ghostly Wolf removed!
2021-02-28 07:25:29 -  > NPC Talila removed!
2021-02-28 07:25:29 -  > NPC Valindara added!
2021-02-28 07:25:29 -  >> Starting Day... Current light is 250 and it's 7:52 Tibian Time.
2021-02-28 07:25:29 -  > Broadcasted message: "Many aggressive beasts are roaming south of Ab'Dendriel! Take care!".
2021-02-28 08:39:29 -  >> Starting Sunset... Current light is 243 and it's 17:24 Tibian Time.
2021-02-28 08:39:29 -  > NPC Ghostly Wolf added!
2021-02-28 08:39:29 -  > NPC Talila added!
2021-02-28 08:39:29 -  > NPC Valindara removed!
2021-02-28 08:39:29 -  >> Starting Night... Current light is 40 and it's 19:20 Tibian Time.
2021-02-28 08:39:29 -  >> Starting Sunrise... Current light is 47 and it's 5:56 Tibian Time.
2021-02-28 08:39:29 -  > NPC Ghostly Wolf removed!
2021-02-28 08:39:29 -  > NPC Talila removed!
2021-02-28 08:39:29 -  > NPC Valindara added!
2021-02-28 08:39:29 -  >> Starting Day... Current light is 250 and it's 7:52 Tibian Time.
2021-02-28 08:39:29 -  > Broadcasted message: "There are more lions than usual west of Darashia.".
2021-02-28 08:39:49 -  > Broadcasted message: "Even more lions west of Darashia!".
2021-02-28 08:41:31 -  > Broadcasted message: "Zomba, the king of lions is roaming the Darashia desert!".
2021-02-28 09:00:03 -  >> Starting Sunset... Current light is 243 and it's 17:24 Tibian Time.
2021-02-28 09:00:03 -  > NPC Ghostly Wolf added!
2021-02-28 09:00:03 -  > NPC Talila added!
2021-02-28 09:00:03 -  > NPC Valindara removed!
2021-02-28 09:00:03 -  >> Starting Night... Current light is 40 and it's 19:20 Tibian Time.
2021-02-28 09:00:03 -  >> Saving Hirelings
2021-02-28 09:00:03 -  Supimpa has logged out. | Client: 0
2021-02-28 09:00:03 -  ADM inside has logged out. | Client: 0
2021-02-28 09:00:03 -  Ronalee Lovexp has logged out. | Client: 0
2021-02-28 09:00:03 -  Ekgolpeafullz has logged out. | Client: 0
2021-02-28 09:00:03 -  Piruleite Tudo Tres has logged out. | Client: 0
2021-02-28 09:00:03 -  GM coxinha has logged out. | Client: 0
2021-02-28 09:00:03 -  Saving server...
2021-02-28 09:00:04 -  > Saved house items in: 0.494 seconds
2021-02-28 09:00:05 -  Shutting down... done!
