2021-03-10 14:11:53 -  OTServBR - Global - Version TFS 1.3
2021-03-10 14:11:53 -  
2021-03-10 14:11:53 -  Compiled with GNU C++ version 9.3.0
2021-03-10 14:11:53 -  Compiled on Feb 27 2021 08:04:53 for platform x64
2021-03-10 14:11:53 -  Linked with LuaJIT 2.1.0-beta3 for Lua support
2021-03-10 14:11:53 -  
2021-03-10 14:11:53 -  A server developed by OTServBR, Mark Samman and The Forgotten Server Developers
2021-03-10 14:11:53 -  Visit our forum for updates, support, and resources: https://otserv.com.br/ and https://forums.otserv.com.br
2021-03-10 14:11:53 -  
2021-03-10 14:11:53 -  >> Loading config
2021-03-10 14:11:53 -  >> Client Version: 12.60
2021-03-10 14:11:53 -  >> Establishing database connection... MySQL 10.3.25
2021-03-10 14:11:53 -  >> Running database manager
2021-03-10 14:11:54 -  > Optimizing table player_items... [success]
2021-03-10 14:11:55 -  > Optimizing table player_storage... [success]
2021-03-10 14:11:55 -  > Optimizing table players_online... [success]
2021-03-10 14:11:55 -  > Optimizing table tile_store... [success]
2021-03-10 14:11:55 -  >> Loading vocations
2021-03-10 14:11:55 -  >> Loading items
2021-03-10 14:11:55 -  >> Loading script systems
2021-03-10 14:11:55 -  >> Loading lua libs
2021-03-10 14:11:56 -  >> Loading event scheduler
2021-03-10 14:11:56 -  > Double Skill  event exp: 0%, loot: 0%, spawn: 0%, skill: 200%.
2021-03-10 14:11:56 -  [Warning - GlobalEvents::configureEvent] Duplicate registered globalevent with name: 
2021-03-10 14:11:56 -  [Warning - GlobalEvents::configureEvent] Duplicate registered globalevent with name: 
2021-03-10 14:11:56 -  > Double Coins  event exp: 0%, loot: 0%, spawn: 0%, skill: 0%.
2021-03-10 14:11:56 -  >> Loading lua scripts
2021-03-10 14:11:56 -  [Warning - Actions::registerLuaEvent] Duplicate registered item with uid: 6500 in range from uid: 5000, to uid: 12000
2021-03-10 14:11:56 -  [Warning - Actions::registerLuaEvent] Duplicate registered item with uid: 6501 in range from uid: 5000, to uid: 12000
2021-03-10 14:11:56 -  [Warning - Actions::registerLuaEvent] Duplicate registered item with uid: 6503 in range from uid: 5000, to uid: 12000
2021-03-10 14:11:56 -  [Warning - Actions::registerLuaEvent] Duplicate registered item with uid: 6550 in range from uid: 5000, to uid: 12000
2021-03-10 14:11:56 -  [Warning - Actions::registerLuaEvent] Duplicate registered item with uid: 6570 in range from uid: 5000, to uid: 12000
2021-03-10 14:11:56 -  [Warning - Actions::registerLuaEvent] Duplicate registered item with uid: 6661 in range from uid: 5000, to uid: 12000
2021-03-10 14:11:56 -  [Warning - Actions::registerLuaEvent] Duplicate registered item with uid: 6662 in range from uid: 5000, to uid: 12000
2021-03-10 14:11:56 -  [Warning - Actions::registerLuaEvent] Duplicate registered item with uid: 6663 in range from uid: 5000, to uid: 12000
2021-03-10 14:11:56 -  [Warning - Actions::registerLuaEvent] Duplicate registered item with uid: 6664 in range from uid: 5000, to uid: 12000
2021-03-10 14:11:56 -  [Warning - Actions::registerLuaEvent] Duplicate registered item with uid: 6665 in range from uid: 5000, to uid: 12000
2021-03-10 14:11:56 -  [Warning - Actions::registerLuaEvent] Duplicate registered item with uid: 6666 in range from uid: 5000, to uid: 12000
2021-03-10 14:11:56 -  [Warning - Actions::registerLuaEvent] Duplicate registered item with uid: 6678 in range from uid: 5000, to uid: 12000
2021-03-10 14:11:56 -  [Warning - Actions::registerLuaEvent] Duplicate registered item with uid: 6693 in range from uid: 5000, to uid: 12000
2021-03-10 14:11:56 -  [Warning - Actions::registerLuaEvent] Duplicate registered item with uid: 6697 in range from uid: 5000, to uid: 12000
2021-03-10 14:11:56 -  [Warning - Actions::registerLuaEvent] Duplicate registered item with uid: 6698 in range from uid: 5000, to uid: 12000
2021-03-10 14:11:56 -  [Warning - Actions::registerLuaEvent] Duplicate registered item with uid: 6699 in range from uid: 5000, to uid: 12000
2021-03-10 14:11:56 -  [Warning - Actions::registerLuaEvent] Duplicate registered item with uid: 6701 in range from uid: 5000, to uid: 12000
2021-03-10 14:11:56 -  [Warning - Actions::registerLuaEvent] Duplicate registered item with uid: 6702 in range from uid: 5000, to uid: 12000
2021-03-10 14:11:56 -  [Warning - Actions::registerLuaEvent] Duplicate registered item with uid: 6703 in range from uid: 5000, to uid: 12000
2021-03-10 14:11:56 -  
2021-03-10 14:11:56 -  Lua Script Error: [Scripts Interface] 
2021-03-10 14:11:56 -  /home/otbr10/data/scripts/movements/quests/feaster_of_soul/vengoth/the_paleworm/boss_lever.lua
2021-03-10 14:11:56 -  ...ests/feaster_of_soul/vengoth/the_paleworm/boss_lever.lua:42: attempt to index local 'condition' (a nil value)
2021-03-10 14:11:56 -  stack traceback:
2021-03-10 14:11:56 -  	[C]: in function '__index'
2021-03-10 14:11:56 -  	...ests/feaster_of_soul/vengoth/the_paleworm/boss_lever.lua:42: in main chunk
2021-03-10 14:11:56 -  > boss_lever.lua [error]
2021-03-10 14:11:56 -  ^ 
2021-03-10 14:11:56 -  
2021-03-10 14:11:56 -  Lua Script Error: [Scripts Interface] 
2021-03-10 14:11:56 -  /home/otbr10/data/scripts/movements/quests/feaster_of_soul/vengoth/the_paleworm/lantern.lua
2021-03-10 14:11:56 -  .../quests/feaster_of_soul/vengoth/the_paleworm/lantern.lua:5: attempt to index local 'condition' (a nil value)
2021-03-10 14:11:56 -  stack traceback:
2021-03-10 14:11:56 -  	[C]: in function '__index'
2021-03-10 14:11:56 -  	.../quests/feaster_of_soul/vengoth/the_paleworm/lantern.lua:5: in main chunk
2021-03-10 14:11:56 -  > lantern.lua [error]
2021-03-10 14:11:56 -  ^ 
2021-03-10 14:11:56 -  >> Loading lua monsters
2021-03-10 14:11:57 -  [Warning - Loot:setId] Unknown loot item "spectral scrap of cloth". 
2021-03-10 14:11:57 -  [Warning - end] Monster: "The Pale Worm" loot could not correctly be load.
2021-03-10 14:11:57 -  [Error - Monsters::deserializeSpell] - The Pale Worm - Unknown spell name: summonsthepaleworm
2021-03-10 14:11:57 -  [Error - Monsters::deserializeSpell] - A Weak Spot - Unknown spell name: aweakspotdeathue
2021-03-10 14:11:57 -  [Error - Monsters::deserializeSpell] - A Weak Spot - Unknown spell name: summonsaweakspot
2021-03-10 14:11:57 -  [Error - Monsters::deserializeSpell] - The Dread Maiden - Unknown spell name: maidenring
2021-03-10 14:11:57 -  [Error - Monsters::deserializeSpell] - The Dread Maiden - Unknown spell name: summonsthedreadmaiden
2021-03-10 14:11:57 -  [Error - Monsters::deserializeSpell] - Horror - Unknown spell name: cakeheal
2021-03-10 14:11:57 -  [Error - Monsters::deserializeSpell] - Symbol of Fear - Unknown spell name: symboloffearue
2021-03-10 14:11:57 -  [Error - Monsters::deserializeSpell] - The Fear Feaster - Unknown spell name: deathring1x1
2021-03-10 14:11:57 -  [Error - Monsters::deserializeSpell] - The Fear Feaster - Unknown spell name: deathring2x2
2021-03-10 14:11:57 -  [Error - Monsters::deserializeSpell] - The Fear Feaster - Unknown spell name: deathring3x3
2021-03-10 14:11:57 -  [Error - Monsters::deserializeSpell] - Brother Worm - Unknown spell name: lifesteal
2021-03-10 14:11:57 -  [Error - Monsters::deserializeSpell] - The Unwelcome - Unknown spell name: lifesteal
2021-03-10 14:11:57 -  [Error - Monsters::deserializeSpell] - The Unwelcome - Unknown spell name: summonstheunwelcome
2021-03-10 14:11:57 -  >> Loading outfits
2021-03-10 14:11:57 -  >> Loading familiars
2021-03-10 14:11:57 -  >> Boosted creature: Worm Priestess
2021-03-10 14:11:57 -  >> Checking world type... PVP
2021-03-10 14:11:57 -  >> Loading map
2021-03-10 14:12:00 -  > Map size: 34143x33812
2021-03-10 14:12:07 -  > Duplicate unique id: 6664
2021-03-10 14:12:09 -  > Map loading time: 12.01 seconds
2021-03-10 14:12:10 -  > Loaded spawns in: 12.581 seconds
2021-03-10 14:12:10 -  > Loaded house items in: 0.025 seconds
2021-03-10 14:12:10 -  >> Initializing gamestate
2021-03-10 14:12:14 -  >> Nightmare Isle will be active north of Darashia today
2021-03-10 14:12:14 -  >> Fury Gate will be active in Ab'dendriel today
2021-03-10 14:12:14 -  >> Rashid arrived at Wednesdays destination.
2021-03-10 14:12:14 -  >> Loading map attributes
2021-03-10 14:12:14 -  > Loaded 967 npcs and spawned 74141 monsters
2021-03-10 14:12:14 -  > Loaded 26 towns with 984 houses in total
2021-03-10 14:12:14 -  >> Wrong item id found
2021-03-10 14:12:14 -  > Sign id: 11, item id: 1406
2021-03-10 14:12:14 -  > Loaded 14 signs in the map
2021-03-10 14:12:14 -  > Loaded 37 books and documents in the map
2021-03-10 14:12:14 -  >> Wrong item id found
2021-03-10 14:12:14 -  > Action id: 14900, item id: 22821
2021-03-10 14:12:14 -  >> Wrong item id found
2021-03-10 14:12:14 -  > Unique id: 30026, item id: 10044
2021-03-10 14:12:14 -  > Loaded all actions in the map
2021-03-10 14:12:14 -  > Loaded all uniques in the map
2021-03-10 14:12:14 -  >> Spawning Hirelings
2021-03-10 14:12:14 -  >> Loading custom map
2021-03-10 14:12:14 -  > Loaded otservbr-custom map
2021-03-10 14:12:14 -  >> Yasir: not this time
2021-03-10 14:12:14 -  >> Loaded all modules, server starting up...
2021-03-10 14:12:14 -  > Warning: OTServBR - Global has been executed as root user, please consider running it as a normal user.
2021-03-10 14:12:14 -  >> Divine-Global Server Online!
2021-03-10 14:12:14 -  
2021-03-10 14:12:14 -  > Map size: 34143x33812
2021-03-10 14:12:14 -  > Map loading time: 0.002 seconds
2021-03-10 14:12:14 -  > Map size: 32684x31728
2021-03-10 14:12:14 -  > Map loading time: 0.001 seconds
2021-03-10 14:12:14 -  > Map size: 34143x33812
2021-03-10 14:12:14 -  > Map loading time: 0.065 seconds
2021-03-10 14:12:14 -  Gabriela Sexy has logged in. | Client: 12.61
2021-03-10 14:12:14 -  187.53.117.62 disconnected for exceeding packet per second limit.
2021-03-10 14:12:19 -  ADM inside has logged in. | Client: 12.61
2021-03-10 14:12:31 -  > Loaded otservbr-custom spawn
2021-03-10 14:12:31 -  Tankador has logged in. | Client: 12.61
2021-03-10 14:12:57 -  Ronalee Lovexp has logged in. | Client: 12.61
2021-03-10 14:14:19 -  Metiradaqui has logged in. | Client: 12.61
2021-03-10 14:15:01 -  Supimpa has logged in. | Client: 12.61
2021-03-10 14:15:46 -  GM coxinha has logged in. | Client: 12.61
2021-03-10 14:31:57 -  [Warning - Monster::Monster] Unknown event name: healDeathDamage
2021-03-10 14:33:39 -  Outro Guri Du Geada has logged in. | Client: 12.61
2021-03-10 14:33:41 -  
2021-03-10 14:33:41 -  Lua Script Error: [Scripts Interface] 
2021-03-10 14:33:41 -  /home/otbr10/data/scripts/movements/quests/feaster_of_soul/vengoth/the_paleworm/the_paleworm_entrance.lua:callback
2021-03-10 14:33:41 -  ...r_of_soul/vengoth/the_paleworm/the_paleworm_entrance.lua:7: attempt to index field 'TheUnwelcome' (a nil value)
2021-03-10 14:33:41 -  stack traceback:
2021-03-10 14:33:41 -  	[C]: in function '__index'
2021-03-10 14:33:41 -  	...r_of_soul/vengoth/the_paleworm/the_paleworm_entrance.lua:7: in function <...r_of_soul/vengoth/the_paleworm/the_paleworm_entrance.lua:2>
2021-03-10 14:33:43 -  
2021-03-10 14:33:43 -  Lua Script Error: [Scripts Interface] 
2021-03-10 14:33:43 -  /home/otbr10/data/scripts/movements/quests/feaster_of_soul/vengoth/the_paleworm/the_paleworm_entrance.lua:callback
2021-03-10 14:33:43 -  ...r_of_soul/vengoth/the_paleworm/the_paleworm_entrance.lua:7: attempt to index field 'TheUnwelcome' (a nil value)
2021-03-10 14:33:43 -  stack traceback:
2021-03-10 14:33:43 -  	[C]: in function '__index'
2021-03-10 14:33:43 -  	...r_of_soul/vengoth/the_paleworm/the_paleworm_entrance.lua:7: in function <...r_of_soul/vengoth/the_paleworm/the_paleworm_entrance.lua:2>
2021-03-10 14:33:44 -  Outro Guri Du Geada has logged out. | Client: 12.61
2021-03-10 14:33:47 -  Guri Du Geada has logged in. | Client: 12.61
2021-03-10 14:34:27 -  
2021-03-10 14:34:27 -  Lua Script Error: [Scripts Interface] 
2021-03-10 14:34:27 -  /home/otbr10/data/scripts/movements/quests/feaster_of_soul/vengoth/the_paleworm/the_paleworm_entrance.lua:callback
2021-03-10 14:34:27 -  ...r_of_soul/vengoth/the_paleworm/the_paleworm_entrance.lua:7: attempt to index field 'TheUnwelcome' (a nil value)
2021-03-10 14:34:27 -  stack traceback:
2021-03-10 14:34:27 -  	[C]: in function '__index'
2021-03-10 14:34:27 -  	...r_of_soul/vengoth/the_paleworm/the_paleworm_entrance.lua:7: in function <...r_of_soul/vengoth/the_paleworm/the_paleworm_entrance.lua:2>
2021-03-10 14:35:51 -  [Warning - Actions::registerLuaEvent] Duplicate registered item with uid: 6500 in range from uid: 5000, to uid: 12000
2021-03-10 14:35:51 -  [Warning - Actions::registerLuaEvent] Duplicate registered item with uid: 6501 in range from uid: 5000, to uid: 12000
2021-03-10 14:35:51 -  [Warning - Actions::registerLuaEvent] Duplicate registered item with uid: 6503 in range from uid: 5000, to uid: 12000
2021-03-10 14:35:51 -  [Warning - Actions::registerLuaEvent] Duplicate registered item with uid: 6550 in range from uid: 5000, to uid: 12000
2021-03-10 14:35:51 -  [Warning - Actions::registerLuaEvent] Duplicate registered item with uid: 6570 in range from uid: 5000, to uid: 12000
2021-03-10 14:35:51 -  [Warning - Actions::registerLuaEvent] Duplicate registered item with uid: 6661 in range from uid: 5000, to uid: 12000
2021-03-10 14:35:51 -  [Warning - Actions::registerLuaEvent] Duplicate registered item with uid: 6662 in range from uid: 5000, to uid: 12000
2021-03-10 14:35:51 -  [Warning - Actions::registerLuaEvent] Duplicate registered item with uid: 6663 in range from uid: 5000, to uid: 12000
2021-03-10 14:35:51 -  [Warning - Actions::registerLuaEvent] Duplicate registered item with uid: 6664 in range from uid: 5000, to uid: 12000
2021-03-10 14:35:51 -  [Warning - Actions::registerLuaEvent] Duplicate registered item with uid: 6665 in range from uid: 5000, to uid: 12000
2021-03-10 14:35:51 -  [Warning - Actions::registerLuaEvent] Duplicate registered item with uid: 6666 in range from uid: 5000, to uid: 12000
2021-03-10 14:35:51 -  [Warning - Actions::registerLuaEvent] Duplicate registered item with uid: 6678 in range from uid: 5000, to uid: 12000
2021-03-10 14:35:51 -  [Warning - Actions::registerLuaEvent] Duplicate registered item with uid: 6693 in range from uid: 5000, to uid: 12000
2021-03-10 14:35:51 -  [Warning - Actions::registerLuaEvent] Duplicate registered item with uid: 6697 in range from uid: 5000, to uid: 12000
2021-03-10 14:35:51 -  [Warning - Actions::registerLuaEvent] Duplicate registered item with uid: 6698 in range from uid: 5000, to uid: 12000
2021-03-10 14:35:51 -  [Warning - Actions::registerLuaEvent] Duplicate registered item with uid: 6699 in range from uid: 5000, to uid: 12000
2021-03-10 14:35:51 -  [Warning - Actions::registerLuaEvent] Duplicate registered item with uid: 6701 in range from uid: 5000, to uid: 12000
2021-03-10 14:35:51 -  [Warning - Actions::registerLuaEvent] Duplicate registered item with uid: 6702 in range from uid: 5000, to uid: 12000
2021-03-10 14:35:51 -  [Warning - Actions::registerLuaEvent] Duplicate registered item with uid: 6703 in range from uid: 5000, to uid: 12000
2021-03-10 14:35:51 -  
2021-03-10 14:35:51 -  Lua Script Error: [Scripts Interface] 
2021-03-10 14:35:51 -  /home/otbr10/data/scripts/movements/quests/feaster_of_soul/vengoth/the_paleworm/boss_lever.lua
2021-03-10 14:35:51 -  ...ests/feaster_of_soul/vengoth/the_paleworm/boss_lever.lua:42: attempt to index local 'condition' (a nil value)
2021-03-10 14:35:51 -  stack traceback:
2021-03-10 14:35:51 -  	[C]: in function '__index'
2021-03-10 14:35:51 -  	...ests/feaster_of_soul/vengoth/the_paleworm/boss_lever.lua:42: in main chunk
2021-03-10 14:35:51 -  	[C]: in function 'reload'
2021-03-10 14:35:51 -  	/home/otbr10/data/scripts/talkactions/god/reload.lua:61: in function </home/otbr10/data/scripts/talkactions/god/reload.lua:47>
2021-03-10 14:35:51 -  > boss_lever.lua [error]
2021-03-10 14:35:51 -  ^ 
2021-03-10 14:35:51 -  
2021-03-10 14:35:51 -  Lua Script Error: [Scripts Interface] 
2021-03-10 14:35:51 -  /home/otbr10/data/scripts/movements/quests/feaster_of_soul/vengoth/the_paleworm/lantern.lua
2021-03-10 14:35:51 -  .../quests/feaster_of_soul/vengoth/the_paleworm/lantern.lua:5: attempt to index local 'condition' (a nil value)
2021-03-10 14:35:51 -  stack traceback:
2021-03-10 14:35:51 -  	[C]: in function '__index'
2021-03-10 14:35:51 -  	.../quests/feaster_of_soul/vengoth/the_paleworm/lantern.lua:5: in main chunk
2021-03-10 14:35:51 -  	[C]: in function 'reload'
2021-03-10 14:35:51 -  	/home/otbr10/data/scripts/talkactions/god/reload.lua:61: in function </home/otbr10/data/scripts/talkactions/god/reload.lua:47>
2021-03-10 14:35:51 -  > lantern.lua [error]
2021-03-10 14:35:51 -  ^ 
2021-03-10 14:35:52 -  Reloaded: scripts.
2021-03-10 14:35:52 -  
2021-03-10 14:35:52 -  Lua Script Error: [Scripts Interface] 
2021-03-10 14:35:52 -  /home/otbr10/data/scripts/movements/quests/feaster_of_soul/vengoth/the_paleworm/the_paleworm_entrance.lua:callback
2021-03-10 14:35:52 -  ...r_of_soul/vengoth/the_paleworm/the_paleworm_entrance.lua:7: attempt to index field 'TheUnwelcome' (a nil value)
2021-03-10 14:35:52 -  stack traceback:
2021-03-10 14:35:52 -  	[C]: in function '__index'
2021-03-10 14:35:52 -  	...r_of_soul/vengoth/the_paleworm/the_paleworm_entrance.lua:7: in function <...r_of_soul/vengoth/the_paleworm/the_paleworm_entrance.lua:2>
2021-03-10 14:35:55 -  
2021-03-10 14:35:55 -  Lua Script Error: [Scripts Interface] 
2021-03-10 14:35:55 -  /home/otbr10/data/scripts/movements/quests/feaster_of_soul/vengoth/the_paleworm/the_paleworm_entrance.lua:callback
2021-03-10 14:35:55 -  ...r_of_soul/vengoth/the_paleworm/the_paleworm_entrance.lua:7: attempt to index field 'TheUnwelcome' (a nil value)
2021-03-10 14:35:55 -  stack traceback:
2021-03-10 14:35:55 -  	[C]: in function '__index'
2021-03-10 14:35:55 -  	...r_of_soul/vengoth/the_paleworm/the_paleworm_entrance.lua:7: in function <...r_of_soul/vengoth/the_paleworm/the_paleworm_entrance.lua:2>
2021-03-10 14:35:57 -  
2021-03-10 14:35:57 -  Lua Script Error: [Scripts Interface] 
2021-03-10 14:35:57 -  /home/otbr10/data/scripts/movements/quests/feaster_of_soul/vengoth/the_paleworm/the_paleworm_entrance.lua:callback
2021-03-10 14:35:57 -  ...r_of_soul/vengoth/the_paleworm/the_paleworm_entrance.lua:7: attempt to index field 'TheUnwelcome' (a nil value)
2021-03-10 14:35:57 -  stack traceback:
2021-03-10 14:35:57 -  	[C]: in function '__index'
2021-03-10 14:35:57 -  	...r_of_soul/vengoth/the_paleworm/the_paleworm_entrance.lua:7: in function <...r_of_soul/vengoth/the_paleworm/the_paleworm_entrance.lua:2>
2021-03-10 14:35:59 -  
2021-03-10 14:35:59 -  Lua Script Error: [Scripts Interface] 
2021-03-10 14:35:59 -  /home/otbr10/data/scripts/movements/quests/feaster_of_soul/vengoth/the_paleworm/the_paleworm_entrance.lua:callback
2021-03-10 14:35:59 -  ...r_of_soul/vengoth/the_paleworm/the_paleworm_entrance.lua:7: attempt to index field 'TheUnwelcome' (a nil value)
2021-03-10 14:35:59 -  stack traceback:
2021-03-10 14:35:59 -  	[C]: in function '__index'
2021-03-10 14:35:59 -  	...r_of_soul/vengoth/the_paleworm/the_paleworm_entrance.lua:7: in function <...r_of_soul/vengoth/the_paleworm/the_paleworm_entrance.lua:2>
2021-03-10 14:37:38 -  [Warning - Actions::registerLuaEvent] Duplicate registered item with uid: 6500 in range from uid: 5000, to uid: 12000
2021-03-10 14:37:38 -  [Warning - Actions::registerLuaEvent] Duplicate registered item with uid: 6501 in range from uid: 5000, to uid: 12000
2021-03-10 14:37:38 -  [Warning - Actions::registerLuaEvent] Duplicate registered item with uid: 6503 in range from uid: 5000, to uid: 12000
2021-03-10 14:37:38 -  [Warning - Actions::registerLuaEvent] Duplicate registered item with uid: 6550 in range from uid: 5000, to uid: 12000
2021-03-10 14:37:38 -  [Warning - Actions::registerLuaEvent] Duplicate registered item with uid: 6570 in range from uid: 5000, to uid: 12000
2021-03-10 14:37:38 -  [Warning - Actions::registerLuaEvent] Duplicate registered item with uid: 6661 in range from uid: 5000, to uid: 12000
2021-03-10 14:37:38 -  [Warning - Actions::registerLuaEvent] Duplicate registered item with uid: 6662 in range from uid: 5000, to uid: 12000
2021-03-10 14:37:38 -  [Warning - Actions::registerLuaEvent] Duplicate registered item with uid: 6663 in range from uid: 5000, to uid: 12000
2021-03-10 14:37:38 -  [Warning - Actions::registerLuaEvent] Duplicate registered item with uid: 6664 in range from uid: 5000, to uid: 12000
2021-03-10 14:37:38 -  [Warning - Actions::registerLuaEvent] Duplicate registered item with uid: 6665 in range from uid: 5000, to uid: 12000
2021-03-10 14:37:38 -  [Warning - Actions::registerLuaEvent] Duplicate registered item with uid: 6666 in range from uid: 5000, to uid: 12000
2021-03-10 14:37:38 -  [Warning - Actions::registerLuaEvent] Duplicate registered item with uid: 6678 in range from uid: 5000, to uid: 12000
2021-03-10 14:37:38 -  [Warning - Actions::registerLuaEvent] Duplicate registered item with uid: 6693 in range from uid: 5000, to uid: 12000
2021-03-10 14:37:38 -  [Warning - Actions::registerLuaEvent] Duplicate registered item with uid: 6697 in range from uid: 5000, to uid: 12000
2021-03-10 14:37:38 -  [Warning - Actions::registerLuaEvent] Duplicate registered item with uid: 6698 in range from uid: 5000, to uid: 12000
2021-03-10 14:37:38 -  [Warning - Actions::registerLuaEvent] Duplicate registered item with uid: 6699 in range from uid: 5000, to uid: 12000
2021-03-10 14:37:38 -  [Warning - Actions::registerLuaEvent] Duplicate registered item with uid: 6701 in range from uid: 5000, to uid: 12000
2021-03-10 14:37:38 -  [Warning - Actions::registerLuaEvent] Duplicate registered item with uid: 6702 in range from uid: 5000, to uid: 12000
2021-03-10 14:37:38 -  [Warning - Actions::registerLuaEvent] Duplicate registered item with uid: 6703 in range from uid: 5000, to uid: 12000
2021-03-10 14:37:38 -  
2021-03-10 14:37:38 -  Lua Script Error: [Scripts Interface] 
2021-03-10 14:37:38 -  /home/otbr10/data/scripts/movements/quests/feaster_of_soul/vengoth/the_paleworm/boss_lever.lua
2021-03-10 14:37:38 -  ...ests/feaster_of_soul/vengoth/the_paleworm/boss_lever.lua:42: attempt to index local 'condition' (a nil value)
2021-03-10 14:37:38 -  stack traceback:
2021-03-10 14:37:38 -  	[C]: in function '__index'
2021-03-10 14:37:38 -  	...ests/feaster_of_soul/vengoth/the_paleworm/boss_lever.lua:42: in main chunk
2021-03-10 14:37:38 -  	[C]: in function 'reload'
2021-03-10 14:37:38 -  	/home/otbr10/data/scripts/talkactions/god/reload.lua:61: in function </home/otbr10/data/scripts/talkactions/god/reload.lua:47>
2021-03-10 14:37:38 -  > boss_lever.lua [error]
2021-03-10 14:37:38 -  ^ 
2021-03-10 14:37:38 -  
2021-03-10 14:37:38 -  Lua Script Error: [Scripts Interface] 
2021-03-10 14:37:38 -  /home/otbr10/data/scripts/movements/quests/feaster_of_soul/vengoth/the_paleworm/lantern.lua
2021-03-10 14:37:38 -  .../quests/feaster_of_soul/vengoth/the_paleworm/lantern.lua:5: attempt to index local 'condition' (a nil value)
2021-03-10 14:37:38 -  stack traceback:
2021-03-10 14:37:38 -  	[C]: in function '__index'
2021-03-10 14:37:38 -  	.../quests/feaster_of_soul/vengoth/the_paleworm/lantern.lua:5: in main chunk
2021-03-10 14:37:38 -  	[C]: in function 'reload'
2021-03-10 14:37:38 -  	/home/otbr10/data/scripts/talkactions/god/reload.lua:61: in function </home/otbr10/data/scripts/talkactions/god/reload.lua:47>
2021-03-10 14:37:38 -  > lantern.lua [error]
2021-03-10 14:37:38 -  ^ 
2021-03-10 14:37:39 -  Reloaded: scripts.
2021-03-10 14:37:39 -  
2021-03-10 14:37:39 -  Lua Script Error: [Scripts Interface] 
2021-03-10 14:37:39 -  /home/otbr10/data/scripts/movements/quests/feaster_of_soul/vengoth/the_paleworm/the_paleworm_entrance.lua:callback
2021-03-10 14:37:39 -  ...r_of_soul/vengoth/the_paleworm/the_paleworm_entrance.lua:7: attempt to index field 'TheUnwelcome' (a nil value)
2021-03-10 14:37:39 -  stack traceback:
2021-03-10 14:37:39 -  	[C]: in function '__index'
2021-03-10 14:37:39 -  	...r_of_soul/vengoth/the_paleworm/the_paleworm_entrance.lua:7: in function <...r_of_soul/vengoth/the_paleworm/the_paleworm_entrance.lua:2>
2021-03-10 14:37:40 -  
2021-03-10 14:37:40 -  Lua Script Error: [Scripts Interface] 
2021-03-10 14:37:40 -  /home/otbr10/data/scripts/movements/quests/feaster_of_soul/vengoth/the_paleworm/the_paleworm_entrance.lua:callback
2021-03-10 14:37:40 -  ...r_of_soul/vengoth/the_paleworm/the_paleworm_entrance.lua:7: attempt to index field 'TheUnwelcome' (a nil value)
2021-03-10 14:37:40 -  stack traceback:
2021-03-10 14:37:40 -  	[C]: in function '__index'
2021-03-10 14:37:40 -  	...r_of_soul/vengoth/the_paleworm/the_paleworm_entrance.lua:7: in function <...r_of_soul/vengoth/the_paleworm/the_paleworm_entrance.lua:2>
2021-03-10 14:37:43 -  
2021-03-10 14:37:43 -  Lua Script Error: [Scripts Interface] 
2021-03-10 14:37:43 -  /home/otbr10/data/scripts/movements/quests/feaster_of_soul/vengoth/the_paleworm/the_paleworm_entrance.lua:callback
2021-03-10 14:37:43 -  ...r_of_soul/vengoth/the_paleworm/the_paleworm_entrance.lua:7: attempt to index field 'TheUnwelcome' (a nil value)
2021-03-10 14:37:43 -  stack traceback:
2021-03-10 14:37:43 -  	[C]: in function '__index'
2021-03-10 14:37:43 -  	...r_of_soul/vengoth/the_paleworm/the_paleworm_entrance.lua:7: in function <...r_of_soul/vengoth/the_paleworm/the_paleworm_entrance.lua:2>
2021-03-10 14:39:32 -  [Warning - Actions::registerLuaEvent] Duplicate registered item with uid: 6500 in range from uid: 5000, to uid: 12000
2021-03-10 14:39:32 -  [Warning - Actions::registerLuaEvent] Duplicate registered item with uid: 6501 in range from uid: 5000, to uid: 12000
2021-03-10 14:39:32 -  [Warning - Actions::registerLuaEvent] Duplicate registered item with uid: 6503 in range from uid: 5000, to uid: 12000
2021-03-10 14:39:32 -  [Warning - Actions::registerLuaEvent] Duplicate registered item with uid: 6550 in range from uid: 5000, to uid: 12000
2021-03-10 14:39:32 -  [Warning - Actions::registerLuaEvent] Duplicate registered item with uid: 6570 in range from uid: 5000, to uid: 12000
2021-03-10 14:39:32 -  [Warning - Actions::registerLuaEvent] Duplicate registered item with uid: 6661 in range from uid: 5000, to uid: 12000
2021-03-10 14:39:32 -  [Warning - Actions::registerLuaEvent] Duplicate registered item with uid: 6662 in range from uid: 5000, to uid: 12000
2021-03-10 14:39:32 -  [Warning - Actions::registerLuaEvent] Duplicate registered item with uid: 6663 in range from uid: 5000, to uid: 12000
2021-03-10 14:39:32 -  [Warning - Actions::registerLuaEvent] Duplicate registered item with uid: 6664 in range from uid: 5000, to uid: 12000
2021-03-10 14:39:32 -  [Warning - Actions::registerLuaEvent] Duplicate registered item with uid: 6665 in range from uid: 5000, to uid: 12000
2021-03-10 14:39:32 -  [Warning - Actions::registerLuaEvent] Duplicate registered item with uid: 6666 in range from uid: 5000, to uid: 12000
2021-03-10 14:39:32 -  [Warning - Actions::registerLuaEvent] Duplicate registered item with uid: 6678 in range from uid: 5000, to uid: 12000
2021-03-10 14:39:32 -  [Warning - Actions::registerLuaEvent] Duplicate registered item with uid: 6693 in range from uid: 5000, to uid: 12000
2021-03-10 14:39:32 -  [Warning - Actions::registerLuaEvent] Duplicate registered item with uid: 6697 in range from uid: 5000, to uid: 12000
2021-03-10 14:39:32 -  [Warning - Actions::registerLuaEvent] Duplicate registered item with uid: 6698 in range from uid: 5000, to uid: 12000
2021-03-10 14:39:32 -  [Warning - Actions::registerLuaEvent] Duplicate registered item with uid: 6699 in range from uid: 5000, to uid: 12000
2021-03-10 14:39:32 -  [Warning - Actions::registerLuaEvent] Duplicate registered item with uid: 6701 in range from uid: 5000, to uid: 12000
2021-03-10 14:39:32 -  [Warning - Actions::registerLuaEvent] Duplicate registered item with uid: 6702 in range from uid: 5000, to uid: 12000
2021-03-10 14:39:32 -  [Warning - Actions::registerLuaEvent] Duplicate registered item with uid: 6703 in range from uid: 5000, to uid: 12000
2021-03-10 14:39:32 -  
2021-03-10 14:39:32 -  Lua Script Error: [Scripts Interface] 
2021-03-10 14:39:32 -  /home/otbr10/data/scripts/movements/quests/feaster_of_soul/vengoth/the_paleworm/boss_lever.lua
2021-03-10 14:39:32 -  ...ests/feaster_of_soul/vengoth/the_paleworm/boss_lever.lua:42: attempt to index local 'condition' (a nil value)
2021-03-10 14:39:32 -  stack traceback:
2021-03-10 14:39:32 -  	[C]: in function '__index'
2021-03-10 14:39:32 -  	...ests/feaster_of_soul/vengoth/the_paleworm/boss_lever.lua:42: in main chunk
2021-03-10 14:39:32 -  	[C]: in function 'reload'
2021-03-10 14:39:32 -  	/home/otbr10/data/scripts/talkactions/god/reload.lua:61: in function </home/otbr10/data/scripts/talkactions/god/reload.lua:47>
2021-03-10 14:39:32 -  > boss_lever.lua [error]
2021-03-10 14:39:32 -  ^ 
2021-03-10 14:39:32 -  
2021-03-10 14:39:32 -  Lua Script Error: [Scripts Interface] 
2021-03-10 14:39:32 -  /home/otbr10/data/scripts/movements/quests/feaster_of_soul/vengoth/the_paleworm/lantern.lua
2021-03-10 14:39:32 -  .../quests/feaster_of_soul/vengoth/the_paleworm/lantern.lua:5: attempt to index local 'condition' (a nil value)
2021-03-10 14:39:32 -  stack traceback:
2021-03-10 14:39:32 -  	[C]: in function '__index'
2021-03-10 14:39:32 -  	.../quests/feaster_of_soul/vengoth/the_paleworm/lantern.lua:5: in main chunk
2021-03-10 14:39:32 -  	[C]: in function 'reload'
2021-03-10 14:39:32 -  	/home/otbr10/data/scripts/talkactions/god/reload.lua:61: in function </home/otbr10/data/scripts/talkactions/god/reload.lua:47>
2021-03-10 14:39:32 -  > lantern.lua [error]
2021-03-10 14:39:32 -  ^ 
2021-03-10 14:39:35 -  Reloaded: scripts.
2021-03-10 14:39:35 -  
2021-03-10 14:39:35 -  Lua Script Error: [Scripts Interface] 
2021-03-10 14:39:35 -  /home/otbr10/data/scripts/movements/quests/feaster_of_soul/vengoth/the_paleworm/the_paleworm_entrance.lua:callback
2021-03-10 14:39:35 -  ...r_of_soul/vengoth/the_paleworm/the_paleworm_entrance.lua:7: attempt to index field 'TheUnwelcome' (a nil value)
2021-03-10 14:39:35 -  stack traceback:
2021-03-10 14:39:35 -  	[C]: in function '__index'
2021-03-10 14:39:35 -  	...r_of_soul/vengoth/the_paleworm/the_paleworm_entrance.lua:7: in function <...r_of_soul/vengoth/the_paleworm/the_paleworm_entrance.lua:2>
2021-03-10 14:39:36 -  
2021-03-10 14:39:36 -  Lua Script Error: [Scripts Interface] 
2021-03-10 14:39:36 -  /home/otbr10/data/scripts/movements/quests/feaster_of_soul/vengoth/the_paleworm/the_paleworm_entrance.lua:callback
2021-03-10 14:39:36 -  ...r_of_soul/vengoth/the_paleworm/the_paleworm_entrance.lua:7: attempt to index field 'TheUnwelcome' (a nil value)
2021-03-10 14:39:36 -  stack traceback:
2021-03-10 14:39:36 -  	[C]: in function '__index'
2021-03-10 14:39:36 -  	...r_of_soul/vengoth/the_paleworm/the_paleworm_entrance.lua:7: in function <...r_of_soul/vengoth/the_paleworm/the_paleworm_entrance.lua:2>
2021-03-10 14:39:37 -  
2021-03-10 14:39:37 -  Lua Script Error: [Scripts Interface] 
2021-03-10 14:39:37 -  /home/otbr10/data/scripts/movements/quests/feaster_of_soul/vengoth/the_paleworm/the_paleworm_entrance.lua:callback
2021-03-10 14:39:37 -  ...r_of_soul/vengoth/the_paleworm/the_paleworm_entrance.lua:7: attempt to index field 'TheUnwelcome' (a nil value)
2021-03-10 14:39:37 -  stack traceback:
2021-03-10 14:39:37 -  	[C]: in function '__index'
2021-03-10 14:39:37 -  	...r_of_soul/vengoth/the_paleworm/the_paleworm_entrance.lua:7: in function <...r_of_soul/vengoth/the_paleworm/the_paleworm_entrance.lua:2>
2021-03-10 14:39:38 -  
2021-03-10 14:39:38 -  Lua Script Error: [Scripts Interface] 
2021-03-10 14:39:38 -  /home/otbr10/data/scripts/movements/quests/feaster_of_soul/vengoth/the_paleworm/the_paleworm_entrance.lua:callback
2021-03-10 14:39:38 -  ...r_of_soul/vengoth/the_paleworm/the_paleworm_entrance.lua:7: attempt to index field 'TheUnwelcome' (a nil value)
2021-03-10 14:39:38 -  stack traceback:
2021-03-10 14:39:38 -  	[C]: in function '__index'
2021-03-10 14:39:38 -  	...r_of_soul/vengoth/the_paleworm/the_paleworm_entrance.lua:7: in function <...r_of_soul/vengoth/the_paleworm/the_paleworm_entrance.lua:2>
2021-03-10 14:39:38 -  
2021-03-10 14:39:38 -  Lua Script Error: [Scripts Interface] 
2021-03-10 14:39:38 -  /home/otbr10/data/scripts/movements/quests/feaster_of_soul/vengoth/the_paleworm/the_paleworm_entrance.lua:callback
2021-03-10 14:39:38 -  ...r_of_soul/vengoth/the_paleworm/the_paleworm_entrance.lua:7: attempt to index field 'TheUnwelcome' (a nil value)
2021-03-10 14:39:38 -  stack traceback:
2021-03-10 14:39:38 -  	[C]: in function '__index'
2021-03-10 14:39:38 -  	...r_of_soul/vengoth/the_paleworm/the_paleworm_entrance.lua:7: in function <...r_of_soul/vengoth/the_paleworm/the_paleworm_entrance.lua:2>
2021-03-10 14:39:39 -  
2021-03-10 14:39:39 -  Lua Script Error: [Scripts Interface] 
2021-03-10 14:39:39 -  /home/otbr10/data/scripts/movements/quests/feaster_of_soul/vengoth/the_paleworm/the_paleworm_entrance.lua:callback
2021-03-10 14:39:39 -  ...r_of_soul/vengoth/the_paleworm/the_paleworm_entrance.lua:7: attempt to index field 'TheUnwelcome' (a nil value)
2021-03-10 14:39:39 -  stack traceback:
2021-03-10 14:39:39 -  	[C]: in function '__index'
2021-03-10 14:39:39 -  	...r_of_soul/vengoth/the_paleworm/the_paleworm_entrance.lua:7: in function <...r_of_soul/vengoth/the_paleworm/the_paleworm_entrance.lua:2>
2021-03-10 14:39:39 -  
2021-03-10 14:39:39 -  Lua Script Error: [Scripts Interface] 
2021-03-10 14:39:39 -  /home/otbr10/data/scripts/movements/quests/feaster_of_soul/vengoth/the_paleworm/the_paleworm_entrance.lua:callback
2021-03-10 14:39:39 -  ...r_of_soul/vengoth/the_paleworm/the_paleworm_entrance.lua:7: attempt to index field 'TheUnwelcome' (a nil value)
2021-03-10 14:39:39 -  stack traceback:
2021-03-10 14:39:39 -  	[C]: in function '__index'
2021-03-10 14:39:39 -  	...r_of_soul/vengoth/the_paleworm/the_paleworm_entrance.lua:7: in function <...r_of_soul/vengoth/the_paleworm/the_paleworm_entrance.lua:2>
2021-03-10 14:39:39 -  
2021-03-10 14:39:39 -  Lua Script Error: [Scripts Interface] 
2021-03-10 14:39:39 -  /home/otbr10/data/scripts/movements/quests/feaster_of_soul/vengoth/the_paleworm/the_paleworm_entrance.lua:callback
2021-03-10 14:39:39 -  ...r_of_soul/vengoth/the_paleworm/the_paleworm_entrance.lua:7: attempt to index field 'TheUnwelcome' (a nil value)
2021-03-10 14:39:39 -  stack traceback:
2021-03-10 14:39:39 -  	[C]: in function '__index'
2021-03-10 14:39:39 -  	...r_of_soul/vengoth/the_paleworm/the_paleworm_entrance.lua:7: in function <...r_of_soul/vengoth/the_paleworm/the_paleworm_entrance.lua:2>
2021-03-10 14:39:40 -  
2021-03-10 14:39:40 -  Lua Script Error: [Scripts Interface] 
2021-03-10 14:39:40 -  /home/otbr10/data/scripts/movements/quests/feaster_of_soul/vengoth/the_paleworm/the_paleworm_entrance.lua:callback
2021-03-10 14:39:40 -  ...r_of_soul/vengoth/the_paleworm/the_paleworm_entrance.lua:7: attempt to index field 'TheUnwelcome' (a nil value)
2021-03-10 14:39:40 -  stack traceback:
2021-03-10 14:39:40 -  	[C]: in function '__index'
2021-03-10 14:39:40 -  	...r_of_soul/vengoth/the_paleworm/the_paleworm_entrance.lua:7: in function <...r_of_soul/vengoth/the_paleworm/the_paleworm_entrance.lua:2>
2021-03-10 14:39:40 -  
2021-03-10 14:39:40 -  Lua Script Error: [Scripts Interface] 
2021-03-10 14:39:40 -  /home/otbr10/data/scripts/movements/quests/feaster_of_soul/vengoth/the_paleworm/the_paleworm_entrance.lua:callback
2021-03-10 14:39:40 -  ...r_of_soul/vengoth/the_paleworm/the_paleworm_entrance.lua:7: attempt to index field 'TheUnwelcome' (a nil value)
2021-03-10 14:39:40 -  stack traceback:
2021-03-10 14:39:40 -  	[C]: in function '__index'
2021-03-10 14:39:40 -  	...r_of_soul/vengoth/the_paleworm/the_paleworm_entrance.lua:7: in function <...r_of_soul/vengoth/the_paleworm/the_paleworm_entrance.lua:2>
2021-03-10 14:39:41 -  
2021-03-10 14:39:41 -  Lua Script Error: [Scripts Interface] 
2021-03-10 14:39:41 -  /home/otbr10/data/scripts/movements/quests/feaster_of_soul/vengoth/the_paleworm/the_paleworm_entrance.lua:callback
2021-03-10 14:39:41 -  ...r_of_soul/vengoth/the_paleworm/the_paleworm_entrance.lua:7: attempt to index field 'TheUnwelcome' (a nil value)
2021-03-10 14:39:41 -  stack traceback:
2021-03-10 14:39:41 -  	[C]: in function '__index'
2021-03-10 14:39:41 -  	...r_of_soul/vengoth/the_paleworm/the_paleworm_entrance.lua:7: in function <...r_of_soul/vengoth/the_paleworm/the_paleworm_entrance.lua:2>
2021-03-10 14:39:41 -  
2021-03-10 14:39:41 -  Lua Script Error: [Scripts Interface] 
2021-03-10 14:39:41 -  /home/otbr10/data/scripts/movements/quests/feaster_of_soul/vengoth/the_paleworm/the_paleworm_entrance.lua:callback
2021-03-10 14:39:41 -  ...r_of_soul/vengoth/the_paleworm/the_paleworm_entrance.lua:7: attempt to index field 'TheUnwelcome' (a nil value)
2021-03-10 14:39:41 -  stack traceback:
2021-03-10 14:39:41 -  	[C]: in function '__index'
2021-03-10 14:39:41 -  	...r_of_soul/vengoth/the_paleworm/the_paleworm_entrance.lua:7: in function <...r_of_soul/vengoth/the_paleworm/the_paleworm_entrance.lua:2>
2021-03-10 14:39:41 -  
2021-03-10 14:39:41 -  Lua Script Error: [Scripts Interface] 
2021-03-10 14:39:41 -  /home/otbr10/data/scripts/movements/quests/feaster_of_soul/vengoth/the_paleworm/the_paleworm_entrance.lua:callback
2021-03-10 14:39:41 -  ...r_of_soul/vengoth/the_paleworm/the_paleworm_entrance.lua:7: attempt to index field 'TheUnwelcome' (a nil value)
2021-03-10 14:39:41 -  stack traceback:
2021-03-10 14:39:41 -  	[C]: in function '__index'
2021-03-10 14:39:41 -  	...r_of_soul/vengoth/the_paleworm/the_paleworm_entrance.lua:7: in function <...r_of_soul/vengoth/the_paleworm/the_paleworm_entrance.lua:2>
2021-03-10 14:39:42 -  
2021-03-10 14:39:42 -  Lua Script Error: [Scripts Interface] 
2021-03-10 14:39:42 -  /home/otbr10/data/scripts/movements/quests/feaster_of_soul/vengoth/the_paleworm/the_paleworm_entrance.lua:callback
2021-03-10 14:39:42 -  ...r_of_soul/vengoth/the_paleworm/the_paleworm_entrance.lua:7: attempt to index field 'TheUnwelcome' (a nil value)
2021-03-10 14:39:42 -  stack traceback:
2021-03-10 14:39:42 -  	[C]: in function '__index'
2021-03-10 14:39:42 -  	...r_of_soul/vengoth/the_paleworm/the_paleworm_entrance.lua:7: in function <...r_of_soul/vengoth/the_paleworm/the_paleworm_entrance.lua:2>
2021-03-10 14:41:17 -  [Warning - Actions::registerLuaEvent] Duplicate registered item with uid: 6500 in range from uid: 5000, to uid: 12000
2021-03-10 14:41:17 -  [Warning - Actions::registerLuaEvent] Duplicate registered item with uid: 6501 in range from uid: 5000, to uid: 12000
2021-03-10 14:41:17 -  [Warning - Actions::registerLuaEvent] Duplicate registered item with uid: 6503 in range from uid: 5000, to uid: 12000
2021-03-10 14:41:17 -  [Warning - Actions::registerLuaEvent] Duplicate registered item with uid: 6550 in range from uid: 5000, to uid: 12000
2021-03-10 14:41:17 -  [Warning - Actions::registerLuaEvent] Duplicate registered item with uid: 6570 in range from uid: 5000, to uid: 12000
2021-03-10 14:41:17 -  [Warning - Actions::registerLuaEvent] Duplicate registered item with uid: 6661 in range from uid: 5000, to uid: 12000
2021-03-10 14:41:17 -  [Warning - Actions::registerLuaEvent] Duplicate registered item with uid: 6662 in range from uid: 5000, to uid: 12000
2021-03-10 14:41:17 -  [Warning - Actions::registerLuaEvent] Duplicate registered item with uid: 6663 in range from uid: 5000, to uid: 12000
2021-03-10 14:41:17 -  [Warning - Actions::registerLuaEvent] Duplicate registered item with uid: 6664 in range from uid: 5000, to uid: 12000
2021-03-10 14:41:17 -  [Warning - Actions::registerLuaEvent] Duplicate registered item with uid: 6665 in range from uid: 5000, to uid: 12000
2021-03-10 14:41:17 -  [Warning - Actions::registerLuaEvent] Duplicate registered item with uid: 6666 in range from uid: 5000, to uid: 12000
2021-03-10 14:41:17 -  [Warning - Actions::registerLuaEvent] Duplicate registered item with uid: 6678 in range from uid: 5000, to uid: 12000
2021-03-10 14:41:17 -  [Warning - Actions::registerLuaEvent] Duplicate registered item with uid: 6693 in range from uid: 5000, to uid: 12000
2021-03-10 14:41:17 -  [Warning - Actions::registerLuaEvent] Duplicate registered item with uid: 6697 in range from uid: 5000, to uid: 12000
2021-03-10 14:41:17 -  [Warning - Actions::registerLuaEvent] Duplicate registered item with uid: 6698 in range from uid: 5000, to uid: 12000
2021-03-10 14:41:17 -  [Warning - Actions::registerLuaEvent] Duplicate registered item with uid: 6699 in range from uid: 5000, to uid: 12000
2021-03-10 14:41:17 -  [Warning - Actions::registerLuaEvent] Duplicate registered item with uid: 6701 in range from uid: 5000, to uid: 12000
2021-03-10 14:41:17 -  [Warning - Actions::registerLuaEvent] Duplicate registered item with uid: 6702 in range from uid: 5000, to uid: 12000
2021-03-10 14:41:17 -  [Warning - Actions::registerLuaEvent] Duplicate registered item with uid: 6703 in range from uid: 5000, to uid: 12000
2021-03-10 14:41:17 -  
2021-03-10 14:41:17 -  Lua Script Error: [Scripts Interface] 
2021-03-10 14:41:17 -  /home/otbr10/data/scripts/movements/quests/feaster_of_soul/vengoth/the_paleworm/boss_lever.lua
2021-03-10 14:41:17 -  ...ests/feaster_of_soul/vengoth/the_paleworm/boss_lever.lua:42: attempt to index local 'condition' (a nil value)
2021-03-10 14:41:17 -  stack traceback:
2021-03-10 14:41:17 -  	[C]: in function '__index'
2021-03-10 14:41:17 -  	...ests/feaster_of_soul/vengoth/the_paleworm/boss_lever.lua:42: in main chunk
2021-03-10 14:41:17 -  	[C]: in function 'reload'
2021-03-10 14:41:17 -  	/home/otbr10/data/scripts/talkactions/god/reload.lua:61: in function </home/otbr10/data/scripts/talkactions/god/reload.lua:47>
2021-03-10 14:41:17 -  > boss_lever.lua [error]
2021-03-10 14:41:17 -  ^ 
2021-03-10 14:41:17 -  
2021-03-10 14:41:17 -  Lua Script Error: [Scripts Interface] 
2021-03-10 14:41:17 -  /home/otbr10/data/scripts/movements/quests/feaster_of_soul/vengoth/the_paleworm/lantern.lua
2021-03-10 14:41:17 -  .../quests/feaster_of_soul/vengoth/the_paleworm/lantern.lua:5: attempt to index local 'condition' (a nil value)
2021-03-10 14:41:17 -  stack traceback:
2021-03-10 14:41:17 -  	[C]: in function '__index'
2021-03-10 14:41:17 -  	.../quests/feaster_of_soul/vengoth/the_paleworm/lantern.lua:5: in main chunk
2021-03-10 14:41:17 -  	[C]: in function 'reload'
2021-03-10 14:41:17 -  	/home/otbr10/data/scripts/talkactions/god/reload.lua:61: in function </home/otbr10/data/scripts/talkactions/god/reload.lua:47>
2021-03-10 14:41:17 -  > lantern.lua [error]
2021-03-10 14:41:17 -  ^ 
2021-03-10 14:44:19 -  Reloaded: scripts.
2021-03-10 14:44:19 -  >> Starting Sunset... Current light is 243 and it's 17:24 Tibian Time.
2021-03-10 14:44:19 -  > NPC Ghostly Wolf added!
2021-03-10 14:44:19 -  > NPC Talila added!
2021-03-10 14:44:19 -  > NPC Valindara removed!
2021-03-10 14:44:19 -  [Warning - Actions::registerLuaEvent] Duplicate registered item with uid: 6500 in range from uid: 5000, to uid: 12000
2021-03-10 14:44:19 -  [Warning - Actions::registerLuaEvent] Duplicate registered item with uid: 6501 in range from uid: 5000, to uid: 12000
2021-03-10 14:44:19 -  [Warning - Actions::registerLuaEvent] Duplicate registered item with uid: 6503 in range from uid: 5000, to uid: 12000
2021-03-10 14:44:19 -  [Warning - Actions::registerLuaEvent] Duplicate registered item with uid: 6550 in range from uid: 5000, to uid: 12000
2021-03-10 14:44:19 -  [Warning - Actions::registerLuaEvent] Duplicate registered item with uid: 6570 in range from uid: 5000, to uid: 12000
2021-03-10 14:44:19 -  [Warning - Actions::registerLuaEvent] Duplicate registered item with uid: 6661 in range from uid: 5000, to uid: 12000
2021-03-10 14:44:19 -  [Warning - Actions::registerLuaEvent] Duplicate registered item with uid: 6662 in range from uid: 5000, to uid: 12000
2021-03-10 14:44:19 -  [Warning - Actions::registerLuaEvent] Duplicate registered item with uid: 6663 in range from uid: 5000, to uid: 12000
2021-03-10 14:44:19 -  [Warning - Actions::registerLuaEvent] Duplicate registered item with uid: 6664 in range from uid: 5000, to uid: 12000
2021-03-10 14:44:19 -  [Warning - Actions::registerLuaEvent] Duplicate registered item with uid: 6665 in range from uid: 5000, to uid: 12000
2021-03-10 14:44:19 -  [Warning - Actions::registerLuaEvent] Duplicate registered item with uid: 6666 in range from uid: 5000, to uid: 12000
2021-03-10 14:44:19 -  [Warning - Actions::registerLuaEvent] Duplicate registered item with uid: 6678 in range from uid: 5000, to uid: 12000
2021-03-10 14:44:19 -  [Warning - Actions::registerLuaEvent] Duplicate registered item with uid: 6693 in range from uid: 5000, to uid: 12000
2021-03-10 14:44:19 -  [Warning - Actions::registerLuaEvent] Duplicate registered item with uid: 6697 in range from uid: 5000, to uid: 12000
2021-03-10 14:44:19 -  [Warning - Actions::registerLuaEvent] Duplicate registered item with uid: 6698 in range from uid: 5000, to uid: 12000
2021-03-10 14:44:19 -  [Warning - Actions::registerLuaEvent] Duplicate registered item with uid: 6699 in range from uid: 5000, to uid: 12000
2021-03-10 14:44:19 -  [Warning - Actions::registerLuaEvent] Duplicate registered item with uid: 6701 in range from uid: 5000, to uid: 12000
2021-03-10 14:44:19 -  [Warning - Actions::registerLuaEvent] Duplicate registered item with uid: 6702 in range from uid: 5000, to uid: 12000
2021-03-10 14:44:19 -  [Warning - Actions::registerLuaEvent] Duplicate registered item with uid: 6703 in range from uid: 5000, to uid: 12000
2021-03-10 14:44:19 -  
2021-03-10 14:44:19 -  Lua Script Error: [Scripts Interface] 
2021-03-10 14:44:19 -  /home/otbr10/data/scripts/movements/quests/feaster_of_soul/vengoth/the_paleworm/boss_lever.lua
2021-03-10 14:44:19 -  ...ests/feaster_of_soul/vengoth/the_paleworm/boss_lever.lua:42: attempt to index local 'condition' (a nil value)
2021-03-10 14:44:19 -  stack traceback:
2021-03-10 14:44:19 -  	[C]: in function '__index'
2021-03-10 14:44:19 -  	...ests/feaster_of_soul/vengoth/the_paleworm/boss_lever.lua:42: in main chunk
2021-03-10 14:44:19 -  	[C]: in function 'reload'
2021-03-10 14:44:19 -  	/home/otbr10/data/scripts/talkactions/god/reload.lua:61: in function </home/otbr10/data/scripts/talkactions/god/reload.lua:47>
2021-03-10 14:44:19 -  > boss_lever.lua [error]
2021-03-10 14:44:19 -  ^ 
2021-03-10 14:44:19 -  
2021-03-10 14:44:19 -  Lua Script Error: [Scripts Interface] 
2021-03-10 14:44:19 -  /home/otbr10/data/scripts/movements/quests/feaster_of_soul/vengoth/the_paleworm/lantern.lua
2021-03-10 14:44:19 -  .../quests/feaster_of_soul/vengoth/the_paleworm/lantern.lua:5: attempt to index local 'condition' (a nil value)
2021-03-10 14:44:19 -  stack traceback:
2021-03-10 14:44:19 -  	[C]: in function '__index'
2021-03-10 14:44:19 -  	.../quests/feaster_of_soul/vengoth/the_paleworm/lantern.lua:5: in main chunk
2021-03-10 14:44:19 -  	[C]: in function 'reload'
2021-03-10 14:44:19 -  	/home/otbr10/data/scripts/talkactions/god/reload.lua:61: in function </home/otbr10/data/scripts/talkactions/god/reload.lua:47>
2021-03-10 14:44:19 -  > lantern.lua [error]
2021-03-10 14:44:19 -  ^ 
2021-03-10 14:45:21 -  Reloaded: scripts.
2021-03-10 14:45:21 -  [Warning - Actions::registerLuaEvent] Duplicate registered item with uid: 6500 in range from uid: 5000, to uid: 12000
2021-03-10 14:45:21 -  [Warning - Actions::registerLuaEvent] Duplicate registered item with uid: 6501 in range from uid: 5000, to uid: 12000
2021-03-10 14:45:21 -  [Warning - Actions::registerLuaEvent] Duplicate registered item with uid: 6503 in range from uid: 5000, to uid: 12000
2021-03-10 14:45:21 -  [Warning - Actions::registerLuaEvent] Duplicate registered item with uid: 6550 in range from uid: 5000, to uid: 12000
2021-03-10 14:45:21 -  [Warning - Actions::registerLuaEvent] Duplicate registered item with uid: 6570 in range from uid: 5000, to uid: 12000
2021-03-10 14:45:21 -  [Warning - Actions::registerLuaEvent] Duplicate registered item with uid: 6661 in range from uid: 5000, to uid: 12000
2021-03-10 14:45:21 -  [Warning - Actions::registerLuaEvent] Duplicate registered item with uid: 6662 in range from uid: 5000, to uid: 12000
2021-03-10 14:45:21 -  [Warning - Actions::registerLuaEvent] Duplicate registered item with uid: 6663 in range from uid: 5000, to uid: 12000
2021-03-10 14:45:21 -  [Warning - Actions::registerLuaEvent] Duplicate registered item with uid: 6664 in range from uid: 5000, to uid: 12000
2021-03-10 14:45:21 -  [Warning - Actions::registerLuaEvent] Duplicate registered item with uid: 6665 in range from uid: 5000, to uid: 12000
2021-03-10 14:45:21 -  [Warning - Actions::registerLuaEvent] Duplicate registered item with uid: 6666 in range from uid: 5000, to uid: 12000
2021-03-10 14:45:21 -  [Warning - Actions::registerLuaEvent] Duplicate registered item with uid: 6678 in range from uid: 5000, to uid: 12000
2021-03-10 14:45:21 -  [Warning - Actions::registerLuaEvent] Duplicate registered item with uid: 6693 in range from uid: 5000, to uid: 12000
2021-03-10 14:45:21 -  [Warning - Actions::registerLuaEvent] Duplicate registered item with uid: 6697 in range from uid: 5000, to uid: 12000
2021-03-10 14:45:21 -  [Warning - Actions::registerLuaEvent] Duplicate registered item with uid: 6698 in range from uid: 5000, to uid: 12000
2021-03-10 14:45:21 -  [Warning - Actions::registerLuaEvent] Duplicate registered item with uid: 6699 in range from uid: 5000, to uid: 12000
2021-03-10 14:45:21 -  [Warning - Actions::registerLuaEvent] Duplicate registered item with uid: 6701 in range from uid: 5000, to uid: 12000
2021-03-10 14:45:21 -  [Warning - Actions::registerLuaEvent] Duplicate registered item with uid: 6702 in range from uid: 5000, to uid: 12000
2021-03-10 14:45:21 -  [Warning - Actions::registerLuaEvent] Duplicate registered item with uid: 6703 in range from uid: 5000, to uid: 12000
2021-03-10 14:45:21 -  
2021-03-10 14:45:21 -  Lua Script Error: [Scripts Interface] 
2021-03-10 14:45:21 -  /home/otbr10/data/scripts/movements/quests/feaster_of_soul/vengoth/the_paleworm/boss_lever.lua
2021-03-10 14:45:21 -  ...ests/feaster_of_soul/vengoth/the_paleworm/boss_lever.lua:42: attempt to index local 'condition' (a nil value)
2021-03-10 14:45:21 -  stack traceback:
2021-03-10 14:45:21 -  	[C]: in function '__index'
2021-03-10 14:45:21 -  	...ests/feaster_of_soul/vengoth/the_paleworm/boss_lever.lua:42: in main chunk
2021-03-10 14:45:21 -  	[C]: in function 'reload'
2021-03-10 14:45:21 -  	/home/otbr10/data/scripts/talkactions/god/reload.lua:61: in function </home/otbr10/data/scripts/talkactions/god/reload.lua:47>
2021-03-10 14:45:21 -  > boss_lever.lua [error]
2021-03-10 14:45:21 -  ^ 
2021-03-10 14:45:21 -  
2021-03-10 14:45:21 -  Lua Script Error: [Scripts Interface] 
2021-03-10 14:45:21 -  /home/otbr10/data/scripts/movements/quests/feaster_of_soul/vengoth/the_paleworm/lantern.lua
2021-03-10 14:45:21 -  .../quests/feaster_of_soul/vengoth/the_paleworm/lantern.lua:5: attempt to index local 'condition' (a nil value)
2021-03-10 14:45:21 -  stack traceback:
2021-03-10 14:45:21 -  	[C]: in function '__index'
2021-03-10 14:45:21 -  	.../quests/feaster_of_soul/vengoth/the_paleworm/lantern.lua:5: in main chunk
2021-03-10 14:45:21 -  	[C]: in function 'reload'
2021-03-10 14:45:21 -  	/home/otbr10/data/scripts/talkactions/god/reload.lua:61: in function </home/otbr10/data/scripts/talkactions/god/reload.lua:47>
2021-03-10 14:45:21 -  > lantern.lua [error]
2021-03-10 14:45:21 -  ^ 
2021-03-10 14:46:22 -  Reloaded: scripts.
2021-03-10 14:46:22 -  Juana Dumachado has logged in. | Client: 12.61
2021-03-10 14:49:10 -  >> Starting Night... Current light is 40 and it's 19:20 Tibian Time.
2021-03-10 14:49:10 -  Joana Duarco has logged in. | Client: 12.61
2021-03-10 14:57:44 -  Secreto has logged in. | Client: 12.61
2021-03-10 14:58:01 -  Guri Du Geada has logged out. | Client: 12.61
2021-03-10 14:59:19 -  Ekgolpeafullz has logged in. | Client: 12.61
