2021-03-15 09:00:11 -  OTServBR - Global - Version TFS 1.3
2021-03-15 09:00:11 -  
2021-03-15 09:00:11 -  Compiled with GNU C++ version 9.3.0
2021-03-15 09:00:11 -  Compiled on Mar 13 2021 04:41:45 for platform x64
2021-03-15 09:00:11 -  Linked with LuaJIT 2.1.0-beta3 for Lua support
2021-03-15 09:00:11 -  
2021-03-15 09:00:11 -  A server developed by OTServBR, Mark Samman and The Forgotten Server Developers
2021-03-15 09:00:11 -  Visit our forum for updates, support, and resources: https://otserv.com.br/ and https://forums.otserv.com.br
2021-03-15 09:00:11 -  
2021-03-15 09:00:11 -  >> Loading config
2021-03-15 09:00:11 -  >> Client Version: 12.60
2021-03-15 09:00:11 -  >> Establishing database connection... MySQL 10.3.25
2021-03-15 09:00:11 -  >> Running database manager
2021-03-15 09:00:12 -  > Optimizing table player_items... [success]
2021-03-15 09:00:13 -  > Optimizing table player_storage... [success]
2021-03-15 09:00:13 -  > Optimizing table players_online... [success]
2021-03-15 09:00:14 -  > Optimizing table tile_store... [success]
2021-03-15 09:00:14 -  >> Loading vocations
2021-03-15 09:00:14 -  >> Loading items
2021-03-15 09:00:14 -  >> Loading script systems
2021-03-15 09:00:14 -  >> Loading lua libs
2021-03-15 09:00:15 -  >> Loading event scheduler
2021-03-15 09:00:15 -  > Double XP event exp: 0%, loot: 0%, spawn: 0%, skill: 0%.
2021-03-15 09:00:15 -  [Warning - GlobalEvents::configureEvent] Duplicate registered globalevent with name: 
2021-03-15 09:00:15 -  [Warning - GlobalEvents::configureEvent] Duplicate registered globalevent with name: 
2021-03-15 09:00:15 -  > Double Coins  event exp: 0%, loot: 0%, spawn: 0%, skill: 0%.
2021-03-15 09:00:15 -  [Warning - GlobalEvents::configureEvent] Duplicate registered globalevent with name: 
2021-03-15 09:00:15 -  [Warning - GlobalEvents::configureEvent] Duplicate registered globalevent with name: 
2021-03-15 09:00:15 -  > Faster Spawn event exp: 0%, loot: 0%, spawn: 200%, skill: 0%.
2021-03-15 09:00:15 -  [Warning - GlobalEvents::configureEvent] Duplicate registered globalevent with name: 
2021-03-15 09:00:15 -  [Warning - GlobalEvents::configureEvent] Duplicate registered globalevent with name: 
2021-03-15 09:00:15 -  > Double Skill! event exp: 0%, loot: 0%, spawn: 0%, skill: 200%.
2021-03-15 09:00:15 -  >> Loading lua scripts
2021-03-15 09:00:15 -  [Warning - Actions::registerLuaEvent] Duplicate registered item with uid: 6500 in range from uid: 5000, to uid: 12000
2021-03-15 09:00:15 -  [Warning - Actions::registerLuaEvent] Duplicate registered item with uid: 6501 in range from uid: 5000, to uid: 12000
2021-03-15 09:00:15 -  [Warning - Actions::registerLuaEvent] Duplicate registered item with uid: 6503 in range from uid: 5000, to uid: 12000
2021-03-15 09:00:15 -  [Warning - Actions::registerLuaEvent] Duplicate registered item with uid: 6550 in range from uid: 5000, to uid: 12000
2021-03-15 09:00:15 -  [Warning - Actions::registerLuaEvent] Duplicate registered item with uid: 6570 in range from uid: 5000, to uid: 12000
2021-03-15 09:00:15 -  [Warning - Actions::registerLuaEvent] Duplicate registered item with uid: 6661 in range from uid: 5000, to uid: 12000
2021-03-15 09:00:15 -  [Warning - Actions::registerLuaEvent] Duplicate registered item with uid: 6662 in range from uid: 5000, to uid: 12000
2021-03-15 09:00:15 -  [Warning - Actions::registerLuaEvent] Duplicate registered item with uid: 6663 in range from uid: 5000, to uid: 12000
2021-03-15 09:00:15 -  [Warning - Actions::registerLuaEvent] Duplicate registered item with uid: 6664 in range from uid: 5000, to uid: 12000
2021-03-15 09:00:15 -  [Warning - Actions::registerLuaEvent] Duplicate registered item with uid: 6665 in range from uid: 5000, to uid: 12000
2021-03-15 09:00:15 -  [Warning - Actions::registerLuaEvent] Duplicate registered item with uid: 6666 in range from uid: 5000, to uid: 12000
2021-03-15 09:00:15 -  [Warning - Actions::registerLuaEvent] Duplicate registered item with uid: 6678 in range from uid: 5000, to uid: 12000
2021-03-15 09:00:15 -  [Warning - Actions::registerLuaEvent] Duplicate registered item with uid: 6693 in range from uid: 5000, to uid: 12000
2021-03-15 09:00:15 -  [Warning - Actions::registerLuaEvent] Duplicate registered item with uid: 6697 in range from uid: 5000, to uid: 12000
2021-03-15 09:00:15 -  [Warning - Actions::registerLuaEvent] Duplicate registered item with uid: 6698 in range from uid: 5000, to uid: 12000
2021-03-15 09:00:15 -  [Warning - Actions::registerLuaEvent] Duplicate registered item with uid: 6699 in range from uid: 5000, to uid: 12000
2021-03-15 09:00:15 -  [Warning - Actions::registerLuaEvent] Duplicate registered item with uid: 6701 in range from uid: 5000, to uid: 12000
2021-03-15 09:00:15 -  [Warning - Actions::registerLuaEvent] Duplicate registered item with uid: 6702 in range from uid: 5000, to uid: 12000
2021-03-15 09:00:15 -  [Warning - Actions::registerLuaEvent] Duplicate registered item with uid: 6703 in range from uid: 5000, to uid: 12000
2021-03-15 09:00:15 -  >> Loading lua monsters
2021-03-15 09:00:16 -  [Warning - Loot:setId] Unknown loot item "spectral scrap of cloth". 
2021-03-15 09:00:16 -  [Warning - end] Monster: "The Pale Worm" loot could not correctly be load.
2021-03-15 09:00:16 -  [Error - Monsters::deserializeSpell] - The Pale Worm - Unknown spell name: summonsthepaleworm
2021-03-15 09:00:16 -  [Error - Monsters::deserializeSpell] - A Weak Spot - Unknown spell name: aweakspotdeathue
2021-03-15 09:00:16 -  [Error - Monsters::deserializeSpell] - A Weak Spot - Unknown spell name: summonsaweakspot
2021-03-15 09:00:16 -  [Error - Monsters::deserializeSpell] - The Dread Maiden - Unknown spell name: maidenring
2021-03-15 09:00:16 -  [Error - Monsters::deserializeSpell] - The Dread Maiden - Unknown spell name: summonsthedreadmaiden
2021-03-15 09:00:16 -  [Error - Monsters::deserializeSpell] - Horror - Unknown spell name: cakeheal
2021-03-15 09:00:16 -  [Error - Monsters::deserializeSpell] - Symbol of Fear - Unknown spell name: symboloffearue
2021-03-15 09:00:16 -  [Error - Monsters::deserializeSpell] - The Fear Feaster - Unknown spell name: deathring1x1
2021-03-15 09:00:16 -  [Error - Monsters::deserializeSpell] - The Fear Feaster - Unknown spell name: deathring2x2
2021-03-15 09:00:16 -  [Error - Monsters::deserializeSpell] - The Fear Feaster - Unknown spell name: deathring3x3
2021-03-15 09:00:16 -  [Error - Monsters::deserializeSpell] - Brother Worm - Unknown spell name: lifesteal
2021-03-15 09:00:16 -  [Error - Monsters::deserializeSpell] - The Unwelcome - Unknown spell name: lifesteal
2021-03-15 09:00:16 -  [Error - Monsters::deserializeSpell] - The Unwelcome - Unknown spell name: summonstheunwelcome
2021-03-15 09:00:16 -  >> Loading outfits
2021-03-15 09:00:16 -  >> Loading familiars
2021-03-15 09:00:16 -  >> Boosted creature: Renegade Quara Pincher
2021-03-15 09:00:16 -  >> Checking world type... PVP
2021-03-15 09:00:16 -  >> Loading map
2021-03-15 09:00:18 -  > Map size: 34143x33812
2021-03-15 09:00:25 -  > Duplicate unique id: 6664
2021-03-15 09:00:27 -  > Map loading time: 11.21 seconds
2021-03-15 09:00:28 -  > Loaded spawns in: 11.792 seconds
2021-03-15 09:00:28 -  > Loaded house items in: 0.027 seconds
2021-03-15 09:00:28 -  >> Initializing gamestate
2021-03-15 09:00:32 -  >> Nightmare Isle will be active west of Darashia today
2021-03-15 09:00:32 -  >> Fury Gate will be active in Thais today
2021-03-15 09:00:32 -  >> Rashid arrived at Mondays destination.
2021-03-15 09:00:32 -  >> Loading map attributes
2021-03-15 09:00:32 -  > Loaded 967 npcs and spawned 74141 monsters
2021-03-15 09:00:32 -  > Loaded 26 towns with 984 houses in total
2021-03-15 09:00:32 -  >> Wrong item id found
2021-03-15 09:00:32 -  > Sign id: 11, item id: 1406
2021-03-15 09:00:32 -  > Loaded 14 signs in the map
2021-03-15 09:00:32 -  > Loaded 37 books and documents in the map
2021-03-15 09:00:32 -  >> Wrong item id found
2021-03-15 09:00:32 -  > Action id: 14900, item id: 22821
2021-03-15 09:00:32 -  >> Wrong item id found
2021-03-15 09:00:32 -  > Unique id: 30026, item id: 10044
2021-03-15 09:00:32 -  > Loaded all actions in the map
2021-03-15 09:00:32 -  > Loaded all uniques in the map
2021-03-15 09:00:32 -  >> Spawning Hirelings
2021-03-15 09:00:32 -  >> Loading custom map
2021-03-15 09:00:32 -  > Loaded otservbr-custom map
2021-03-15 09:00:32 -  >> Yasir: carlin. 
2021-03-15 09:00:32 -  >> Loaded all modules, server starting up...
2021-03-15 09:00:32 -  > Warning: OTServBR - Global has been executed as root user, please consider running it as a normal user.
2021-03-15 09:00:32 -  >> Divine-Global Server Online!
2021-03-15 09:00:32 -  
2021-03-15 09:00:32 -  > Map size: 34143x33812
2021-03-15 09:00:32 -  > Map loading time: 0.002 seconds
2021-03-15 09:00:32 -  > Map size: 32274x32171
2021-03-15 09:00:32 -  > Map loading time: 0.001 seconds
2021-03-15 09:00:32 -  > Map size: 34143x33812
2021-03-15 09:00:32 -  > Map loading time: 0.06 seconds
2021-03-15 09:00:32 -  > Map size: 33760x33023
2021-03-15 09:00:32 -  > Map loading time: 0.001 seconds
2021-03-15 09:00:32 -  Saruman has logged in. | Client: 12.61
2021-03-15 09:02:19 -  > Loaded otservbr-custom spawn
2021-03-15 09:02:19 -  Secreto has logged in. | Client: 12.61
2021-03-15 11:16:49 -  >> Starting Sunset... Current light is 243 and it's 17:24 Tibian Time.
2021-03-15 11:16:49 -  > NPC Ghostly Wolf added!
2021-03-15 11:16:49 -  > NPC Talila added!
2021-03-15 11:16:49 -  > NPC Valindara removed!
2021-03-15 11:16:49 -  >> Starting Night... Current light is 40 and it's 19:20 Tibian Time.
2021-03-15 11:16:49 -  >> Starting Sunrise... Current light is 47 and it's 5:56 Tibian Time.
2021-03-15 11:16:49 -  > NPC Ghostly Wolf removed!
2021-03-15 11:16:49 -  > NPC Talila removed!
2021-03-15 11:16:49 -  > NPC Valindara added!
2021-03-15 11:16:49 -  >> Starting Day... Current light is 250 and it's 7:52 Tibian Time.
2021-03-15 11:16:49 -  >> Starting Sunset... Current light is 243 and it's 17:24 Tibian Time.
2021-03-15 11:16:49 -  > NPC Ghostly Wolf added!
2021-03-15 11:16:49 -  > NPC Talila added!
2021-03-15 11:16:49 -  > NPC Valindara removed!
2021-03-15 11:16:49 -  >> Starting Night... Current light is 40 and it's 19:20 Tibian Time.
2021-03-15 11:16:49 -  >> Starting Sunrise... Current light is 47 and it's 5:56 Tibian Time.
2021-03-15 11:16:49 -  > NPC Ghostly Wolf removed!
2021-03-15 11:16:49 -  > NPC Talila removed!
2021-03-15 11:16:49 -  > NPC Valindara added!
2021-03-15 11:16:49 -  Sir Frost has logged in. | Client: 12.61
2021-03-15 11:38:31 -  >> Starting Day... Current light is 250 and it's 7:52 Tibian Time.
2021-03-15 11:38:31 -  > Broadcasted message: "Many aggressive beasts are roaming south of Ab'Dendriel! Take care!".
2021-03-15 12:21:41 -  >> Starting Sunset... Current light is 243 and it's 17:24 Tibian Time.
2021-03-15 12:21:41 -  > NPC Ghostly Wolf added!
2021-03-15 12:21:41 -  > NPC Talila added!
2021-03-15 12:21:41 -  > NPC Valindara removed!
2021-03-15 12:21:41 -  >> Starting Night... Current light is 40 and it's 19:20 Tibian Time.
2021-03-15 12:21:41 -  >> Starting Sunrise... Current light is 47 and it's 5:56 Tibian Time.
2021-03-15 12:21:41 -  > NPC Ghostly Wolf removed!
2021-03-15 12:21:41 -  > NPC Talila removed!
2021-03-15 12:21:41 -  > NPC Valindara added!
2021-03-15 12:21:41 -  >> Starting Day... Current light is 250 and it's 7:52 Tibian Time.
2021-03-15 12:21:41 -  Juana Dacura has logged in. | Client: 12.61
2021-03-15 12:23:00 -  Juana Dacura has logged out. | Client: 12.61
2021-03-15 12:23:02 -  Maria De Lourdes has logged in. | Client: 12.61
2021-03-15 12:38:31 -  > Broadcasted message: "There seems to be a big gnarlhoud gang in Zao Steppe.".
2021-03-15 12:38:51 -  > Broadcasted message: "The gnarlhounds seem to multiply by the minute.".
2021-03-15 12:40:31 -  > Broadcasted message: "The gnarlhounds roam free in the Zao Steppe. Watch out!".
2021-03-15 12:44:32 -  >> Starting Sunset... Current light is 243 and it's 17:24 Tibian Time.
2021-03-15 12:44:32 -  > NPC Ghostly Wolf added!
2021-03-15 12:44:32 -  > NPC Talila added!
2021-03-15 12:44:32 -  > NPC Valindara removed!
2021-03-15 12:44:32 -  Secreto has logged out. | Client: 12.61
2021-03-15 12:45:27 -  Secreto has logged in. | Client: 12.61
2021-03-15 13:17:56 -  >> Starting Night... Current light is 40 and it's 19:20 Tibian Time.
2021-03-15 13:17:56 -  >> Starting Sunrise... Current light is 47 and it's 5:56 Tibian Time.
2021-03-15 13:17:56 -  > NPC Ghostly Wolf removed!
2021-03-15 13:17:56 -  > NPC Talila removed!
2021-03-15 13:17:56 -  > NPC Valindara added!
2021-03-15 13:17:56 -  Secreto has logged out. | Client: 0
2021-03-15 13:22:21 -  >> Starting Day... Current light is 250 and it's 7:52 Tibian Time.
2021-03-15 13:22:21 -  Joana Duarco has logged in. | Client: 12.61
2021-03-15 13:24:32 -  Joana Duarco has logged out. | Client: 12.61
2021-03-15 13:57:53 -  >> Starting Sunset... Current light is 243 and it's 17:24 Tibian Time.
2021-03-15 13:57:53 -  > NPC Ghostly Wolf added!
2021-03-15 13:57:53 -  > NPC Talila added!
2021-03-15 13:57:53 -  > NPC Valindara removed!
2021-03-15 13:57:53 -  >> Starting Night... Current light is 40 and it's 19:20 Tibian Time.
2021-03-15 13:57:53 -  Maria De Lourdes has logged out. | Client: 12.61
2021-03-15 13:57:58 -  Juana Dacura has logged in. | Client: 12.61
2021-03-15 14:11:43 -  Juana Dacura has logged out. | Client: 12.61
2021-03-15 14:23:32 -  >> Starting Sunrise... Current light is 47 and it's 5:56 Tibian Time.
2021-03-15 14:23:32 -  > NPC Ghostly Wolf removed!
2021-03-15 14:23:32 -  > NPC Talila removed!
2021-03-15 14:23:32 -  > NPC Valindara added!
2021-03-15 14:23:32 -  >> Starting Day... Current light is 250 and it's 7:52 Tibian Time.
2021-03-15 14:23:32 -  Lanaki has logged in. | Client: 12.61
2021-03-15 14:28:14 -  Lanaki has logged out. | Client: 12.61
2021-03-15 14:33:43 -  Sir Frost has logged out. | Client: 12.61
2021-03-15 14:35:18 -  Secreto has logged in. | Client: 12.61
2021-03-15 15:02:31 -  >> Starting Sunset... Current light is 243 and it's 17:24 Tibian Time.
2021-03-15 15:02:31 -  > NPC Ghostly Wolf added!
2021-03-15 15:02:31 -  > NPC Talila added!
2021-03-15 15:02:31 -  > NPC Valindara removed!
2021-03-15 15:02:31 -  >> Starting Night... Current light is 40 and it's 19:20 Tibian Time.
2021-03-15 15:02:31 -  > Broadcasted message: "The dragons of the Dragonblaze Mountains have    descended to Zao to protect the lizardkin!".
2021-03-15 15:03:56 -  Shacalz has logged in. | Client: 12.61
2021-03-15 15:04:33 -  Shacalz has logged out. | Client: 12.61
2021-03-15 15:04:35 -  Shacallz has logged in. | Client: 12.61
2021-03-15 15:05:16 -  Shacallz has logged out. | Client: 12.61
2021-03-15 15:05:17 -  Shaca has logged in. | Client: 12.61
2021-03-15 15:06:27 -  Shaca has logged out. | Client: 12.61
2021-03-15 15:07:27 -  Moon Phisthys has logged in. | Client: 11
2021-03-15 15:10:10 -  > ERROR: Failed to save account: COXINHATOP!
2021-03-15 15:10:12 -  GM coxinha has logged in. | Client: 11
2021-03-15 15:10:17 -  Moon Phisthys has logged out. | Client: 0
2021-03-15 15:11:01 -  Supimpa has logged in. | Client: 11
2021-03-15 15:11:25 -  Lanturna has logged in. | Client: 12.61
2021-03-15 15:11:33 -  Lanturna has logged out. | Client: 12.61
2021-03-15 15:11:34 -  Ratugo has logged in. | Client: 12.61
2021-03-15 15:11:39 -  Ratugo has logged out. | Client: 12.61
2021-03-15 15:11:39 -  Ronalee Tanker has logged in. | Client: 11
2021-03-15 15:11:40 -  Garapa has logged in. | Client: 12.61
2021-03-15 15:12:30 -  Ronalee Lovexp has logged in. | Client: 11
2021-03-15 15:13:10 -  ADM inside has logged in. | Client: 11
2021-03-15 15:16:44 -  >> Starting Sunrise... Current light is 47 and it's 5:56 Tibian Time.
2021-03-15 15:16:44 -  > NPC Ghostly Wolf removed!
2021-03-15 15:16:44 -  > NPC Talila removed!
2021-03-15 15:16:44 -  > NPC Valindara added!
2021-03-15 15:16:44 -  Gabriela Paladina has logged in. | Client: 12.61
2021-03-15 15:16:49 -  Gabriela Paladina has logged out. | Client: 12.61
2021-03-15 15:16:50 -  Magezinha has logged in. | Client: 12.61
2021-03-15 15:17:57 -  Magezinha has logged out. | Client: 12.61
2021-03-15 15:17:59 -  Gabriela Paladina has logged in. | Client: 12.61
2021-03-15 15:18:08 -  Sir Frost has logged in. | Client: 12.61
2021-03-15 15:27:34 -  >> Starting Day... Current light is 250 and it's 7:52 Tibian Time.
2021-03-15 15:27:34 -  Gabriela Paladina has logged out. | Client: 12.61
2021-03-15 15:27:36 -  Gabriela Sexy has logged in. | Client: 12.61
2021-03-15 15:28:11 -  Gabriela Sexy has logged out. | Client: 12.61
2021-03-15 15:28:12 -  Gabriela Paladina has logged in. | Client: 12.61
2021-03-15 15:38:02 -  Gabriela Paladina has logged out. | Client: 12.61
2021-03-15 15:38:11 -  Gabriela Paladina has logged in. | Client: 12.61
2021-03-15 15:39:49 -  Gabriela Paladina has logged out. | Client: 12.61
2021-03-15 15:43:38 -  Gabriela Paladina has logged in. | Client: 12.61
2021-03-15 15:47:50 -  >> Starting Sunset... Current light is 243 and it's 17:24 Tibian Time.
2021-03-15 15:47:50 -  > NPC Ghostly Wolf added!
2021-03-15 15:47:50 -  > NPC Talila added!
2021-03-15 15:47:50 -  > NPC Valindara removed!
2021-03-15 15:47:50 -  Lanaki has logged in. | Client: 12.61
2021-03-15 15:53:27 -  >> Starting Night... Current light is 40 and it's 19:20 Tibian Time.
2021-03-15 15:53:27 -  Gabriela Paladina has logged out. | Client: 12.61
2021-03-15 15:53:34 -  Gabriela Paladina has logged in. | Client: 12.61
2021-03-15 15:53:50 -  Secreto has logged out. | Client: 12.61
2021-03-15 15:53:56 -  Secreto has logged in. | Client: 12.61
2021-03-15 15:58:17 -  Garapa has logged out. | Client: 12.61
2021-03-15 15:58:52 -  Garapa has logged in. | Client: 12.61
2021-03-15 16:07:50 -  Garapa has logged out. | Client: 12.61
2021-03-15 16:07:54 -  Garapa has logged in. | Client: 12.61
2021-03-15 16:08:10 -  Garapa has logged out. | Client: 12.61
2021-03-15 16:08:16 -  Lanturna has logged in. | Client: 12.61
2021-03-15 16:13:54 -  152.234.178.27 disconnected for exceeding packet per second limit.
2021-03-15 16:14:45 -  Secreto has logged out. | Client: 12.61
2021-03-15 16:14:46 -  Secreto has logged in. | Client: 12.61
2021-03-15 16:16:01 -  >> Starting Sunrise... Current light is 47 and it's 5:56 Tibian Time.
2021-03-15 16:16:01 -  > NPC Ghostly Wolf removed!
2021-03-15 16:16:01 -  > NPC Talila removed!
2021-03-15 16:16:01 -  > NPC Valindara added!
2021-03-15 16:16:01 -  Lanturna has logged out. | Client: 12.61
2021-03-15 16:16:01 -  Lanturna has logged in. | Client: 12.61
2021-03-15 16:17:34 -  Lanturna has logged out. | Client: 12.61
2021-03-15 16:17:36 -  Bombrilli has logged in. | Client: 12.61
2021-03-15 16:17:43 -  Bombrilli has logged out. | Client: 12.61
2021-03-15 16:17:45 -  Ratugo has logged in. | Client: 12.61
2021-03-15 16:21:55 -  >> Starting Day... Current light is 250 and it's 7:52 Tibian Time.
2021-03-15 16:21:55 -  Saruman has logged out. | Client: 12.61
2021-03-15 16:22:02 -  Khal Drogo has logged in. | Client: 12.61
2021-03-15 16:22:10 -  Khal Drogo has logged out. | Client: 12.61
2021-03-15 16:59:35 -  >> Starting Sunset... Current light is 243 and it's 17:24 Tibian Time.
2021-03-15 16:59:35 -  > NPC Ghostly Wolf added!
2021-03-15 16:59:35 -  > NPC Talila added!
2021-03-15 16:59:35 -  > NPC Valindara removed!
2021-03-15 16:59:35 -  >> Starting Night... Current light is 40 and it's 19:20 Tibian Time.
2021-03-15 16:59:35 -  Lanaki has logged out. | Client: 12.61
2021-03-15 17:18:31 -  >> Starting Sunrise... Current light is 47 and it's 5:56 Tibian Time.
2021-03-15 17:18:31 -  > NPC Ghostly Wolf removed!
2021-03-15 17:18:31 -  > NPC Talila removed!
2021-03-15 17:18:31 -  > NPC Valindara added!
2021-03-15 17:18:31 -  > Broadcasted message: "Forrest animals spread out close to Ab'Dendriel!".
2021-03-15 17:40:09 -  >> Starting Day... Current light is 250 and it's 7:52 Tibian Time.
2021-03-15 17:40:09 -  [Warning] DropLoot:	Could not add loot item to corpse.
2021-03-15 17:40:09 -  [Warning] DropLoot:	Could not add loot item to corpse.
2021-03-15 17:40:09 -  
2021-03-15 17:40:09 -  Lua Script Error: [Scripts Interface] 
2021-03-15 17:40:09 -  /home/otbr10/data/scripts/actions/quests/rottin_wood_and_married_men/broken_wall.lua:callback
2021-03-15 17:40:09 -  ...tions/quests/rottin_wood_and_married_men/broken_wall.lua:7: attempt to call method 'sendMagicEffect' (a nil value)
2021-03-15 17:40:09 -  stack traceback:
2021-03-15 17:40:09 -  	[C]: in function 'sendMagicEffect'
2021-03-15 17:40:09 -  	...tions/quests/rottin_wood_and_married_men/broken_wall.lua:7: in function <...tions/quests/rottin_wood_and_married_men/broken_wall.lua:2>
2021-03-15 17:56:33 -  >> Starting Sunset... Current light is 243 and it's 17:24 Tibian Time.
2021-03-15 17:56:33 -  > NPC Ghostly Wolf added!
2021-03-15 17:56:33 -  > NPC Talila added!
2021-03-15 17:56:33 -  > NPC Valindara removed!
2021-03-15 17:56:33 -  >> Starting Night... Current light is 40 and it's 19:20 Tibian Time.
2021-03-15 17:56:33 -  Ratugo has logged out. | Client: 12.61
2021-03-15 18:32:31 -  >> Starting Sunrise... Current light is 47 and it's 5:56 Tibian Time.
2021-03-15 18:32:31 -  > NPC Ghostly Wolf removed!
2021-03-15 18:32:31 -  > NPC Talila removed!
2021-03-15 18:32:31 -  > NPC Valindara added!
2021-03-15 18:32:31 -  >> Starting Day... Current light is 250 and it's 7:52 Tibian Time.
2021-03-15 18:32:31 -  [Warning] DropLoot:	Could not add loot item to corpse.
2021-03-15 18:32:31 -  [Warning] DropLoot:	Could not add loot item to corpse.
2021-03-15 18:32:31 -  [Warning] DropLoot:	Could not add loot item to corpse.
2021-03-15 18:32:31 -  > Broadcasted message: "Sightings of undead, west of Darashia! Imminent invasion is suspected!".
2021-03-15 18:32:41 -  > Broadcasted message: "The undead are attacking Darashia!".
2021-03-15 18:42:35 -  
2021-03-15 18:42:35 -  Lua Script Error: [Scripts Interface] 
2021-03-15 18:42:35 -  /home/otbr10/data/scripts/movements/quests/cults_of_tibia/sand_entrance.lua:callback
2021-03-15 18:42:35 -  ...cripts/movements/quests/cults_of_tibia/sand_entrance.lua:10: attempt to compare boolean with number
2021-03-15 18:42:35 -  stack traceback:
2021-03-15 18:42:35 -  	[C]: in function '__lt'
2021-03-15 18:42:35 -  	...cripts/movements/quests/cults_of_tibia/sand_entrance.lua:10: in function <...cripts/movements/quests/cults_of_tibia/sand_entrance.lua:3>
2021-03-15 18:49:34 -  >> Starting Sunset... Current light is 243 and it's 17:24 Tibian Time.
2021-03-15 18:49:34 -  > NPC Ghostly Wolf added!
2021-03-15 18:49:34 -  > NPC Talila added!
2021-03-15 18:49:34 -  > NPC Valindara removed!
2021-03-15 18:49:34 -  >> Starting Night... Current light is 40 and it's 19:20 Tibian Time.
2021-03-15 18:49:34 -  
2021-03-15 18:49:34 -  Lua Script Error: [Scripts Interface] 
2021-03-15 18:49:34 -  /home/otbr10/data/scripts/movements/quests/cults_of_tibia/sand_entrance.lua:callback
2021-03-15 18:49:34 -  ...cripts/movements/quests/cults_of_tibia/sand_entrance.lua:10: attempt to compare boolean with number
2021-03-15 18:49:34 -  stack traceback:
2021-03-15 18:49:34 -  	[C]: in function '__lt'
2021-03-15 18:49:34 -  	...cripts/movements/quests/cults_of_tibia/sand_entrance.lua:10: in function <...cripts/movements/quests/cults_of_tibia/sand_entrance.lua:3>
2021-03-15 19:09:38 -  Sir Frost has logged out. | Client: 12.61
2021-03-15 19:22:14 -  >> Starting Sunrise... Current light is 47 and it's 5:56 Tibian Time.
2021-03-15 19:22:14 -  > NPC Ghostly Wolf removed!
2021-03-15 19:22:14 -  > NPC Talila removed!
2021-03-15 19:22:14 -  > NPC Valindara added!
2021-03-15 19:22:14 -  >> Starting Day... Current light is 250 and it's 7:52 Tibian Time.
2021-03-15 19:22:14 -  Gabriela Paladina has logged out. | Client: 12.61
2021-03-15 19:22:16 -  Gabriela Paladina has logged in. | Client: 12.61
2021-03-15 19:22:18 -  Gabriela Paladina has logged out. | Client: 12.61
2021-03-15 19:22:19 -  Gabriela Paladina has logged in. | Client: 12.61
2021-03-15 19:22:20 -  Gabriela Paladina has logged out. | Client: 12.61
2021-03-15 19:22:23 -  Gabriela Paladina has logged in. | Client: 12.61
2021-03-15 19:22:57 -  Gabriela Paladina has logged out. | Client: 12.61
2021-03-15 19:23:02 -  Gabriela Paladina has logged in. | Client: 12.61
2021-03-15 19:24:23 -  Gabriela Paladina has logged out. | Client: 12.61
2021-03-15 19:25:16 -  Gabriela Paladina has logged in. | Client: 12.61
2021-03-15 19:55:12 -  >> Starting Sunset... Current light is 243 and it's 17:24 Tibian Time.
2021-03-15 19:55:12 -  > NPC Ghostly Wolf added!
2021-03-15 19:55:12 -  > NPC Talila added!
2021-03-15 19:55:12 -  > NPC Valindara removed!
2021-03-15 19:55:12 -  >> Starting Night... Current light is 40 and it's 19:20 Tibian Time.
2021-03-15 19:55:12 -  Gabriela Paladina has logged out. | Client: 12.61
2021-03-15 19:59:08 -  Gabriela Paladina has logged in. | Client: 12.61
2021-03-15 20:05:11 -  189.105.59.36 disconnected for exceeding packet per second limit.
2021-03-15 20:10:09 -  Secreto has logged out. | Client: 12.61
2021-03-15 20:10:10 -  Secreto has logged in. | Client: 12.61
2021-03-15 20:29:49 -  >> Starting Sunrise... Current light is 47 and it's 5:56 Tibian Time.
2021-03-15 20:29:49 -  > NPC Ghostly Wolf removed!
2021-03-15 20:29:49 -  > NPC Talila removed!
2021-03-15 20:29:49 -  > NPC Valindara added!
2021-03-15 20:29:49 -  >> Starting Day... Current light is 250 and it's 7:52 Tibian Time.
2021-03-15 20:29:49 -  Gabriela Paladina has logged out. | Client: 12.61
2021-03-15 20:30:04 -  Gabriela Paladina has logged in. | Client: 12.61
2021-03-15 20:41:40 -  Gabriela Paladina has logged out. | Client: 12.61
2021-03-15 20:41:42 -  Gabriela Paladina has logged in. | Client: 12.61
2021-03-15 21:07:30 -  >> Starting Sunset... Current light is 243 and it's 17:24 Tibian Time.
2021-03-15 21:07:30 -  > NPC Ghostly Wolf added!
2021-03-15 21:07:30 -  > NPC Talila added!
2021-03-15 21:07:30 -  > NPC Valindara removed!
2021-03-15 21:07:30 -  >> Starting Night... Current light is 40 and it's 19:20 Tibian Time.
2021-03-15 21:07:30 -  Gabriela Paladina has logged out. | Client: 12.61
2021-03-15 21:07:43 -  Gabriela Paladina has logged in. | Client: 12.61
2021-03-15 21:08:28 -  Secreto has logged out. | Client: 0
2021-03-15 21:11:44 -  
2021-03-15 21:11:44 -  Lua Script Error: [Main Interface] 
2021-03-15 21:11:44 -  in a timer event called from: 
2021-03-15 21:11:44 -  (Unknown scriptfile)
2021-03-15 21:11:44 -  attempt to index a number value
2021-03-15 21:11:44 -  stack traceback:
2021-03-15 21:11:44 -  	[C]: at 0x55bf0250b430
2021-03-15 21:11:44 -  	[C]: in function 'getSpectators'
2021-03-15 21:11:44 -  	...scripts/movements/quests/killing_in_the_name_of/boss.lua:15: in function <...scripts/movements/quests/killing_in_the_name_of/boss.lua:12>
2021-03-15 21:12:28 -  Pacific has logged in. | Client: 12.61
2021-03-15 21:12:30 -  Pacific has logged out. | Client: 12.61
2021-03-15 21:12:32 -  Forfun has logged in. | Client: 12.61
2021-03-15 21:12:33 -  Forfun has logged out. | Client: 12.61
2021-03-15 21:12:34 -  Ariel has logged in. | Client: 12.61
2021-03-15 21:12:38 -  Ariel has logged out. | Client: 12.61
2021-03-15 21:12:39 -  Devil has logged in. | Client: 12.61
2021-03-15 21:16:02 -  >> Starting Sunrise... Current light is 47 and it's 5:56 Tibian Time.
2021-03-15 21:16:02 -  > NPC Ghostly Wolf removed!
2021-03-15 21:16:02 -  > NPC Talila removed!
2021-03-15 21:16:02 -  > NPC Valindara added!
2021-03-15 21:16:02 -  ADM inside has logged out. | Client: 12.61
2021-03-15 21:16:04 -  ADM inside has logged in. | Client: 12.61
2021-03-15 21:16:51 -  Ronalee Lovexp has logged out. | Client: 12.61
2021-03-15 21:16:53 -  Ronalee Lovexp has logged in. | Client: 12.61
2021-03-15 21:18:22 -  
2021-03-15 21:18:22 -  Lua Script Error: [Main Interface] 
2021-03-15 21:18:22 -  in a timer event called from: 
2021-03-15 21:18:22 -  (Unknown scriptfile)
2021-03-15 21:18:22 -  attempt to index a number value
2021-03-15 21:18:22 -  stack traceback:
2021-03-15 21:18:22 -  	[C]: at 0x55bf0250b430
2021-03-15 21:18:22 -  	[C]: in function 'getSpectators'
2021-03-15 21:18:22 -  	...scripts/movements/quests/killing_in_the_name_of/boss.lua:15: in function <...scripts/movements/quests/killing_in_the_name_of/boss.lua:12>
2021-03-15 21:24:59 -  >> Starting Day... Current light is 250 and it's 7:52 Tibian Time.
2021-03-15 21:24:59 -  Babayaga has logged in. | Client: 12.61
2021-03-15 21:25:12 -  Babayaga has logged out. | Client: 12.61
2021-03-15 21:25:14 -  Alucard has logged in. | Client: 12.61
2021-03-15 21:25:20 -  Alucard has logged out. | Client: 12.61
2021-03-15 21:25:22 -  Bryan Fox Moon has logged in. | Client: 12.61
2021-03-15 21:25:28 -  Bryan Fox Moon has logged out. | Client: 12.61
2021-03-15 21:25:30 -  Bryan has logged in. | Client: 12.61
2021-03-15 21:25:36 -  Bryan has logged out. | Client: 12.61
2021-03-15 21:25:39 -  Babayaga has logged in. | Client: 12.61
2021-03-15 21:25:53 -  Babayaga has logged out. | Client: 12.61
2021-03-15 21:47:50 -  >> Starting Sunset... Current light is 243 and it's 17:24 Tibian Time.
2021-03-15 21:47:50 -  > NPC Ghostly Wolf added!
2021-03-15 21:47:50 -  > NPC Talila added!
2021-03-15 21:47:50 -  > NPC Valindara removed!
2021-03-15 21:47:50 -  Joana Duarco has logged in. | Client: 12.61
2021-03-15 21:49:15 -  >> Starting Night... Current light is 40 and it's 19:20 Tibian Time.
2021-03-15 21:49:15 -  Ekgolpeafullz has logged in. | Client: 12.61
2021-03-15 22:02:15 -  Ronalee Lovexp has logged out. | Client: 0
2021-03-15 22:02:25 -  Ronalee Lovexp has logged in. | Client: 12.61
2021-03-15 22:11:30 -  Ronalee Lovexp has logged out. | Client: 0
2021-03-15 22:12:45 -  Guri Du Geada has logged in. | Client: 12.61
2021-03-15 22:13:07 -  Ronalee Lovexp has logged in. | Client: 12.61
2021-03-15 22:14:08 -  Ronalee Lovexp has logged out. | Client: 0
2021-03-15 22:14:12 -  Ronalee Lovexp has logged in. | Client: 12.61
2021-03-15 22:23:24 -  >> Starting Sunrise... Current light is 47 and it's 5:56 Tibian Time.
2021-03-15 22:23:24 -  > NPC Ghostly Wolf removed!
2021-03-15 22:23:24 -  > NPC Talila removed!
2021-03-15 22:23:24 -  > NPC Valindara added!
2021-03-15 22:23:24 -  >> Starting Day... Current light is 250 and it's 7:52 Tibian Time.
2021-03-15 22:23:24 -  Guri Du Geada has logged out. | Client: 12.61
2021-03-15 22:23:25 -  Ronalee Lovexp has logged out. | Client: 0
2021-03-15 22:26:32 -  > Broadcasted message: "Something bad is happening deep, deep down under Banuta.".
2021-03-15 22:26:51 -  > Broadcasted message: "Something is sizzling deep under many sheets of soil in Banuta.".
2021-03-15 22:28:32 -  > Broadcasted message: "Hordes of slippery spawns slither in Deeper Banuta!".
2021-03-15 22:52:23 -  >> Starting Sunset... Current light is 243 and it's 17:24 Tibian Time.
2021-03-15 22:52:23 -  > NPC Ghostly Wolf added!
2021-03-15 22:52:23 -  > NPC Talila added!
2021-03-15 22:52:23 -  > NPC Valindara removed!
2021-03-15 22:52:23 -  >> Starting Night... Current light is 40 and it's 19:20 Tibian Time.
2021-03-15 22:52:23 -  Joana Duarco has logged out. | Client: 12.61
2021-03-15 23:12:42 -  Travis Sacana has logged in. | Client: 12.61
2021-03-15 23:12:55 -  Travis Sacana has logged out. | Client: 12.61
2021-03-15 23:12:57 -  Bilbo Bolseiro has logged in. | Client: 12.61
2021-03-15 23:17:32 -  >> Starting Sunrise... Current light is 47 and it's 5:56 Tibian Time.
2021-03-15 23:17:32 -  > NPC Ghostly Wolf removed!
2021-03-15 23:17:32 -  > NPC Talila removed!
2021-03-15 23:17:32 -  > NPC Valindara added!
2021-03-15 23:17:32 -  > Broadcasted message: "Barbarians are gathering at Bittermor.   They seem to be up to something.".
2021-03-15 23:17:51 -  > Broadcasted message: "The barbarian pack is roaming around in Bittermor.".
2021-03-15 23:33:49 -  >> Starting Day... Current light is 250 and it's 7:52 Tibian Time.
2021-03-15 23:33:49 -  Batman has logged in. | Client: 12.61
2021-03-15 23:37:05 -  Bilbo Bolseiro has logged out. | Client: 12.61
2021-03-16 00:02:34 -  >> Starting Sunset... Current light is 243 and it's 17:24 Tibian Time.
2021-03-16 00:02:34 -  > NPC Ghostly Wolf added!
2021-03-16 00:02:34 -  > NPC Talila added!
2021-03-16 00:02:34 -  > NPC Valindara removed!
2021-03-16 00:02:34 -  >> Starting Night... Current light is 40 and it's 19:20 Tibian Time.
2021-03-16 00:02:34 -  >> Rashid is traveling to Tuesdays location.
2021-03-16 00:02:34 -  Vangogh has logged in. | Client: 12.61
2021-03-16 00:04:31 -  Vangogh has logged out. | Client: 12.61
2021-03-16 00:04:54 -  Bernardo Cavalo has logged in. | Client: 12.61
2021-03-16 00:13:05 -  Bernardo Cavalo has logged out. | Client: 0
2021-03-16 00:20:25 -  >> Starting Sunrise... Current light is 47 and it's 5:56 Tibian Time.
2021-03-16 00:20:25 -  > NPC Ghostly Wolf removed!
2021-03-16 00:20:25 -  > NPC Talila removed!
2021-03-16 00:20:25 -  > NPC Valindara added!
2021-03-16 00:20:25 -  >> Starting Day... Current light is 250 and it's 7:52 Tibian Time.
2021-03-16 00:20:25 -  Bernardo Cavalo has logged in. | Client: 12.61
2021-03-16 00:29:41 -  > ERROR: Failed to save account: O9I8U7Y6T5!
2021-03-16 00:29:44 -  Moon Phisthys has logged in. | Client: 11
2021-03-16 00:35:39 -  Bernardo Cavalo has logged out. | Client: 12.61
2021-03-16 00:35:43 -  Bernardo Cavalo has logged in. | Client: 12.61
2021-03-16 01:28:32 -  >> Starting Sunset... Current light is 243 and it's 17:24 Tibian Time.
2021-03-16 01:28:32 -  > NPC Ghostly Wolf added!
2021-03-16 01:28:32 -  > NPC Talila added!
2021-03-16 01:28:32 -  > NPC Valindara removed!
2021-03-16 01:28:32 -  >> Starting Night... Current light is 40 and it's 19:20 Tibian Time.
2021-03-16 01:28:32 -  >> Starting Sunrise... Current light is 47 and it's 5:56 Tibian Time.
2021-03-16 01:28:32 -  > NPC Ghostly Wolf removed!
2021-03-16 01:28:32 -  > NPC Talila removed!
2021-03-16 01:28:32 -  > NPC Valindara added!
2021-03-16 01:28:32 -  >> Starting Day... Current light is 250 and it's 7:52 Tibian Time.
2021-03-16 01:28:32 -  > Broadcasted message: "Feverish Citizens are invading the streets of Venore!".
2021-03-16 01:28:48 -  Batman has logged out. | Client: 12.61
2021-03-16 01:41:35 -  138.0.64.102 disconnected for exceeding packet per second limit.
2021-03-16 01:41:38 -  138.0.64.102 disconnected for exceeding packet per second limit.
2021-03-16 01:41:41 -  138.0.64.102 disconnected for exceeding packet per second limit.
2021-03-16 01:45:48 -  >> Starting Sunset... Current light is 243 and it's 17:24 Tibian Time.
2021-03-16 01:45:48 -  > NPC Ghostly Wolf added!
2021-03-16 01:45:48 -  > NPC Talila added!
2021-03-16 01:45:48 -  > NPC Valindara removed!
2021-03-16 01:45:48 -  138.0.64.102 disconnected for exceeding packet per second limit.
2021-03-16 01:45:51 -  Bernardo Cavalo has logged out. | Client: 12.61
2021-03-16 01:45:54 -  Bernardo Cavalo has logged in. | Client: 12.61
2021-03-16 01:55:28 -  >> Starting Night... Current light is 40 and it's 19:20 Tibian Time.
2021-03-16 01:55:28 -  Bernardo Cavalo has logged out. | Client: 12.61
2021-03-16 01:55:32 -  Bernardo Cavalo has logged in. | Client: 12.61
2021-03-16 02:03:41 -  138.0.64.102 disconnected for exceeding packet per second limit.
2021-03-16 02:03:44 -  138.0.64.102 disconnected for exceeding packet per second limit.
2021-03-16 02:03:46 -  138.0.64.102 disconnected for exceeding packet per second limit.
2021-03-16 02:03:48 -  Gabriela Paladina has logged out. | Client: 0
2021-03-16 02:03:48 -  138.0.64.102 disconnected for exceeding packet per second limit.
2021-03-16 02:03:50 -  138.0.64.102 disconnected for exceeding packet per second limit.
2021-03-16 02:05:23 -  138.0.64.102 disconnected for exceeding packet per second limit.
2021-03-16 02:05:29 -  138.0.64.102 disconnected for exceeding packet per second limit.
2021-03-16 02:07:41 -  Saruman has logged in. | Client: 12.61
2021-03-16 02:12:00 -  Lanaki has logged in. | Client: 12.61
2021-03-16 02:23:42 -  >> Starting Sunrise... Current light is 47 and it's 5:56 Tibian Time.
2021-03-16 02:23:42 -  > NPC Ghostly Wolf removed!
2021-03-16 02:23:42 -  > NPC Talila removed!
2021-03-16 02:23:42 -  > NPC Valindara added!
2021-03-16 02:23:42 -  >> Starting Day... Current light is 250 and it's 7:52 Tibian Time.
2021-03-16 02:23:42 -  Saruman has logged out. | Client: 12.61
2021-03-16 02:24:06 -  Moon Phisthys has logged out. | Client: 0
2021-03-16 02:24:28 -  Lanaki has logged out. | Client: 12.61
2021-03-16 02:25:07 -  138.0.64.102 disconnected for exceeding packet per second limit.
2021-03-16 02:25:10 -  Saruman has logged in. | Client: 12.61
2021-03-16 02:26:33 -  Saruman has logged out. | Client: 12.61
2021-03-16 02:26:36 -  Khal Drogo has logged in. | Client: 12.61
2021-03-16 02:26:40 -  Khal Drogo has logged out. | Client: 12.61
2021-03-16 02:33:37 -  138.0.64.102 disconnected for exceeding packet per second limit.
2021-03-16 02:33:44 -  138.0.64.102 disconnected for exceeding packet per second limit.
2021-03-16 02:35:15 -  138.0.64.102 disconnected for exceeding packet per second limit.
2021-03-16 02:36:19 -  138.0.64.102 disconnected for exceeding packet per second limit.
2021-03-16 02:36:23 -  138.0.64.102 disconnected for exceeding packet per second limit.
2021-03-16 02:36:25 -  138.0.64.102 disconnected for exceeding packet per second limit.
2021-03-16 02:44:20 -  >> Starting Sunset... Current light is 243 and it's 17:24 Tibian Time.
2021-03-16 02:44:20 -  > NPC Ghostly Wolf added!
2021-03-16 02:44:20 -  > NPC Talila added!
2021-03-16 02:44:20 -  > NPC Valindara removed!
2021-03-16 02:44:20 -  Bernardo Cavalo has logged out. | Client: 12.61
2021-03-16 02:44:22 -  Vangogh has logged in. | Client: 12.61
2021-03-16 02:44:26 -  Vangogh has logged out. | Client: 12.61
2021-03-16 03:08:04 -  >> Starting Night... Current light is 40 and it's 19:20 Tibian Time.
2021-03-16 03:08:04 -  Devil has logged out. | Client: 12.61
2021-03-16 03:41:17 -  >> Starting Sunrise... Current light is 47 and it's 5:56 Tibian Time.
2021-03-16 03:41:17 -  > NPC Ghostly Wolf removed!
2021-03-16 03:41:17 -  > NPC Talila removed!
2021-03-16 03:41:17 -  > NPC Valindara added!
2021-03-16 03:41:17 -  >> Starting Day... Current light is 250 and it's 7:52 Tibian Time.
2021-03-16 03:41:17 -  Moon Phisthys has logged in. | Client: 11
2021-03-16 03:48:42 -  >> Starting Sunset... Current light is 243 and it's 17:24 Tibian Time.
2021-03-16 03:48:42 -  > NPC Ghostly Wolf added!
2021-03-16 03:48:42 -  > NPC Talila added!
2021-03-16 03:48:42 -  > NPC Valindara removed!
2021-03-16 03:48:42 -  Juana Ducajado has logged in. | Client: 12.61
2021-03-16 03:49:04 -  >> Starting Night... Current light is 40 and it's 19:20 Tibian Time.
2021-03-16 03:49:04 -  Juana Ducajado has logged out. | Client: 12.61
2021-03-16 03:49:06 -  Bagheera has logged in. | Client: 12.61
2021-03-16 03:49:07 -  Bagheera has logged out. | Client: 12.61
2021-03-16 03:49:09 -  Mari Juana has logged in. | Client: 12.61
2021-03-16 03:49:23 -  Mari Juana has logged out. | Client: 12.61
2021-03-16 04:03:32 -  > Broadcasted message: "Something is moving under the surface in the sand north of Ankrahmun!".
2021-03-16 04:05:31 -  > Broadcasted message: "Terramites north of Ankrahmun!".
2021-03-16 04:35:34 -  >> Starting Sunrise... Current light is 47 and it's 5:56 Tibian Time.
2021-03-16 04:35:34 -  > NPC Ghostly Wolf removed!
2021-03-16 04:35:34 -  > NPC Talila removed!
2021-03-16 04:35:34 -  > NPC Valindara added!
2021-03-16 04:35:34 -  >> Starting Day... Current light is 250 and it's 7:52 Tibian Time.
2021-03-16 04:35:34 -  Oshum has logged in. | Client: 12.61
2021-03-16 04:35:48 -  Oshum has logged out. | Client: 12.61
2021-03-16 04:35:50 -  Sakhmet has logged in. | Client: 12.61
2021-03-16 04:36:03 -  Sakhmet has logged out. | Client: 12.61
2021-03-16 04:36:05 -  Khissa has logged in. | Client: 12.61
2021-03-16 04:37:47 -  Khissa has logged out. | Client: 12.61
2021-03-16 04:50:22 -  >> Starting Sunset... Current light is 243 and it's 17:24 Tibian Time.
2021-03-16 04:50:22 -  > NPC Ghostly Wolf added!
2021-03-16 04:50:22 -  > NPC Talila added!
2021-03-16 04:50:22 -  > NPC Valindara removed!
2021-03-16 04:50:22 -  >> Starting Night... Current light is 40 and it's 19:20 Tibian Time.
2021-03-16 04:50:22 -  Moon Phisthys has logged out. | Client: 11
2021-03-16 05:28:32 -  >> Starting Sunrise... Current light is 47 and it's 5:56 Tibian Time.
2021-03-16 05:28:32 -  > NPC Ghostly Wolf removed!
2021-03-16 05:28:32 -  > NPC Talila removed!
2021-03-16 05:28:32 -  > NPC Valindara added!
2021-03-16 05:28:32 -  >> Starting Day... Current light is 250 and it's 7:52 Tibian Time.
2021-03-16 05:28:32 -  > Broadcasted message: "Something is moving to the icy grounds of Folda.".
2021-03-16 05:28:51 -  > Broadcasted message: "Many Yetis are emerging from the icy mountains of Folda.".
2021-03-16 05:29:32 -  > Broadcasted message: "Numerous Yetis are dominating Folda, beware!".
2021-03-16 06:04:16 -  >> Starting Sunset... Current light is 243 and it's 17:24 Tibian Time.
2021-03-16 06:04:16 -  > NPC Ghostly Wolf added!
2021-03-16 06:04:16 -  > NPC Talila added!
2021-03-16 06:04:16 -  > NPC Valindara removed!
2021-03-16 06:04:16 -  >> Starting Night... Current light is 40 and it's 19:20 Tibian Time.
2021-03-16 06:04:16 -  Druuid has logged in. | Client: 12.61
2021-03-16 06:05:01 -  Druuid has logged out. | Client: 12.61
2021-03-16 06:05:04 -  Secreto has logged in. | Client: 12.61
2021-03-16 06:47:32 -  >> Starting Sunrise... Current light is 47 and it's 5:56 Tibian Time.
2021-03-16 06:47:32 -  > NPC Ghostly Wolf removed!
2021-03-16 06:47:32 -  > NPC Talila removed!
2021-03-16 06:47:32 -  > NPC Valindara added!
2021-03-16 06:47:32 -  >> Starting Day... Current light is 250 and it's 7:52 Tibian Time.
2021-03-16 06:47:32 -  >> Starting Sunset... Current light is 243 and it's 17:24 Tibian Time.
2021-03-16 06:47:32 -  > NPC Ghostly Wolf added!
2021-03-16 06:47:32 -  > NPC Talila added!
2021-03-16 06:47:32 -  > NPC Valindara removed!
2021-03-16 06:47:32 -  > Broadcasted message: "Something is moving in the depths of the sea around Liberty Bay".
2021-03-16 06:47:51 -  > Broadcasted message: "Numerous Quara fins have been sighted in the seas around Liberty Bay.".
2021-03-16 06:48:31 -  > Broadcasted message: "Quara emerged from the sea to attack Liberty Bay.".
2021-03-16 07:05:01 -  >> Starting Night... Current light is 40 and it's 19:20 Tibian Time.
2021-03-16 07:05:01 -  189.49.54.250 disconnected for exceeding packet per second limit.
2021-03-16 07:05:51 -  Secreto has logged out. | Client: 12.61
2021-03-16 07:05:53 -  Secreto has logged in. | Client: 12.61
2021-03-16 09:00:02 -  >> Starting Sunrise... Current light is 47 and it's 5:56 Tibian Time.
2021-03-16 09:00:02 -  > NPC Ghostly Wolf removed!
2021-03-16 09:00:02 -  > NPC Talila removed!
2021-03-16 09:00:02 -  > NPC Valindara added!
2021-03-16 09:00:02 -  >> Starting Day... Current light is 250 and it's 7:52 Tibian Time.
2021-03-16 09:00:02 -  >> Starting Sunset... Current light is 243 and it's 17:24 Tibian Time.
2021-03-16 09:00:02 -  > NPC Ghostly Wolf added!
2021-03-16 09:00:02 -  > NPC Talila added!
2021-03-16 09:00:02 -  > NPC Valindara removed!
2021-03-16 09:00:02 -  >> Starting Night... Current light is 40 and it's 19:20 Tibian Time.
2021-03-16 09:00:02 -  >> Starting Sunrise... Current light is 47 and it's 5:56 Tibian Time.
2021-03-16 09:00:02 -  > NPC Ghostly Wolf removed!
2021-03-16 09:00:02 -  > NPC Talila removed!
2021-03-16 09:00:02 -  > NPC Valindara added!
2021-03-16 09:00:02 -  >> Starting Day... Current light is 250 and it's 7:52 Tibian Time.
2021-03-16 09:00:02 -  >> Starting Sunset... Current light is 243 and it's 17:24 Tibian Time.
2021-03-16 09:00:02 -  > NPC Ghostly Wolf added!
2021-03-16 09:00:02 -  > NPC Talila added!
2021-03-16 09:00:02 -  > NPC Valindara removed!
2021-03-16 09:00:02 -  >> Starting Night... Current light is 40 and it's 19:20 Tibian Time.
2021-03-16 09:00:02 -  >> Saving Hirelings
2021-03-16 09:00:02 -  Secreto has logged out. | Client: 12.61
2021-03-16 09:00:03 -  Ekgolpeafullz has logged out. | Client: 0
2021-03-16 09:00:03 -  Supimpa has logged out. | Client: 0
2021-03-16 09:00:03 -  GM coxinha has logged out. | Client: 0
2021-03-16 09:00:03 -  ADM inside has logged out. | Client: 0
2021-03-16 09:00:03 -  Ronalee Tanker has logged out. | Client: 0
2021-03-16 09:00:03 -  Saving server...
2021-03-16 09:00:03 -  > Saved house items in: 0.364 seconds
2021-03-16 09:00:04 -  Shutting down... done!
